<?xml version='1.0' encoding='UTF-8'?><application xmlns="http://www.zetcom.com/ria/ws/module"><modules><module name="Registrar" totalSize="173"><moduleItem hasAttachments="true" id="106824" uuid="106824"><systemField dataType="Long" name="__id"><value>106824</value></systemField><systemField dataType="Varchar" name="__lastModifiedUser"><value>Zetcom_migration</value></systemField><systemField dataType="Timestamp" name="__lastModified"><value>2020-11-29 22:46:06.0</value><formattedValue language="en">29/11/2020 10:46</formattedValue></systemField><systemField dataType="Varchar" name="__createdUser"><value>ZET_DÜ</value></systemField><systemField dataType="Timestamp" name="__created"><value>2020-11-30 15:13:06.555</value><formattedValue language="en">30/11/2020 03:13</formattedValue></systemField><systemField dataType="Long" name="__orgUnit"><value>EMSudundSudostasien</value></systemField><systemField name="__uuid"><value>106824</value></systemField><vocabularyReference name="RegSectionVoc" id="51622" instanceName="RegSectionVgr"><vocabularyReferenceItem id="4171969" name="430.4.4 Klassifikation Indien"><formattedValue language="en">430.4.4 Klassifikation Indien</formattedValue></vocabularyReferenceItem></vocabularyReference><virtualField name="RegExhibitionVrt"><value>EM-DAF-Musik, Berlin</value></virtualField><virtualField name="RegContractVrt"><value></value></virtualField><virtualField name="RegRegistrarVrt"><value>EM-DAF-Musik, Berlin, I C 7707, Schalenhalslaute, çauktika vina, 1877, Rajah Sourindro Mohun Tagore (1877)</value></virtualField><virtualField name="RegNumberVrt"><value>null</value></virtualField><virtualField name="RegRegistrarENVrt"><value>EM-DAF-Musik, Berlin, I C 7707, Schalenhalslaute, çauktika vina, 1877, Rajah Sourindro Mohun Tagore (1877)</value></virtualField><virtualField name="RegSectionVrt"><value>430.4.4 Klassifikation Indien</value></virtualField><moduleReference name="RegExhibitionRef" targetModule="Exhibition" multiplicity="N:1" size="1"><moduleReferenceItem moduleItemId="20222" uuid="20222"><formattedValue language="en">EM-DAF-Musik, Berlin</formattedValue></moduleReferenceItem></moduleReference><moduleReference name="RegObjectRef" targetModule="Object" multiplicity="N:1" size="1"><moduleReferenceItem moduleItemId="1388632" uuid="1388632"><formattedValue language="en">I C 7707, Schalenhalslaute, çauktika vina, 1877, Rajah Sourindro Mohun Tagore (1877)</formattedValue></moduleReferenceItem></moduleReference></moduleItem><moduleItem hasAttachments="true" id="106834" uuid="106834"><systemField dataType="Long" name="__id"><value>106834</value></systemField><systemField dataType="Varchar" name="__lastModifiedUser"><value>Zetcom_migration</value></systemField><systemField dataType="Timestamp" name="__lastModified"><value>2020-11-29 22:46:06.0</value><formattedValue language="en">29/11/2020 10:46</formattedValue></systemField><systemField dataType="Varchar" name="__createdUser"><value>ZET_DÜ</value></systemField><systemField dataType="Timestamp" name="__created"><value>2020-11-30 15:13:06.555</value><formattedValue language="en">30/11/2020 03:13</formattedValue></systemField><systemField dataType="Long" name="__orgUnit"><value>EMSudundSudostasien</value></systemField><systemField name="__uuid"><value>106834</value></systemField><vocabularyReference name="RegSectionVoc" id="51622" instanceName="RegSectionVgr"><vocabularyReferenceItem id="4171969" name="430.4.4 Klassifikation Indien"><formattedValue language="en">430.4.4 Klassifikation Indien</formattedValue></vocabularyReferenceItem></vocabularyReference><virtualField name="RegExhibitionVrt"><value>EM-DAF-Musik, Berlin</value></virtualField><virtualField name="RegContractVrt"><value></value></virtualField><virtualField name="RegRegistrarVrt"><value>EM-DAF-Musik, Berlin, I C 7729, halbgedackte Innenspaltflöte mit Grifflöchern, sarala bansi, 1877, Rajah Sourindro Mohun Tagore (1877)</value></virtualField><virtualField name="RegNumberVrt"><value>null</value></virtualField><virtualField name="RegRegistrarENVrt"><value>EM-DAF-Musik, Berlin, I C 7729, halbgedackte Innenspaltflöte mit Grifflöchern, sarala bansi, 1877, Rajah Sourindro Mohun Tagore (1877)</value></virtualField><virtualField name="RegSectionVrt"><value>430.4.4 Klassifikation Indien</value></virtualField><moduleReference name="RegExhibitionRef" targetModule="Exhibition" multiplicity="N:1" size="1"><moduleReferenceItem moduleItemId="20222" uuid="20222"><formattedValue language="en">EM-DAF-Musik, Berlin</formattedValue></moduleReferenceItem></moduleReference><moduleReference name="RegObjectRef" targetModule="Object" multiplicity="N:1" size="1"><moduleReferenceItem moduleItemId="1512817" uuid="1512817"><formattedValue language="en">I C 7729, halbgedackte Innenspaltflöte mit Grifflöchern, sarala bansi, 1877, Rajah Sourindro Mohun Tagore (1877)</formattedValue></moduleReferenceItem></moduleReference></moduleItem><moduleItem hasAttachments="true" id="106847" uuid="106847"><systemField dataType="Long" name="__id"><value>106847</value></systemField><systemField dataType="Varchar" name="__lastModifiedUser"><value>Zetcom_migration</value></systemField><systemField dataType="Timestamp" name="__lastModified"><value>2020-11-29 22:46:06.0</value><formattedValue language="en">29/11/2020 10:46</formattedValue></systemField><systemField dataType="Varchar" name="__createdUser"><value>ZET_DÜ</value></systemField><systemField dataType="Timestamp" name="__created"><value>2020-11-30 15:13:06.555</value><formattedValue language="en">30/11/2020 03:13</formattedValue></systemField><systemField dataType="Long" name="__orgUnit"><value>EMSudundSudostasien</value></systemField><systemField name="__uuid"><value>106847</value></systemField><vocabularyReference name="RegSectionVoc" id="51622" instanceName="RegSectionVgr"><vocabularyReferenceItem id="4171969" name="430.4.4 Klassifikation Indien"><formattedValue language="en">430.4.4 Klassifikation Indien</formattedValue></vocabularyReferenceItem></vocabularyReference><virtualField name="RegExhibitionVrt"><value>EM-DAF-Musik, Berlin</value></virtualField><virtualField name="RegContractVrt"><value></value></virtualField><virtualField name="RegRegistrarVrt"><value>EM-DAF-Musik, Berlin, I C 7788, einfellige Rahmentrommel, janjh khanjani, 1877, Rajah Sourindro Mohun Tagore (1877)</value></virtualField><virtualField name="RegNumberVrt"><value>null</value></virtualField><virtualField name="RegRegistrarENVrt"><value>EM-DAF-Musik, Berlin, I C 7788, einfellige Rahmentrommel, janjh khanjani, 1877, Rajah Sourindro Mohun Tagore (1877)</value></virtualField><virtualField name="RegSectionVrt"><value>430.4.4 Klassifikation Indien</value></virtualField><moduleReference name="RegExhibitionRef" targetModule="Exhibition" multiplicity="N:1" size="1"><moduleReferenceItem moduleItemId="20222" uuid="20222"><formattedValue language="en">EM-DAF-Musik, Berlin</formattedValue></moduleReferenceItem></moduleReference><moduleReference name="RegObjectRef" targetModule="Object" multiplicity="N:1" size="1"><moduleReferenceItem moduleItemId="1537436" uuid="1537436"><formattedValue language="en">I C 7788, einfellige Rahmentrommel, janjh khanjani, 1877, Rajah Sourindro Mohun Tagore (1877)</formattedValue></moduleReferenceItem></moduleReference></moduleItem><moduleItem hasAttachments="true" id="106848" uuid="106848"><systemField dataType="Long" name="__id"><value>106848</value></systemField><systemField dataType="Varchar" name="__lastModifiedUser"><value>Zetcom_migration</value></systemField><systemField dataType="Timestamp" name="__lastModified"><value>2020-11-29 22:46:06.0</value><formattedValue language="en">29/11/2020 10:46</formattedValue></systemField><systemField dataType="Varchar" name="__createdUser"><value>ZET_DÜ</value></systemField><systemField dataType="Timestamp" name="__created"><value>2020-11-30 15:13:06.555</value><formattedValue language="en">30/11/2020 03:13</formattedValue></systemField><systemField dataType="Long" name="__orgUnit"><value>EMSudundSudostasien</value></systemField><systemField name="__uuid"><value>106848</value></systemField><vocabularyReference name="RegSectionVoc" id="51622" instanceName="RegSectionVgr"><vocabularyReferenceItem id="4171969" name="430.4.4 Klassifikation Indien"><formattedValue language="en">430.4.4 Klassifikation Indien</formattedValue></vocabularyReferenceItem></vocabularyReference><virtualField name="RegExhibitionVrt"><value>EM-DAF-Musik, Berlin</value></virtualField><virtualField name="RegContractVrt"><value></value></virtualField><virtualField name="RegRegistrarVrt"><value>EM-DAF-Musik, Berlin, I C 7789, Zylindertrommel, dhol, 1877, Rajah Sourindro Mohun Tagore (1877)</value></virtualField><virtualField name="RegNumberVrt"><value>null</value></virtualField><virtualField name="RegRegistrarENVrt"><value>EM-DAF-Musik, Berlin, I C 7789, Zylindertrommel, dhol, 1877, Rajah Sourindro Mohun Tagore (1877)</value></virtualField><virtualField name="RegSectionVrt"><value>430.4.4 Klassifikation Indien</value></virtualField><moduleReference name="RegExhibitionRef" targetModule="Exhibition" multiplicity="N:1" size="1"><moduleReferenceItem moduleItemId="20222" uuid="20222"><formattedValue language="en">EM-DAF-Musik, Berlin</formattedValue></moduleReferenceItem></moduleReference><moduleReference name="RegObjectRef" targetModule="Object" multiplicity="N:1" size="1"><moduleReferenceItem moduleItemId="1537439" uuid="1537439"><formattedValue language="en">I C 7789, Zylindertrommel, dhol, 1877, Rajah Sourindro Mohun Tagore (1877)</formattedValue></moduleReferenceItem></moduleReference></moduleItem><moduleItem hasAttachments="true" id="106861" uuid="106861"><systemField dataType="Long" name="__id"><value>106861</value></systemField><systemField dataType="Varchar" name="__lastModifiedUser"><value>Zetcom_migration</value></systemField><systemField dataType="Timestamp" name="__lastModified"><value>2020-11-29 22:46:06.0</value><formattedValue language="en">29/11/2020 10:46</formattedValue></systemField><systemField dataType="Varchar" name="__createdUser"><value>ZET_DÜ</value></systemField><systemField dataType="Timestamp" name="__created"><value>2020-11-30 15:13:06.555</value><formattedValue language="en">30/11/2020 03:13</formattedValue></systemField><systemField dataType="Long" name="__orgUnit"><value>EMSudundSudostasien</value></systemField><systemField name="__uuid"><value>106861</value></systemField><vocabularyReference name="RegSectionVoc" id="51622" instanceName="RegSectionVgr"><vocabularyReferenceItem id="4171969" name="430.4.4 Klassifikation Indien"><formattedValue language="en">430.4.4 Klassifikation Indien</formattedValue></vocabularyReferenceItem></vocabularyReference><virtualField name="RegExhibitionVrt"><value>EM-DAF-Musik, Berlin</value></virtualField><virtualField name="RegContractVrt"><value></value></virtualField><virtualField name="RegRegistrarVrt"><value>EM-DAF-Musik, Berlin, I C 7727, Zupftrommel, gopi yantra, 1877, Rajah Sourindro Mohun Tagore (1877)</value></virtualField><virtualField name="RegNumberVrt"><value>null</value></virtualField><virtualField name="RegRegistrarENVrt"><value>EM-DAF-Musik, Berlin, I C 7727, Zupftrommel, gopi yantra, 1877, Rajah Sourindro Mohun Tagore (1877)</value></virtualField><virtualField name="RegSectionVrt"><value>430.4.4 Klassifikation Indien</value></virtualField><moduleReference name="RegExhibitionRef" targetModule="Exhibition" multiplicity="N:1" size="1"><moduleReferenceItem moduleItemId="20222" uuid="20222"><formattedValue language="en">EM-DAF-Musik, Berlin</formattedValue></moduleReferenceItem></moduleReference><moduleReference name="RegObjectRef" targetModule="Object" multiplicity="N:1" size="1"><moduleReferenceItem moduleItemId="1535469" uuid="1535469"><formattedValue language="en">I C 7727, Zupftrommel, gopi yantra, 1877, Rajah Sourindro Mohun Tagore (1877)</formattedValue></moduleReferenceItem></moduleReference></moduleItem><moduleItem hasAttachments="true" id="106863" uuid="106863"><systemField dataType="Long" name="__id"><value>106863</value></systemField><systemField dataType="Varchar" name="__lastModifiedUser"><value>Zetcom_migration</value></systemField><systemField dataType="Timestamp" name="__lastModified"><value>2020-11-29 22:46:06.0</value><formattedValue language="en">29/11/2020 10:46</formattedValue></systemField><systemField dataType="Varchar" name="__createdUser"><value>ZET_DÜ</value></systemField><systemField dataType="Timestamp" name="__created"><value>2020-11-30 15:13:06.555</value><formattedValue language="en">30/11/2020 03:13</formattedValue></systemField><systemField dataType="Long" name="__orgUnit"><value>EMSudundSudostasien</value></systemField><systemField name="__uuid"><value>106863</value></systemField><vocabularyReference name="RegSectionVoc" id="51622" instanceName="RegSectionVgr"><vocabularyReferenceItem id="4171969" name="430.4.4 Klassifikation Indien"><formattedValue language="en">430.4.4 Klassifikation Indien</formattedValue></vocabularyReferenceItem></vocabularyReference><virtualField name="RegExhibitionVrt"><value>EM-DAF-Musik, Berlin</value></virtualField><virtualField name="RegContractVrt"><value></value></virtualField><virtualField name="RegRegistrarVrt"><value>EM-DAF-Musik, Berlin, I C 7737 a,b, Oboe mit konischer Röhre mit Grifflöchern, shahnai, 1877, Rajah Sourindro Mohun Tagore (1877)</value></virtualField><virtualField name="RegNumberVrt"><value>null</value></virtualField><virtualField name="RegRegistrarENVrt"><value>EM-DAF-Musik, Berlin, I C 7737 a,b, Oboe mit konischer Röhre mit Grifflöchern, shahnai, 1877, Rajah Sourindro Mohun Tagore (1877)</value></virtualField><virtualField name="RegSectionVrt"><value>430.4.4 Klassifikation Indien</value></virtualField><moduleReference name="RegExhibitionRef" targetModule="Exhibition" multiplicity="N:1" size="1"><moduleReferenceItem moduleItemId="20222" uuid="20222"><formattedValue language="en">EM-DAF-Musik, Berlin</formattedValue></moduleReferenceItem></moduleReference><moduleReference name="RegObjectRef" targetModule="Object" multiplicity="N:1" size="1"><moduleReferenceItem moduleItemId="1535495" uuid="1535495"><formattedValue language="en">I C 7737 a,b, Oboe mit konischer Röhre mit Grifflöchern, shahnai, 1877, Rajah Sourindro Mohun Tagore (1877)</formattedValue></moduleReferenceItem></moduleReference></moduleItem><moduleItem hasAttachments="true" id="106865" uuid="106865"><systemField dataType="Long" name="__id"><value>106865</value></systemField><systemField dataType="Varchar" name="__lastModifiedUser"><value>Zetcom_migration</value></systemField><systemField dataType="Timestamp" name="__lastModified"><value>2020-11-29 22:46:06.0</value><formattedValue language="en">29/11/2020 10:46</formattedValue></systemField><systemField dataType="Varchar" name="__createdUser"><value>ZET_DÜ</value></systemField><systemField dataType="Timestamp" name="__created"><value>2020-11-30 15:13:06.555</value><formattedValue language="en">30/11/2020 03:13</formattedValue></systemField><systemField dataType="Long" name="__orgUnit"><value>EMSudundSudostasien</value></systemField><systemField name="__uuid"><value>106865</value></systemField><vocabularyReference name="RegSectionVoc" id="51622" instanceName="RegSectionVgr"><vocabularyReferenceItem id="4171969" name="430.4.4 Klassifikation Indien"><formattedValue language="en">430.4.4 Klassifikation Indien</formattedValue></vocabularyReferenceItem></vocabularyReference><virtualField name="RegExhibitionVrt"><value>EM-DAF-Musik, Berlin</value></virtualField><virtualField name="RegContractVrt"><value></value></virtualField><virtualField name="RegRegistrarVrt"><value>EM-DAF-Musik, Berlin, I C 7739 a-c, Längshorn mit Mundstück, rana sringa, 1877, Rajah Sourindro Mohun Tagore (1877)</value></virtualField><virtualField name="RegNumberVrt"><value>null</value></virtualField><virtualField name="RegRegistrarENVrt"><value>EM-DAF-Musik, Berlin, I C 7739 a-c, Längshorn mit Mundstück, rana sringa, 1877, Rajah Sourindro Mohun Tagore (1877)</value></virtualField><virtualField name="RegSectionVrt"><value>430.4.4 Klassifikation Indien</value></virtualField><moduleReference name="RegExhibitionRef" targetModule="Exhibition" multiplicity="N:1" size="1"><moduleReferenceItem moduleItemId="20222" uuid="20222"><formattedValue language="en">EM-DAF-Musik, Berlin</formattedValue></moduleReferenceItem></moduleReference><moduleReference name="RegObjectRef" targetModule="Object" multiplicity="N:1" size="1"><moduleReferenceItem moduleItemId="1535508" uuid="1535508"><formattedValue language="en">I C 7739 a-c, Längshorn mit Mundstück, rana sringa, 1877, Rajah Sourindro Mohun Tagore (1877)</formattedValue></moduleReferenceItem></moduleReference></moduleItem><moduleItem hasAttachments="true" id="106871" uuid="106871"><systemField dataType="Long" name="__id"><value>106871</value></systemField><systemField dataType="Varchar" name="__lastModifiedUser"><value>Zetcom_migration</value></systemField><systemField dataType="Timestamp" name="__lastModified"><value>2020-11-29 22:46:06.0</value><formattedValue language="en">29/11/2020 10:46</formattedValue></systemField><systemField dataType="Varchar" name="__createdUser"><value>ZET_DÜ</value></systemField><systemField dataType="Timestamp" name="__created"><value>2020-11-30 15:13:06.555</value><formattedValue language="en">30/11/2020 03:13</formattedValue></systemField><systemField dataType="Long" name="__orgUnit"><value>EMSudundSudostasien</value></systemField><systemField name="__uuid"><value>106871</value></systemField><vocabularyReference name="RegSectionVoc" id="51622" instanceName="RegSectionVgr"><vocabularyReferenceItem id="4171969" name="430.4.4 Klassifikation Indien"><formattedValue language="en">430.4.4 Klassifikation Indien</formattedValue></vocabularyReferenceItem></vocabularyReference><virtualField name="RegExhibitionVrt"><value>EM-DAF-Musik, Berlin</value></virtualField><virtualField name="RegContractVrt"><value></value></virtualField><virtualField name="RegRegistrarVrt"><value>EM-DAF-Musik, Berlin, I C 7750 a, Gefäßrasselspiel, ghunghur, 1877, Rajah Sourindro Mohun Tagore (1877)</value></virtualField><virtualField name="RegNumberVrt"><value>null</value></virtualField><virtualField name="RegRegistrarENVrt"><value>EM-DAF-Musik, Berlin, I C 7750 a, Gefäßrasselspiel, ghunghur, 1877, Rajah Sourindro Mohun Tagore (1877)</value></virtualField><virtualField name="RegSectionVrt"><value>430.4.4 Klassifikation Indien</value></virtualField><moduleReference name="RegExhibitionRef" targetModule="Exhibition" multiplicity="N:1" size="1"><moduleReferenceItem moduleItemId="20222" uuid="20222"><formattedValue language="en">EM-DAF-Musik, Berlin</formattedValue></moduleReferenceItem></moduleReference><moduleReference name="RegObjectRef" targetModule="Object" multiplicity="N:1" size="1"><moduleReferenceItem moduleItemId="1535695" uuid="1535695"><formattedValue language="en">I C 7750 a, Gefäßrasselspiel, ghunghur, 1877, Rajah Sourindro Mohun Tagore (1877)</formattedValue></moduleReferenceItem></moduleReference></moduleItem><moduleItem hasAttachments="true" id="106873" uuid="106873"><systemField dataType="Long" name="__id"><value>106873</value></systemField><systemField dataType="Varchar" name="__lastModifiedUser"><value>Zetcom_migration</value></systemField><systemField dataType="Timestamp" name="__lastModified"><value>2020-11-29 22:46:06.0</value><formattedValue language="en">29/11/2020 10:46</formattedValue></systemField><systemField dataType="Varchar" name="__createdUser"><value>ZET_DÜ</value></systemField><systemField dataType="Timestamp" name="__created"><value>2020-11-30 15:13:06.555</value><formattedValue language="en">30/11/2020 03:13</formattedValue></systemField><systemField dataType="Long" name="__orgUnit"><value>EMSudundSudostasien</value></systemField><systemField name="__uuid"><value>106873</value></systemField><vocabularyReference name="RegSectionVoc" id="51622" instanceName="RegSectionVgr"><vocabularyReferenceItem id="4171969" name="430.4.4 Klassifikation Indien"><formattedValue language="en">430.4.4 Klassifikation Indien</formattedValue></vocabularyReferenceItem></vocabularyReference><virtualField name="RegExhibitionVrt"><value>EM-DAF-Musik, Berlin</value></virtualField><virtualField name="RegContractVrt"><value></value></virtualField><virtualField name="RegRegistrarVrt"><value>EM-DAF-Musik, Berlin, I C 7761, Doppelkonustrommel, dholak, 1877, Rajah Sourindro Mohun Tagore (1877)</value></virtualField><virtualField name="RegNumberVrt"><value>null</value></virtualField><virtualField name="RegRegistrarENVrt"><value>EM-DAF-Musik, Berlin, I C 7761, Doppelkonustrommel, dholak, 1877, Rajah Sourindro Mohun Tagore (1877)</value></virtualField><virtualField name="RegSectionVrt"><value>430.4.4 Klassifikation Indien</value></virtualField><moduleReference name="RegExhibitionRef" targetModule="Exhibition" multiplicity="N:1" size="1"><moduleReferenceItem moduleItemId="20222" uuid="20222"><formattedValue language="en">EM-DAF-Musik, Berlin</formattedValue></moduleReferenceItem></moduleReference><moduleReference name="RegObjectRef" targetModule="Object" multiplicity="N:1" size="1"><moduleReferenceItem moduleItemId="1535710" uuid="1535710"><formattedValue language="en">I C 7761, Doppelkonustrommel, dholak, 1877, Rajah Sourindro Mohun Tagore (1877)</formattedValue></moduleReferenceItem></moduleReference></moduleItem><moduleItem hasAttachments="true" id="106874" uuid="106874"><systemField dataType="Long" name="__id"><value>106874</value></systemField><systemField dataType="Varchar" name="__lastModifiedUser"><value>Zetcom_migration</value></systemField><systemField dataType="Timestamp" name="__lastModified"><value>2020-11-29 22:46:06.0</value><formattedValue language="en">29/11/2020 10:46</formattedValue></systemField><systemField dataType="Varchar" name="__createdUser"><value>ZET_DÜ</value></systemField><systemField dataType="Timestamp" name="__created"><value>2020-11-30 15:13:06.555</value><formattedValue language="en">30/11/2020 03:13</formattedValue></systemField><systemField dataType="Long" name="__orgUnit"><value>EMSudundSudostasien</value></systemField><systemField name="__uuid"><value>106874</value></systemField><vocabularyReference name="RegSectionVoc" id="51622" instanceName="RegSectionVgr"><vocabularyReferenceItem id="4171969" name="430.4.4 Klassifikation Indien"><formattedValue language="en">430.4.4 Klassifikation Indien</formattedValue></vocabularyReferenceItem></vocabularyReference><virtualField name="RegExhibitionVrt"><value>EM-DAF-Musik, Berlin</value></virtualField><virtualField name="RegContractVrt"><value></value></virtualField><virtualField name="RegRegistrarVrt"><value>EM-DAF-Musik, Berlin, I C 7740, Längstrompete, turya, 1877, Rajah Sourindro Mohun Tagore (1877)</value></virtualField><virtualField name="RegNumberVrt"><value>null</value></virtualField><virtualField name="RegRegistrarENVrt"><value>EM-DAF-Musik, Berlin, I C 7740, Längstrompete, turya, 1877, Rajah Sourindro Mohun Tagore (1877)</value></virtualField><virtualField name="RegSectionVrt"><value>430.4.4 Klassifikation Indien</value></virtualField><moduleReference name="RegExhibitionRef" targetModule="Exhibition" multiplicity="N:1" size="1"><moduleReferenceItem moduleItemId="20222" uuid="20222"><formattedValue language="en">EM-DAF-Musik, Berlin</formattedValue></moduleReferenceItem></moduleReference><moduleReference name="RegObjectRef" targetModule="Object" multiplicity="N:1" size="1"><moduleReferenceItem moduleItemId="1535872" uuid="1535872"><formattedValue language="en">I C 7740, Längstrompete, turya, 1877, Rajah Sourindro Mohun Tagore (1877)</formattedValue></moduleReferenceItem></moduleReference></moduleItem><moduleItem hasAttachments="true" id="106875" uuid="106875"><systemField dataType="Long" name="__id"><value>106875</value></systemField><systemField dataType="Varchar" name="__lastModifiedUser"><value>Zetcom_migration</value></systemField><systemField dataType="Timestamp" name="__lastModified"><value>2020-11-29 22:46:06.0</value><formattedValue language="en">29/11/2020 10:46</formattedValue></systemField><systemField dataType="Varchar" name="__createdUser"><value>ZET_DÜ</value></systemField><systemField dataType="Timestamp" name="__created"><value>2020-11-30 15:13:06.555</value><formattedValue language="en">30/11/2020 03:13</formattedValue></systemField><systemField dataType="Long" name="__orgUnit"><value>EMSudundSudostasien</value></systemField><systemField name="__uuid"><value>106875</value></systemField><vocabularyReference name="RegSectionVoc" id="51622" instanceName="RegSectionVgr"><vocabularyReferenceItem id="4171969" name="430.4.4 Klassifikation Indien"><formattedValue language="en">430.4.4 Klassifikation Indien</formattedValue></vocabularyReferenceItem></vocabularyReference><virtualField name="RegExhibitionVrt"><value>EM-DAF-Musik, Berlin</value></virtualField><virtualField name="RegContractVrt"><value></value></virtualField><virtualField name="RegRegistrarVrt"><value>EM-DAF-Musik, Berlin, I C 7763, Kesseltrommel, tabla, 1877, Rajah Sourindro Mohun Tagore (1877)</value></virtualField><virtualField name="RegNumberVrt"><value>null</value></virtualField><virtualField name="RegRegistrarENVrt"><value>EM-DAF-Musik, Berlin, I C 7763, Kesseltrommel, tabla, 1877, Rajah Sourindro Mohun Tagore (1877)</value></virtualField><virtualField name="RegSectionVrt"><value>430.4.4 Klassifikation Indien</value></virtualField><moduleReference name="RegExhibitionRef" targetModule="Exhibition" multiplicity="N:1" size="1"><moduleReferenceItem moduleItemId="20222" uuid="20222"><formattedValue language="en">EM-DAF-Musik, Berlin</formattedValue></moduleReferenceItem></moduleReference><moduleReference name="RegObjectRef" targetModule="Object" multiplicity="N:1" size="1"><moduleReferenceItem moduleItemId="1535906" uuid="1535906"><formattedValue language="en">I C 7763, Kesseltrommel, tabla, 1877, Rajah Sourindro Mohun Tagore (1877)</formattedValue></moduleReferenceItem></moduleReference></moduleItem><moduleItem hasAttachments="true" id="106876" uuid="106876"><systemField dataType="Long" name="__id"><value>106876</value></systemField><systemField dataType="Varchar" name="__lastModifiedUser"><value>Zetcom_migration</value></systemField><systemField dataType="Timestamp" name="__lastModified"><value>2020-11-29 22:46:06.0</value><formattedValue language="en">29/11/2020 10:46</formattedValue></systemField><systemField dataType="Varchar" name="__createdUser"><value>ZET_DÜ</value></systemField><systemField dataType="Timestamp" name="__created"><value>2020-11-30 15:13:06.555</value><formattedValue language="en">30/11/2020 03:13</formattedValue></systemField><systemField dataType="Long" name="__orgUnit"><value>EMSudundSudostasien</value></systemField><systemField name="__uuid"><value>106876</value></systemField><vocabularyReference name="RegSectionVoc" id="51622" instanceName="RegSectionVgr"><vocabularyReferenceItem id="4171969" name="430.4.4 Klassifikation Indien"><formattedValue language="en">430.4.4 Klassifikation Indien</formattedValue></vocabularyReferenceItem></vocabularyReference><virtualField name="RegExhibitionVrt"><value>EM-DAF-Musik, Berlin</value></virtualField><virtualField name="RegContractVrt"><value></value></virtualField><virtualField name="RegRegistrarVrt"><value>EM-DAF-Musik, Berlin, I C 7765, Fasstrommel, dhol, 1877, Rajah Sourindro Mohun Tagore (1877)</value></virtualField><virtualField name="RegNumberVrt"><value>null</value></virtualField><virtualField name="RegRegistrarENVrt"><value>EM-DAF-Musik, Berlin, I C 7765, Fasstrommel, dhol, 1877, Rajah Sourindro Mohun Tagore (1877)</value></virtualField><virtualField name="RegSectionVrt"><value>430.4.4 Klassifikation Indien</value></virtualField><moduleReference name="RegExhibitionRef" targetModule="Exhibition" multiplicity="N:1" size="1"><moduleReferenceItem moduleItemId="20222" uuid="20222"><formattedValue language="en">EM-DAF-Musik, Berlin</formattedValue></moduleReferenceItem></moduleReference><moduleReference name="RegObjectRef" targetModule="Object" multiplicity="N:1" size="1"><moduleReferenceItem moduleItemId="1535916" uuid="1535916"><formattedValue language="en">I C 7765, Fasstrommel, dhol, 1877, Rajah Sourindro Mohun Tagore (1877)</formattedValue></moduleReferenceItem></moduleReference></moduleItem><moduleItem hasAttachments="true" id="106879" uuid="106879"><systemField dataType="Long" name="__id"><value>106879</value></systemField><systemField dataType="Varchar" name="__lastModifiedUser"><value>Zetcom_migration</value></systemField><systemField dataType="Timestamp" name="__lastModified"><value>2020-11-29 22:46:06.0</value><formattedValue language="en">29/11/2020 10:46</formattedValue></systemField><systemField dataType="Varchar" name="__createdUser"><value>ZET_DÜ</value></systemField><systemField dataType="Timestamp" name="__created"><value>2020-11-30 15:13:06.555</value><formattedValue language="en">30/11/2020 03:13</formattedValue></systemField><systemField dataType="Long" name="__orgUnit"><value>EMSudundSudostasien</value></systemField><systemField name="__uuid"><value>106879</value></systemField><vocabularyReference name="RegSectionVoc" id="51622" instanceName="RegSectionVgr"><vocabularyReferenceItem id="4171969" name="430.4.4 Klassifikation Indien"><formattedValue language="en">430.4.4 Klassifikation Indien</formattedValue></vocabularyReferenceItem></vocabularyReference><virtualField name="RegExhibitionVrt"><value>EM-DAF-Musik, Berlin</value></virtualField><virtualField name="RegContractVrt"><value></value></virtualField><virtualField name="RegRegistrarVrt"><value>EM-DAF-Musik, Berlin, I C 7768 a,b, Zylindertrommel, joraghayi, 1877, Rajah Sourindro Mohun Tagore (1877)</value></virtualField><virtualField name="RegNumberVrt"><value>null</value></virtualField><virtualField name="RegRegistrarENVrt"><value>EM-DAF-Musik, Berlin, I C 7768 a,b, Zylindertrommel, joraghayi, 1877, Rajah Sourindro Mohun Tagore (1877)</value></virtualField><virtualField name="RegSectionVrt"><value>430.4.4 Klassifikation Indien</value></virtualField><moduleReference name="RegExhibitionRef" targetModule="Exhibition" multiplicity="N:1" size="1"><moduleReferenceItem moduleItemId="20222" uuid="20222"><formattedValue language="en">EM-DAF-Musik, Berlin</formattedValue></moduleReferenceItem></moduleReference><moduleReference name="RegObjectRef" targetModule="Object" multiplicity="N:1" size="1"><moduleReferenceItem moduleItemId="1535974" uuid="1535974"><formattedValue language="en">I C 7768 a,b, Zylindertrommel, joraghayi, 1877, Rajah Sourindro Mohun Tagore (1877)</formattedValue></moduleReferenceItem></moduleReference></moduleItem><moduleItem hasAttachments="true" id="106882" uuid="106882"><systemField dataType="Long" name="__id"><value>106882</value></systemField><systemField dataType="Varchar" name="__lastModifiedUser"><value>Zetcom_migration</value></systemField><systemField dataType="Timestamp" name="__lastModified"><value>2020-11-29 22:46:06.0</value><formattedValue language="en">29/11/2020 10:46</formattedValue></systemField><systemField dataType="Varchar" name="__createdUser"><value>ZET_DÜ</value></systemField><systemField dataType="Timestamp" name="__created"><value>2020-11-30 15:13:06.555</value><formattedValue language="en">30/11/2020 03:13</formattedValue></systemField><systemField dataType="Long" name="__orgUnit"><value>EMSudundSudostasien</value></systemField><systemField name="__uuid"><value>106882</value></systemField><vocabularyReference name="RegSectionVoc" id="51622" instanceName="RegSectionVgr"><vocabularyReferenceItem id="4171969" name="430.4.4 Klassifikation Indien"><formattedValue language="en">430.4.4 Klassifikation Indien</formattedValue></vocabularyReferenceItem></vocabularyReference><virtualField name="RegExhibitionVrt"><value>EM-DAF-Musik, Berlin</value></virtualField><virtualField name="RegContractVrt"><value></value></virtualField><virtualField name="RegRegistrarVrt"><value>EM-DAF-Musik, Berlin, I C 7775, Doppelkonustrommel, khoradak, 1877, Rajah Sourindro Mohun Tagore (1877)</value></virtualField><virtualField name="RegNumberVrt"><value>null</value></virtualField><virtualField name="RegRegistrarENVrt"><value>EM-DAF-Musik, Berlin, I C 7775, Doppelkonustrommel, khoradak, 1877, Rajah Sourindro Mohun Tagore (1877)</value></virtualField><virtualField name="RegSectionVrt"><value>430.4.4 Klassifikation Indien</value></virtualField><moduleReference name="RegExhibitionRef" targetModule="Exhibition" multiplicity="N:1" size="1"><moduleReferenceItem moduleItemId="20222" uuid="20222"><formattedValue language="en">EM-DAF-Musik, Berlin</formattedValue></moduleReferenceItem></moduleReference><moduleReference name="RegObjectRef" targetModule="Object" multiplicity="N:1" size="1"><moduleReferenceItem moduleItemId="1536021" uuid="1536021"><formattedValue language="en">I C 7775, Doppelkonustrommel, khoradak, 1877, Rajah Sourindro Mohun Tagore (1877)</formattedValue></moduleReferenceItem></moduleReference></moduleItem><moduleItem hasAttachments="true" id="106883" uuid="106883"><systemField dataType="Long" name="__id"><value>106883</value></systemField><systemField dataType="Varchar" name="__lastModifiedUser"><value>Zetcom_migration</value></systemField><systemField dataType="Timestamp" name="__lastModified"><value>2020-11-29 22:46:06.0</value><formattedValue language="en">29/11/2020 10:46</formattedValue></systemField><systemField dataType="Varchar" name="__createdUser"><value>ZET_DÜ</value></systemField><systemField dataType="Timestamp" name="__created"><value>2020-11-30 15:13:06.555</value><formattedValue language="en">30/11/2020 03:13</formattedValue></systemField><systemField dataType="Long" name="__orgUnit"><value>EMSudundSudostasien</value></systemField><systemField name="__uuid"><value>106883</value></systemField><vocabularyReference name="RegSectionVoc" id="51622" instanceName="RegSectionVgr"><vocabularyReferenceItem id="4171969" name="430.4.4 Klassifikation Indien"><formattedValue language="en">430.4.4 Klassifikation Indien</formattedValue></vocabularyReferenceItem></vocabularyReference><virtualField name="RegExhibitionVrt"><value>EM-DAF-Musik, Berlin</value></virtualField><virtualField name="RegContractVrt"><value></value></virtualField><virtualField name="RegRegistrarVrt"><value>EM-DAF-Musik, Berlin, I C 7776, Doppelkonustrommel, khoradak, 1877, Rajah Sourindro Mohun Tagore (1877)</value></virtualField><virtualField name="RegNumberVrt"><value>null</value></virtualField><virtualField name="RegRegistrarENVrt"><value>EM-DAF-Musik, Berlin, I C 7776, Doppelkonustrommel, khoradak, 1877, Rajah Sourindro Mohun Tagore (1877)</value></virtualField><virtualField name="RegSectionVrt"><value>430.4.4 Klassifikation Indien</value></virtualField><moduleReference name="RegExhibitionRef" targetModule="Exhibition" multiplicity="N:1" size="1"><moduleReferenceItem moduleItemId="20222" uuid="20222"><formattedValue language="en">EM-DAF-Musik, Berlin</formattedValue></moduleReferenceItem></moduleReference><moduleReference name="RegObjectRef" targetModule="Object" multiplicity="N:1" size="1"><moduleReferenceItem moduleItemId="1536059" uuid="1536059"><formattedValue language="en">I C 7776, Doppelkonustrommel, khoradak, 1877, Rajah Sourindro Mohun Tagore (1877)</formattedValue></moduleReferenceItem></moduleReference></moduleItem><moduleItem hasAttachments="true" id="106884" uuid="106884"><systemField dataType="Long" name="__id"><value>106884</value></systemField><systemField dataType="Varchar" name="__lastModifiedUser"><value>Zetcom_migration</value></systemField><systemField dataType="Timestamp" name="__lastModified"><value>2020-11-29 22:46:06.0</value><formattedValue language="en">29/11/2020 10:46</formattedValue></systemField><systemField dataType="Varchar" name="__createdUser"><value>ZET_DÜ</value></systemField><systemField dataType="Timestamp" name="__created"><value>2020-11-30 15:13:06.555</value><formattedValue language="en">30/11/2020 03:13</formattedValue></systemField><systemField dataType="Long" name="__orgUnit"><value>EMSudundSudostasien</value></systemField><systemField name="__uuid"><value>106884</value></systemField><vocabularyReference name="RegSectionVoc" id="51622" instanceName="RegSectionVgr"><vocabularyReferenceItem id="4171969" name="430.4.4 Klassifikation Indien"><formattedValue language="en">430.4.4 Klassifikation Indien</formattedValue></vocabularyReferenceItem></vocabularyReference><virtualField name="RegExhibitionVrt"><value>EM-DAF-Musik, Berlin</value></virtualField><virtualField name="RegContractVrt"><value></value></virtualField><virtualField name="RegRegistrarVrt"><value>EM-DAF-Musik, Berlin, I C 7778, Doppelkonustrommel, khol, 1877, Rajah Sourindro Mohun Tagore (1877)</value></virtualField><virtualField name="RegNumberVrt"><value>null</value></virtualField><virtualField name="RegRegistrarENVrt"><value>EM-DAF-Musik, Berlin, I C 7778, Doppelkonustrommel, khol, 1877, Rajah Sourindro Mohun Tagore (1877)</value></virtualField><virtualField name="RegSectionVrt"><value>430.4.4 Klassifikation Indien</value></virtualField><moduleReference name="RegExhibitionRef" targetModule="Exhibition" multiplicity="N:1" size="1"><moduleReferenceItem moduleItemId="20222" uuid="20222"><formattedValue language="en">EM-DAF-Musik, Berlin</formattedValue></moduleReferenceItem></moduleReference><moduleReference name="RegObjectRef" targetModule="Object" multiplicity="N:1" size="1"><moduleReferenceItem moduleItemId="1536064" uuid="1536064"><formattedValue language="en">I C 7778, Doppelkonustrommel, khol, 1877, Rajah Sourindro Mohun Tagore (1877)</formattedValue></moduleReferenceItem></moduleReference></moduleItem><moduleItem hasAttachments="true" id="106887" uuid="106887"><systemField dataType="Long" name="__id"><value>106887</value></systemField><systemField dataType="Varchar" name="__lastModifiedUser"><value>Zetcom_migration</value></systemField><systemField dataType="Timestamp" name="__lastModified"><value>2020-11-29 22:46:06.0</value><formattedValue language="en">29/11/2020 10:46</formattedValue></systemField><systemField dataType="Varchar" name="__createdUser"><value>ZET_DÜ</value></systemField><systemField dataType="Timestamp" name="__created"><value>2020-11-30 15:13:06.555</value><formattedValue language="en">30/11/2020 03:13</formattedValue></systemField><systemField dataType="Long" name="__orgUnit"><value>EMSudundSudostasien</value></systemField><systemField name="__uuid"><value>106887</value></systemField><vocabularyReference name="RegSectionVoc" id="51622" instanceName="RegSectionVgr"><vocabularyReferenceItem id="4171969" name="430.4.4 Klassifikation Indien"><formattedValue language="en">430.4.4 Klassifikation Indien</formattedValue></vocabularyReferenceItem></vocabularyReference><virtualField name="RegExhibitionVrt"><value>EM-DAF-Musik, Berlin</value></virtualField><virtualField name="RegContractVrt"><value></value></virtualField><virtualField name="RegRegistrarVrt"><value>EM-DAF-Musik, Berlin, I C 7782, Sanduhrtrommel, huruk, 1877, Rajah Sourindro Mohun Tagore (1877)</value></virtualField><virtualField name="RegNumberVrt"><value>null</value></virtualField><virtualField name="RegRegistrarENVrt"><value>EM-DAF-Musik, Berlin, I C 7782, Sanduhrtrommel, huruk, 1877, Rajah Sourindro Mohun Tagore (1877)</value></virtualField><virtualField name="RegSectionVrt"><value>430.4.4 Klassifikation Indien</value></virtualField><moduleReference name="RegExhibitionRef" targetModule="Exhibition" multiplicity="N:1" size="1"><moduleReferenceItem moduleItemId="20222" uuid="20222"><formattedValue language="en">EM-DAF-Musik, Berlin</formattedValue></moduleReferenceItem></moduleReference><moduleReference name="RegObjectRef" targetModule="Object" multiplicity="N:1" size="1"><moduleReferenceItem moduleItemId="1536082" uuid="1536082"><formattedValue language="en">I C 7782, Sanduhrtrommel, huruk, 1877, Rajah Sourindro Mohun Tagore (1877)</formattedValue></moduleReferenceItem></moduleReference></moduleItem><moduleItem hasAttachments="true" id="106889" uuid="106889"><systemField dataType="Long" name="__id"><value>106889</value></systemField><systemField dataType="Varchar" name="__lastModifiedUser"><value>Zetcom_migration</value></systemField><systemField dataType="Timestamp" name="__lastModified"><value>2020-11-29 22:46:06.0</value><formattedValue language="en">29/11/2020 10:46</formattedValue></systemField><systemField dataType="Varchar" name="__createdUser"><value>ZET_DÜ</value></systemField><systemField dataType="Timestamp" name="__created"><value>2020-11-30 15:13:06.555</value><formattedValue language="en">30/11/2020 03:13</formattedValue></systemField><systemField dataType="Long" name="__orgUnit"><value>EMSudundSudostasien</value></systemField><systemField name="__uuid"><value>106889</value></systemField><vocabularyReference name="RegSectionVoc" id="51622" instanceName="RegSectionVgr"><vocabularyReferenceItem id="4171969" name="430.4.4 Klassifikation Indien"><formattedValue language="en">430.4.4 Klassifikation Indien</formattedValue></vocabularyReferenceItem></vocabularyReference><virtualField name="RegExhibitionVrt"><value>EM-DAF-Musik, Berlin</value></virtualField><virtualField name="RegContractVrt"><value></value></virtualField><virtualField name="RegRegistrarVrt"><value>EM-DAF-Musik, Berlin, I C 7762, Kesseltrommel, banya, 1877, Rajah Sourindro Mohun Tagore (1877)</value></virtualField><virtualField name="RegNumberVrt"><value>null</value></virtualField><virtualField name="RegRegistrarENVrt"><value>EM-DAF-Musik, Berlin, I C 7762, Kesseltrommel, banya, 1877, Rajah Sourindro Mohun Tagore (1877)</value></virtualField><virtualField name="RegSectionVrt"><value>430.4.4 Klassifikation Indien</value></virtualField><moduleReference name="RegExhibitionRef" targetModule="Exhibition" multiplicity="N:1" size="1"><moduleReferenceItem moduleItemId="20222" uuid="20222"><formattedValue language="en">EM-DAF-Musik, Berlin</formattedValue></moduleReferenceItem></moduleReference><moduleReference name="RegObjectRef" targetModule="Object" multiplicity="N:1" size="1"><moduleReferenceItem moduleItemId="1585894" uuid="1585894"><formattedValue language="en">I C 7762, Kesseltrommel, banya, 1877, Rajah Sourindro Mohun Tagore (1877)</formattedValue></moduleReferenceItem></moduleReference></moduleItem><moduleItem hasAttachments="true" id="106890" uuid="106890"><systemField dataType="Long" name="__id"><value>106890</value></systemField><systemField dataType="Varchar" name="__lastModifiedUser"><value>Zetcom_migration</value></systemField><systemField dataType="Timestamp" name="__lastModified"><value>2020-11-29 22:46:06.0</value><formattedValue language="en">29/11/2020 10:46</formattedValue></systemField><systemField dataType="Varchar" name="__createdUser"><value>ZET_DÜ</value></systemField><systemField dataType="Timestamp" name="__created"><value>2020-11-30 15:13:06.555</value><formattedValue language="en">30/11/2020 03:13</formattedValue></systemField><systemField dataType="Long" name="__orgUnit"><value>EMSudundSudostasien</value></systemField><systemField name="__uuid"><value>106890</value></systemField><vocabularyReference name="RegSectionVoc" id="51622" instanceName="RegSectionVgr"><vocabularyReferenceItem id="4171969" name="430.4.4 Klassifikation Indien"><formattedValue language="en">430.4.4 Klassifikation Indien</formattedValue></vocabularyReferenceItem></vocabularyReference><virtualField name="RegExhibitionVrt"><value>EM-DAF-Musik, Berlin</value></virtualField><virtualField name="RegContractVrt"><value></value></virtualField><virtualField name="RegRegistrarVrt"><value>EM-DAF-Musik, Berlin, I C 7784, Bechertrommel, ghutru, 1877, Rajah Sourindro Mohun Tagore (1877)</value></virtualField><virtualField name="RegNumberVrt"><value>null</value></virtualField><virtualField name="RegRegistrarENVrt"><value>EM-DAF-Musik, Berlin, I C 7784, Bechertrommel, ghutru, 1877, Rajah Sourindro Mohun Tagore (1877)</value></virtualField><virtualField name="RegSectionVrt"><value>430.4.4 Klassifikation Indien</value></virtualField><moduleReference name="RegExhibitionRef" targetModule="Exhibition" multiplicity="N:1" size="1"><moduleReferenceItem moduleItemId="20222" uuid="20222"><formattedValue language="en">EM-DAF-Musik, Berlin</formattedValue></moduleReferenceItem></moduleReference><moduleReference name="RegObjectRef" targetModule="Object" multiplicity="N:1" size="1"><moduleReferenceItem moduleItemId="1585895" uuid="1585895"><formattedValue language="en">I C 7784, Bechertrommel, ghutru, 1877, Rajah Sourindro Mohun Tagore (1877)</formattedValue></moduleReferenceItem></moduleReference></moduleItem><moduleItem hasAttachments="true" id="106891" uuid="106891"><systemField dataType="Long" name="__id"><value>106891</value></systemField><systemField dataType="Varchar" name="__lastModifiedUser"><value>Zetcom_migration</value></systemField><systemField dataType="Timestamp" name="__lastModified"><value>2020-11-29 22:46:06.0</value><formattedValue language="en">29/11/2020 10:46</formattedValue></systemField><systemField dataType="Varchar" name="__createdUser"><value>ZET_DÜ</value></systemField><systemField dataType="Timestamp" name="__created"><value>2020-11-30 15:13:06.555</value><formattedValue language="en">30/11/2020 03:13</formattedValue></systemField><systemField dataType="Long" name="__orgUnit"><value>EMSudundSudostasien</value></systemField><systemField name="__uuid"><value>106891</value></systemField><vocabularyReference name="RegSectionVoc" id="51622" instanceName="RegSectionVgr"><vocabularyReferenceItem id="4171969" name="430.4.4 Klassifikation Indien"><formattedValue language="en">430.4.4 Klassifikation Indien</formattedValue></vocabularyReferenceItem></vocabularyReference><virtualField name="RegExhibitionVrt"><value>EM-DAF-Musik, Berlin</value></virtualField><virtualField name="RegContractVrt"><value></value></virtualField><virtualField name="RegRegistrarVrt"><value>EM-DAF-Musik, Berlin, I C 7769, selbstständige Kesseltrommel, tasa, 1877, Rajah Sourindro Mohun Tagore (1877)</value></virtualField><virtualField name="RegNumberVrt"><value>null</value></virtualField><virtualField name="RegRegistrarENVrt"><value>EM-DAF-Musik, Berlin, I C 7769, selbstständige Kesseltrommel, tasa, 1877, Rajah Sourindro Mohun Tagore (1877)</value></virtualField><virtualField name="RegSectionVrt"><value>430.4.4 Klassifikation Indien</value></virtualField><moduleReference name="RegExhibitionRef" targetModule="Exhibition" multiplicity="N:1" size="1"><moduleReferenceItem moduleItemId="20222" uuid="20222"><formattedValue language="en">EM-DAF-Musik, Berlin</formattedValue></moduleReferenceItem></moduleReference><moduleReference name="RegObjectRef" targetModule="Object" multiplicity="N:1" size="1"><moduleReferenceItem moduleItemId="1585896" uuid="1585896"><formattedValue language="en">I C 7769, selbstständige Kesseltrommel, tasa, 1877, Rajah Sourindro Mohun Tagore (1877)</formattedValue></moduleReferenceItem></moduleReference></moduleItem><moduleItem hasAttachments="true" id="106894" uuid="106894"><systemField dataType="Long" name="__id"><value>106894</value></systemField><systemField dataType="Varchar" name="__lastModifiedUser"><value>Zetcom_migration</value></systemField><systemField dataType="Timestamp" name="__lastModified"><value>2020-11-29 22:46:06.0</value><formattedValue language="en">29/11/2020 10:46</formattedValue></systemField><systemField dataType="Varchar" name="__createdUser"><value>ZET_DÜ</value></systemField><systemField dataType="Timestamp" name="__created"><value>2020-11-30 15:13:06.555</value><formattedValue language="en">30/11/2020 03:13</formattedValue></systemField><systemField dataType="Long" name="__orgUnit"><value>EMSudundSudostasien</value></systemField><systemField name="__uuid"><value>106894</value></systemField><vocabularyReference name="RegSectionVoc" id="51622" instanceName="RegSectionVgr"><vocabularyReferenceItem id="4171969" name="430.4.4 Klassifikation Indien"><formattedValue language="en">430.4.4 Klassifikation Indien</formattedValue></vocabularyReferenceItem></vocabularyReference><virtualField name="RegExhibitionVrt"><value>EM-DAF-Musik, Berlin</value></virtualField><virtualField name="RegContractVrt"><value></value></virtualField><virtualField name="RegRegistrarVrt"><value>EM-DAF-Musik, Berlin, I C 7722, Heteroglotte Maultrommel, morchang, vor 1877, Rajah Sourindro Mohun Tagore (1877)</value></virtualField><virtualField name="RegNumberVrt"><value>null</value></virtualField><virtualField name="RegRegistrarENVrt"><value>EM-DAF-Musik, Berlin, I C 7722, Heteroglotte Maultrommel, morchang, vor 1877, Rajah Sourindro Mohun Tagore (1877)</value></virtualField><virtualField name="RegSectionVrt"><value>430.4.4 Klassifikation Indien</value></virtualField><moduleReference name="RegExhibitionRef" targetModule="Exhibition" multiplicity="N:1" size="1"><moduleReferenceItem moduleItemId="20222" uuid="20222"><formattedValue language="en">EM-DAF-Musik, Berlin</formattedValue></moduleReferenceItem></moduleReference><moduleReference name="RegObjectRef" targetModule="Object" multiplicity="N:1" size="1"><moduleReferenceItem moduleItemId="1647590" uuid="1647590"><formattedValue language="en">I C 7722, Heteroglotte Maultrommel, morchang, vor 1877, Rajah Sourindro Mohun Tagore (1877)</formattedValue></moduleReferenceItem></moduleReference></moduleItem><moduleItem hasAttachments="true" id="106899" uuid="106899"><systemField dataType="Long" name="__id"><value>106899</value></systemField><systemField dataType="Varchar" name="__lastModifiedUser"><value>Zetcom_migration</value></systemField><systemField dataType="Timestamp" name="__lastModified"><value>2020-11-29 22:46:06.0</value><formattedValue language="en">29/11/2020 10:46</formattedValue></systemField><systemField dataType="Varchar" name="__createdUser"><value>ZET_DÜ</value></systemField><systemField dataType="Timestamp" name="__created"><value>2020-11-30 15:13:06.555</value><formattedValue language="en">30/11/2020 03:13</formattedValue></systemField><systemField dataType="Long" name="__orgUnit"><value>EMSudundSudostasien</value></systemField><systemField name="__uuid"><value>106899</value></systemField><vocabularyReference name="RegSectionVoc" id="51622" instanceName="RegSectionVgr"><vocabularyReferenceItem id="4171969" name="430.4.4 Klassifikation Indien"><formattedValue language="en">430.4.4 Klassifikation Indien</formattedValue></vocabularyReferenceItem></vocabularyReference><virtualField name="RegExhibitionVrt"><value>EM-DAF-Musik, Berlin</value></virtualField><virtualField name="RegContractVrt"><value></value></virtualField><virtualField name="RegRegistrarVrt"><value>EM-DAF-Musik, Berlin, I C 7746 a,b, Klarinettenspiel, tubri, 1877, Rajah Sourindro Mohun Tagore (1877)</value></virtualField><virtualField name="RegNumberVrt"><value>null</value></virtualField><virtualField name="RegRegistrarENVrt"><value>EM-DAF-Musik, Berlin, I C 7746 a,b, Klarinettenspiel, tubri, 1877, Rajah Sourindro Mohun Tagore (1877)</value></virtualField><virtualField name="RegSectionVrt"><value>430.4.4 Klassifikation Indien</value></virtualField><moduleReference name="RegExhibitionRef" targetModule="Exhibition" multiplicity="N:1" size="1"><moduleReferenceItem moduleItemId="20222" uuid="20222"><formattedValue language="en">EM-DAF-Musik, Berlin</formattedValue></moduleReferenceItem></moduleReference><moduleReference name="RegObjectRef" targetModule="Object" multiplicity="N:1" size="1"><moduleReferenceItem moduleItemId="1610472" uuid="1610472"><formattedValue language="en">I C 7746 a,b, Klarinettenspiel, tubri, 1877, Rajah Sourindro Mohun Tagore (1877)</formattedValue></moduleReferenceItem></moduleReference></moduleItem><moduleItem hasAttachments="true" id="106916" uuid="106916"><systemField dataType="Long" name="__id"><value>106916</value></systemField><systemField dataType="Varchar" name="__lastModifiedUser"><value>Zetcom_migration</value></systemField><systemField dataType="Timestamp" name="__lastModified"><value>2020-11-29 22:46:06.0</value><formattedValue language="en">29/11/2020 10:46</formattedValue></systemField><systemField dataType="Varchar" name="__createdUser"><value>ZET_DÜ</value></systemField><systemField dataType="Timestamp" name="__created"><value>2020-11-30 15:13:06.555</value><formattedValue language="en">30/11/2020 03:13</formattedValue></systemField><systemField dataType="Long" name="__orgUnit"><value>EMSudundSudostasien</value></systemField><systemField name="__uuid"><value>106916</value></systemField><vocabularyReference name="RegSectionVoc" id="51622" instanceName="RegSectionVgr"><vocabularyReferenceItem id="4171969" name="430.4.4 Klassifikation Indien"><formattedValue language="en">430.4.4 Klassifikation Indien</formattedValue></vocabularyReferenceItem></vocabularyReference><virtualField name="RegExhibitionVrt"><value>EM-DAF-Musik, Berlin</value></virtualField><virtualField name="RegContractVrt"><value></value></virtualField><virtualField name="RegRegistrarVrt"><value>EM-DAF-Musik, Berlin, I C 7750 b, Gefäßrasselspiel, ghunghur, 1877, Rajah Sourindro Mohun Tagore (1877)</value></virtualField><virtualField name="RegNumberVrt"><value>null</value></virtualField><virtualField name="RegRegistrarENVrt"><value>EM-DAF-Musik, Berlin, I C 7750 b, Gefäßrasselspiel, ghunghur, 1877, Rajah Sourindro Mohun Tagore (1877)</value></virtualField><virtualField name="RegSectionVrt"><value>430.4.4 Klassifikation Indien</value></virtualField><moduleReference name="RegExhibitionRef" targetModule="Exhibition" multiplicity="N:1" size="1"><moduleReferenceItem moduleItemId="20222" uuid="20222"><formattedValue language="en">EM-DAF-Musik, Berlin</formattedValue></moduleReferenceItem></moduleReference><moduleReference name="RegObjectRef" targetModule="Object" multiplicity="N:1" size="1"><moduleReferenceItem moduleItemId="1657043" uuid="1657043"><formattedValue language="en">I C 7750 b, Gefäßrasselspiel, ghunghur, 1877, Rajah Sourindro Mohun Tagore (1877)</formattedValue></moduleReferenceItem></moduleReference></moduleItem><moduleItem hasAttachments="true" id="106921" uuid="106921"><systemField dataType="Long" name="__id"><value>106921</value></systemField><systemField dataType="Varchar" name="__lastModifiedUser"><value>Zetcom_migration</value></systemField><systemField dataType="Timestamp" name="__lastModified"><value>2020-11-29 22:46:06.0</value><formattedValue language="en">29/11/2020 10:46</formattedValue></systemField><systemField dataType="Varchar" name="__createdUser"><value>ZET_DÜ</value></systemField><systemField dataType="Timestamp" name="__created"><value>2020-11-30 15:13:06.555</value><formattedValue language="en">30/11/2020 03:13</formattedValue></systemField><systemField dataType="Long" name="__orgUnit"><value>EMSudundSudostasien</value></systemField><systemField name="__uuid"><value>106921</value></systemField><vocabularyReference name="RegSectionVoc" id="51622" instanceName="RegSectionVgr"><vocabularyReferenceItem id="4171969" name="430.4.4 Klassifikation Indien"><formattedValue language="en">430.4.4 Klassifikation Indien</formattedValue></vocabularyReferenceItem></vocabularyReference><virtualField name="RegExhibitionVrt"><value>EM-DAF-Musik, Berlin</value></virtualField><virtualField name="RegContractVrt"><value></value></virtualField><virtualField name="RegRegistrarVrt"><value>EM-DAF-Musik, Berlin, I C 7748 a,b, Becken, maha mandira, 1877, Rajah Sourindro Mohun Tagore (1877)</value></virtualField><virtualField name="RegNumberVrt"><value>null</value></virtualField><virtualField name="RegRegistrarENVrt"><value>EM-DAF-Musik, Berlin, I C 7748 a,b, Becken, maha mandira, 1877, Rajah Sourindro Mohun Tagore (1877)</value></virtualField><virtualField name="RegSectionVrt"><value>430.4.4 Klassifikation Indien</value></virtualField><moduleReference name="RegExhibitionRef" targetModule="Exhibition" multiplicity="N:1" size="1"><moduleReferenceItem moduleItemId="20222" uuid="20222"><formattedValue language="en">EM-DAF-Musik, Berlin</formattedValue></moduleReferenceItem></moduleReference><moduleReference name="RegObjectRef" targetModule="Object" multiplicity="N:1" size="1"><moduleReferenceItem moduleItemId="1632654" uuid="1632654"><formattedValue language="en">I C 7748 a,b, Becken, maha mandira, 1877, Rajah Sourindro Mohun Tagore (1877)</formattedValue></moduleReferenceItem></moduleReference></moduleItem><moduleItem hasAttachments="true" id="117788" uuid="117788"><systemField dataType="Long" name="__id"><value>117788</value></systemField><systemField dataType="Varchar" name="__lastModifiedUser"><value>Zetcom_migration</value></systemField><systemField dataType="Timestamp" name="__lastModified"><value>2020-11-29 22:46:06.0</value><formattedValue language="en">29/11/2020 10:46</formattedValue></systemField><systemField dataType="Varchar" name="__createdUser"><value>ZET_DÜ</value></systemField><systemField dataType="Timestamp" name="__created"><value>2020-11-30 15:13:06.41</value><formattedValue language="en">30/11/2020 03:13</formattedValue></systemField><systemField dataType="Long" name="__orgUnit"><value>EMMusikethnologie</value></systemField><systemField name="__uuid"><value>117788</value></systemField><vocabularyReference name="RegSectionVoc" id="51622" instanceName="RegSectionVgr"><vocabularyReferenceItem id="4171964" name="430.4.1.2 Aerophone Hornbostel Sachs Klassifikation"><formattedValue language="en">430.4.1.2 Aerophone Hornbostel Sachs Klassifikation</formattedValue></vocabularyReferenceItem></vocabularyReference><virtualField name="RegExhibitionVrt"><value>EM-DAF-Musik, Berlin</value></virtualField><virtualField name="RegContractVrt"><value></value></virtualField><virtualField name="RegRegistrarVrt"><value>EM-DAF-Musik, Berlin, VII a 67, offenes Innenspaltflötenspiel mit Grifflöchern, Tibor Kobliček (1991)</value></virtualField><virtualField name="RegNumberVrt"><value>null</value></virtualField><virtualField name="RegRegistrarENVrt"><value>EM-DAF-Musik, Berlin, VII a 67, offenes Innenspaltflötenspiel mit Grifflöchern, Tibor Kobliček (1991)</value></virtualField><virtualField name="RegSectionVrt"><value>430.4.1.2 Aerophone Hornbostel Sachs Klassifikation</value></virtualField><moduleReference name="RegExhibitionRef" targetModule="Exhibition" multiplicity="N:1" size="1"><moduleReferenceItem moduleItemId="20222" uuid="20222"><formattedValue language="en">EM-DAF-Musik, Berlin</formattedValue></moduleReferenceItem></moduleReference><moduleReference name="RegObjectRef" targetModule="Object" multiplicity="N:1" size="1"><moduleReferenceItem moduleItemId="255200" uuid="255200"><formattedValue language="en">VII a 67, offenes Innenspaltflötenspiel mit Grifflöchern, Tibor Kobliček (1991)</formattedValue></moduleReferenceItem></moduleReference></moduleItem><moduleItem hasAttachments="true" id="117795" uuid="117795"><systemField dataType="Long" name="__id"><value>117795</value></systemField><systemField dataType="Varchar" name="__lastModifiedUser"><value>Zetcom_migration</value></systemField><systemField dataType="Timestamp" name="__lastModified"><value>2020-11-29 22:46:06.0</value><formattedValue language="en">29/11/2020 10:46</formattedValue></systemField><systemField dataType="Varchar" name="__createdUser"><value>ZET_DÜ</value></systemField><systemField dataType="Timestamp" name="__created"><value>2020-11-30 15:13:06.41</value><formattedValue language="en">30/11/2020 03:13</formattedValue></systemField><systemField dataType="Long" name="__orgUnit"><value>EMMusikethnologie</value></systemField><systemField name="__uuid"><value>117795</value></systemField><vocabularyReference name="RegSectionVoc" id="51622" instanceName="RegSectionVgr"><vocabularyReferenceItem id="4171964" name="430.4.1.2 Aerophone Hornbostel Sachs Klassifikation"><formattedValue language="en">430.4.1.2 Aerophone Hornbostel Sachs Klassifikation</formattedValue></vocabularyReferenceItem></vocabularyReference><virtualField name="RegExhibitionVrt"><value>EM-DAF-Musik, Berlin</value></virtualField><virtualField name="RegContractVrt"><value></value></virtualField><virtualField name="RegRegistrarVrt"><value>EM-DAF-Musik, Berlin, VII a 27, offenes Innenspaltflötenspiel mit Grifflöchern, dvojnice, von Sparr († vor/um 1988)</value></virtualField><virtualField name="RegNumberVrt"><value>null</value></virtualField><virtualField name="RegRegistrarENVrt"><value>EM-DAF-Musik, Berlin, VII a 27, offenes Innenspaltflötenspiel mit Grifflöchern, dvojnice, von Sparr († vor/um 1988)</value></virtualField><virtualField name="RegSectionVrt"><value>430.4.1.2 Aerophone Hornbostel Sachs Klassifikation</value></virtualField><moduleReference name="RegExhibitionRef" targetModule="Exhibition" multiplicity="N:1" size="1"><moduleReferenceItem moduleItemId="20222" uuid="20222"><formattedValue language="en">EM-DAF-Musik, Berlin</formattedValue></moduleReferenceItem></moduleReference><moduleReference name="RegObjectRef" targetModule="Object" multiplicity="N:1" size="1"><moduleReferenceItem moduleItemId="255442" uuid="255442"><formattedValue language="en">VII a 27, offenes Innenspaltflötenspiel mit Grifflöchern, dvojnice, von Sparr († vor/um 1988)</formattedValue></moduleReferenceItem></moduleReference></moduleItem><moduleItem hasAttachments="true" id="117806" uuid="117806"><systemField dataType="Long" name="__id"><value>117806</value></systemField><systemField dataType="Varchar" name="__lastModifiedUser"><value>Zetcom_migration</value></systemField><systemField dataType="Timestamp" name="__lastModified"><value>2020-11-29 22:46:06.0</value><formattedValue language="en">29/11/2020 10:46</formattedValue></systemField><systemField dataType="Varchar" name="__createdUser"><value>ZET_DÜ</value></systemField><systemField dataType="Timestamp" name="__created"><value>2020-11-30 15:13:06.41</value><formattedValue language="en">30/11/2020 03:13</formattedValue></systemField><systemField dataType="Long" name="__orgUnit"><value>EMMusikethnologie</value></systemField><systemField name="__uuid"><value>117806</value></systemField><vocabularyReference name="RegSectionVoc" id="51622" instanceName="RegSectionVgr"><vocabularyReferenceItem id="4171966" name="430.4.1.4 Chordophone Hornbostel Sachs"><formattedValue language="en">430.4.1.4 Chordophone Hornbostel Sachs</formattedValue></vocabularyReferenceItem></vocabularyReference><virtualField name="RegExhibitionVrt"><value>EM-DAF-Musik, Berlin</value></virtualField><virtualField name="RegContractVrt"><value></value></virtualField><virtualField name="RegRegistrarVrt"><value>EM-DAF-Musik, Berlin, VII b 39, Brettzither mit Resonanzkasten (Kastenzither), kanun, Kurt Reinhard (1952 - 1968)</value></virtualField><virtualField name="RegNumberVrt"><value>null</value></virtualField><virtualField name="RegRegistrarENVrt"><value>EM-DAF-Musik, Berlin, VII b 39, Brettzither mit Resonanzkasten (Kastenzither), kanun, Kurt Reinhard (1952 - 1968)</value></virtualField><virtualField name="RegSectionVrt"><value>430.4.1.4 Chordophone Hornbostel Sachs</value></virtualField><moduleReference name="RegExhibitionRef" targetModule="Exhibition" multiplicity="N:1" size="1"><moduleReferenceItem moduleItemId="20222" uuid="20222"><formattedValue language="en">EM-DAF-Musik, Berlin</formattedValue></moduleReferenceItem></moduleReference><moduleReference name="RegObjectRef" targetModule="Object" multiplicity="N:1" size="1"><moduleReferenceItem moduleItemId="255924" uuid="255924"><formattedValue language="en">VII b 39, Brettzither mit Resonanzkasten (Kastenzither), kanun, Kurt Reinhard (1952 - 1968)</formattedValue></moduleReferenceItem></moduleReference></moduleItem><moduleItem hasAttachments="true" id="117810" uuid="117810"><systemField dataType="Long" name="__id"><value>117810</value></systemField><systemField dataType="Varchar" name="__lastModifiedUser"><value>Zetcom_migration</value></systemField><systemField dataType="Timestamp" name="__lastModified"><value>2020-11-29 22:46:06.0</value><formattedValue language="en">29/11/2020 10:46</formattedValue></systemField><systemField dataType="Varchar" name="__createdUser"><value>ZET_DÜ</value></systemField><systemField dataType="Timestamp" name="__created"><value>2020-11-30 15:13:06.41</value><formattedValue language="en">30/11/2020 03:13</formattedValue></systemField><systemField dataType="Long" name="__orgUnit"><value>EMMusikethnologie</value></systemField><systemField name="__uuid"><value>117810</value></systemField><vocabularyReference name="RegSectionVoc" id="51622" instanceName="RegSectionVgr"><vocabularyReferenceItem id="4171964" name="430.4.1.2 Aerophone Hornbostel Sachs Klassifikation"><formattedValue language="en">430.4.1.2 Aerophone Hornbostel Sachs Klassifikation</formattedValue></vocabularyReferenceItem></vocabularyReference><virtualField name="RegExhibitionVrt"><value>EM-DAF-Musik, Berlin</value></virtualField><virtualField name="RegContractVrt"><value></value></virtualField><virtualField name="RegRegistrarVrt"><value>EM-DAF-Musik, Berlin, VII b 60, Klarinettenspiel, Wolfgang Laade (1955)</value></virtualField><virtualField name="RegNumberVrt"><value>null</value></virtualField><virtualField name="RegRegistrarENVrt"><value>EM-DAF-Musik, Berlin, VII b 60, Klarinettenspiel, Wolfgang Laade (1955)</value></virtualField><virtualField name="RegSectionVrt"><value>430.4.1.2 Aerophone Hornbostel Sachs Klassifikation</value></virtualField><moduleReference name="RegExhibitionRef" targetModule="Exhibition" multiplicity="N:1" size="1"><moduleReferenceItem moduleItemId="20222" uuid="20222"><formattedValue language="en">EM-DAF-Musik, Berlin</formattedValue></moduleReferenceItem></moduleReference><moduleReference name="RegObjectRef" targetModule="Object" multiplicity="N:1" size="1"><moduleReferenceItem moduleItemId="255953" uuid="255953"><formattedValue language="en">VII b 60, Klarinettenspiel, Wolfgang Laade (1955)</formattedValue></moduleReferenceItem></moduleReference></moduleItem><moduleItem hasAttachments="true" id="117811" uuid="117811"><systemField dataType="Long" name="__id"><value>117811</value></systemField><systemField dataType="Varchar" name="__lastModifiedUser"><value>Zetcom_migration</value></systemField><systemField dataType="Timestamp" name="__lastModified"><value>2020-11-29 22:46:06.0</value><formattedValue language="en">29/11/2020 10:46</formattedValue></systemField><systemField dataType="Varchar" name="__createdUser"><value>ZET_DÜ</value></systemField><systemField dataType="Timestamp" name="__created"><value>2020-11-30 15:13:06.41</value><formattedValue language="en">30/11/2020 03:13</formattedValue></systemField><systemField dataType="Long" name="__orgUnit"><value>EMMusikethnologie</value></systemField><systemField name="__uuid"><value>117811</value></systemField><vocabularyReference name="RegSectionVoc" id="51622" instanceName="RegSectionVgr"><vocabularyReferenceItem id="4171965" name="430.4.1.3 Membranophone Hornbostel Sachs"><formattedValue language="en">430.4.1.3 Membranophone Hornbostel Sachs</formattedValue></vocabularyReferenceItem></vocabularyReference><virtualField name="RegExhibitionVrt"><value>EM-DAF-Musik, Berlin</value></virtualField><virtualField name="RegContractVrt"><value></value></virtualField><virtualField name="RegRegistrarVrt"><value>EM-DAF-Musik, Berlin, VII b 66, einfellige Rahmentrommel, riqq, Artur Simon (*1938)</value></virtualField><virtualField name="RegNumberVrt"><value>null</value></virtualField><virtualField name="RegRegistrarENVrt"><value>EM-DAF-Musik, Berlin, VII b 66, einfellige Rahmentrommel, riqq, Artur Simon (*1938)</value></virtualField><virtualField name="RegSectionVrt"><value>430.4.1.3 Membranophone Hornbostel Sachs</value></virtualField><moduleReference name="RegExhibitionRef" targetModule="Exhibition" multiplicity="N:1" size="1"><moduleReferenceItem moduleItemId="20222" uuid="20222"><formattedValue language="en">EM-DAF-Musik, Berlin</formattedValue></moduleReferenceItem></moduleReference><moduleReference name="RegObjectRef" targetModule="Object" multiplicity="N:1" size="1"><moduleReferenceItem moduleItemId="255961" uuid="255961"><formattedValue language="en">VII b 66, einfellige Rahmentrommel, riqq, Artur Simon (*1938)</formattedValue></moduleReferenceItem></moduleReference></moduleItem><moduleItem hasAttachments="true" id="117821" uuid="117821"><systemField dataType="Long" name="__id"><value>117821</value></systemField><systemField dataType="Varchar" name="__lastModifiedUser"><value>Zetcom_migration</value></systemField><systemField dataType="Timestamp" name="__lastModified"><value>2020-11-29 22:46:06.0</value><formattedValue language="en">29/11/2020 10:46</formattedValue></systemField><systemField dataType="Varchar" name="__createdUser"><value>ZET_DÜ</value></systemField><systemField dataType="Timestamp" name="__created"><value>2020-11-30 15:13:06.41</value><formattedValue language="en">30/11/2020 03:13</formattedValue></systemField><systemField dataType="Long" name="__orgUnit"><value>EMMusikethnologie</value></systemField><systemField name="__uuid"><value>117821</value></systemField><vocabularyReference name="RegSectionVoc" id="51622" instanceName="RegSectionVgr"><vocabularyReferenceItem id="4171968" name="430.4.3 Klassifikation China"><formattedValue language="en">430.4.3 Klassifikation China</formattedValue></vocabularyReferenceItem></vocabularyReference><virtualField name="RegExhibitionVrt"><value>EM-DAF-Musik, Berlin</value></virtualField><virtualField name="RegContractVrt"><value></value></virtualField><virtualField name="RegRegistrarVrt"><value>EM-DAF-Musik, Berlin, VII c 7, Gefässflöte (ohne ausgebildeten Schnabel), xun, Brunhilde Körner (geb. Lessing) (01.04.1949 - 30.04.1973)</value></virtualField><virtualField name="RegNumberVrt"><value>null</value></virtualField><virtualField name="RegRegistrarENVrt"><value>EM-DAF-Musik, Berlin, VII c 7, Gefässflöte (ohne ausgebildeten Schnabel), xun, Brunhilde Körner (geb. Lessing) (01.04.1949 - 30.04.1973)</value></virtualField><virtualField name="RegSectionVrt"><value>430.4.3 Klassifikation China</value></virtualField><moduleReference name="RegExhibitionRef" targetModule="Exhibition" multiplicity="N:1" size="1"><moduleReferenceItem moduleItemId="20222" uuid="20222"><formattedValue language="en">EM-DAF-Musik, Berlin</formattedValue></moduleReferenceItem></moduleReference><moduleReference name="RegObjectRef" targetModule="Object" multiplicity="N:1" size="1"><moduleReferenceItem moduleItemId="256258" uuid="256258"><formattedValue language="en">VII c 7, Gefässflöte (ohne ausgebildeten Schnabel), xun, Brunhilde Körner (geb. Lessing) (01.04.1949 - 30.04.1973)</formattedValue></moduleReferenceItem></moduleReference></moduleItem><moduleItem hasAttachments="true" id="117822" uuid="117822"><systemField dataType="Long" name="__id"><value>117822</value></systemField><systemField dataType="Varchar" name="__lastModifiedUser"><value>Zetcom_migration</value></systemField><systemField dataType="Timestamp" name="__lastModified"><value>2020-11-29 22:46:06.0</value><formattedValue language="en">29/11/2020 10:46</formattedValue></systemField><systemField dataType="Varchar" name="__createdUser"><value>ZET_DÜ</value></systemField><systemField dataType="Timestamp" name="__created"><value>2020-11-30 15:13:06.41</value><formattedValue language="en">30/11/2020 03:13</formattedValue></systemField><systemField dataType="Long" name="__orgUnit"><value>EMMusikethnologie</value></systemField><systemField name="__uuid"><value>117822</value></systemField><vocabularyReference name="RegSectionVoc" id="51622" instanceName="RegSectionVgr"><vocabularyReferenceItem id="4171968" name="430.4.3 Klassifikation China"><formattedValue language="en">430.4.3 Klassifikation China</formattedValue></vocabularyReferenceItem></vocabularyReference><virtualField name="RegExhibitionVrt"><value>EM-DAF-Musik, Berlin</value></virtualField><virtualField name="RegContractVrt"><value></value></virtualField><virtualField name="RegRegistrarVrt"><value>EM-DAF-Musik, Berlin, VII c 10, Durchschlagzungenspiel, sheng, Brunhilde Körner (geb. Lessing) (01.04.1949 - 30.04.1973)</value></virtualField><virtualField name="RegNumberVrt"><value>null</value></virtualField><virtualField name="RegRegistrarENVrt"><value>EM-DAF-Musik, Berlin, VII c 10, Durchschlagzungenspiel, sheng, Brunhilde Körner (geb. Lessing) (01.04.1949 - 30.04.1973)</value></virtualField><virtualField name="RegSectionVrt"><value>430.4.3 Klassifikation China</value></virtualField><moduleReference name="RegExhibitionRef" targetModule="Exhibition" multiplicity="N:1" size="1"><moduleReferenceItem moduleItemId="20222" uuid="20222"><formattedValue language="en">EM-DAF-Musik, Berlin</formattedValue></moduleReferenceItem></moduleReference><moduleReference name="RegObjectRef" targetModule="Object" multiplicity="N:1" size="1"><moduleReferenceItem moduleItemId="256263" uuid="256263"><formattedValue language="en">VII c 10, Durchschlagzungenspiel, sheng, Brunhilde Körner (geb. Lessing) (01.04.1949 - 30.04.1973)</formattedValue></moduleReferenceItem></moduleReference></moduleItem><moduleItem hasAttachments="true" id="117824" uuid="117824"><systemField dataType="Long" name="__id"><value>117824</value></systemField><systemField dataType="Varchar" name="__lastModifiedUser"><value>Zetcom_migration</value></systemField><systemField dataType="Timestamp" name="__lastModified"><value>2020-11-29 22:46:06.0</value><formattedValue language="en">29/11/2020 10:46</formattedValue></systemField><systemField dataType="Varchar" name="__createdUser"><value>ZET_DÜ</value></systemField><systemField dataType="Timestamp" name="__created"><value>2020-11-30 15:13:06.41</value><formattedValue language="en">30/11/2020 03:13</formattedValue></systemField><systemField dataType="Long" name="__orgUnit"><value>EMMusikethnologie</value></systemField><systemField name="__uuid"><value>117824</value></systemField><vocabularyReference name="RegSectionVoc" id="51622" instanceName="RegSectionVgr"><vocabularyReferenceItem id="4171963" name="430.4.1.1 Idiophone Hornbostel Sachs Klassifikation"><formattedValue language="en">430.4.1.1 Idiophone Hornbostel Sachs Klassifikation</formattedValue></vocabularyReferenceItem></vocabularyReference><virtualField name="RegExhibitionVrt"><value>EM-DAF-Musik, Berlin</value></virtualField><virtualField name="RegContractVrt"><value></value></virtualField><virtualField name="RegRegistrarVrt"><value>EM-DAF-Musik, Berlin, VII c 49 a, Glocke, ushinarashi, Richard Campbell (*21.02.1932)</value></virtualField><virtualField name="RegNumberVrt"><value>null</value></virtualField><virtualField name="RegRegistrarENVrt"><value>EM-DAF-Musik, Berlin, VII c 49 a, Glocke, ushinarashi, Richard Campbell (*21.02.1932)</value></virtualField><virtualField name="RegSectionVrt"><value>430.4.1.1 Idiophone Hornbostel Sachs Klassifikation</value></virtualField><moduleReference name="RegExhibitionRef" targetModule="Exhibition" multiplicity="N:1" size="1"><moduleReferenceItem moduleItemId="20222" uuid="20222"><formattedValue language="en">EM-DAF-Musik, Berlin</formattedValue></moduleReferenceItem></moduleReference><moduleReference name="RegObjectRef" targetModule="Object" multiplicity="N:1" size="1"><moduleReferenceItem moduleItemId="256294" uuid="256294"><formattedValue language="en">VII c 49 a, Glocke, ushinarashi, Richard Campbell (*21.02.1932)</formattedValue></moduleReferenceItem></moduleReference></moduleItem><moduleItem hasAttachments="true" id="117825" uuid="117825"><systemField dataType="Long" name="__id"><value>117825</value></systemField><systemField dataType="Varchar" name="__lastModifiedUser"><value>Zetcom_migration</value></systemField><systemField dataType="Timestamp" name="__lastModified"><value>2020-11-29 22:46:06.0</value><formattedValue language="en">29/11/2020 10:46</formattedValue></systemField><systemField dataType="Varchar" name="__createdUser"><value>ZET_DÜ</value></systemField><systemField dataType="Timestamp" name="__created"><value>2020-11-30 15:13:06.41</value><formattedValue language="en">30/11/2020 03:13</formattedValue></systemField><systemField dataType="Long" name="__orgUnit"><value>EMMusikethnologie</value></systemField><systemField name="__uuid"><value>117825</value></systemField><vocabularyReference name="RegSectionVoc" id="51622" instanceName="RegSectionVgr"><vocabularyReferenceItem id="4171963" name="430.4.1.1 Idiophone Hornbostel Sachs Klassifikation"><formattedValue language="en">430.4.1.1 Idiophone Hornbostel Sachs Klassifikation</formattedValue></vocabularyReferenceItem></vocabularyReference><virtualField name="RegExhibitionVrt"><value>EM-DAF-Musik, Berlin</value></virtualField><virtualField name="RegContractVrt"><value></value></virtualField><virtualField name="RegRegistrarVrt"><value>EM-DAF-Musik, Berlin, VII c 60, Klöppelglocke, Hermann Mark Lissauer (1989)</value></virtualField><virtualField name="RegNumberVrt"><value>null</value></virtualField><virtualField name="RegRegistrarENVrt"><value>EM-DAF-Musik, Berlin, VII c 60, Klöppelglocke, Hermann Mark Lissauer (1989)</value></virtualField><virtualField name="RegSectionVrt"><value>430.4.1.1 Idiophone Hornbostel Sachs Klassifikation</value></virtualField><moduleReference name="RegExhibitionRef" targetModule="Exhibition" multiplicity="N:1" size="1"><moduleReferenceItem moduleItemId="20222" uuid="20222"><formattedValue language="en">EM-DAF-Musik, Berlin</formattedValue></moduleReferenceItem></moduleReference><moduleReference name="RegObjectRef" targetModule="Object" multiplicity="N:1" size="1"><moduleReferenceItem moduleItemId="256307" uuid="256307"><formattedValue language="en">VII c 60, Klöppelglocke, Hermann Mark Lissauer (1989)</formattedValue></moduleReferenceItem></moduleReference></moduleItem><moduleItem hasAttachments="true" id="117833" uuid="117833"><systemField dataType="Long" name="__id"><value>117833</value></systemField><systemField dataType="Varchar" name="__lastModifiedUser"><value>Zetcom_migration</value></systemField><systemField dataType="Timestamp" name="__lastModified"><value>2020-11-29 22:46:06.0</value><formattedValue language="en">29/11/2020 10:46</formattedValue></systemField><systemField dataType="Varchar" name="__createdUser"><value>ZET_DÜ</value></systemField><systemField dataType="Timestamp" name="__created"><value>2020-11-30 15:13:06.41</value><formattedValue language="en">30/11/2020 03:13</formattedValue></systemField><systemField dataType="Long" name="__orgUnit"><value>EMMusikethnologie</value></systemField><systemField name="__uuid"><value>117833</value></systemField><vocabularyReference name="RegSectionVoc" id="51622" instanceName="RegSectionVgr"><vocabularyReferenceItem id="4171964" name="430.4.1.2 Aerophone Hornbostel Sachs Klassifikation"><formattedValue language="en">430.4.1.2 Aerophone Hornbostel Sachs Klassifikation</formattedValue></vocabularyReferenceItem></vocabularyReference><virtualField name="RegExhibitionVrt"><value>EM-DAF-Musik, Berlin</value></virtualField><virtualField name="RegContractVrt"><value></value></virtualField><virtualField name="RegRegistrarVrt"><value>EM-DAF-Musik, Berlin, VII c 104, Schneckentrompete mit Mundstück, dhavalashanka, Pia Srinivasan (1973/75)</value></virtualField><virtualField name="RegNumberVrt"><value>null</value></virtualField><virtualField name="RegRegistrarENVrt"><value>EM-DAF-Musik, Berlin, VII c 104, Schneckentrompete mit Mundstück, dhavalashanka, Pia Srinivasan (1973/75)</value></virtualField><virtualField name="RegSectionVrt"><value>430.4.1.2 Aerophone Hornbostel Sachs Klassifikation</value></virtualField><moduleReference name="RegExhibitionRef" targetModule="Exhibition" multiplicity="N:1" size="1"><moduleReferenceItem moduleItemId="20222" uuid="20222"><formattedValue language="en">EM-DAF-Musik, Berlin</formattedValue></moduleReferenceItem></moduleReference><moduleReference name="RegObjectRef" targetModule="Object" multiplicity="N:1" size="1"><moduleReferenceItem moduleItemId="256384" uuid="256384"><formattedValue language="en">VII c 104, Schneckentrompete mit Mundstück, dhavalashanka, Pia Srinivasan (1973/75)</formattedValue></moduleReferenceItem></moduleReference></moduleItem><moduleItem hasAttachments="true" id="117835" uuid="117835"><systemField dataType="Long" name="__id"><value>117835</value></systemField><systemField dataType="Varchar" name="__lastModifiedUser"><value>Zetcom_migration</value></systemField><systemField dataType="Timestamp" name="__lastModified"><value>2020-11-29 22:46:06.0</value><formattedValue language="en">29/11/2020 10:46</formattedValue></systemField><systemField dataType="Varchar" name="__createdUser"><value>ZET_DÜ</value></systemField><systemField dataType="Timestamp" name="__created"><value>2020-11-30 15:13:06.41</value><formattedValue language="en">30/11/2020 03:13</formattedValue></systemField><systemField dataType="Long" name="__orgUnit"><value>EMMusikethnologie</value></systemField><systemField name="__uuid"><value>117835</value></systemField><vocabularyReference name="RegSectionVoc" id="51622" instanceName="RegSectionVgr"><vocabularyReferenceItem id="4171968" name="430.4.3 Klassifikation China"><formattedValue language="en">430.4.3 Klassifikation China</formattedValue></vocabularyReferenceItem></vocabularyReference><virtualField name="RegExhibitionVrt"><value>EM-DAF-Musik, Berlin</value></virtualField><virtualField name="RegContractVrt"><value></value></virtualField><virtualField name="RegRegistrarVrt"><value>EM-DAF-Musik, Berlin, VII c 252, zweifellige Rahmentrommel, gu, Ostasiatika Kunsthandel Berlin (Wolfgang Bock) (1979)</value></virtualField><virtualField name="RegNumberVrt"><value>null</value></virtualField><virtualField name="RegRegistrarENVrt"><value>EM-DAF-Musik, Berlin, VII c 252, zweifellige Rahmentrommel, gu, Ostasiatika Kunsthandel Berlin (Wolfgang Bock) (1979)</value></virtualField><virtualField name="RegSectionVrt"><value>430.4.3 Klassifikation China</value></virtualField><moduleReference name="RegExhibitionRef" targetModule="Exhibition" multiplicity="N:1" size="1"><moduleReferenceItem moduleItemId="20222" uuid="20222"><formattedValue language="en">EM-DAF-Musik, Berlin</formattedValue></moduleReferenceItem></moduleReference><moduleReference name="RegObjectRef" targetModule="Object" multiplicity="N:1" size="1"><moduleReferenceItem moduleItemId="256688" uuid="256688"><formattedValue language="en">VII c 252, zweifellige Rahmentrommel, gu, Ostasiatika Kunsthandel Berlin (Wolfgang Bock) (1979)</formattedValue></moduleReferenceItem></moduleReference></moduleItem><moduleItem hasAttachments="true" id="117837" uuid="117837"><systemField dataType="Long" name="__id"><value>117837</value></systemField><systemField dataType="Varchar" name="__lastModifiedUser"><value>Zetcom_migration</value></systemField><systemField dataType="Timestamp" name="__lastModified"><value>2020-11-29 22:46:06.0</value><formattedValue language="en">29/11/2020 10:46</formattedValue></systemField><systemField dataType="Varchar" name="__createdUser"><value>ZET_DÜ</value></systemField><systemField dataType="Timestamp" name="__created"><value>2020-11-30 15:13:06.41</value><formattedValue language="en">30/11/2020 03:13</formattedValue></systemField><systemField dataType="Long" name="__orgUnit"><value>EMMusikethnologie</value></systemField><systemField name="__uuid"><value>117837</value></systemField><vocabularyReference name="RegSectionVoc" id="51622" instanceName="RegSectionVgr"><vocabularyReferenceItem id="4171966" name="430.4.1.4 Chordophone Hornbostel Sachs"><formattedValue language="en">430.4.1.4 Chordophone Hornbostel Sachs</formattedValue></vocabularyReferenceItem></vocabularyReference><virtualField name="RegExhibitionVrt"><value>EM-DAF-Musik, Berlin</value></virtualField><virtualField name="RegContractVrt"><value></value></virtualField><virtualField name="RegRegistrarVrt"><value>EM-DAF-Musik, Berlin, VII c 278, Schalenhalslaute, hyang-pip'a, Koreanische Botschaft (1980)</value></virtualField><virtualField name="RegNumberVrt"><value>null</value></virtualField><virtualField name="RegRegistrarENVrt"><value>EM-DAF-Musik, Berlin, VII c 278, Schalenhalslaute, hyang-pip'a, Koreanische Botschaft (1980)</value></virtualField><virtualField name="RegSectionVrt"><value>430.4.1.4 Chordophone Hornbostel Sachs</value></virtualField><moduleReference name="RegExhibitionRef" targetModule="Exhibition" multiplicity="N:1" size="1"><moduleReferenceItem moduleItemId="20222" uuid="20222"><formattedValue language="en">EM-DAF-Musik, Berlin</formattedValue></moduleReferenceItem></moduleReference><moduleReference name="RegObjectRef" targetModule="Object" multiplicity="N:1" size="1"><moduleReferenceItem moduleItemId="256726" uuid="256726"><formattedValue language="en">VII c 278, Schalenhalslaute, hyang-pip'a, Koreanische Botschaft (1980)</formattedValue></moduleReferenceItem></moduleReference></moduleItem><moduleItem hasAttachments="true" id="117838" uuid="117838"><systemField dataType="Long" name="__id"><value>117838</value></systemField><systemField dataType="Varchar" name="__lastModifiedUser"><value>Zetcom_migration</value></systemField><systemField dataType="Timestamp" name="__lastModified"><value>2020-11-29 22:46:06.0</value><formattedValue language="en">29/11/2020 10:46</formattedValue></systemField><systemField dataType="Varchar" name="__createdUser"><value>ZET_DÜ</value></systemField><systemField dataType="Timestamp" name="__created"><value>2020-11-30 15:13:06.41</value><formattedValue language="en">30/11/2020 03:13</formattedValue></systemField><systemField dataType="Long" name="__orgUnit"><value>EMMusikethnologie</value></systemField><systemField name="__uuid"><value>117838</value></systemField><vocabularyReference name="RegSectionVoc" id="51622" instanceName="RegSectionVgr"><vocabularyReferenceItem id="4171964" name="430.4.1.2 Aerophone Hornbostel Sachs Klassifikation"><formattedValue language="en">430.4.1.2 Aerophone Hornbostel Sachs Klassifikation</formattedValue></vocabularyReferenceItem></vocabularyReference><virtualField name="RegExhibitionVrt"><value>EM-DAF-Musik, Berlin</value></virtualField><virtualField name="RegContractVrt"><value></value></virtualField><virtualField name="RegRegistrarVrt"><value>EM-DAF-Musik, Berlin, VII c 349 a, Innenspaltflöte, Peter Müller (1981 - 1982)</value></virtualField><virtualField name="RegNumberVrt"><value>null</value></virtualField><virtualField name="RegRegistrarENVrt"><value>EM-DAF-Musik, Berlin, VII c 349 a, Innenspaltflöte, Peter Müller (1981 - 1982)</value></virtualField><virtualField name="RegSectionVrt"><value>430.4.1.2 Aerophone Hornbostel Sachs Klassifikation</value></virtualField><moduleReference name="RegExhibitionRef" targetModule="Exhibition" multiplicity="N:1" size="1"><moduleReferenceItem moduleItemId="20222" uuid="20222"><formattedValue language="en">EM-DAF-Musik, Berlin</formattedValue></moduleReferenceItem></moduleReference><moduleReference name="RegObjectRef" targetModule="Object" multiplicity="N:1" size="1"><moduleReferenceItem moduleItemId="256755" uuid="256755"><formattedValue language="en">VII c 349 a, Innenspaltflöte, Peter Müller (1981 - 1982)</formattedValue></moduleReferenceItem></moduleReference></moduleItem><moduleItem hasAttachments="true" id="117839" uuid="117839"><systemField dataType="Long" name="__id"><value>117839</value></systemField><systemField dataType="Varchar" name="__lastModifiedUser"><value>Zetcom_migration</value></systemField><systemField dataType="Timestamp" name="__lastModified"><value>2020-11-29 22:46:06.0</value><formattedValue language="en">29/11/2020 10:46</formattedValue></systemField><systemField dataType="Varchar" name="__createdUser"><value>ZET_DÜ</value></systemField><systemField dataType="Timestamp" name="__created"><value>2020-11-30 15:13:06.41</value><formattedValue language="en">30/11/2020 03:13</formattedValue></systemField><systemField dataType="Long" name="__orgUnit"><value>EMMusikethnologie</value></systemField><systemField name="__uuid"><value>117839</value></systemField><vocabularyReference name="RegSectionVoc" id="51622" instanceName="RegSectionVgr"><vocabularyReferenceItem id="4171965" name="430.4.1.3 Membranophone Hornbostel Sachs"><formattedValue language="en">430.4.1.3 Membranophone Hornbostel Sachs</formattedValue></vocabularyReferenceItem></vocabularyReference><virtualField name="RegExhibitionVrt"><value>EM-DAF-Musik, Berlin</value></virtualField><virtualField name="RegContractVrt"><value></value></virtualField><virtualField name="RegRegistrarVrt"><value>EM-DAF-Musik, Berlin, VII c 352, Doppelkonustrommel, lalakhi, Gert-Matthias Wegner (1998)</value></virtualField><virtualField name="RegNumberVrt"><value>null</value></virtualField><virtualField name="RegRegistrarENVrt"><value>EM-DAF-Musik, Berlin, VII c 352, Doppelkonustrommel, lalakhi, Gert-Matthias Wegner (1998)</value></virtualField><virtualField name="RegSectionVrt"><value>430.4.1.3 Membranophone Hornbostel Sachs</value></virtualField><moduleReference name="RegExhibitionRef" targetModule="Exhibition" multiplicity="N:1" size="1"><moduleReferenceItem moduleItemId="20222" uuid="20222"><formattedValue language="en">EM-DAF-Musik, Berlin</formattedValue></moduleReferenceItem></moduleReference><moduleReference name="RegObjectRef" targetModule="Object" multiplicity="N:1" size="1"><moduleReferenceItem moduleItemId="256759" uuid="256759"><formattedValue language="en">VII c 352, Doppelkonustrommel, lalakhi, Gert-Matthias Wegner (1998)</formattedValue></moduleReferenceItem></moduleReference></moduleItem><moduleItem hasAttachments="true" id="117841" uuid="117841"><systemField dataType="Long" name="__id"><value>117841</value></systemField><systemField dataType="Varchar" name="__lastModifiedUser"><value>Zetcom_migration</value></systemField><systemField dataType="Timestamp" name="__lastModified"><value>2020-11-29 22:46:06.0</value><formattedValue language="en">29/11/2020 10:46</formattedValue></systemField><systemField dataType="Varchar" name="__createdUser"><value>ZET_DÜ</value></systemField><systemField dataType="Timestamp" name="__created"><value>2020-11-30 15:13:06.41</value><formattedValue language="en">30/11/2020 03:13</formattedValue></systemField><systemField dataType="Long" name="__orgUnit"><value>EMMusikethnologie</value></systemField><systemField name="__uuid"><value>117841</value></systemField><vocabularyReference name="RegSectionVoc" id="51622" instanceName="RegSectionVgr"><vocabularyReferenceItem id="4171967" name="430.4.2 Klassifikation Afrika"><formattedValue language="en">430.4.2 Klassifikation Afrika</formattedValue></vocabularyReferenceItem></vocabularyReference><virtualField name="RegExhibitionVrt"><value>EM-DAF-Musik, Berlin</value></virtualField><virtualField name="RegContractVrt"><value></value></virtualField><virtualField name="RegRegistrarVrt"><value>EM-DAF-Musik, Berlin, VII c 321, Außenspaltflöte mit Grifflöchern, suling cianjuran, Enoch Atmadibrata (1981)</value></virtualField><virtualField name="RegNumberVrt"><value>null</value></virtualField><virtualField name="RegRegistrarENVrt"><value>EM-DAF-Musik, Berlin, VII c 321, Außenspaltflöte mit Grifflöchern, suling cianjuran, Enoch Atmadibrata (1981)</value></virtualField><virtualField name="RegSectionVrt"><value>430.4.2 Klassifikation Afrika</value></virtualField><moduleReference name="RegExhibitionRef" targetModule="Exhibition" multiplicity="N:1" size="1"><moduleReferenceItem moduleItemId="20222" uuid="20222"><formattedValue language="en">EM-DAF-Musik, Berlin</formattedValue></moduleReferenceItem></moduleReference><moduleReference name="RegObjectRef" targetModule="Object" multiplicity="N:1" size="1"><moduleReferenceItem moduleItemId="257012" uuid="257012"><formattedValue language="en">VII c 321, Außenspaltflöte mit Grifflöchern, suling cianjuran, Enoch Atmadibrata (1981)</formattedValue></moduleReferenceItem></moduleReference></moduleItem><moduleItem hasAttachments="true" id="117845" uuid="117845"><systemField dataType="Long" name="__id"><value>117845</value></systemField><systemField dataType="Varchar" name="__lastModifiedUser"><value>Zetcom_migration</value></systemField><systemField dataType="Timestamp" name="__lastModified"><value>2020-11-29 22:46:06.0</value><formattedValue language="en">29/11/2020 10:46</formattedValue></systemField><systemField dataType="Varchar" name="__createdUser"><value>ZET_DÜ</value></systemField><systemField dataType="Timestamp" name="__created"><value>2020-11-30 15:13:06.41</value><formattedValue language="en">30/11/2020 03:13</formattedValue></systemField><systemField dataType="Long" name="__orgUnit"><value>EMMusikethnologie</value></systemField><systemField name="__uuid"><value>117845</value></systemField><vocabularyReference name="RegSectionVoc" id="51622" instanceName="RegSectionVgr"><vocabularyReferenceItem id="4171964" name="430.4.1.2 Aerophone Hornbostel Sachs Klassifikation"><formattedValue language="en">430.4.1.2 Aerophone Hornbostel Sachs Klassifikation</formattedValue></vocabularyReferenceItem></vocabularyReference><virtualField name="RegExhibitionVrt"><value>EM-DAF-Musik, Berlin</value></virtualField><virtualField name="RegContractVrt"><value></value></virtualField><virtualField name="RegRegistrarVrt"><value>EM-DAF-Musik, Berlin, VII c 335, Oboe mit konischer Röhre mit Grifflöchern, shahnai, Peter Müller (1981 - 1982)</value></virtualField><virtualField name="RegNumberVrt"><value>null</value></virtualField><virtualField name="RegRegistrarENVrt"><value>EM-DAF-Musik, Berlin, VII c 335, Oboe mit konischer Röhre mit Grifflöchern, shahnai, Peter Müller (1981 - 1982)</value></virtualField><virtualField name="RegSectionVrt"><value>430.4.1.2 Aerophone Hornbostel Sachs Klassifikation</value></virtualField><moduleReference name="RegExhibitionRef" targetModule="Exhibition" multiplicity="N:1" size="1"><moduleReferenceItem moduleItemId="20222" uuid="20222"><formattedValue language="en">EM-DAF-Musik, Berlin</formattedValue></moduleReferenceItem></moduleReference><moduleReference name="RegObjectRef" targetModule="Object" multiplicity="N:1" size="1"><moduleReferenceItem moduleItemId="257032" uuid="257032"><formattedValue language="en">VII c 335, Oboe mit konischer Röhre mit Grifflöchern, shahnai, Peter Müller (1981 - 1982)</formattedValue></moduleReferenceItem></moduleReference></moduleItem><moduleItem hasAttachments="true" id="117847" uuid="117847"><systemField dataType="Long" name="__id"><value>117847</value></systemField><systemField dataType="Varchar" name="__lastModifiedUser"><value>Zetcom_migration</value></systemField><systemField dataType="Timestamp" name="__lastModified"><value>2020-11-29 22:46:06.0</value><formattedValue language="en">29/11/2020 10:46</formattedValue></systemField><systemField dataType="Varchar" name="__createdUser"><value>ZET_DÜ</value></systemField><systemField dataType="Timestamp" name="__created"><value>2020-11-30 15:13:06.41</value><formattedValue language="en">30/11/2020 03:13</formattedValue></systemField><systemField dataType="Long" name="__orgUnit"><value>EMMusikethnologie</value></systemField><systemField name="__uuid"><value>117847</value></systemField><vocabularyReference name="RegSectionVoc" id="51622" instanceName="RegSectionVgr"><vocabularyReferenceItem id="4171964" name="430.4.1.2 Aerophone Hornbostel Sachs Klassifikation"><formattedValue language="en">430.4.1.2 Aerophone Hornbostel Sachs Klassifikation</formattedValue></vocabularyReferenceItem></vocabularyReference><virtualField name="RegExhibitionVrt"><value>EM-DAF-Musik, Berlin</value></virtualField><virtualField name="RegContractVrt"><value></value></virtualField><virtualField name="RegRegistrarVrt"><value>EM-DAF-Musik, Berlin, VII c 388, Längshorn ohne Mundstück, gulu, Gert-Matthias Wegner (1998)</value></virtualField><virtualField name="RegNumberVrt"><value>null</value></virtualField><virtualField name="RegRegistrarENVrt"><value>EM-DAF-Musik, Berlin, VII c 388, Längshorn ohne Mundstück, gulu, Gert-Matthias Wegner (1998)</value></virtualField><virtualField name="RegSectionVrt"><value>430.4.1.2 Aerophone Hornbostel Sachs Klassifikation</value></virtualField><moduleReference name="RegExhibitionRef" targetModule="Exhibition" multiplicity="N:1" size="1"><moduleReferenceItem moduleItemId="20222" uuid="20222"><formattedValue language="en">EM-DAF-Musik, Berlin</formattedValue></moduleReferenceItem></moduleReference><moduleReference name="RegObjectRef" targetModule="Object" multiplicity="N:1" size="1"><moduleReferenceItem moduleItemId="257104" uuid="257104"><formattedValue language="en">VII c 388, Längshorn ohne Mundstück, gulu, Gert-Matthias Wegner (1998)</formattedValue></moduleReferenceItem></moduleReference></moduleItem><moduleItem hasAttachments="true" id="117851" uuid="117851"><systemField dataType="Long" name="__id"><value>117851</value></systemField><systemField dataType="Varchar" name="__lastModifiedUser"><value>Zetcom_migration</value></systemField><systemField dataType="Timestamp" name="__lastModified"><value>2020-11-29 22:46:06.0</value><formattedValue language="en">29/11/2020 10:46</formattedValue></systemField><systemField dataType="Varchar" name="__createdUser"><value>ZET_DÜ</value></systemField><systemField dataType="Timestamp" name="__created"><value>2020-11-30 15:13:06.41</value><formattedValue language="en">30/11/2020 03:13</formattedValue></systemField><systemField dataType="Long" name="__orgUnit"><value>EMMusikethnologie</value></systemField><systemField name="__uuid"><value>117851</value></systemField><vocabularyReference name="RegSectionVoc" id="51622" instanceName="RegSectionVgr"><vocabularyReferenceItem id="4171964" name="430.4.1.2 Aerophone Hornbostel Sachs Klassifikation"><formattedValue language="en">430.4.1.2 Aerophone Hornbostel Sachs Klassifikation</formattedValue></vocabularyReferenceItem></vocabularyReference><virtualField name="RegExhibitionVrt"><value>EM-DAF-Musik, Berlin</value></virtualField><virtualField name="RegContractVrt"><value></value></virtualField><virtualField name="RegRegistrarVrt"><value>EM-DAF-Musik, Berlin, VII c 467, Längstrompete, nag-beli-baja, Gert-Matthias Wegner (1998)</value></virtualField><virtualField name="RegNumberVrt"><value>null</value></virtualField><virtualField name="RegRegistrarENVrt"><value>EM-DAF-Musik, Berlin, VII c 467, Längstrompete, nag-beli-baja, Gert-Matthias Wegner (1998)</value></virtualField><virtualField name="RegSectionVrt"><value>430.4.1.2 Aerophone Hornbostel Sachs Klassifikation</value></virtualField><moduleReference name="RegExhibitionRef" targetModule="Exhibition" multiplicity="N:1" size="1"><moduleReferenceItem moduleItemId="20222" uuid="20222"><formattedValue language="en">EM-DAF-Musik, Berlin</formattedValue></moduleReferenceItem></moduleReference><moduleReference name="RegObjectRef" targetModule="Object" multiplicity="N:1" size="1"><moduleReferenceItem moduleItemId="257226" uuid="257226"><formattedValue language="en">VII c 467, Längstrompete, nag-beli-baja, Gert-Matthias Wegner (1998)</formattedValue></moduleReferenceItem></moduleReference></moduleItem><moduleItem hasAttachments="true" id="117853" uuid="117853"><systemField dataType="Long" name="__id"><value>117853</value></systemField><systemField dataType="Varchar" name="__lastModifiedUser"><value>Zetcom_migration</value></systemField><systemField dataType="Timestamp" name="__lastModified"><value>2020-11-29 22:46:06.0</value><formattedValue language="en">29/11/2020 10:46</formattedValue></systemField><systemField dataType="Varchar" name="__createdUser"><value>ZET_DÜ</value></systemField><systemField dataType="Timestamp" name="__created"><value>2020-11-30 15:13:06.41</value><formattedValue language="en">30/11/2020 03:13</formattedValue></systemField><systemField dataType="Long" name="__orgUnit"><value>EMMusikethnologie</value></systemField><systemField name="__uuid"><value>117853</value></systemField><vocabularyReference name="RegSectionVoc" id="51622" instanceName="RegSectionVgr"><vocabularyReferenceItem id="4171966" name="430.4.1.4 Chordophone Hornbostel Sachs"><formattedValue language="en">430.4.1.4 Chordophone Hornbostel Sachs</formattedValue></vocabularyReferenceItem></vocabularyReference><virtualField name="RegExhibitionVrt"><value>EM-DAF-Musik, Berlin</value></virtualField><virtualField name="RegContractVrt"><value></value></virtualField><virtualField name="RegRegistrarVrt"><value>EM-DAF-Musik, Berlin, VII c 598, Röhrenzither, s'ludoy, Hans Brandeis (1989)</value></virtualField><virtualField name="RegNumberVrt"><value>null</value></virtualField><virtualField name="RegRegistrarENVrt"><value>EM-DAF-Musik, Berlin, VII c 598, Röhrenzither, s'ludoy, Hans Brandeis (1989)</value></virtualField><virtualField name="RegSectionVrt"><value>430.4.1.4 Chordophone Hornbostel Sachs</value></virtualField><moduleReference name="RegExhibitionRef" targetModule="Exhibition" multiplicity="N:1" size="1"><moduleReferenceItem moduleItemId="20222" uuid="20222"><formattedValue language="en">EM-DAF-Musik, Berlin</formattedValue></moduleReferenceItem></moduleReference><moduleReference name="RegObjectRef" targetModule="Object" multiplicity="N:1" size="1"><moduleReferenceItem moduleItemId="257405" uuid="257405"><formattedValue language="en">VII c 598, Röhrenzither, s'ludoy, Hans Brandeis (1989)</formattedValue></moduleReferenceItem></moduleReference></moduleItem><moduleItem hasAttachments="true" id="117856" uuid="117856"><systemField dataType="Long" name="__id"><value>117856</value></systemField><systemField dataType="Varchar" name="__lastModifiedUser"><value>Zetcom_migration</value></systemField><systemField dataType="Timestamp" name="__lastModified"><value>2020-11-29 22:46:06.0</value><formattedValue language="en">29/11/2020 10:46</formattedValue></systemField><systemField dataType="Varchar" name="__createdUser"><value>ZET_DÜ</value></systemField><systemField dataType="Timestamp" name="__created"><value>2020-11-30 15:13:06.41</value><formattedValue language="en">30/11/2020 03:13</formattedValue></systemField><systemField dataType="Long" name="__orgUnit"><value>EMMusikethnologie</value></systemField><systemField name="__uuid"><value>117856</value></systemField><vocabularyReference name="RegSectionVoc" id="51622" instanceName="RegSectionVgr"><vocabularyReferenceItem id="4171964" name="430.4.1.2 Aerophone Hornbostel Sachs Klassifikation"><formattedValue language="en">430.4.1.2 Aerophone Hornbostel Sachs Klassifikation</formattedValue></vocabularyReferenceItem></vocabularyReference><virtualField name="RegExhibitionVrt"><value>EM-DAF-Musik, Berlin</value></virtualField><virtualField name="RegContractVrt"><value></value></virtualField><virtualField name="RegRegistrarVrt"><value>EM-DAF-Musik, Berlin, VII c 778, Klarinettenspiel</value></virtualField><virtualField name="RegNumberVrt"><value>null</value></virtualField><virtualField name="RegRegistrarENVrt"><value>EM-DAF-Musik, Berlin, VII c 778, Klarinettenspiel</value></virtualField><virtualField name="RegSectionVrt"><value>430.4.1.2 Aerophone Hornbostel Sachs Klassifikation</value></virtualField><moduleReference name="RegExhibitionRef" targetModule="Exhibition" multiplicity="N:1" size="1"><moduleReferenceItem moduleItemId="20222" uuid="20222"><formattedValue language="en">EM-DAF-Musik, Berlin</formattedValue></moduleReferenceItem></moduleReference><moduleReference name="RegObjectRef" targetModule="Object" multiplicity="N:1" size="1"><moduleReferenceItem moduleItemId="257689" uuid="257689"><formattedValue language="en">VII c 778, Klarinettenspiel</formattedValue></moduleReferenceItem></moduleReference></moduleItem><moduleItem hasAttachments="true" id="117858" uuid="117858"><systemField dataType="Long" name="__id"><value>117858</value></systemField><systemField dataType="Varchar" name="__lastModifiedUser"><value>Zetcom_migration</value></systemField><systemField dataType="Timestamp" name="__lastModified"><value>2020-11-29 22:46:06.0</value><formattedValue language="en">29/11/2020 10:46</formattedValue></systemField><systemField dataType="Varchar" name="__createdUser"><value>ZET_DÜ</value></systemField><systemField dataType="Timestamp" name="__created"><value>2020-11-30 15:13:06.41</value><formattedValue language="en">30/11/2020 03:13</formattedValue></systemField><systemField dataType="Long" name="__orgUnit"><value>EMMusikethnologie</value></systemField><systemField name="__uuid"><value>117858</value></systemField><vocabularyReference name="RegSectionVoc" id="51622" instanceName="RegSectionVgr"><vocabularyReferenceItem id="4171963" name="430.4.1.1 Idiophone Hornbostel Sachs Klassifikation"><formattedValue language="en">430.4.1.1 Idiophone Hornbostel Sachs Klassifikation</formattedValue></vocabularyReferenceItem></vocabularyReference><virtualField name="RegExhibitionVrt"><value>EM-DAF-Musik, Berlin</value></virtualField><virtualField name="RegContractVrt"><value></value></virtualField><virtualField name="RegRegistrarVrt"><value>EM-DAF-Musik, Berlin, VII c 815, Aufschlagidiophon, songlang, Ekkehart Royl (1973)</value></virtualField><virtualField name="RegNumberVrt"><value>null</value></virtualField><virtualField name="RegRegistrarENVrt"><value>EM-DAF-Musik, Berlin, VII c 815, Aufschlagidiophon, songlang, Ekkehart Royl (1973)</value></virtualField><virtualField name="RegSectionVrt"><value>430.4.1.1 Idiophone Hornbostel Sachs Klassifikation</value></virtualField><moduleReference name="RegExhibitionRef" targetModule="Exhibition" multiplicity="N:1" size="1"><moduleReferenceItem moduleItemId="20222" uuid="20222"><formattedValue language="en">EM-DAF-Musik, Berlin</formattedValue></moduleReferenceItem></moduleReference><moduleReference name="RegObjectRef" targetModule="Object" multiplicity="N:1" size="1"><moduleReferenceItem moduleItemId="257744" uuid="257744"><formattedValue language="en">VII c 815, Aufschlagidiophon, songlang, Ekkehart Royl (1973)</formattedValue></moduleReferenceItem></moduleReference></moduleItem><moduleItem hasAttachments="true" id="117860" uuid="117860"><systemField dataType="Long" name="__id"><value>117860</value></systemField><systemField dataType="Varchar" name="__lastModifiedUser"><value>Zetcom_migration</value></systemField><systemField dataType="Timestamp" name="__lastModified"><value>2020-11-29 22:46:06.0</value><formattedValue language="en">29/11/2020 10:46</formattedValue></systemField><systemField dataType="Varchar" name="__createdUser"><value>ZET_DÜ</value></systemField><systemField dataType="Timestamp" name="__created"><value>2020-11-30 15:13:06.41</value><formattedValue language="en">30/11/2020 03:13</formattedValue></systemField><systemField dataType="Long" name="__orgUnit"><value>EMMusikethnologie</value></systemField><systemField name="__uuid"><value>117860</value></systemField><vocabularyReference name="RegSectionVoc" id="51622" instanceName="RegSectionVgr"><vocabularyReferenceItem id="4171966" name="430.4.1.4 Chordophone Hornbostel Sachs"><formattedValue language="en">430.4.1.4 Chordophone Hornbostel Sachs</formattedValue></vocabularyReferenceItem></vocabularyReference><virtualField name="RegExhibitionVrt"><value>EM-DAF-Musik, Berlin</value></virtualField><virtualField name="RegContractVrt"><value></value></virtualField><virtualField name="RegRegistrarVrt"><value>EM-DAF-Musik, Berlin, VII e 1, Schalenhalslaute, charango, Richard Campbell (*21.02.1932)</value></virtualField><virtualField name="RegNumberVrt"><value>null</value></virtualField><virtualField name="RegRegistrarENVrt"><value>EM-DAF-Musik, Berlin, VII e 1, Schalenhalslaute, charango, Richard Campbell (*21.02.1932)</value></virtualField><virtualField name="RegSectionVrt"><value>430.4.1.4 Chordophone Hornbostel Sachs</value></virtualField><moduleReference name="RegExhibitionRef" targetModule="Exhibition" multiplicity="N:1" size="1"><moduleReferenceItem moduleItemId="20222" uuid="20222"><formattedValue language="en">EM-DAF-Musik, Berlin</formattedValue></moduleReferenceItem></moduleReference><moduleReference name="RegObjectRef" targetModule="Object" multiplicity="N:1" size="1"><moduleReferenceItem moduleItemId="257769" uuid="257769"><formattedValue language="en">VII e 1, Schalenhalslaute, charango, Richard Campbell (*21.02.1932)</formattedValue></moduleReferenceItem></moduleReference></moduleItem><moduleItem hasAttachments="true" id="117861" uuid="117861"><systemField dataType="Long" name="__id"><value>117861</value></systemField><systemField dataType="Varchar" name="__lastModifiedUser"><value>Zetcom_migration</value></systemField><systemField dataType="Timestamp" name="__lastModified"><value>2020-11-29 22:46:06.0</value><formattedValue language="en">29/11/2020 10:46</formattedValue></systemField><systemField dataType="Varchar" name="__createdUser"><value>ZET_DÜ</value></systemField><systemField dataType="Timestamp" name="__created"><value>2020-11-30 15:13:06.41</value><formattedValue language="en">30/11/2020 03:13</formattedValue></systemField><systemField dataType="Long" name="__orgUnit"><value>EMMusikethnologie</value></systemField><systemField name="__uuid"><value>117861</value></systemField><vocabularyReference name="RegSectionVoc" id="51622" instanceName="RegSectionVgr"><vocabularyReferenceItem id="4171964" name="430.4.1.2 Aerophone Hornbostel Sachs Klassifikation"><formattedValue language="en">430.4.1.2 Aerophone Hornbostel Sachs Klassifikation</formattedValue></vocabularyReferenceItem></vocabularyReference><virtualField name="RegExhibitionVrt"><value>EM-DAF-Musik, Berlin</value></virtualField><virtualField name="RegContractVrt"><value></value></virtualField><virtualField name="RegRegistrarVrt"><value>EM-DAF-Musik, Berlin, VII e 4, offene Innenspaltflöte mit Grifflöchern, tarba ()?, Richard Campbell (*21.02.1932)</value></virtualField><virtualField name="RegNumberVrt"><value>null</value></virtualField><virtualField name="RegRegistrarENVrt"><value>EM-DAF-Musik, Berlin, VII e 4, offene Innenspaltflöte mit Grifflöchern, tarba ()?, Richard Campbell (*21.02.1932)</value></virtualField><virtualField name="RegSectionVrt"><value>430.4.1.2 Aerophone Hornbostel Sachs Klassifikation</value></virtualField><moduleReference name="RegExhibitionRef" targetModule="Exhibition" multiplicity="N:1" size="1"><moduleReferenceItem moduleItemId="20222" uuid="20222"><formattedValue language="en">EM-DAF-Musik, Berlin</formattedValue></moduleReferenceItem></moduleReference><moduleReference name="RegObjectRef" targetModule="Object" multiplicity="N:1" size="1"><moduleReferenceItem moduleItemId="257772" uuid="257772"><formattedValue language="en">VII e 4, offene Innenspaltflöte mit Grifflöchern, tarba ()?, Richard Campbell (*21.02.1932)</formattedValue></moduleReferenceItem></moduleReference></moduleItem><moduleItem hasAttachments="true" id="117862" uuid="117862"><systemField dataType="Long" name="__id"><value>117862</value></systemField><systemField dataType="Varchar" name="__lastModifiedUser"><value>Zetcom_migration</value></systemField><systemField dataType="Timestamp" name="__lastModified"><value>2020-11-29 22:46:06.0</value><formattedValue language="en">29/11/2020 10:46</formattedValue></systemField><systemField dataType="Varchar" name="__createdUser"><value>ZET_DÜ</value></systemField><systemField dataType="Timestamp" name="__created"><value>2020-11-30 15:13:06.41</value><formattedValue language="en">30/11/2020 03:13</formattedValue></systemField><systemField dataType="Long" name="__orgUnit"><value>EMMusikethnologie</value></systemField><systemField name="__uuid"><value>117862</value></systemField><vocabularyReference name="RegSectionVoc" id="51622" instanceName="RegSectionVgr"><vocabularyReferenceItem id="4171964" name="430.4.1.2 Aerophone Hornbostel Sachs Klassifikation"><formattedValue language="en">430.4.1.2 Aerophone Hornbostel Sachs Klassifikation</formattedValue></vocabularyReferenceItem></vocabularyReference><virtualField name="RegExhibitionVrt"><value>EM-DAF-Musik, Berlin</value></virtualField><virtualField name="RegContractVrt"><value></value></virtualField><virtualField name="RegRegistrarVrt"><value>EM-DAF-Musik, Berlin, VII e 6, gedackte Panflöte, zampona, Richard Campbell (*21.02.1932)</value></virtualField><virtualField name="RegNumberVrt"><value>null</value></virtualField><virtualField name="RegRegistrarENVrt"><value>EM-DAF-Musik, Berlin, VII e 6, gedackte Panflöte, zampona, Richard Campbell (*21.02.1932)</value></virtualField><virtualField name="RegSectionVrt"><value>430.4.1.2 Aerophone Hornbostel Sachs Klassifikation</value></virtualField><moduleReference name="RegExhibitionRef" targetModule="Exhibition" multiplicity="N:1" size="1"><moduleReferenceItem moduleItemId="20222" uuid="20222"><formattedValue language="en">EM-DAF-Musik, Berlin</formattedValue></moduleReferenceItem></moduleReference><moduleReference name="RegObjectRef" targetModule="Object" multiplicity="N:1" size="1"><moduleReferenceItem moduleItemId="257774" uuid="257774"><formattedValue language="en">VII e 6, gedackte Panflöte, zampona, Richard Campbell (*21.02.1932)</formattedValue></moduleReferenceItem></moduleReference></moduleItem><moduleItem hasAttachments="true" id="117866" uuid="117866"><systemField dataType="Long" name="__id"><value>117866</value></systemField><systemField dataType="Varchar" name="__lastModifiedUser"><value>Zetcom_migration</value></systemField><systemField dataType="Timestamp" name="__lastModified"><value>2020-11-29 22:46:06.0</value><formattedValue language="en">29/11/2020 10:46</formattedValue></systemField><systemField dataType="Varchar" name="__createdUser"><value>ZET_DÜ</value></systemField><systemField dataType="Timestamp" name="__created"><value>2020-11-30 15:13:06.41</value><formattedValue language="en">30/11/2020 03:13</formattedValue></systemField><systemField dataType="Long" name="__orgUnit"><value>EMMusikethnologie</value></systemField><systemField name="__uuid"><value>117866</value></systemField><vocabularyReference name="RegSectionVoc" id="51622" instanceName="RegSectionVgr"><vocabularyReferenceItem id="4171964" name="430.4.1.2 Aerophone Hornbostel Sachs Klassifikation"><formattedValue language="en">430.4.1.2 Aerophone Hornbostel Sachs Klassifikation</formattedValue></vocabularyReferenceItem></vocabularyReference><virtualField name="RegExhibitionVrt"><value>EM-DAF-Musik, Berlin</value></virtualField><virtualField name="RegContractVrt"><value></value></virtualField><virtualField name="RegRegistrarVrt"><value>EM-DAF-Musik, Berlin, VII e 79, gedackte Panflöte, julajula (arca), Max Peter Baumann (1977)</value></virtualField><virtualField name="RegNumberVrt"><value>null</value></virtualField><virtualField name="RegRegistrarENVrt"><value>EM-DAF-Musik, Berlin, VII e 79, gedackte Panflöte, julajula (arca), Max Peter Baumann (1977)</value></virtualField><virtualField name="RegSectionVrt"><value>430.4.1.2 Aerophone Hornbostel Sachs Klassifikation</value></virtualField><moduleReference name="RegExhibitionRef" targetModule="Exhibition" multiplicity="N:1" size="1"><moduleReferenceItem moduleItemId="20222" uuid="20222"><formattedValue language="en">EM-DAF-Musik, Berlin</formattedValue></moduleReferenceItem></moduleReference><moduleReference name="RegObjectRef" targetModule="Object" multiplicity="N:1" size="1"><moduleReferenceItem moduleItemId="257856" uuid="257856"><formattedValue language="en">VII e 79, gedackte Panflöte, julajula (arca), Max Peter Baumann (1977)</formattedValue></moduleReferenceItem></moduleReference></moduleItem><moduleItem hasAttachments="true" id="117867" uuid="117867"><systemField dataType="Long" name="__id"><value>117867</value></systemField><systemField dataType="Varchar" name="__lastModifiedUser"><value>Zetcom_migration</value></systemField><systemField dataType="Timestamp" name="__lastModified"><value>2020-11-29 22:46:06.0</value><formattedValue language="en">29/11/2020 10:46</formattedValue></systemField><systemField dataType="Varchar" name="__createdUser"><value>ZET_DÜ</value></systemField><systemField dataType="Timestamp" name="__created"><value>2020-11-30 15:13:06.41</value><formattedValue language="en">30/11/2020 03:13</formattedValue></systemField><systemField dataType="Long" name="__orgUnit"><value>EMMusikethnologie</value></systemField><systemField name="__uuid"><value>117867</value></systemField><vocabularyReference name="RegSectionVoc" id="51622" instanceName="RegSectionVgr"><vocabularyReferenceItem id="4171964" name="430.4.1.2 Aerophone Hornbostel Sachs Klassifikation"><formattedValue language="en">430.4.1.2 Aerophone Hornbostel Sachs Klassifikation</formattedValue></vocabularyReferenceItem></vocabularyReference><virtualField name="RegExhibitionVrt"><value>EM-DAF-Musik, Berlin</value></virtualField><virtualField name="RegContractVrt"><value></value></virtualField><virtualField name="RegRegistrarVrt"><value>EM-DAF-Musik, Berlin, VII e 84, offene Innenspaltflöte mit Grifflöchern, tarka, Max Peter Baumann (1977)</value></virtualField><virtualField name="RegNumberVrt"><value>null</value></virtualField><virtualField name="RegRegistrarENVrt"><value>EM-DAF-Musik, Berlin, VII e 84, offene Innenspaltflöte mit Grifflöchern, tarka, Max Peter Baumann (1977)</value></virtualField><virtualField name="RegSectionVrt"><value>430.4.1.2 Aerophone Hornbostel Sachs Klassifikation</value></virtualField><moduleReference name="RegExhibitionRef" targetModule="Exhibition" multiplicity="N:1" size="1"><moduleReferenceItem moduleItemId="20222" uuid="20222"><formattedValue language="en">EM-DAF-Musik, Berlin</formattedValue></moduleReferenceItem></moduleReference><moduleReference name="RegObjectRef" targetModule="Object" multiplicity="N:1" size="1"><moduleReferenceItem moduleItemId="257861" uuid="257861"><formattedValue language="en">VII e 84, offene Innenspaltflöte mit Grifflöchern, tarka, Max Peter Baumann (1977)</formattedValue></moduleReferenceItem></moduleReference></moduleItem><moduleItem hasAttachments="true" id="117870" uuid="117870"><systemField dataType="Long" name="__id"><value>117870</value></systemField><systemField dataType="Varchar" name="__lastModifiedUser"><value>Zetcom_migration</value></systemField><systemField dataType="Timestamp" name="__lastModified"><value>2020-11-29 22:46:06.0</value><formattedValue language="en">29/11/2020 10:46</formattedValue></systemField><systemField dataType="Varchar" name="__createdUser"><value>ZET_DÜ</value></systemField><systemField dataType="Timestamp" name="__created"><value>2020-11-30 15:13:06.41</value><formattedValue language="en">30/11/2020 03:13</formattedValue></systemField><systemField dataType="Long" name="__orgUnit"><value>EMMusikethnologie</value></systemField><systemField name="__uuid"><value>117870</value></systemField><vocabularyReference name="RegSectionVoc" id="51622" instanceName="RegSectionVgr"><vocabularyReferenceItem id="4171966" name="430.4.1.4 Chordophone Hornbostel Sachs"><formattedValue language="en">430.4.1.4 Chordophone Hornbostel Sachs</formattedValue></vocabularyReferenceItem></vocabularyReference><virtualField name="RegExhibitionVrt"><value>EM-DAF-Musik, Berlin</value></virtualField><virtualField name="RegContractVrt"><value></value></virtualField><virtualField name="RegRegistrarVrt"><value>EM-DAF-Musik, Berlin, VII f 29, Harfenlaute, kora, Herman Bell (1974)</value></virtualField><virtualField name="RegNumberVrt"><value>null</value></virtualField><virtualField name="RegRegistrarENVrt"><value>EM-DAF-Musik, Berlin, VII f 29, Harfenlaute, kora, Herman Bell (1974)</value></virtualField><virtualField name="RegSectionVrt"><value>430.4.1.4 Chordophone Hornbostel Sachs</value></virtualField><moduleReference name="RegExhibitionRef" targetModule="Exhibition" multiplicity="N:1" size="1"><moduleReferenceItem moduleItemId="20222" uuid="20222"><formattedValue language="en">EM-DAF-Musik, Berlin</formattedValue></moduleReferenceItem></moduleReference><moduleReference name="RegObjectRef" targetModule="Object" multiplicity="N:1" size="1"><moduleReferenceItem moduleItemId="258033" uuid="258033"><formattedValue language="en">VII f 29, Harfenlaute, kora, Herman Bell (1974)</formattedValue></moduleReferenceItem></moduleReference></moduleItem><moduleItem hasAttachments="true" id="117873" uuid="117873"><systemField dataType="Long" name="__id"><value>117873</value></systemField><systemField dataType="Varchar" name="__lastModifiedUser"><value>Zetcom_migration</value></systemField><systemField dataType="Timestamp" name="__lastModified"><value>2020-11-29 22:46:06.0</value><formattedValue language="en">29/11/2020 10:46</formattedValue></systemField><systemField dataType="Varchar" name="__createdUser"><value>ZET_DÜ</value></systemField><systemField dataType="Timestamp" name="__created"><value>2020-11-30 15:13:06.41</value><formattedValue language="en">30/11/2020 03:13</formattedValue></systemField><systemField dataType="Long" name="__orgUnit"><value>EMMusikethnologie</value></systemField><systemField name="__uuid"><value>117873</value></systemField><vocabularyReference name="RegSectionVoc" id="51622" instanceName="RegSectionVgr"><vocabularyReferenceItem id="4171964" name="430.4.1.2 Aerophone Hornbostel Sachs Klassifikation"><formattedValue language="en">430.4.1.2 Aerophone Hornbostel Sachs Klassifikation</formattedValue></vocabularyReferenceItem></vocabularyReference><virtualField name="RegExhibitionVrt"><value>EM-DAF-Musik, Berlin</value></virtualField><virtualField name="RegContractVrt"><value></value></virtualField><virtualField name="RegRegistrarVrt"><value>EM-DAF-Musik, Berlin, VII f 53, offene Längsflöte mit Grifflöchern, washint, Peter Scholz (1974)</value></virtualField><virtualField name="RegNumberVrt"><value>null</value></virtualField><virtualField name="RegRegistrarENVrt"><value>EM-DAF-Musik, Berlin, VII f 53, offene Längsflöte mit Grifflöchern, washint, Peter Scholz (1974)</value></virtualField><virtualField name="RegSectionVrt"><value>430.4.1.2 Aerophone Hornbostel Sachs Klassifikation</value></virtualField><moduleReference name="RegExhibitionRef" targetModule="Exhibition" multiplicity="N:1" size="1"><moduleReferenceItem moduleItemId="20222" uuid="20222"><formattedValue language="en">EM-DAF-Musik, Berlin</formattedValue></moduleReferenceItem></moduleReference><moduleReference name="RegObjectRef" targetModule="Object" multiplicity="N:1" size="1"><moduleReferenceItem moduleItemId="258064" uuid="258064"><formattedValue language="en">VII f 53, offene Längsflöte mit Grifflöchern, washint, Peter Scholz (1974)</formattedValue></moduleReferenceItem></moduleReference></moduleItem><moduleItem hasAttachments="true" id="117874" uuid="117874"><systemField dataType="Long" name="__id"><value>117874</value></systemField><systemField dataType="Varchar" name="__lastModifiedUser"><value>Zetcom_migration</value></systemField><systemField dataType="Timestamp" name="__lastModified"><value>2020-11-29 22:46:06.0</value><formattedValue language="en">29/11/2020 10:46</formattedValue></systemField><systemField dataType="Varchar" name="__createdUser"><value>ZET_DÜ</value></systemField><systemField dataType="Timestamp" name="__created"><value>2020-11-30 15:13:06.41</value><formattedValue language="en">30/11/2020 03:13</formattedValue></systemField><systemField dataType="Long" name="__orgUnit"><value>EMMusikethnologie</value></systemField><systemField name="__uuid"><value>117874</value></systemField><vocabularyReference name="RegSectionVoc" id="51622" instanceName="RegSectionVgr"><vocabularyReferenceItem id="4171966" name="430.4.1.4 Chordophone Hornbostel Sachs"><formattedValue language="en">430.4.1.4 Chordophone Hornbostel Sachs</formattedValue></vocabularyReferenceItem></vocabularyReference><virtualField name="RegExhibitionVrt"><value>EM-DAF-Musik, Berlin</value></virtualField><virtualField name="RegContractVrt"><value></value></virtualField><virtualField name="RegRegistrarVrt"><value>EM-DAF-Musik, Berlin, VII f 60 a,b, Kastenspießlaute mit Streichbogen, masenqo, Peter Scholz (1974)</value></virtualField><virtualField name="RegNumberVrt"><value>null</value></virtualField><virtualField name="RegRegistrarENVrt"><value>EM-DAF-Musik, Berlin, VII f 60 a,b, Kastenspießlaute mit Streichbogen, masenqo, Peter Scholz (1974)</value></virtualField><virtualField name="RegSectionVrt"><value>430.4.1.4 Chordophone Hornbostel Sachs</value></virtualField><moduleReference name="RegExhibitionRef" targetModule="Exhibition" multiplicity="N:1" size="1"><moduleReferenceItem moduleItemId="20222" uuid="20222"><formattedValue language="en">EM-DAF-Musik, Berlin</formattedValue></moduleReferenceItem></moduleReference><moduleReference name="RegObjectRef" targetModule="Object" multiplicity="N:1" size="1"><moduleReferenceItem moduleItemId="258072" uuid="258072"><formattedValue language="en">VII f 60 a,b, Kastenspießlaute mit Streichbogen, masenqo, Peter Scholz (1974)</formattedValue></moduleReferenceItem></moduleReference></moduleItem><moduleItem hasAttachments="true" id="117878" uuid="117878"><systemField dataType="Long" name="__id"><value>117878</value></systemField><systemField dataType="Varchar" name="__lastModifiedUser"><value>Zetcom_migration</value></systemField><systemField dataType="Timestamp" name="__lastModified"><value>2020-11-29 22:46:06.0</value><formattedValue language="en">29/11/2020 10:46</formattedValue></systemField><systemField dataType="Varchar" name="__createdUser"><value>ZET_DÜ</value></systemField><systemField dataType="Timestamp" name="__created"><value>2020-11-30 15:13:06.41</value><formattedValue language="en">30/11/2020 03:13</formattedValue></systemField><systemField dataType="Long" name="__orgUnit"><value>EMMusikethnologie</value></systemField><systemField name="__uuid"><value>117878</value></systemField><vocabularyReference name="RegSectionVoc" id="51622" instanceName="RegSectionVgr"><vocabularyReferenceItem id="4171967" name="430.4.2 Klassifikation Afrika"><formattedValue language="en">430.4.2 Klassifikation Afrika</formattedValue></vocabularyReferenceItem></vocabularyReference><virtualField name="RegExhibitionVrt"><value>EM-DAF-Musik, Berlin</value></virtualField><virtualField name="RegContractVrt"><value></value></virtualField><virtualField name="RegRegistrarVrt"><value>EM-DAF-Musik, Berlin, VII f 72, Zupfidiophon mit aufgeschnürten Zungen und Resonator, Koehler (1979)</value></virtualField><virtualField name="RegNumberVrt"><value>null</value></virtualField><virtualField name="RegRegistrarENVrt"><value>EM-DAF-Musik, Berlin, VII f 72, Zupfidiophon mit aufgeschnürten Zungen und Resonator, Koehler (1979)</value></virtualField><virtualField name="RegSectionVrt"><value>430.4.2 Klassifikation Afrika</value></virtualField><moduleReference name="RegExhibitionRef" targetModule="Exhibition" multiplicity="N:1" size="1"><moduleReferenceItem moduleItemId="20222" uuid="20222"><formattedValue language="en">EM-DAF-Musik, Berlin</formattedValue></moduleReferenceItem></moduleReference><moduleReference name="RegObjectRef" targetModule="Object" multiplicity="N:1" size="1"><moduleReferenceItem moduleItemId="258083" uuid="258083"><formattedValue language="en">VII f 72, Zupfidiophon mit aufgeschnürten Zungen und Resonator, Koehler (1979)</formattedValue></moduleReferenceItem></moduleReference></moduleItem><moduleItem hasAttachments="true" id="117893" uuid="117893"><systemField dataType="Long" name="__id"><value>117893</value></systemField><systemField dataType="Varchar" name="__lastModifiedUser"><value>Zetcom_migration</value></systemField><systemField dataType="Timestamp" name="__lastModified"><value>2020-11-29 22:46:06.0</value><formattedValue language="en">29/11/2020 10:46</formattedValue></systemField><systemField dataType="Varchar" name="__createdUser"><value>ZET_DÜ</value></systemField><systemField dataType="Timestamp" name="__created"><value>2020-11-30 15:13:06.41</value><formattedValue language="en">30/11/2020 03:13</formattedValue></systemField><systemField dataType="Long" name="__orgUnit"><value>EMMusikethnologie</value></systemField><systemField name="__uuid"><value>117893</value></systemField><vocabularyReference name="RegSectionVoc" id="51622" instanceName="RegSectionVgr"><vocabularyReferenceItem id="4171965" name="430.4.1.3 Membranophone Hornbostel Sachs"><formattedValue language="en">430.4.1.3 Membranophone Hornbostel Sachs</formattedValue></vocabularyReferenceItem></vocabularyReference><virtualField name="RegExhibitionVrt"><value>EM-DAF-Musik, Berlin</value></virtualField><virtualField name="RegContractVrt"><value></value></virtualField><virtualField name="RegRegistrarVrt"><value>EM-DAF-Musik, Berlin, VII f 207, Rahmentrommel, tamale, 1993, Urban Bareis (1993)</value></virtualField><virtualField name="RegNumberVrt"><value>null</value></virtualField><virtualField name="RegRegistrarENVrt"><value>EM-DAF-Musik, Berlin, VII f 207, Rahmentrommel, tamale, 1993, Urban Bareis (1993)</value></virtualField><virtualField name="RegSectionVrt"><value>430.4.1.3 Membranophone Hornbostel Sachs</value></virtualField><moduleReference name="RegExhibitionRef" targetModule="Exhibition" multiplicity="N:1" size="1"><moduleReferenceItem moduleItemId="20222" uuid="20222"><formattedValue language="en">EM-DAF-Musik, Berlin</formattedValue></moduleReferenceItem></moduleReference><moduleReference name="RegObjectRef" targetModule="Object" multiplicity="N:1" size="1"><moduleReferenceItem moduleItemId="258291" uuid="258291"><formattedValue language="en">VII f 207, Rahmentrommel, tamale, 1993, Urban Bareis (1993)</formattedValue></moduleReferenceItem></moduleReference></moduleItem><moduleItem hasAttachments="true" id="117904" uuid="117904"><systemField dataType="Long" name="__id"><value>117904</value></systemField><systemField dataType="Varchar" name="__lastModifiedUser"><value>Zetcom_migration</value></systemField><systemField dataType="Timestamp" name="__lastModified"><value>2020-11-29 22:46:06.0</value><formattedValue language="en">29/11/2020 10:46</formattedValue></systemField><systemField dataType="Varchar" name="__createdUser"><value>ZET_DÜ</value></systemField><systemField dataType="Timestamp" name="__created"><value>2020-11-30 15:13:06.41</value><formattedValue language="en">30/11/2020 03:13</formattedValue></systemField><systemField dataType="Long" name="__orgUnit"><value>EMMusikethnologie</value></systemField><systemField name="__uuid"><value>117904</value></systemField><vocabularyReference name="RegSectionVoc" id="51622" instanceName="RegSectionVgr"><vocabularyReferenceItem id="4171966" name="430.4.1.4 Chordophone Hornbostel Sachs"><formattedValue language="en">430.4.1.4 Chordophone Hornbostel Sachs</formattedValue></vocabularyReferenceItem></vocabularyReference><virtualField name="RegExhibitionVrt"><value>EM-DAF-Musik, Berlin</value></virtualField><virtualField name="RegContractVrt"><value></value></virtualField><virtualField name="RegRegistrarVrt"><value>EM-DAF-Musik, Berlin, VII f 258, Schalenleier, Niels Erlank (1992)</value></virtualField><virtualField name="RegNumberVrt"><value>null</value></virtualField><virtualField name="RegRegistrarENVrt"><value>EM-DAF-Musik, Berlin, VII f 258, Schalenleier, Niels Erlank (1992)</value></virtualField><virtualField name="RegSectionVrt"><value>430.4.1.4 Chordophone Hornbostel Sachs</value></virtualField><moduleReference name="RegExhibitionRef" targetModule="Exhibition" multiplicity="N:1" size="1"><moduleReferenceItem moduleItemId="20222" uuid="20222"><formattedValue language="en">EM-DAF-Musik, Berlin</formattedValue></moduleReferenceItem></moduleReference><moduleReference name="RegObjectRef" targetModule="Object" multiplicity="N:1" size="1"><moduleReferenceItem moduleItemId="258364" uuid="258364"><formattedValue language="en">VII f 258, Schalenleier, Niels Erlank (1992)</formattedValue></moduleReferenceItem></moduleReference></moduleItem><moduleItem hasAttachments="true" id="117909" uuid="117909"><systemField dataType="Long" name="__id"><value>117909</value></systemField><systemField dataType="Varchar" name="__lastModifiedUser"><value>Zetcom_migration</value></systemField><systemField dataType="Timestamp" name="__lastModified"><value>2020-11-29 22:46:06.0</value><formattedValue language="en">29/11/2020 10:46</formattedValue></systemField><systemField dataType="Varchar" name="__createdUser"><value>ZET_DÜ</value></systemField><systemField dataType="Timestamp" name="__created"><value>2020-11-30 15:13:06.41</value><formattedValue language="en">30/11/2020 03:13</formattedValue></systemField><systemField dataType="Long" name="__orgUnit"><value>EMMusikethnologie</value></systemField><systemField name="__uuid"><value>117909</value></systemField><vocabularyReference name="RegSectionVoc" id="51622" instanceName="RegSectionVgr"><vocabularyReferenceItem id="4171963" name="430.4.1.1 Idiophone Hornbostel Sachs Klassifikation"><formattedValue language="en">430.4.1.1 Idiophone Hornbostel Sachs Klassifikation</formattedValue></vocabularyReferenceItem></vocabularyReference><virtualField name="RegExhibitionVrt"><value>EM-DAF-Musik, Berlin</value></virtualField><virtualField name="RegContractVrt"><value></value></virtualField><virtualField name="RegRegistrarVrt"><value>EM-DAF-Musik, Berlin, VII c 49 b, Schlegel für Glocke, ushinarashi, Richard Campbell (*21.02.1932)</value></virtualField><virtualField name="RegNumberVrt"><value>null</value></virtualField><virtualField name="RegRegistrarENVrt"><value>EM-DAF-Musik, Berlin, VII c 49 b, Schlegel für Glocke, ushinarashi, Richard Campbell (*21.02.1932)</value></virtualField><virtualField name="RegSectionVrt"><value>430.4.1.1 Idiophone Hornbostel Sachs Klassifikation</value></virtualField><moduleReference name="RegExhibitionRef" targetModule="Exhibition" multiplicity="N:1" size="1"><moduleReferenceItem moduleItemId="20222" uuid="20222"><formattedValue language="en">EM-DAF-Musik, Berlin</formattedValue></moduleReferenceItem></moduleReference><moduleReference name="RegObjectRef" targetModule="Object" multiplicity="N:1" size="1"><moduleReferenceItem moduleItemId="258682" uuid="258682"><formattedValue language="en">VII c 49 b, Schlegel für Glocke, ushinarashi, Richard Campbell (*21.02.1932)</formattedValue></moduleReferenceItem></moduleReference></moduleItem><moduleItem hasAttachments="true" id="117910" uuid="117910"><systemField dataType="Long" name="__id"><value>117910</value></systemField><systemField dataType="Varchar" name="__lastModifiedUser"><value>Zetcom_migration</value></systemField><systemField dataType="Timestamp" name="__lastModified"><value>2020-11-29 22:46:06.0</value><formattedValue language="en">29/11/2020 10:46</formattedValue></systemField><systemField dataType="Varchar" name="__createdUser"><value>ZET_DÜ</value></systemField><systemField dataType="Timestamp" name="__created"><value>2020-11-30 15:13:06.41</value><formattedValue language="en">30/11/2020 03:13</formattedValue></systemField><systemField dataType="Long" name="__orgUnit"><value>EMMusikethnologie</value></systemField><systemField name="__uuid"><value>117910</value></systemField><vocabularyReference name="RegSectionVoc" id="51622" instanceName="RegSectionVgr"><vocabularyReferenceItem id="4171963" name="430.4.1.1 Idiophone Hornbostel Sachs Klassifikation"><formattedValue language="en">430.4.1.1 Idiophone Hornbostel Sachs Klassifikation</formattedValue></vocabularyReferenceItem></vocabularyReference><virtualField name="RegExhibitionVrt"><value>EM-DAF-Musik, Berlin</value></virtualField><virtualField name="RegContractVrt"><value></value></virtualField><virtualField name="RegRegistrarVrt"><value>EM-DAF-Musik, Berlin, VII c 49 c, Glocke, ushinarashi, Richard Campbell (*21.02.1932)</value></virtualField><virtualField name="RegNumberVrt"><value>null</value></virtualField><virtualField name="RegRegistrarENVrt"><value>EM-DAF-Musik, Berlin, VII c 49 c, Glocke, ushinarashi, Richard Campbell (*21.02.1932)</value></virtualField><virtualField name="RegSectionVrt"><value>430.4.1.1 Idiophone Hornbostel Sachs Klassifikation</value></virtualField><moduleReference name="RegExhibitionRef" targetModule="Exhibition" multiplicity="N:1" size="1"><moduleReferenceItem moduleItemId="20222" uuid="20222"><formattedValue language="en">EM-DAF-Musik, Berlin</formattedValue></moduleReferenceItem></moduleReference><moduleReference name="RegObjectRef" targetModule="Object" multiplicity="N:1" size="1"><moduleReferenceItem moduleItemId="258683" uuid="258683"><formattedValue language="en">VII c 49 c, Glocke, ushinarashi, Richard Campbell (*21.02.1932)</formattedValue></moduleReferenceItem></moduleReference></moduleItem><moduleItem hasAttachments="true" id="117911" uuid="117911"><systemField dataType="Long" name="__id"><value>117911</value></systemField><systemField dataType="Varchar" name="__lastModifiedUser"><value>Zetcom_migration</value></systemField><systemField dataType="Timestamp" name="__lastModified"><value>2020-11-29 22:46:06.0</value><formattedValue language="en">29/11/2020 10:46</formattedValue></systemField><systemField dataType="Varchar" name="__createdUser"><value>ZET_DÜ</value></systemField><systemField dataType="Timestamp" name="__created"><value>2020-11-30 15:13:06.41</value><formattedValue language="en">30/11/2020 03:13</formattedValue></systemField><systemField dataType="Long" name="__orgUnit"><value>EMMusikethnologie</value></systemField><systemField name="__uuid"><value>117911</value></systemField><vocabularyReference name="RegSectionVoc" id="51622" instanceName="RegSectionVgr"><vocabularyReferenceItem id="4171963" name="430.4.1.1 Idiophone Hornbostel Sachs Klassifikation"><formattedValue language="en">430.4.1.1 Idiophone Hornbostel Sachs Klassifikation</formattedValue></vocabularyReferenceItem></vocabularyReference><virtualField name="RegExhibitionVrt"><value>EM-DAF-Musik, Berlin</value></virtualField><virtualField name="RegContractVrt"><value></value></virtualField><virtualField name="RegRegistrarVrt"><value>EM-DAF-Musik, Berlin, VII c 49 d, Glocke, ushinarashi, Richard Campbell (*21.02.1932)</value></virtualField><virtualField name="RegNumberVrt"><value>null</value></virtualField><virtualField name="RegRegistrarENVrt"><value>EM-DAF-Musik, Berlin, VII c 49 d, Glocke, ushinarashi, Richard Campbell (*21.02.1932)</value></virtualField><virtualField name="RegSectionVrt"><value>430.4.1.1 Idiophone Hornbostel Sachs Klassifikation</value></virtualField><moduleReference name="RegExhibitionRef" targetModule="Exhibition" multiplicity="N:1" size="1"><moduleReferenceItem moduleItemId="20222" uuid="20222"><formattedValue language="en">EM-DAF-Musik, Berlin</formattedValue></moduleReferenceItem></moduleReference><moduleReference name="RegObjectRef" targetModule="Object" multiplicity="N:1" size="1"><moduleReferenceItem moduleItemId="258684" uuid="258684"><formattedValue language="en">VII c 49 d, Glocke, ushinarashi, Richard Campbell (*21.02.1932)</formattedValue></moduleReferenceItem></moduleReference></moduleItem><moduleItem hasAttachments="true" id="117912" uuid="117912"><systemField dataType="Long" name="__id"><value>117912</value></systemField><systemField dataType="Varchar" name="__lastModifiedUser"><value>Zetcom_migration</value></systemField><systemField dataType="Timestamp" name="__lastModified"><value>2020-11-29 22:46:06.0</value><formattedValue language="en">29/11/2020 10:46</formattedValue></systemField><systemField dataType="Varchar" name="__createdUser"><value>ZET_DÜ</value></systemField><systemField dataType="Timestamp" name="__created"><value>2020-11-30 15:13:06.41</value><formattedValue language="en">30/11/2020 03:13</formattedValue></systemField><systemField dataType="Long" name="__orgUnit"><value>EMMusikethnologie</value></systemField><systemField name="__uuid"><value>117912</value></systemField><vocabularyReference name="RegSectionVoc" id="51622" instanceName="RegSectionVgr"><vocabularyReferenceItem id="4171967" name="430.4.2 Klassifikation Afrika"><formattedValue language="en">430.4.2 Klassifikation Afrika</formattedValue></vocabularyReferenceItem></vocabularyReference><virtualField name="RegExhibitionVrt"><value>EM-DAF-Musik, Berlin</value></virtualField><virtualField name="RegContractVrt"><value></value></virtualField><virtualField name="RegRegistrarVrt"><value>EM-DAF-Musik, Berlin, VII f 115, Bogenharfe, ennanga, Evaristo Muyinda (1983)</value></virtualField><virtualField name="RegNumberVrt"><value>null</value></virtualField><virtualField name="RegRegistrarENVrt"><value>EM-DAF-Musik, Berlin, VII f 115, Bogenharfe, ennanga, Evaristo Muyinda (1983)</value></virtualField><virtualField name="RegSectionVrt"><value>430.4.2 Klassifikation Afrika</value></virtualField><moduleReference name="RegExhibitionRef" targetModule="Exhibition" multiplicity="N:1" size="1"><moduleReferenceItem moduleItemId="20222" uuid="20222"><formattedValue language="en">EM-DAF-Musik, Berlin</formattedValue></moduleReferenceItem></moduleReference><moduleReference name="RegObjectRef" targetModule="Object" multiplicity="N:1" size="1"><moduleReferenceItem moduleItemId="808697" uuid="808697"><formattedValue language="en">VII f 115, Bogenharfe, ennanga, Evaristo Muyinda (1983)</formattedValue></moduleReferenceItem></moduleReference></moduleItem><moduleItem hasAttachments="true" id="117913" uuid="117913"><systemField dataType="Long" name="__id"><value>117913</value></systemField><systemField dataType="Varchar" name="__lastModifiedUser"><value>Zetcom_migration</value></systemField><systemField dataType="Timestamp" name="__lastModified"><value>2020-11-29 22:46:06.0</value><formattedValue language="en">29/11/2020 10:46</formattedValue></systemField><systemField dataType="Varchar" name="__createdUser"><value>ZET_DÜ</value></systemField><systemField dataType="Timestamp" name="__created"><value>2020-11-30 15:13:06.41</value><formattedValue language="en">30/11/2020 03:13</formattedValue></systemField><systemField dataType="Long" name="__orgUnit"><value>EMMusikethnologie</value></systemField><systemField name="__uuid"><value>117913</value></systemField><vocabularyReference name="RegSectionVoc" id="51622" instanceName="RegSectionVgr"><vocabularyReferenceItem id="4171963" name="430.4.1.1 Idiophone Hornbostel Sachs Klassifikation"><formattedValue language="en">430.4.1.1 Idiophone Hornbostel Sachs Klassifikation</formattedValue></vocabularyReferenceItem></vocabularyReference><virtualField name="RegExhibitionVrt"><value>EM-DAF-Musik, Berlin</value></virtualField><virtualField name="RegContractVrt"><value></value></virtualField><virtualField name="RegRegistrarVrt"><value>EM-DAF-Musik, Berlin, VII e 214 a,b, Gefäßrassel</value></virtualField><virtualField name="RegNumberVrt"><value>null</value></virtualField><virtualField name="RegRegistrarENVrt"><value>EM-DAF-Musik, Berlin, VII e 214 a,b, Gefäßrassel</value></virtualField><virtualField name="RegSectionVrt"><value>430.4.1.1 Idiophone Hornbostel Sachs Klassifikation</value></virtualField><moduleReference name="RegExhibitionRef" targetModule="Exhibition" multiplicity="N:1" size="1"><moduleReferenceItem moduleItemId="20222" uuid="20222"><formattedValue language="en">EM-DAF-Musik, Berlin</formattedValue></moduleReferenceItem></moduleReference><moduleReference name="RegObjectRef" targetModule="Object" multiplicity="N:1" size="1"><moduleReferenceItem moduleItemId="851424" uuid="851424"><formattedValue language="en">VII e 214 a,b, Gefäßrassel</formattedValue></moduleReferenceItem></moduleReference></moduleItem><moduleItem hasAttachments="true" id="117923" uuid="117923"><systemField dataType="Long" name="__id"><value>117923</value></systemField><systemField dataType="Varchar" name="__lastModifiedUser"><value>Zetcom_migration</value></systemField><systemField dataType="Timestamp" name="__lastModified"><value>2020-11-29 22:46:06.0</value><formattedValue language="en">29/11/2020 10:46</formattedValue></systemField><systemField dataType="Varchar" name="__createdUser"><value>ZET_DÜ</value></systemField><systemField dataType="Timestamp" name="__created"><value>2020-11-30 15:13:06.555</value><formattedValue language="en">30/11/2020 03:13</formattedValue></systemField><systemField dataType="Long" name="__orgUnit"><value>EMMusikethnologie</value></systemField><systemField name="__uuid"><value>117923</value></systemField><vocabularyReference name="RegSectionVoc" id="51622" instanceName="RegSectionVgr"><vocabularyReferenceItem id="4171966" name="430.4.1.4 Chordophone Hornbostel Sachs"><formattedValue language="en">430.4.1.4 Chordophone Hornbostel Sachs</formattedValue></vocabularyReferenceItem></vocabularyReference><virtualField name="RegExhibitionVrt"><value>EM-DAF-Musik, Berlin</value></virtualField><virtualField name="RegContractVrt"><value></value></virtualField><virtualField name="RegRegistrarVrt"><value>EM-DAF-Musik, Berlin, VII b 179 a,b, Schalenspießlaute mit Streichbogen, kamanche, Ebrahim Ehrari (1999)</value></virtualField><virtualField name="RegNumberVrt"><value>null</value></virtualField><virtualField name="RegRegistrarENVrt"><value>EM-DAF-Musik, Berlin, VII b 179 a,b, Schalenspießlaute mit Streichbogen, kamanche, Ebrahim Ehrari (1999)</value></virtualField><virtualField name="RegSectionVrt"><value>430.4.1.4 Chordophone Hornbostel Sachs</value></virtualField><moduleReference name="RegExhibitionRef" targetModule="Exhibition" multiplicity="N:1" size="1"><moduleReferenceItem moduleItemId="20222" uuid="20222"><formattedValue language="en">EM-DAF-Musik, Berlin</formattedValue></moduleReferenceItem></moduleReference><moduleReference name="RegObjectRef" targetModule="Object" multiplicity="N:1" size="1"><moduleReferenceItem moduleItemId="1614258" uuid="1614258"><formattedValue language="en">VII b 179 a,b, Schalenspießlaute mit Streichbogen, kamanche, Ebrahim Ehrari (1999)</formattedValue></moduleReferenceItem></moduleReference></moduleItem><moduleItem hasAttachments="true" id="141667" uuid="141667"><systemField dataType="Long" name="__id"><value>141667</value></systemField><systemField dataType="Varchar" name="__lastModifiedUser"><value>Zetcom_migration</value></systemField><systemField dataType="Timestamp" name="__lastModified"><value>2020-11-29 22:46:06.0</value><formattedValue language="en">29/11/2020 10:46</formattedValue></systemField><systemField dataType="Varchar" name="__createdUser"><value>ZET_DÜ</value></systemField><systemField dataType="Timestamp" name="__created"><value>2020-11-30 15:13:06.41</value><formattedValue language="en">30/11/2020 03:13</formattedValue></systemField><systemField dataType="Long" name="__orgUnit"><value>EMMusikethnologie</value></systemField><systemField name="__uuid"><value>141667</value></systemField><vocabularyReference name="RegSectionVoc" id="51622" instanceName="RegSectionVgr"><vocabularyReferenceItem id="4171966" name="430.4.1.4 Chordophone Hornbostel Sachs"><formattedValue language="en">430.4.1.4 Chordophone Hornbostel Sachs</formattedValue></vocabularyReferenceItem></vocabularyReference><virtualField name="RegExhibitionVrt"><value>EM-DAF-Musik, Berlin</value></virtualField><virtualField name="RegContractVrt"><value></value></virtualField><virtualField name="RegRegistrarVrt"><value>EM-DAF-Musik, Berlin, VII b 35, Schalenhalslaute, lavta, Kurt Reinhard (1952 - 1968)</value></virtualField><virtualField name="RegNumberVrt"><value>null</value></virtualField><virtualField name="RegRegistrarENVrt"><value>EM-DAF-Musik, Berlin, VII b 35, Schalenhalslaute, lavta, Kurt Reinhard (1952 - 1968)</value></virtualField><virtualField name="RegSectionVrt"><value>430.4.1.4 Chordophone Hornbostel Sachs</value></virtualField><moduleReference name="RegExhibitionRef" targetModule="Exhibition" multiplicity="N:1" size="1"><moduleReferenceItem moduleItemId="20222" uuid="20222"><formattedValue language="en">EM-DAF-Musik, Berlin</formattedValue></moduleReferenceItem></moduleReference><moduleReference name="RegObjectRef" targetModule="Object" multiplicity="N:1" size="1"><moduleReferenceItem moduleItemId="255919" uuid="255919"><formattedValue language="en">VII b 35, Schalenhalslaute, lavta, Kurt Reinhard (1952 - 1968)</formattedValue></moduleReferenceItem></moduleReference></moduleItem><moduleItem hasAttachments="true" id="141669" uuid="141669"><systemField dataType="Long" name="__id"><value>141669</value></systemField><systemField dataType="Varchar" name="__lastModifiedUser"><value>Zetcom_migration</value></systemField><systemField dataType="Timestamp" name="__lastModified"><value>2020-11-29 22:46:06.0</value><formattedValue language="en">29/11/2020 10:46</formattedValue></systemField><systemField dataType="Varchar" name="__createdUser"><value>ZET_DÜ</value></systemField><systemField dataType="Timestamp" name="__created"><value>2020-11-30 15:13:06.41</value><formattedValue language="en">30/11/2020 03:13</formattedValue></systemField><systemField dataType="Long" name="__orgUnit"><value>EMMusikethnologie</value></systemField><systemField name="__uuid"><value>141669</value></systemField><vocabularyReference name="RegSectionVoc" id="51622" instanceName="RegSectionVgr"><vocabularyReferenceItem id="4171964" name="430.4.1.2 Aerophone Hornbostel Sachs Klassifikation"><formattedValue language="en">430.4.1.2 Aerophone Hornbostel Sachs Klassifikation</formattedValue></vocabularyReferenceItem></vocabularyReference><virtualField name="RegExhibitionVrt"><value>EM-DAF-Musik, Berlin</value></virtualField><virtualField name="RegContractVrt"><value></value></virtualField><virtualField name="RegRegistrarVrt"><value>EM-DAF-Musik, Berlin, VII c 62, Längstrompete, kang ling, Hermann Mark Lissauer (1989)</value></virtualField><virtualField name="RegNumberVrt"><value>null</value></virtualField><virtualField name="RegRegistrarENVrt"><value>EM-DAF-Musik, Berlin, VII c 62, Längstrompete, kang ling, Hermann Mark Lissauer (1989)</value></virtualField><virtualField name="RegSectionVrt"><value>430.4.1.2 Aerophone Hornbostel Sachs Klassifikation</value></virtualField><moduleReference name="RegExhibitionRef" targetModule="Exhibition" multiplicity="N:1" size="1"><moduleReferenceItem moduleItemId="20222" uuid="20222"><formattedValue language="en">EM-DAF-Musik, Berlin</formattedValue></moduleReferenceItem></moduleReference><moduleReference name="RegObjectRef" targetModule="Object" multiplicity="N:1" size="1"><moduleReferenceItem moduleItemId="256309" uuid="256309"><formattedValue language="en">VII c 62, Längstrompete, kang ling, Hermann Mark Lissauer (1989)</formattedValue></moduleReferenceItem></moduleReference></moduleItem><moduleItem hasAttachments="true" id="144625" uuid="144625"><systemField dataType="Long" name="__id"><value>144625</value></systemField><systemField dataType="Varchar" name="__lastModifiedUser"><value>Zetcom_migration</value></systemField><systemField dataType="Timestamp" name="__lastModified"><value>2020-11-29 22:46:06.0</value><formattedValue language="en">29/11/2020 10:46</formattedValue></systemField><systemField dataType="Varchar" name="__createdUser"><value>ZET_DÜ</value></systemField><systemField dataType="Timestamp" name="__created"><value>2020-11-30 15:13:06.41</value><formattedValue language="en">30/11/2020 03:13</formattedValue></systemField><systemField dataType="Long" name="__orgUnit"><value>EMMusikethnologie</value></systemField><systemField name="__uuid"><value>144625</value></systemField><vocabularyReference name="RegSectionVoc" id="51622" instanceName="RegSectionVgr"><vocabularyReferenceItem id="4171968" name="430.4.3 Klassifikation China"><formattedValue language="en">430.4.3 Klassifikation China</formattedValue></vocabularyReferenceItem></vocabularyReference><virtualField name="RegExhibitionVrt"><value>EM-DAF-Musik, Berlin</value></virtualField><virtualField name="RegContractVrt"><value></value></virtualField><virtualField name="RegRegistrarVrt"><value>EM-DAF-Musik, Berlin, VII c 24, Heterochorde Halbröhrenzither, qin, Brunhilde Körner (geb. Lessing) (01.04.1949 - 30.04.1973)</value></virtualField><virtualField name="RegNumberVrt"><value>null</value></virtualField><virtualField name="RegRegistrarENVrt"><value>EM-DAF-Musik, Berlin, VII c 24, Heterochorde Halbröhrenzither, qin, Brunhilde Körner (geb. Lessing) (01.04.1949 - 30.04.1973)</value></virtualField><virtualField name="RegSectionVrt"><value>430.4.3 Klassifikation China</value></virtualField><moduleReference name="RegExhibitionRef" targetModule="Exhibition" multiplicity="N:1" size="1"><moduleReferenceItem moduleItemId="20222" uuid="20222"><formattedValue language="en">EM-DAF-Musik, Berlin</formattedValue></moduleReferenceItem></moduleReference><moduleReference name="RegObjectRef" targetModule="Object" multiplicity="N:1" size="1"><moduleReferenceItem moduleItemId="255977" uuid="255977"><formattedValue language="en">VII c 24, Heterochorde Halbröhrenzither, qin, Brunhilde Körner (geb. Lessing) (01.04.1949 - 30.04.1973)</formattedValue></moduleReferenceItem></moduleReference></moduleItem><moduleItem hasAttachments="true" id="144626" uuid="144626"><systemField dataType="Long" name="__id"><value>144626</value></systemField><systemField dataType="Varchar" name="__lastModifiedUser"><value>Zetcom_migration</value></systemField><systemField dataType="Timestamp" name="__lastModified"><value>2020-11-29 22:46:06.0</value><formattedValue language="en">29/11/2020 10:46</formattedValue></systemField><systemField dataType="Varchar" name="__createdUser"><value>ZET_DÜ</value></systemField><systemField dataType="Timestamp" name="__created"><value>2020-11-30 15:13:06.41</value><formattedValue language="en">30/11/2020 03:13</formattedValue></systemField><systemField dataType="Long" name="__orgUnit"><value>EMMusikethnologie</value></systemField><systemField name="__uuid"><value>144626</value></systemField><vocabularyReference name="RegSectionVoc" id="51622" instanceName="RegSectionVgr"><vocabularyReferenceItem id="4171968" name="430.4.3 Klassifikation China"><formattedValue language="en">430.4.3 Klassifikation China</formattedValue></vocabularyReferenceItem></vocabularyReference><virtualField name="RegExhibitionVrt"><value>EM-DAF-Musik, Berlin</value></virtualField><virtualField name="RegContractVrt"><value></value></virtualField><virtualField name="RegRegistrarVrt"><value>EM-DAF-Musik, Berlin, VII c 51, Glocke, bo zhong, Ostasiatika Kunsthandel Berlin (Wolfgang Bock) (1979)</value></virtualField><virtualField name="RegNumberVrt"><value>null</value></virtualField><virtualField name="RegRegistrarENVrt"><value>EM-DAF-Musik, Berlin, VII c 51, Glocke, bo zhong, Ostasiatika Kunsthandel Berlin (Wolfgang Bock) (1979)</value></virtualField><virtualField name="RegSectionVrt"><value>430.4.3 Klassifikation China</value></virtualField><moduleReference name="RegExhibitionRef" targetModule="Exhibition" multiplicity="N:1" size="1"><moduleReferenceItem moduleItemId="20222" uuid="20222"><formattedValue language="en">EM-DAF-Musik, Berlin</formattedValue></moduleReferenceItem></moduleReference><moduleReference name="RegObjectRef" targetModule="Object" multiplicity="N:1" size="1"><moduleReferenceItem moduleItemId="256296" uuid="256296"><formattedValue language="en">VII c 51, Glocke, bo zhong, Ostasiatika Kunsthandel Berlin (Wolfgang Bock) (1979)</formattedValue></moduleReferenceItem></moduleReference></moduleItem><moduleItem hasAttachments="true" id="144627" uuid="144627"><systemField dataType="Long" name="__id"><value>144627</value></systemField><systemField dataType="Varchar" name="__lastModifiedUser"><value>Zetcom_migration</value></systemField><systemField dataType="Timestamp" name="__lastModified"><value>2020-11-29 22:46:06.0</value><formattedValue language="en">29/11/2020 10:46</formattedValue></systemField><systemField dataType="Varchar" name="__createdUser"><value>ZET_DÜ</value></systemField><systemField dataType="Timestamp" name="__created"><value>2020-11-30 15:13:06.555</value><formattedValue language="en">30/11/2020 03:13</formattedValue></systemField><systemField dataType="Long" name="__orgUnit"><value>EMMusikethnologie</value></systemField><systemField name="__uuid"><value>144627</value></systemField><vocabularyReference name="RegSectionVoc" id="51622" instanceName="RegSectionVgr"><vocabularyReferenceItem id="4171963" name="430.4.1.1 Idiophone Hornbostel Sachs Klassifikation"><formattedValue language="en">430.4.1.1 Idiophone Hornbostel Sachs Klassifikation</formattedValue></vocabularyReferenceItem></vocabularyReference><virtualField name="RegExhibitionVrt"><value>EM-DAF-Musik, Berlin</value></virtualField><virtualField name="RegContractVrt"><value></value></virtualField><virtualField name="RegRegistrarVrt"><value>EM-DAF-Musik, Berlin, VII Nls 1030, selbstständige Heteroglotte Maultrommel</value></virtualField><virtualField name="RegNumberVrt"><value>null</value></virtualField><virtualField name="RegRegistrarENVrt"><value>EM-DAF-Musik, Berlin, VII Nls 1030, selbstständige Heteroglotte Maultrommel</value></virtualField><virtualField name="RegSectionVrt"><value>430.4.1.1 Idiophone Hornbostel Sachs Klassifikation</value></virtualField><moduleReference name="RegExhibitionRef" targetModule="Exhibition" multiplicity="N:1" size="1"><moduleReferenceItem moduleItemId="20222" uuid="20222"><formattedValue language="en">EM-DAF-Musik, Berlin</formattedValue></moduleReferenceItem></moduleReference><moduleReference name="RegObjectRef" targetModule="Object" multiplicity="N:1" size="1"><moduleReferenceItem moduleItemId="1610223" uuid="1610223"><formattedValue language="en">VII Nls 1030, selbstständige Heteroglotte Maultrommel</formattedValue></moduleReferenceItem></moduleReference></moduleItem><moduleItem hasAttachments="true" id="144629" uuid="144629"><systemField dataType="Long" name="__id"><value>144629</value></systemField><systemField dataType="Varchar" name="__lastModifiedUser"><value>Zetcom_migration</value></systemField><systemField dataType="Timestamp" name="__lastModified"><value>2020-11-29 22:46:06.0</value><formattedValue language="en">29/11/2020 10:46</formattedValue></systemField><systemField dataType="Varchar" name="__createdUser"><value>ZET_DÜ</value></systemField><systemField dataType="Timestamp" name="__created"><value>2020-11-30 15:13:06.41</value><formattedValue language="en">30/11/2020 03:13</formattedValue></systemField><systemField dataType="Long" name="__orgUnit"><value>EMMusikethnologie</value></systemField><systemField name="__uuid"><value>144629</value></systemField><vocabularyReference name="RegSectionVoc" id="51622" instanceName="RegSectionVgr"><vocabularyReferenceItem id="4171965" name="430.4.1.3 Membranophone Hornbostel Sachs"><formattedValue language="en">430.4.1.3 Membranophone Hornbostel Sachs</formattedValue></vocabularyReferenceItem></vocabularyReference><virtualField name="RegExhibitionVrt"><value>EM-DAF-Musik, Berlin</value></virtualField><virtualField name="RegContractVrt"><value></value></virtualField><virtualField name="RegRegistrarVrt"><value>EM-DAF-Musik, Berlin, VII f 24 a,b, Schnurreibtrommel, Thomas Maler (1972)</value></virtualField><virtualField name="RegNumberVrt"><value>null</value></virtualField><virtualField name="RegRegistrarENVrt"><value>EM-DAF-Musik, Berlin, VII f 24 a,b, Schnurreibtrommel, Thomas Maler (1972)</value></virtualField><virtualField name="RegSectionVrt"><value>430.4.1.3 Membranophone Hornbostel Sachs</value></virtualField><moduleReference name="RegExhibitionRef" targetModule="Exhibition" multiplicity="N:1" size="1"><moduleReferenceItem moduleItemId="20222" uuid="20222"><formattedValue language="en">EM-DAF-Musik, Berlin</formattedValue></moduleReferenceItem></moduleReference><moduleReference name="RegObjectRef" targetModule="Object" multiplicity="N:1" size="1"><moduleReferenceItem moduleItemId="258028" uuid="258028"><formattedValue language="en">VII f 24 a,b, Schnurreibtrommel, Thomas Maler (1972)</formattedValue></moduleReferenceItem></moduleReference></moduleItem><moduleItem hasAttachments="true" id="144630" uuid="144630"><systemField dataType="Long" name="__id"><value>144630</value></systemField><systemField dataType="Varchar" name="__lastModifiedUser"><value>Zetcom_migration</value></systemField><systemField dataType="Timestamp" name="__lastModified"><value>2020-11-29 22:46:06.0</value><formattedValue language="en">29/11/2020 10:46</formattedValue></systemField><systemField dataType="Varchar" name="__createdUser"><value>ZET_DÜ</value></systemField><systemField dataType="Timestamp" name="__created"><value>2020-11-30 15:13:06.41</value><formattedValue language="en">30/11/2020 03:13</formattedValue></systemField><systemField dataType="Long" name="__orgUnit"><value>EMMusikethnologie</value></systemField><systemField name="__uuid"><value>144630</value></systemField><vocabularyReference name="RegSectionVoc" id="51622" instanceName="RegSectionVgr"><vocabularyReferenceItem id="4171966" name="430.4.1.4 Chordophone Hornbostel Sachs"><formattedValue language="en">430.4.1.4 Chordophone Hornbostel Sachs</formattedValue></vocabularyReferenceItem></vocabularyReference><virtualField name="RegExhibitionVrt"><value>EM-DAF-Musik, Berlin</value></virtualField><virtualField name="RegContractVrt"><value></value></virtualField><virtualField name="RegRegistrarVrt"><value>EM-DAF-Musik, Berlin, VII f 242, Bogenlaute, llg'gase, Niels Erlank (1992)</value></virtualField><virtualField name="RegNumberVrt"><value>null</value></virtualField><virtualField name="RegRegistrarENVrt"><value>EM-DAF-Musik, Berlin, VII f 242, Bogenlaute, llg'gase, Niels Erlank (1992)</value></virtualField><virtualField name="RegSectionVrt"><value>430.4.1.4 Chordophone Hornbostel Sachs</value></virtualField><moduleReference name="RegExhibitionRef" targetModule="Exhibition" multiplicity="N:1" size="1"><moduleReferenceItem moduleItemId="20222" uuid="20222"><formattedValue language="en">EM-DAF-Musik, Berlin</formattedValue></moduleReferenceItem></moduleReference><moduleReference name="RegObjectRef" targetModule="Object" multiplicity="N:1" size="1"><moduleReferenceItem moduleItemId="258347" uuid="258347"><formattedValue language="en">VII f 242, Bogenlaute, llg'gase, Niels Erlank (1992)</formattedValue></moduleReferenceItem></moduleReference></moduleItem><moduleItem hasAttachments="true" id="144632" uuid="144632"><systemField dataType="Long" name="__id"><value>144632</value></systemField><systemField dataType="Varchar" name="__lastModifiedUser"><value>Zetcom_migration</value></systemField><systemField dataType="Timestamp" name="__lastModified"><value>2020-11-29 22:46:06.0</value><formattedValue language="en">29/11/2020 10:46</formattedValue></systemField><systemField dataType="Varchar" name="__createdUser"><value>ZET_DÜ</value></systemField><systemField dataType="Timestamp" name="__created"><value>2020-11-30 15:13:06.555</value><formattedValue language="en">30/11/2020 03:13</formattedValue></systemField><systemField dataType="Long" name="__orgUnit"><value>EMMusikethnologie</value></systemField><systemField name="__uuid"><value>144632</value></systemField><vocabularyReference name="RegSectionVoc" id="51622" instanceName="RegSectionVgr"><vocabularyReferenceItem id="4171966" name="430.4.1.4 Chordophone Hornbostel Sachs"><formattedValue language="en">430.4.1.4 Chordophone Hornbostel Sachs</formattedValue></vocabularyReferenceItem></vocabularyReference><virtualField name="RegExhibitionVrt"><value>EM-DAF-Musik, Berlin</value></virtualField><virtualField name="RegContractVrt"><value></value></virtualField><virtualField name="RegRegistrarVrt"><value>EM-DAF-Musik, Berlin, VII e 217, Rahmenharfe ohne Umstimmungsvorrichtung</value></virtualField><virtualField name="RegNumberVrt"><value>null</value></virtualField><virtualField name="RegRegistrarENVrt"><value>EM-DAF-Musik, Berlin, VII e 217, Rahmenharfe ohne Umstimmungsvorrichtung</value></virtualField><virtualField name="RegSectionVrt"><value>430.4.1.4 Chordophone Hornbostel Sachs</value></virtualField><moduleReference name="RegExhibitionRef" targetModule="Exhibition" multiplicity="N:1" size="1"><moduleReferenceItem moduleItemId="20222" uuid="20222"><formattedValue language="en">EM-DAF-Musik, Berlin</formattedValue></moduleReferenceItem></moduleReference><moduleReference name="RegObjectRef" targetModule="Object" multiplicity="N:1" size="1"><moduleReferenceItem moduleItemId="1605300" uuid="1605300"><formattedValue language="en">VII e 217, Rahmenharfe ohne Umstimmungsvorrichtung</formattedValue></moduleReferenceItem></moduleReference></moduleItem><moduleItem hasAttachments="true" id="151217" uuid="151217"><systemField dataType="Long" name="__id"><value>151217</value></systemField><systemField dataType="Varchar" name="__lastModifiedUser"><value>Zetcom_migration</value></systemField><systemField dataType="Timestamp" name="__lastModified"><value>2020-11-29 22:46:06.0</value><formattedValue language="en">29/11/2020 10:46</formattedValue></systemField><systemField dataType="Varchar" name="__createdUser"><value>ZET_DÜ</value></systemField><systemField dataType="Timestamp" name="__created"><value>2020-11-30 15:13:06.555</value><formattedValue language="en">30/11/2020 03:13</formattedValue></systemField><systemField dataType="Long" name="__orgUnit"><value>EMMusikethnologie</value></systemField><systemField name="__uuid"><value>151217</value></systemField><vocabularyReference name="RegSectionVoc" id="51622" instanceName="RegSectionVgr"><vocabularyReferenceItem id="4171963" name="430.4.1.1 Idiophone Hornbostel Sachs Klassifikation"><formattedValue language="en">430.4.1.1 Idiophone Hornbostel Sachs Klassifikation</formattedValue></vocabularyReferenceItem></vocabularyReference><virtualField name="RegExhibitionVrt"><value>EM-DAF-Musik, Berlin</value></virtualField><virtualField name="RegContractVrt"><value></value></virtualField><virtualField name="RegRegistrarVrt"><value>EM-DAF-Musik, Berlin, VII c 460 a-c, Reibidiophon, thali, Gert-Matthias Wegner (1998)</value></virtualField><virtualField name="RegNumberVrt"><value>null</value></virtualField><virtualField name="RegRegistrarENVrt"><value>EM-DAF-Musik, Berlin, VII c 460 a-c, Reibidiophon, thali, Gert-Matthias Wegner (1998)</value></virtualField><virtualField name="RegSectionVrt"><value>430.4.1.1 Idiophone Hornbostel Sachs Klassifikation</value></virtualField><moduleReference name="RegExhibitionRef" targetModule="Exhibition" multiplicity="N:1" size="1"><moduleReferenceItem moduleItemId="20222" uuid="20222"><formattedValue language="en">EM-DAF-Musik, Berlin</formattedValue></moduleReferenceItem></moduleReference><moduleReference name="RegObjectRef" targetModule="Object" multiplicity="N:1" size="1"><moduleReferenceItem moduleItemId="1634305" uuid="1634305"><formattedValue language="en">VII c 460 a-c, Reibidiophon, thali, Gert-Matthias Wegner (1998)</formattedValue></moduleReferenceItem></moduleReference></moduleItem><moduleItem hasAttachments="true" id="151219" uuid="151219"><systemField dataType="Long" name="__id"><value>151219</value></systemField><systemField dataType="Varchar" name="__lastModifiedUser"><value>Zetcom_migration</value></systemField><systemField dataType="Timestamp" name="__lastModified"><value>2020-11-29 22:46:06.0</value><formattedValue language="en">29/11/2020 10:46</formattedValue></systemField><systemField dataType="Varchar" name="__createdUser"><value>ZET_DÜ</value></systemField><systemField dataType="Timestamp" name="__created"><value>2020-11-30 15:13:06.41</value><formattedValue language="en">30/11/2020 03:13</formattedValue></systemField><systemField dataType="Long" name="__orgUnit"><value>EMMusikethnologie</value></systemField><systemField name="__uuid"><value>151219</value></systemField><vocabularyReference name="RegSectionVoc" id="51622" instanceName="RegSectionVgr"><vocabularyReferenceItem id="4171963" name="430.4.1.1 Idiophone Hornbostel Sachs Klassifikation"><formattedValue language="en">430.4.1.1 Idiophone Hornbostel Sachs Klassifikation</formattedValue></vocabularyReferenceItem></vocabularyReference><virtualField name="RegExhibitionVrt"><value>EM-DAF-Musik, Berlin</value></virtualField><virtualField name="RegContractVrt"><value></value></virtualField><virtualField name="RegRegistrarVrt"><value>EM-DAF-Musik, Berlin, VII c 696 a-d, Idioglotte Maultrommel mit Behälter, Max Peter Baumann (1977)</value></virtualField><virtualField name="RegNumberVrt"><value>null</value></virtualField><virtualField name="RegRegistrarENVrt"><value>EM-DAF-Musik, Berlin, VII c 696 a-d, Idioglotte Maultrommel mit Behälter, Max Peter Baumann (1977)</value></virtualField><virtualField name="RegSectionVrt"><value>430.4.1.1 Idiophone Hornbostel Sachs Klassifikation</value></virtualField><moduleReference name="RegExhibitionRef" targetModule="Exhibition" multiplicity="N:1" size="1"><moduleReferenceItem moduleItemId="20222" uuid="20222"><formattedValue language="en">EM-DAF-Musik, Berlin</formattedValue></moduleReferenceItem></moduleReference><moduleReference name="RegObjectRef" targetModule="Object" multiplicity="N:1" size="1"><moduleReferenceItem moduleItemId="257489" uuid="257489"><formattedValue language="en">VII c 696 a-d, Idioglotte Maultrommel mit Behälter, Max Peter Baumann (1977)</formattedValue></moduleReferenceItem></moduleReference></moduleItem><moduleItem hasAttachments="true" id="151222" uuid="151222"><systemField dataType="Long" name="__id"><value>151222</value></systemField><systemField dataType="Varchar" name="__lastModifiedUser"><value>Zetcom_migration</value></systemField><systemField dataType="Timestamp" name="__lastModified"><value>2020-11-29 22:46:06.0</value><formattedValue language="en">29/11/2020 10:46</formattedValue></systemField><systemField dataType="Varchar" name="__createdUser"><value>ZET_DÜ</value></systemField><systemField dataType="Timestamp" name="__created"><value>2020-11-30 15:13:06.41</value><formattedValue language="en">30/11/2020 03:13</formattedValue></systemField><systemField dataType="Long" name="__orgUnit"><value>EMSudundSudostasien</value></systemField><systemField name="__uuid"><value>151222</value></systemField><vocabularyReference name="RegSectionVoc" id="51622" instanceName="RegSectionVgr"><vocabularyReferenceItem id="4171969" name="430.4.4 Klassifikation Indien"><formattedValue language="en">430.4.4 Klassifikation Indien</formattedValue></vocabularyReferenceItem></vocabularyReference><virtualField name="RegExhibitionVrt"><value>EM-DAF-Musik, Berlin</value></virtualField><virtualField name="RegContractVrt"><value></value></virtualField><virtualField name="RegRegistrarVrt"><value>EM-DAF-Musik, Berlin, I C 7723, Zupftrommel, ananda lahari, 1877, Rajah Sourindro Mohun Tagore (1877)</value></virtualField><virtualField name="RegNumberVrt"><value>null</value></virtualField><virtualField name="RegRegistrarENVrt"><value>EM-DAF-Musik, Berlin, I C 7723, Zupftrommel, ananda lahari, 1877, Rajah Sourindro Mohun Tagore (1877)</value></virtualField><virtualField name="RegSectionVrt"><value>430.4.4 Klassifikation Indien</value></virtualField><moduleReference name="RegExhibitionRef" targetModule="Exhibition" multiplicity="N:1" size="1"><moduleReferenceItem moduleItemId="20222" uuid="20222"><formattedValue language="en">EM-DAF-Musik, Berlin</formattedValue></moduleReferenceItem></moduleReference><moduleReference name="RegObjectRef" targetModule="Object" multiplicity="N:1" size="1"><moduleReferenceItem moduleItemId="254808" uuid="254808"><formattedValue language="en">I C 7723, Zupftrommel, ananda lahari, 1877, Rajah Sourindro Mohun Tagore (1877)</formattedValue></moduleReferenceItem></moduleReference></moduleItem><moduleItem hasAttachments="true" id="151230" uuid="151230"><systemField dataType="Long" name="__id"><value>151230</value></systemField><systemField dataType="Varchar" name="__lastModifiedUser"><value>Zetcom_migration</value></systemField><systemField dataType="Timestamp" name="__lastModified"><value>2020-11-29 22:46:06.0</value><formattedValue language="en">29/11/2020 10:46</formattedValue></systemField><systemField dataType="Varchar" name="__createdUser"><value>ZET_DÜ</value></systemField><systemField dataType="Timestamp" name="__created"><value>2020-11-30 15:13:06.41</value><formattedValue language="en">30/11/2020 03:13</formattedValue></systemField><systemField dataType="Long" name="__orgUnit"><value>EMMusikethnologie</value></systemField><systemField name="__uuid"><value>151230</value></systemField><vocabularyReference name="RegSectionVoc" id="51622" instanceName="RegSectionVgr"><vocabularyReferenceItem id="4171966" name="430.4.1.4 Chordophone Hornbostel Sachs"><formattedValue language="en">430.4.1.4 Chordophone Hornbostel Sachs</formattedValue></vocabularyReferenceItem></vocabularyReference><virtualField name="RegExhibitionVrt"><value>EM-DAF-Musik, Berlin</value></virtualField><virtualField name="RegContractVrt"><value></value></virtualField><virtualField name="RegRegistrarVrt"><value>EM-DAF-Musik, Berlin, VII c 300, Musikstab, rudra vina (bin), Peter Müller (1981 - 1982)</value></virtualField><virtualField name="RegNumberVrt"><value>null</value></virtualField><virtualField name="RegRegistrarENVrt"><value>EM-DAF-Musik, Berlin, VII c 300, Musikstab, rudra vina (bin), Peter Müller (1981 - 1982)</value></virtualField><virtualField name="RegSectionVrt"><value>430.4.1.4 Chordophone Hornbostel Sachs</value></virtualField><moduleReference name="RegExhibitionRef" targetModule="Exhibition" multiplicity="N:1" size="1"><moduleReferenceItem moduleItemId="20222" uuid="20222"><formattedValue language="en">EM-DAF-Musik, Berlin</formattedValue></moduleReferenceItem></moduleReference><moduleReference name="RegObjectRef" targetModule="Object" multiplicity="N:1" size="1"><moduleReferenceItem moduleItemId="256794" uuid="256794"><formattedValue language="en">VII c 300, Musikstab, rudra vina (bin), Peter Müller (1981 - 1982)</formattedValue></moduleReferenceItem></moduleReference></moduleItem><moduleItem hasAttachments="true" id="151231" uuid="151231"><systemField dataType="Long" name="__id"><value>151231</value></systemField><systemField dataType="Varchar" name="__lastModifiedUser"><value>Zetcom_migration</value></systemField><systemField dataType="Timestamp" name="__lastModified"><value>2020-11-29 22:46:06.0</value><formattedValue language="en">29/11/2020 10:46</formattedValue></systemField><systemField dataType="Varchar" name="__createdUser"><value>ZET_DÜ</value></systemField><systemField dataType="Timestamp" name="__created"><value>2020-11-30 15:13:06.41</value><formattedValue language="en">30/11/2020 03:13</formattedValue></systemField><systemField dataType="Long" name="__orgUnit"><value>EMMusikethnologie</value></systemField><systemField name="__uuid"><value>151231</value></systemField><vocabularyReference name="RegSectionVoc" id="51622" instanceName="RegSectionVgr"><vocabularyReferenceItem id="4171966" name="430.4.1.4 Chordophone Hornbostel Sachs"><formattedValue language="en">430.4.1.4 Chordophone Hornbostel Sachs</formattedValue></vocabularyReferenceItem></vocabularyReference><virtualField name="RegExhibitionVrt"><value>EM-DAF-Musik, Berlin</value></virtualField><virtualField name="RegContractVrt"><value></value></virtualField><virtualField name="RegRegistrarVrt"><value>EM-DAF-Musik, Berlin, VII c 119, Heterochorde Halbröhrenzither, kayagum, Karin Wright (1977)</value></virtualField><virtualField name="RegNumberVrt"><value>null</value></virtualField><virtualField name="RegRegistrarENVrt"><value>EM-DAF-Musik, Berlin, VII c 119, Heterochorde Halbröhrenzither, kayagum, Karin Wright (1977)</value></virtualField><virtualField name="RegSectionVrt"><value>430.4.1.4 Chordophone Hornbostel Sachs</value></virtualField><moduleReference name="RegExhibitionRef" targetModule="Exhibition" multiplicity="N:1" size="1"><moduleReferenceItem moduleItemId="20222" uuid="20222"><formattedValue language="en">EM-DAF-Musik, Berlin</formattedValue></moduleReferenceItem></moduleReference><moduleReference name="RegObjectRef" targetModule="Object" multiplicity="N:1" size="1"><moduleReferenceItem moduleItemId="256399" uuid="256399"><formattedValue language="en">VII c 119, Heterochorde Halbröhrenzither, kayagum, Karin Wright (1977)</formattedValue></moduleReferenceItem></moduleReference></moduleItem><moduleItem hasAttachments="true" id="151232" uuid="151232"><systemField dataType="Long" name="__id"><value>151232</value></systemField><systemField dataType="Varchar" name="__lastModifiedUser"><value>Zetcom_migration</value></systemField><systemField dataType="Timestamp" name="__lastModified"><value>2020-11-29 22:46:06.0</value><formattedValue language="en">29/11/2020 10:46</formattedValue></systemField><systemField dataType="Varchar" name="__createdUser"><value>ZET_DÜ</value></systemField><systemField dataType="Timestamp" name="__created"><value>2020-11-30 15:13:06.41</value><formattedValue language="en">30/11/2020 03:13</formattedValue></systemField><systemField dataType="Long" name="__orgUnit"><value>EMAfrika1</value></systemField><systemField name="__uuid"><value>151232</value></systemField><vocabularyReference name="RegSectionVoc" id="51622" instanceName="RegSectionVgr"><vocabularyReferenceItem id="4171966" name="430.4.1.4 Chordophone Hornbostel Sachs"><formattedValue language="en">430.4.1.4 Chordophone Hornbostel Sachs</formattedValue></vocabularyReferenceItem></vocabularyReference><virtualField name="RegExhibitionVrt"><value>EM-DAF-Musik, Berlin</value></virtualField><virtualField name="RegContractVrt"><value></value></virtualField><virtualField name="RegRegistrarVrt"><value>EM-DAF-Musik, Berlin, III E 9137 a,b, Schalenzither, kita, Adolf von Wulffen († vor/um 1901)</value></virtualField><virtualField name="RegNumberVrt"><value>null</value></virtualField><virtualField name="RegRegistrarENVrt"><value>EM-DAF-Musik, Berlin, III E 9137 a,b, Schalenzither, kita, Adolf von Wulffen († vor/um 1901)</value></virtualField><virtualField name="RegSectionVrt"><value>430.4.1.4 Chordophone Hornbostel Sachs</value></virtualField><moduleReference name="RegExhibitionRef" targetModule="Exhibition" multiplicity="N:1" size="1"><moduleReferenceItem moduleItemId="20222" uuid="20222"><formattedValue language="en">EM-DAF-Musik, Berlin</formattedValue></moduleReferenceItem></moduleReference><moduleReference name="RegObjectRef" targetModule="Object" multiplicity="N:1" size="1"><moduleReferenceItem moduleItemId="255169" uuid="255169"><formattedValue language="en">III E 9137 a,b, Schalenzither, kita, Adolf von Wulffen († vor/um 1901)</formattedValue></moduleReferenceItem></moduleReference></moduleItem><moduleItem hasAttachments="true" id="151233" uuid="151233"><systemField dataType="Long" name="__id"><value>151233</value></systemField><systemField dataType="Varchar" name="__lastModifiedUser"><value>Zetcom_migration</value></systemField><systemField dataType="Timestamp" name="__lastModified"><value>2020-11-29 22:46:06.0</value><formattedValue language="en">29/11/2020 10:46</formattedValue></systemField><systemField dataType="Varchar" name="__createdUser"><value>ZET_DÜ</value></systemField><systemField dataType="Timestamp" name="__created"><value>2020-11-30 15:13:06.41</value><formattedValue language="en">30/11/2020 03:13</formattedValue></systemField><systemField dataType="Long" name="__orgUnit"><value>EMAfrika1</value></systemField><systemField name="__uuid"><value>151233</value></systemField><vocabularyReference name="RegSectionVoc" id="51622" instanceName="RegSectionVgr"><vocabularyReferenceItem id="4171966" name="430.4.1.4 Chordophone Hornbostel Sachs"><formattedValue language="en">430.4.1.4 Chordophone Hornbostel Sachs</formattedValue></vocabularyReferenceItem></vocabularyReference><virtualField name="RegExhibitionVrt"><value>EM-DAF-Musik, Berlin</value></virtualField><virtualField name="RegContractVrt"><value></value></virtualField><virtualField name="RegRegistrarVrt"><value>EM-DAF-Musik, Berlin, III C 14467, Rahmenzither mit Resonator, Rudolf Pöch (1902)</value></virtualField><virtualField name="RegNumberVrt"><value>null</value></virtualField><virtualField name="RegRegistrarENVrt"><value>EM-DAF-Musik, Berlin, III C 14467, Rahmenzither mit Resonator, Rudolf Pöch (1902)</value></virtualField><virtualField name="RegSectionVrt"><value>430.4.1.4 Chordophone Hornbostel Sachs</value></virtualField><moduleReference name="RegExhibitionRef" targetModule="Exhibition" multiplicity="N:1" size="1"><moduleReferenceItem moduleItemId="20222" uuid="20222"><formattedValue language="en">EM-DAF-Musik, Berlin</formattedValue></moduleReferenceItem></moduleReference><moduleReference name="RegObjectRef" targetModule="Object" multiplicity="N:1" size="1"><moduleReferenceItem moduleItemId="1369447" uuid="1369447"><formattedValue language="en">III C 14467, Rahmenzither mit Resonator, Rudolf Pöch (1902)</formattedValue></moduleReferenceItem></moduleReference></moduleItem><moduleItem hasAttachments="true" id="151234" uuid="151234"><systemField dataType="Long" name="__id"><value>151234</value></systemField><systemField dataType="Varchar" name="__lastModifiedUser"><value>Zetcom_migration</value></systemField><systemField dataType="Timestamp" name="__lastModified"><value>2020-11-29 22:46:06.0</value><formattedValue language="en">29/11/2020 10:46</formattedValue></systemField><systemField dataType="Varchar" name="__createdUser"><value>ZET_DÜ</value></systemField><systemField dataType="Timestamp" name="__created"><value>2020-11-30 15:13:06.555</value><formattedValue language="en">30/11/2020 03:13</formattedValue></systemField><systemField dataType="Long" name="__orgUnit"><value>EMMusikethnologie</value></systemField><systemField name="__uuid"><value>151234</value></systemField><vocabularyReference name="RegSectionVoc" id="51622" instanceName="RegSectionVgr"><vocabularyReferenceItem id="4171966" name="430.4.1.4 Chordophone Hornbostel Sachs"><formattedValue language="en">430.4.1.4 Chordophone Hornbostel Sachs</formattedValue></vocabularyReferenceItem></vocabularyReference><virtualField name="RegExhibitionVrt"><value>EM-DAF-Musik, Berlin</value></virtualField><virtualField name="RegContractVrt"><value></value></virtualField><virtualField name="RegRegistrarVrt"><value>EM-DAF-Musik, Berlin, VII b 43 a,b, Schalenhalslaute mit Streichbogen, kemence, Kurt Reinhard (1952 - 1968)</value></virtualField><virtualField name="RegNumberVrt"><value>null</value></virtualField><virtualField name="RegRegistrarENVrt"><value>EM-DAF-Musik, Berlin, VII b 43 a,b, Schalenhalslaute mit Streichbogen, kemence, Kurt Reinhard (1952 - 1968)</value></virtualField><virtualField name="RegSectionVrt"><value>430.4.1.4 Chordophone Hornbostel Sachs</value></virtualField><moduleReference name="RegExhibitionRef" targetModule="Exhibition" multiplicity="N:1" size="1"><moduleReferenceItem moduleItemId="20222" uuid="20222"><formattedValue language="en">EM-DAF-Musik, Berlin</formattedValue></moduleReferenceItem></moduleReference><moduleReference name="RegObjectRef" targetModule="Object" multiplicity="N:1" size="1"><moduleReferenceItem moduleItemId="1614230" uuid="1614230"><formattedValue language="en">VII b 43 a,b, Schalenhalslaute mit Streichbogen, kemence, Kurt Reinhard (1952 - 1968)</formattedValue></moduleReferenceItem></moduleReference></moduleItem><moduleItem hasAttachments="true" id="151235" uuid="151235"><systemField dataType="Long" name="__id"><value>151235</value></systemField><systemField dataType="Varchar" name="__lastModifiedUser"><value>Zetcom_migration</value></systemField><systemField dataType="Timestamp" name="__lastModified"><value>2020-11-29 22:46:06.0</value><formattedValue language="en">29/11/2020 10:46</formattedValue></systemField><systemField dataType="Varchar" name="__createdUser"><value>ZET_DÜ</value></systemField><systemField dataType="Timestamp" name="__created"><value>2020-11-30 15:13:06.555</value><formattedValue language="en">30/11/2020 03:13</formattedValue></systemField><systemField dataType="Long" name="__orgUnit"><value>EMAfrika1</value></systemField><systemField name="__uuid"><value>151235</value></systemField><vocabularyReference name="RegSectionVoc" id="51622" instanceName="RegSectionVgr"><vocabularyReferenceItem id="4171966" name="430.4.1.4 Chordophone Hornbostel Sachs"><formattedValue language="en">430.4.1.4 Chordophone Hornbostel Sachs</formattedValue></vocabularyReferenceItem></vocabularyReference><virtualField name="RegExhibitionVrt"><value>EM-DAF-Musik, Berlin</value></virtualField><virtualField name="RegContractVrt"><value></value></virtualField><virtualField name="RegRegistrarVrt"><value>EM-DAF-Musik, Berlin, III C 14316, Floßzither, A. Georg Schmidt (1902/1904)</value></virtualField><virtualField name="RegNumberVrt"><value>null</value></virtualField><virtualField name="RegRegistrarENVrt"><value>EM-DAF-Musik, Berlin, III C 14316, Floßzither, A. Georg Schmidt (1902/1904)</value></virtualField><virtualField name="RegSectionVrt"><value>430.4.1.4 Chordophone Hornbostel Sachs</value></virtualField><moduleReference name="RegExhibitionRef" targetModule="Exhibition" multiplicity="N:1" size="1"><moduleReferenceItem moduleItemId="20222" uuid="20222"><formattedValue language="en">EM-DAF-Musik, Berlin</formattedValue></moduleReferenceItem></moduleReference><moduleReference name="RegObjectRef" targetModule="Object" multiplicity="N:1" size="1"><moduleReferenceItem moduleItemId="1650252" uuid="1650252"><formattedValue language="en">III C 14316, Floßzither, A. Georg Schmidt (1902/1904)</formattedValue></moduleReferenceItem></moduleReference></moduleItem><moduleItem hasAttachments="true" id="151239" uuid="151239"><systemField dataType="Long" name="__id"><value>151239</value></systemField><systemField dataType="Varchar" name="__lastModifiedUser"><value>Zetcom_migration</value></systemField><systemField dataType="Timestamp" name="__lastModified"><value>2020-11-29 22:46:06.0</value><formattedValue language="en">29/11/2020 10:46</formattedValue></systemField><systemField dataType="Varchar" name="__createdUser"><value>ZET_DÜ</value></systemField><systemField dataType="Timestamp" name="__created"><value>2020-11-30 15:13:06.555</value><formattedValue language="en">30/11/2020 03:13</formattedValue></systemField><systemField dataType="Long" name="__orgUnit"><value>EMMusikethnologie</value></systemField><systemField name="__uuid"><value>151239</value></systemField><vocabularyReference name="RegSectionVoc" id="51622" instanceName="RegSectionVgr"><vocabularyReferenceItem id="4171062" name="430.2.3 Dokumentationsobjekte Instrumentenbau"><formattedValue language="en">430.2.3 Dokumentationsobjekte Instrumentenbau</formattedValue></vocabularyReferenceItem></vocabularyReference><virtualField name="RegExhibitionVrt"><value>EM-DAF-Musik, Berlin</value></virtualField><virtualField name="RegContractVrt"><value></value></virtualField><virtualField name="RegRegistrarVrt"><value>EM-DAF-Musik, Berlin, VII c 916, Schneckentrompete ohne Mundstück, Lars-Christian Koch (1995)</value></virtualField><virtualField name="RegNumberVrt"><value>null</value></virtualField><virtualField name="RegRegistrarENVrt"><value>EM-DAF-Musik, Berlin, VII c 916, Schneckentrompete ohne Mundstück, Lars-Christian Koch (1995)</value></virtualField><virtualField name="RegSectionVrt"><value>430.2.3 Dokumentationsobjekte Instrumentenbau</value></virtualField><moduleReference name="RegExhibitionRef" targetModule="Exhibition" multiplicity="N:1" size="1"><moduleReferenceItem moduleItemId="20222" uuid="20222"><formattedValue language="en">EM-DAF-Musik, Berlin</formattedValue></moduleReferenceItem></moduleReference><moduleReference name="RegObjectRef" targetModule="Object" multiplicity="N:1" size="1"><moduleReferenceItem moduleItemId="1950201" uuid="1950201"><formattedValue language="en">VII c 916, Schneckentrompete ohne Mundstück, Lars-Christian Koch (1995)</formattedValue></moduleReferenceItem></moduleReference></moduleItem><moduleItem hasAttachments="true" id="151240" uuid="151240"><systemField dataType="Long" name="__id"><value>151240</value></systemField><systemField dataType="Varchar" name="__lastModifiedUser"><value>Zetcom_migration</value></systemField><systemField dataType="Timestamp" name="__lastModified"><value>2020-11-29 22:46:06.0</value><formattedValue language="en">29/11/2020 10:46</formattedValue></systemField><systemField dataType="Varchar" name="__createdUser"><value>ZET_DÜ</value></systemField><systemField dataType="Timestamp" name="__created"><value>2020-11-30 15:13:06.704</value><formattedValue language="en">30/11/2020 03:13</formattedValue></systemField><systemField dataType="Long" name="__orgUnit"><value>EMMusikethnologie</value></systemField><systemField name="__uuid"><value>151240</value></systemField><vocabularyReference name="RegSectionVoc" id="51622" instanceName="RegSectionVgr"><vocabularyReferenceItem id="4171062" name="430.2.3 Dokumentationsobjekte Instrumentenbau"><formattedValue language="en">430.2.3 Dokumentationsobjekte Instrumentenbau</formattedValue></vocabularyReferenceItem></vocabularyReference><virtualField name="RegExhibitionVrt"><value>EM-DAF-Musik, Berlin</value></virtualField><virtualField name="RegContractVrt"><value></value></virtualField><virtualField name="RegRegistrarVrt"><value>EM-DAF-Musik, Berlin, VII c 917, Schneckentrompete ohne Mundstück, Lars-Christian Koch (1995)</value></virtualField><virtualField name="RegNumberVrt"><value>null</value></virtualField><virtualField name="RegRegistrarENVrt"><value>EM-DAF-Musik, Berlin, VII c 917, Schneckentrompete ohne Mundstück, Lars-Christian Koch (1995)</value></virtualField><virtualField name="RegSectionVrt"><value>430.2.3 Dokumentationsobjekte Instrumentenbau</value></virtualField><moduleReference name="RegExhibitionRef" targetModule="Exhibition" multiplicity="N:1" size="1"><moduleReferenceItem moduleItemId="20222" uuid="20222"><formattedValue language="en">EM-DAF-Musik, Berlin</formattedValue></moduleReferenceItem></moduleReference><moduleReference name="RegObjectRef" targetModule="Object" multiplicity="N:1" size="1"><moduleReferenceItem moduleItemId="1950230" uuid="1950230"><formattedValue language="en">VII c 917, Schneckentrompete ohne Mundstück, Lars-Christian Koch (1995)</formattedValue></moduleReferenceItem></moduleReference></moduleItem><moduleItem hasAttachments="true" id="151241" uuid="151241"><systemField dataType="Long" name="__id"><value>151241</value></systemField><systemField dataType="Varchar" name="__lastModifiedUser"><value>Zetcom_migration</value></systemField><systemField dataType="Timestamp" name="__lastModified"><value>2020-11-29 22:46:06.0</value><formattedValue language="en">29/11/2020 10:46</formattedValue></systemField><systemField dataType="Varchar" name="__createdUser"><value>ZET_DÜ</value></systemField><systemField dataType="Timestamp" name="__created"><value>2020-11-30 15:13:06.555</value><formattedValue language="en">30/11/2020 03:13</formattedValue></systemField><systemField dataType="Long" name="__orgUnit"><value>EMMusikethnologie</value></systemField><systemField name="__uuid"><value>151241</value></systemField><vocabularyReference name="RegSectionVoc" id="51622" instanceName="RegSectionVgr"><vocabularyReferenceItem id="4171062" name="430.2.3 Dokumentationsobjekte Instrumentenbau"><formattedValue language="en">430.2.3 Dokumentationsobjekte Instrumentenbau</formattedValue></vocabularyReferenceItem></vocabularyReference><virtualField name="RegExhibitionVrt"><value>EM-DAF-Musik, Berlin</value></virtualField><virtualField name="RegContractVrt"><value></value></virtualField><virtualField name="RegRegistrarVrt"><value>EM-DAF-Musik, Berlin, VII c 770 a,b, Röhrenlaute mit Streichbogen, dan nhi, Silke Mothes (1997)</value></virtualField><virtualField name="RegNumberVrt"><value>null</value></virtualField><virtualField name="RegRegistrarENVrt"><value>EM-DAF-Musik, Berlin, VII c 770 a,b, Röhrenlaute mit Streichbogen, dan nhi, Silke Mothes (1997)</value></virtualField><virtualField name="RegSectionVrt"><value>430.2.3 Dokumentationsobjekte Instrumentenbau</value></virtualField><moduleReference name="RegExhibitionRef" targetModule="Exhibition" multiplicity="N:1" size="1"><moduleReferenceItem moduleItemId="20222" uuid="20222"><formattedValue language="en">EM-DAF-Musik, Berlin</formattedValue></moduleReferenceItem></moduleReference><moduleReference name="RegObjectRef" targetModule="Object" multiplicity="N:1" size="1"><moduleReferenceItem moduleItemId="1649323" uuid="1649323"><formattedValue language="en">VII c 770 a,b, Röhrenlaute mit Streichbogen, dan nhi, Silke Mothes (1997)</formattedValue></moduleReferenceItem></moduleReference></moduleItem><moduleItem hasAttachments="true" id="151242" uuid="151242"><systemField dataType="Long" name="__id"><value>151242</value></systemField><systemField dataType="Varchar" name="__lastModifiedUser"><value>Zetcom_migration</value></systemField><systemField dataType="Timestamp" name="__lastModified"><value>2020-11-29 22:46:06.0</value><formattedValue language="en">29/11/2020 10:46</formattedValue></systemField><systemField dataType="Varchar" name="__createdUser"><value>ZET_DÜ</value></systemField><systemField dataType="Timestamp" name="__created"><value>2020-11-30 15:13:06.41</value><formattedValue language="en">30/11/2020 03:13</formattedValue></systemField><systemField dataType="Long" name="__orgUnit"><value>EMMusikethnologie</value></systemField><systemField name="__uuid"><value>151242</value></systemField><vocabularyReference name="RegSectionVoc" id="51622" instanceName="RegSectionVgr"><vocabularyReferenceItem id="4171062" name="430.2.3 Dokumentationsobjekte Instrumentenbau"><formattedValue language="en">430.2.3 Dokumentationsobjekte Instrumentenbau</formattedValue></vocabularyReferenceItem></vocabularyReference><virtualField name="RegExhibitionVrt"><value>EM-DAF-Musik, Berlin</value></virtualField><virtualField name="RegContractVrt"><value></value></virtualField><virtualField name="RegRegistrarVrt"><value>EM-DAF-Musik, Berlin, VII c 664, Musikstab mit mehreren Resonanzkalebassen, Rudra Vina, Lars-Christian Koch (1995)</value></virtualField><virtualField name="RegNumberVrt"><value>null</value></virtualField><virtualField name="RegRegistrarENVrt"><value>EM-DAF-Musik, Berlin, VII c 664, Musikstab mit mehreren Resonanzkalebassen, Rudra Vina, Lars-Christian Koch (1995)</value></virtualField><virtualField name="RegSectionVrt"><value>430.2.3 Dokumentationsobjekte Instrumentenbau</value></virtualField><moduleReference name="RegExhibitionRef" targetModule="Exhibition" multiplicity="N:1" size="1"><moduleReferenceItem moduleItemId="20222" uuid="20222"><formattedValue language="en">EM-DAF-Musik, Berlin</formattedValue></moduleReferenceItem></moduleReference><moduleReference name="RegObjectRef" targetModule="Object" multiplicity="N:1" size="1"><moduleReferenceItem moduleItemId="257346" uuid="257346"><formattedValue language="en">VII c 664, Musikstab mit mehreren Resonanzkalebassen, Rudra Vina, Lars-Christian Koch (1995)</formattedValue></moduleReferenceItem></moduleReference></moduleItem><moduleItem hasAttachments="true" id="151243" uuid="151243"><systemField dataType="Long" name="__id"><value>151243</value></systemField><systemField dataType="Varchar" name="__lastModifiedUser"><value>Zetcom_migration</value></systemField><systemField dataType="Timestamp" name="__lastModified"><value>2020-11-29 22:46:06.0</value><formattedValue language="en">29/11/2020 10:46</formattedValue></systemField><systemField dataType="Varchar" name="__createdUser"><value>ZET_DÜ</value></systemField><systemField dataType="Timestamp" name="__created"><value>2020-11-30 15:13:06.41</value><formattedValue language="en">30/11/2020 03:13</formattedValue></systemField><systemField dataType="Long" name="__orgUnit"><value>EMMusikethnologie</value></systemField><systemField name="__uuid"><value>151243</value></systemField><vocabularyReference name="RegSectionVoc" id="51622" instanceName="RegSectionVgr"><vocabularyReferenceItem id="4171062" name="430.2.3 Dokumentationsobjekte Instrumentenbau"><formattedValue language="en">430.2.3 Dokumentationsobjekte Instrumentenbau</formattedValue></vocabularyReferenceItem></vocabularyReference><virtualField name="RegExhibitionVrt"><value>EM-DAF-Musik, Berlin</value></virtualField><virtualField name="RegContractVrt"><value></value></virtualField><virtualField name="RegRegistrarVrt"><value>EM-DAF-Musik, Berlin, VII b 8, Schalenhalslaute, saz, Kurt Reinhard (1952 - 1968)</value></virtualField><virtualField name="RegNumberVrt"><value>null</value></virtualField><virtualField name="RegRegistrarENVrt"><value>EM-DAF-Musik, Berlin, VII b 8, Schalenhalslaute, saz, Kurt Reinhard (1952 - 1968)</value></virtualField><virtualField name="RegSectionVrt"><value>430.2.3 Dokumentationsobjekte Instrumentenbau</value></virtualField><moduleReference name="RegExhibitionRef" targetModule="Exhibition" multiplicity="N:1" size="1"><moduleReferenceItem moduleItemId="20222" uuid="20222"><formattedValue language="en">EM-DAF-Musik, Berlin</formattedValue></moduleReferenceItem></moduleReference><moduleReference name="RegObjectRef" targetModule="Object" multiplicity="N:1" size="1"><moduleReferenceItem moduleItemId="255889" uuid="255889"><formattedValue language="en">VII b 8, Schalenhalslaute, saz, Kurt Reinhard (1952 - 1968)</formattedValue></moduleReferenceItem></moduleReference></moduleItem><moduleItem hasAttachments="true" id="151246" uuid="151246"><systemField dataType="Long" name="__id"><value>151246</value></systemField><systemField dataType="Varchar" name="__lastModifiedUser"><value>Zetcom_migration</value></systemField><systemField dataType="Timestamp" name="__lastModified"><value>2020-11-29 22:46:06.0</value><formattedValue language="en">29/11/2020 10:46</formattedValue></systemField><systemField dataType="Varchar" name="__createdUser"><value>ZET_DÜ</value></systemField><systemField dataType="Timestamp" name="__created"><value>2020-11-30 15:13:06.41</value><formattedValue language="en">30/11/2020 03:13</formattedValue></systemField><systemField dataType="Long" name="__orgUnit"><value>EMMusikethnologie</value></systemField><systemField name="__uuid"><value>151246</value></systemField><vocabularyReference name="RegSectionVoc" id="51622" instanceName="RegSectionVgr"><vocabularyReferenceItem id="4171964" name="430.4.1.2 Aerophone Hornbostel Sachs Klassifikation"><formattedValue language="en">430.4.1.2 Aerophone Hornbostel Sachs Klassifikation</formattedValue></vocabularyReferenceItem></vocabularyReference><virtualField name="RegExhibitionVrt"><value>EM-DAF-Musik, Berlin</value></virtualField><virtualField name="RegContractVrt"><value></value></virtualField><virtualField name="RegRegistrarVrt"><value>EM-DAF-Musik, Berlin, VII b 187, offene Querflöte mit Grifflöchern, Ebrahim Ehrari (1999)</value></virtualField><virtualField name="RegNumberVrt"><value>null</value></virtualField><virtualField name="RegRegistrarENVrt"><value>EM-DAF-Musik, Berlin, VII b 187, offene Querflöte mit Grifflöchern, Ebrahim Ehrari (1999)</value></virtualField><virtualField name="RegSectionVrt"><value>430.4.1.2 Aerophone Hornbostel Sachs Klassifikation</value></virtualField><moduleReference name="RegExhibitionRef" targetModule="Exhibition" multiplicity="N:1" size="1"><moduleReferenceItem moduleItemId="20222" uuid="20222"><formattedValue language="en">EM-DAF-Musik, Berlin</formattedValue></moduleReferenceItem></moduleReference><moduleReference name="RegObjectRef" targetModule="Object" multiplicity="N:1" size="1"><moduleReferenceItem moduleItemId="256205" uuid="256205"><formattedValue language="en">VII b 187, offene Querflöte mit Grifflöchern, Ebrahim Ehrari (1999)</formattedValue></moduleReferenceItem></moduleReference></moduleItem><moduleItem hasAttachments="true" id="151247" uuid="151247"><systemField dataType="Long" name="__id"><value>151247</value></systemField><systemField dataType="Varchar" name="__lastModifiedUser"><value>Zetcom_migration</value></systemField><systemField dataType="Timestamp" name="__lastModified"><value>2020-11-29 22:46:06.0</value><formattedValue language="en">29/11/2020 10:46</formattedValue></systemField><systemField dataType="Varchar" name="__createdUser"><value>ZET_DÜ</value></systemField><systemField dataType="Timestamp" name="__created"><value>2020-11-30 15:13:06.41</value><formattedValue language="en">30/11/2020 03:13</formattedValue></systemField><systemField dataType="Long" name="__orgUnit"><value>EMMusikethnologie</value></systemField><systemField name="__uuid"><value>151247</value></systemField><vocabularyReference name="RegSectionVoc" id="51622" instanceName="RegSectionVgr"><vocabularyReferenceItem id="4171964" name="430.4.1.2 Aerophone Hornbostel Sachs Klassifikation"><formattedValue language="en">430.4.1.2 Aerophone Hornbostel Sachs Klassifikation</formattedValue></vocabularyReferenceItem></vocabularyReference><virtualField name="RegExhibitionVrt"><value>EM-DAF-Musik, Berlin</value></virtualField><virtualField name="RegContractVrt"><value></value></virtualField><virtualField name="RegRegistrarVrt"><value>EM-DAF-Musik, Berlin, VII a 117, Oboe, Zurla, 2007, Susanne Ziegler (15.2.2003)</value></virtualField><virtualField name="RegNumberVrt"><value>null</value></virtualField><virtualField name="RegRegistrarENVrt"><value>EM-DAF-Musik, Berlin, VII a 117, Oboe, Zurla, 2007, Susanne Ziegler (15.2.2003)</value></virtualField><virtualField name="RegSectionVrt"><value>430.4.1.2 Aerophone Hornbostel Sachs Klassifikation</value></virtualField><moduleReference name="RegExhibitionRef" targetModule="Exhibition" multiplicity="N:1" size="1"><moduleReferenceItem moduleItemId="20222" uuid="20222"><formattedValue language="en">EM-DAF-Musik, Berlin</formattedValue></moduleReferenceItem></moduleReference><moduleReference name="RegObjectRef" targetModule="Object" multiplicity="N:1" size="1"><moduleReferenceItem moduleItemId="1351881" uuid="1351881"><formattedValue language="en">VII a 117, Oboe, Zurla, 2007, Susanne Ziegler (15.2.2003)</formattedValue></moduleReferenceItem></moduleReference></moduleItem><moduleItem hasAttachments="true" id="151248" uuid="151248"><systemField dataType="Long" name="__id"><value>151248</value></systemField><systemField dataType="Varchar" name="__lastModifiedUser"><value>Zetcom_migration</value></systemField><systemField dataType="Timestamp" name="__lastModified"><value>2020-11-29 22:46:06.0</value><formattedValue language="en">29/11/2020 10:46</formattedValue></systemField><systemField dataType="Varchar" name="__createdUser"><value>ZET_DÜ</value></systemField><systemField dataType="Timestamp" name="__created"><value>2020-11-30 15:13:06.41</value><formattedValue language="en">30/11/2020 03:13</formattedValue></systemField><systemField dataType="Long" name="__orgUnit"><value>EMMusikethnologie</value></systemField><systemField name="__uuid"><value>151248</value></systemField><vocabularyReference name="RegSectionVoc" id="51622" instanceName="RegSectionVgr"><vocabularyReferenceItem id="4171964" name="430.4.1.2 Aerophone Hornbostel Sachs Klassifikation"><formattedValue language="en">430.4.1.2 Aerophone Hornbostel Sachs Klassifikation</formattedValue></vocabularyReferenceItem></vocabularyReference><virtualField name="RegExhibitionVrt"><value>EM-DAF-Musik, Berlin</value></virtualField><virtualField name="RegContractVrt"><value></value></virtualField><virtualField name="RegRegistrarVrt"><value>EM-DAF-Musik, Berlin, VII c 349 b, Flöte ohne Kernspalte, Peter Müller (1981 - 1982)</value></virtualField><virtualField name="RegNumberVrt"><value>null</value></virtualField><virtualField name="RegRegistrarENVrt"><value>EM-DAF-Musik, Berlin, VII c 349 b, Flöte ohne Kernspalte, Peter Müller (1981 - 1982)</value></virtualField><virtualField name="RegSectionVrt"><value>430.4.1.2 Aerophone Hornbostel Sachs Klassifikation</value></virtualField><moduleReference name="RegExhibitionRef" targetModule="Exhibition" multiplicity="N:1" size="1"><moduleReferenceItem moduleItemId="20222" uuid="20222"><formattedValue language="en">EM-DAF-Musik, Berlin</formattedValue></moduleReferenceItem></moduleReference><moduleReference name="RegObjectRef" targetModule="Object" multiplicity="N:1" size="1"><moduleReferenceItem moduleItemId="256756" uuid="256756"><formattedValue language="en">VII c 349 b, Flöte ohne Kernspalte, Peter Müller (1981 - 1982)</formattedValue></moduleReferenceItem></moduleReference></moduleItem><moduleItem hasAttachments="true" id="151253" uuid="151253"><systemField dataType="Long" name="__id"><value>151253</value></systemField><systemField dataType="Varchar" name="__lastModifiedUser"><value>Zetcom_migration</value></systemField><systemField dataType="Timestamp" name="__lastModified"><value>2020-11-29 22:46:06.0</value><formattedValue language="en">29/11/2020 10:46</formattedValue></systemField><systemField dataType="Varchar" name="__createdUser"><value>ZET_DÜ</value></systemField><systemField dataType="Timestamp" name="__created"><value>2020-11-30 15:13:06.41</value><formattedValue language="en">30/11/2020 03:13</formattedValue></systemField><systemField dataType="Long" name="__orgUnit"><value>EMMusikethnologie</value></systemField><systemField name="__uuid"><value>151253</value></systemField><vocabularyReference name="RegSectionVoc" id="51622" instanceName="RegSectionVgr"><vocabularyReferenceItem id="4171964" name="430.4.1.2 Aerophone Hornbostel Sachs Klassifikation"><formattedValue language="en">430.4.1.2 Aerophone Hornbostel Sachs Klassifikation</formattedValue></vocabularyReferenceItem></vocabularyReference><virtualField name="RegExhibitionVrt"><value>EM-DAF-Musik, Berlin</value></virtualField><virtualField name="RegContractVrt"><value></value></virtualField><virtualField name="RegRegistrarVrt"><value>EM-DAF-Musik, Berlin, VII c 260, offene Querflöte mit Grifflöchern, shinobue, Nishigata (1980)</value></virtualField><virtualField name="RegNumberVrt"><value>null</value></virtualField><virtualField name="RegRegistrarENVrt"><value>EM-DAF-Musik, Berlin, VII c 260, offene Querflöte mit Grifflöchern, shinobue, Nishigata (1980)</value></virtualField><virtualField name="RegSectionVrt"><value>430.4.1.2 Aerophone Hornbostel Sachs Klassifikation</value></virtualField><moduleReference name="RegExhibitionRef" targetModule="Exhibition" multiplicity="N:1" size="1"><moduleReferenceItem moduleItemId="20222" uuid="20222"><formattedValue language="en">EM-DAF-Musik, Berlin</formattedValue></moduleReferenceItem></moduleReference><moduleReference name="RegObjectRef" targetModule="Object" multiplicity="N:1" size="1"><moduleReferenceItem moduleItemId="256700" uuid="256700"><formattedValue language="en">VII c 260, offene Querflöte mit Grifflöchern, shinobue, Nishigata (1980)</formattedValue></moduleReferenceItem></moduleReference></moduleItem><moduleItem hasAttachments="true" id="151817" uuid="151817"><systemField dataType="Long" name="__id"><value>151817</value></systemField><systemField dataType="Varchar" name="__lastModifiedUser"><value>Zetcom_migration</value></systemField><systemField dataType="Timestamp" name="__lastModified"><value>2020-11-29 22:46:06.0</value><formattedValue language="en">29/11/2020 10:46</formattedValue></systemField><systemField dataType="Varchar" name="__createdUser"><value>ZET_DÜ</value></systemField><systemField dataType="Timestamp" name="__created"><value>2020-11-30 15:13:06.555</value><formattedValue language="en">30/11/2020 03:13</formattedValue></systemField><systemField dataType="Long" name="__orgUnit"><value>EMMusikethnologie</value></systemField><systemField name="__uuid"><value>151817</value></systemField><vocabularyReference name="RegSectionVoc" id="51622" instanceName="RegSectionVgr"><vocabularyReferenceItem id="4171062" name="430.2.3 Dokumentationsobjekte Instrumentenbau"><formattedValue language="en">430.2.3 Dokumentationsobjekte Instrumentenbau</formattedValue></vocabularyReferenceItem></vocabularyReference><virtualField name="RegExhibitionVrt"><value>EM-DAF-Musik, Berlin</value></virtualField><virtualField name="RegContractVrt"><value></value></virtualField><virtualField name="RegRegistrarVrt"><value>EM-DAF-Musik, Berlin, VII f 289, Schlagplattenspiel, Florian Carl (2011)</value></virtualField><virtualField name="RegNumberVrt"><value>null</value></virtualField><virtualField name="RegRegistrarENVrt"><value>EM-DAF-Musik, Berlin, VII f 289, Schlagplattenspiel, Florian Carl (2011)</value></virtualField><virtualField name="RegSectionVrt"><value>430.2.3 Dokumentationsobjekte Instrumentenbau</value></virtualField><moduleReference name="RegExhibitionRef" targetModule="Exhibition" multiplicity="N:1" size="1"><moduleReferenceItem moduleItemId="20222" uuid="20222"><formattedValue language="en">EM-DAF-Musik, Berlin</formattedValue></moduleReferenceItem></moduleReference><moduleReference name="RegObjectRef" targetModule="Object" multiplicity="N:1" size="1"><moduleReferenceItem moduleItemId="1658323" uuid="1658323"><formattedValue language="en">VII f 289, Schlagplattenspiel, Florian Carl (2011)</formattedValue></moduleReferenceItem></moduleReference></moduleItem><moduleItem hasAttachments="true" id="156497" uuid="156497"><systemField dataType="Long" name="__id"><value>156497</value></systemField><systemField dataType="Varchar" name="__lastModifiedUser"><value>Zetcom_migration</value></systemField><systemField dataType="Timestamp" name="__lastModified"><value>2020-11-29 22:46:06.0</value><formattedValue language="en">29/11/2020 10:46</formattedValue></systemField><systemField dataType="Varchar" name="__createdUser"><value>ZET_DÜ</value></systemField><systemField dataType="Timestamp" name="__created"><value>2020-11-30 15:13:06.41</value><formattedValue language="en">30/11/2020 03:13</formattedValue></systemField><systemField dataType="Long" name="__orgUnit"><value>EMMusikethnologie</value></systemField><systemField name="__uuid"><value>156497</value></systemField><vocabularyReference name="RegSectionVoc" id="51622" instanceName="RegSectionVgr"><vocabularyReferenceItem id="4171968" name="430.4.3 Klassifikation China"><formattedValue language="en">430.4.3 Klassifikation China</formattedValue></vocabularyReferenceItem></vocabularyReference><virtualField name="RegExhibitionVrt"><value>EM-DAF-Musik, Berlin</value></virtualField><virtualField name="RegContractVrt"><value></value></virtualField><virtualField name="RegRegistrarVrt"><value>EM-DAF-Musik, Berlin, VII c 12, Aufschlaggefäß, mugu, Brunhilde Körner (geb. Lessing) (01.04.1949 - 30.04.1973)</value></virtualField><virtualField name="RegNumberVrt"><value>null</value></virtualField><virtualField name="RegRegistrarENVrt"><value>EM-DAF-Musik, Berlin, VII c 12, Aufschlaggefäß, mugu, Brunhilde Körner (geb. Lessing) (01.04.1949 - 30.04.1973)</value></virtualField><virtualField name="RegSectionVrt"><value>430.4.3 Klassifikation China</value></virtualField><moduleReference name="RegExhibitionRef" targetModule="Exhibition" multiplicity="N:1" size="1"><moduleReferenceItem moduleItemId="20222" uuid="20222"><formattedValue language="en">EM-DAF-Musik, Berlin</formattedValue></moduleReferenceItem></moduleReference><moduleReference name="RegObjectRef" targetModule="Object" multiplicity="N:1" size="1"><moduleReferenceItem moduleItemId="256266" uuid="256266"><formattedValue language="en">VII c 12, Aufschlaggefäß, mugu, Brunhilde Körner (geb. Lessing) (01.04.1949 - 30.04.1973)</formattedValue></moduleReferenceItem></moduleReference></moduleItem><moduleItem hasAttachments="true" id="175977" uuid="175977"><systemField dataType="Long" name="__id"><value>175977</value></systemField><systemField dataType="Varchar" name="__lastModifiedUser"><value>Zetcom_migration</value></systemField><systemField dataType="Timestamp" name="__lastModified"><value>2020-11-29 22:46:06.0</value><formattedValue language="en">29/11/2020 10:46</formattedValue></systemField><systemField dataType="Varchar" name="__createdUser"><value>ZET_DÜ</value></systemField><systemField dataType="Timestamp" name="__created"><value>2020-11-30 15:13:06.555</value><formattedValue language="en">30/11/2020 03:13</formattedValue></systemField><systemField dataType="Long" name="__orgUnit"><value>EMMusikethnologie</value></systemField><systemField name="__uuid"><value>175977</value></systemField><vocabularyReference name="RegSectionVoc" id="51622" instanceName="RegSectionVgr"><vocabularyReferenceItem id="4171963" name="430.4.1.1 Idiophone Hornbostel Sachs Klassifikation"><formattedValue language="en">430.4.1.1 Idiophone Hornbostel Sachs Klassifikation</formattedValue></vocabularyReferenceItem></vocabularyReference><virtualField name="RegExhibitionVrt"><value>EM-DAF-Musik, Berlin</value></virtualField><virtualField name="RegContractVrt"><value></value></virtualField><virtualField name="RegRegistrarVrt"><value>EM-DAF-Musik, Berlin, VII c 660 a,b, Gegenschlagstäbe, grap saypha, Gretel Schwörer-Kohl (1991)</value></virtualField><virtualField name="RegNumberVrt"><value>null</value></virtualField><virtualField name="RegRegistrarENVrt"><value>EM-DAF-Musik, Berlin, VII c 660 a,b, Gegenschlagstäbe, grap saypha, Gretel Schwörer-Kohl (1991)</value></virtualField><virtualField name="RegSectionVrt"><value>430.4.1.1 Idiophone Hornbostel Sachs Klassifikation</value></virtualField><moduleReference name="RegExhibitionRef" targetModule="Exhibition" multiplicity="N:1" size="1"><moduleReferenceItem moduleItemId="20222" uuid="20222"><formattedValue language="en">EM-DAF-Musik, Berlin</formattedValue></moduleReferenceItem></moduleReference><moduleReference name="RegObjectRef" targetModule="Object" multiplicity="N:1" size="1"><moduleReferenceItem moduleItemId="1603674" uuid="1603674"><formattedValue language="en">VII c 660 a,b, Gegenschlagstäbe, grap saypha, Gretel Schwörer-Kohl (1991)</formattedValue></moduleReferenceItem></moduleReference></moduleItem><moduleItem hasAttachments="true" id="175983" uuid="175983"><systemField dataType="Long" name="__id"><value>175983</value></systemField><systemField dataType="Varchar" name="__lastModifiedUser"><value>Zetcom_migration</value></systemField><systemField dataType="Timestamp" name="__lastModified"><value>2020-11-29 22:46:06.0</value><formattedValue language="en">29/11/2020 10:46</formattedValue></systemField><systemField dataType="Varchar" name="__createdUser"><value>ZET_DÜ</value></systemField><systemField dataType="Timestamp" name="__created"><value>2020-11-30 15:13:06.41</value><formattedValue language="en">30/11/2020 03:13</formattedValue></systemField><systemField dataType="Long" name="__orgUnit"><value>EMSudundSudostasien</value></systemField><systemField name="__uuid"><value>175983</value></systemField><vocabularyReference name="RegSectionVoc" id="51622" instanceName="RegSectionVgr"><vocabularyReferenceItem id="4171964" name="430.4.1.2 Aerophone Hornbostel Sachs Klassifikation"><formattedValue language="en">430.4.1.2 Aerophone Hornbostel Sachs Klassifikation</formattedValue></vocabularyReferenceItem></vocabularyReference><virtualField name="RegExhibitionVrt"><value>EM-DAF-Musik, Berlin</value></virtualField><virtualField name="RegContractVrt"><value></value></virtualField><virtualField name="RegRegistrarVrt"><value>EM-DAF-Musik, Berlin, I C 10917, Mundorgel, khaen, Wilhelm Joest (15.3.1852 - 25.11.1897)</value></virtualField><virtualField name="RegNumberVrt"><value>null</value></virtualField><virtualField name="RegRegistrarENVrt"><value>EM-DAF-Musik, Berlin, I C 10917, Mundorgel, khaen, Wilhelm Joest (15.3.1852 - 25.11.1897)</value></virtualField><virtualField name="RegSectionVrt"><value>430.4.1.2 Aerophone Hornbostel Sachs Klassifikation</value></virtualField><moduleReference name="RegExhibitionRef" targetModule="Exhibition" multiplicity="N:1" size="1"><moduleReferenceItem moduleItemId="20222" uuid="20222"><formattedValue language="en">EM-DAF-Musik, Berlin</formattedValue></moduleReferenceItem></moduleReference><moduleReference name="RegObjectRef" targetModule="Object" multiplicity="N:1" size="1"><moduleReferenceItem moduleItemId="254925" uuid="254925"><formattedValue language="en">I C 10917, Mundorgel, khaen, Wilhelm Joest (15.3.1852 - 25.11.1897)</formattedValue></moduleReferenceItem></moduleReference></moduleItem><moduleItem hasAttachments="true" id="175984" uuid="175984"><systemField dataType="Long" name="__id"><value>175984</value></systemField><systemField dataType="Varchar" name="__lastModifiedUser"><value>Zetcom_migration</value></systemField><systemField dataType="Timestamp" name="__lastModified"><value>2020-11-29 22:46:06.0</value><formattedValue language="en">29/11/2020 10:46</formattedValue></systemField><systemField dataType="Varchar" name="__createdUser"><value>ZET_DÜ</value></systemField><systemField dataType="Timestamp" name="__created"><value>2020-11-30 15:13:06.41</value><formattedValue language="en">30/11/2020 03:13</formattedValue></systemField><systemField dataType="Long" name="__orgUnit"><value>EMMusikethnologie</value></systemField><systemField name="__uuid"><value>175984</value></systemField><vocabularyReference name="RegSectionVoc" id="51622" instanceName="RegSectionVgr"><vocabularyReferenceItem id="4171967" name="430.4.2 Klassifikation Afrika"><formattedValue language="en">430.4.2 Klassifikation Afrika</formattedValue></vocabularyReferenceItem></vocabularyReference><virtualField name="RegExhibitionVrt"><value>EM-DAF-Musik, Berlin</value></virtualField><virtualField name="RegContractVrt"><value></value></virtualField><virtualField name="RegRegistrarVrt"><value>EM-DAF-Musik, Berlin, VII f 224, Querhorn, Urban Bareis (1993)</value></virtualField><virtualField name="RegNumberVrt"><value>null</value></virtualField><virtualField name="RegRegistrarENVrt"><value>EM-DAF-Musik, Berlin, VII f 224, Querhorn, Urban Bareis (1993)</value></virtualField><virtualField name="RegSectionVrt"><value>430.4.2 Klassifikation Afrika</value></virtualField><moduleReference name="RegExhibitionRef" targetModule="Exhibition" multiplicity="N:1" size="1"><moduleReferenceItem moduleItemId="20222" uuid="20222"><formattedValue language="en">EM-DAF-Musik, Berlin</formattedValue></moduleReferenceItem></moduleReference><moduleReference name="RegObjectRef" targetModule="Object" multiplicity="N:1" size="1"><moduleReferenceItem moduleItemId="258308" uuid="258308"><formattedValue language="en">VII f 224, Querhorn, Urban Bareis (1993)</formattedValue></moduleReferenceItem></moduleReference></moduleItem><moduleItem hasAttachments="true" id="175985" uuid="175985"><systemField dataType="Long" name="__id"><value>175985</value></systemField><systemField dataType="Varchar" name="__lastModifiedUser"><value>Zetcom_migration</value></systemField><systemField dataType="Timestamp" name="__lastModified"><value>2020-11-29 22:46:06.0</value><formattedValue language="en">29/11/2020 10:46</formattedValue></systemField><systemField dataType="Varchar" name="__createdUser"><value>ZET_DÜ</value></systemField><systemField dataType="Timestamp" name="__created"><value>2020-11-30 15:13:06.41</value><formattedValue language="en">30/11/2020 03:13</formattedValue></systemField><systemField dataType="Long" name="__orgUnit"><value>EMMusikethnologie</value></systemField><systemField name="__uuid"><value>175985</value></systemField><vocabularyReference name="RegSectionVoc" id="51622" instanceName="RegSectionVgr"><vocabularyReferenceItem id="4171967" name="430.4.2 Klassifikation Afrika"><formattedValue language="en">430.4.2 Klassifikation Afrika</formattedValue></vocabularyReferenceItem></vocabularyReference><virtualField name="RegExhibitionVrt"><value>EM-DAF-Musik, Berlin</value></virtualField><virtualField name="RegContractVrt"><value></value></virtualField><virtualField name="RegRegistrarVrt"><value>EM-DAF-Musik, Berlin, VII f 163, Längshorn ohne Mundstück, Artur Simon (*1938)</value></virtualField><virtualField name="RegNumberVrt"><value>null</value></virtualField><virtualField name="RegRegistrarENVrt"><value>EM-DAF-Musik, Berlin, VII f 163, Längshorn ohne Mundstück, Artur Simon (*1938)</value></virtualField><virtualField name="RegSectionVrt"><value>430.4.2 Klassifikation Afrika</value></virtualField><moduleReference name="RegExhibitionRef" targetModule="Exhibition" multiplicity="N:1" size="1"><moduleReferenceItem moduleItemId="20222" uuid="20222"><formattedValue language="en">EM-DAF-Musik, Berlin</formattedValue></moduleReferenceItem></moduleReference><moduleReference name="RegObjectRef" targetModule="Object" multiplicity="N:1" size="1"><moduleReferenceItem moduleItemId="258242" uuid="258242"><formattedValue language="en">VII f 163, Längshorn ohne Mundstück, Artur Simon (*1938)</formattedValue></moduleReferenceItem></moduleReference></moduleItem><moduleItem hasAttachments="true" id="176517" uuid="176517"><systemField dataType="Long" name="__id"><value>176517</value></systemField><systemField dataType="Varchar" name="__lastModifiedUser"><value>Zetcom_migration</value></systemField><systemField dataType="Timestamp" name="__lastModified"><value>2020-11-29 22:46:06.0</value><formattedValue language="en">29/11/2020 10:46</formattedValue></systemField><systemField dataType="Varchar" name="__createdUser"><value>ZET_DÜ</value></systemField><systemField dataType="Timestamp" name="__created"><value>2020-11-30 15:13:06.555</value><formattedValue language="en">30/11/2020 03:13</formattedValue></systemField><systemField dataType="Long" name="__orgUnit"><value>EMOstundNordasien</value></systemField><systemField name="__uuid"><value>176517</value></systemField><vocabularyReference name="RegSectionVoc" id="51622" instanceName="RegSectionVgr"><vocabularyReferenceItem id="4171968" name="430.4.3 Klassifikation China"><formattedValue language="en">430.4.3 Klassifikation China</formattedValue></vocabularyReferenceItem></vocabularyReference><virtualField name="RegExhibitionVrt"><value>EM-DAF-Musik, Berlin</value></virtualField><virtualField name="RegContractVrt"><value></value></virtualField><virtualField name="RegRegistrarVrt"><value>EM-DAF-Musik, Berlin, I D 13197, Klangstein,  , Qing (Mandschu) –Dynastie (Ende), Rudolf Virchow (13.10.1821 - 5.9.1902)</value></virtualField><virtualField name="RegNumberVrt"><value>null</value></virtualField><virtualField name="RegRegistrarENVrt"><value>EM-DAF-Musik, Berlin, I D 13197, Klangstein,  , Qing (Mandschu) –Dynastie (Ende), Rudolf Virchow (13.10.1821 - 5.9.1902)</value></virtualField><virtualField name="RegSectionVrt"><value>430.4.3 Klassifikation China</value></virtualField><moduleReference name="RegExhibitionRef" targetModule="Exhibition" multiplicity="N:1" size="1"><moduleReferenceItem moduleItemId="20222" uuid="20222"><formattedValue language="en">EM-DAF-Musik, Berlin</formattedValue></moduleReferenceItem></moduleReference><moduleReference name="RegObjectRef" targetModule="Object" multiplicity="N:1" size="1"><moduleReferenceItem moduleItemId="1531419" uuid="1531419"><formattedValue language="en">I D 13197, Klangstein,  , Qing (Mandschu) –Dynastie (Ende), Rudolf Virchow (13.10.1821 - 5.9.1902)</formattedValue></moduleReferenceItem></moduleReference></moduleItem><moduleItem hasAttachments="true" id="178497" uuid="178497"><systemField dataType="Long" name="__id"><value>178497</value></systemField><systemField dataType="Varchar" name="__lastModifiedUser"><value>Zetcom_migration</value></systemField><systemField dataType="Timestamp" name="__lastModified"><value>2020-11-29 22:46:06.0</value><formattedValue language="en">29/11/2020 10:46</formattedValue></systemField><systemField dataType="Varchar" name="__createdUser"><value>ZET_DÜ</value></systemField><systemField dataType="Timestamp" name="__created"><value>2020-11-30 15:13:06.41</value><formattedValue language="en">30/11/2020 03:13</formattedValue></systemField><systemField dataType="Long" name="__orgUnit"><value>EMMusikethnologie</value></systemField><systemField name="__uuid"><value>178497</value></systemField><vocabularyReference name="RegSectionVoc" id="51622" instanceName="RegSectionVgr"><vocabularyReferenceItem id="4171966" name="430.4.1.4 Chordophone Hornbostel Sachs"><formattedValue language="en">430.4.1.4 Chordophone Hornbostel Sachs</formattedValue></vocabularyReferenceItem></vocabularyReference><virtualField name="RegExhibitionVrt"><value>EM-DAF-Musik, Berlin</value></virtualField><virtualField name="RegContractVrt"><value></value></virtualField><virtualField name="RegRegistrarVrt"><value>EM-DAF-Musik, Berlin, VII f 38, Schalenleier, benebene, Artur Simon (*1938)</value></virtualField><virtualField name="RegNumberVrt"><value>null</value></virtualField><virtualField name="RegRegistrarENVrt"><value>EM-DAF-Musik, Berlin, VII f 38, Schalenleier, benebene, Artur Simon (*1938)</value></virtualField><virtualField name="RegSectionVrt"><value>430.4.1.4 Chordophone Hornbostel Sachs</value></virtualField><moduleReference name="RegExhibitionRef" targetModule="Exhibition" multiplicity="N:1" size="1"><moduleReferenceItem moduleItemId="20222" uuid="20222"><formattedValue language="en">EM-DAF-Musik, Berlin</formattedValue></moduleReferenceItem></moduleReference><moduleReference name="RegObjectRef" targetModule="Object" multiplicity="N:1" size="1"><moduleReferenceItem moduleItemId="258042" uuid="258042"><formattedValue language="en">VII f 38, Schalenleier, benebene, Artur Simon (*1938)</formattedValue></moduleReferenceItem></moduleReference></moduleItem><moduleItem hasAttachments="true" id="178498" uuid="178498"><systemField dataType="Long" name="__id"><value>178498</value></systemField><systemField dataType="Varchar" name="__lastModifiedUser"><value>Zetcom_migration</value></systemField><systemField dataType="Timestamp" name="__lastModified"><value>2020-11-29 22:46:06.0</value><formattedValue language="en">29/11/2020 10:46</formattedValue></systemField><systemField dataType="Varchar" name="__createdUser"><value>ZET_DÜ</value></systemField><systemField dataType="Timestamp" name="__created"><value>2020-11-30 15:13:06.41</value><formattedValue language="en">30/11/2020 03:13</formattedValue></systemField><systemField dataType="Long" name="__orgUnit"><value>EMMusikethnologie</value></systemField><systemField name="__uuid"><value>178498</value></systemField><vocabularyReference name="RegSectionVoc" id="51622" instanceName="RegSectionVgr"><vocabularyReferenceItem id="4171966" name="430.4.1.4 Chordophone Hornbostel Sachs"><formattedValue language="en">430.4.1.4 Chordophone Hornbostel Sachs</formattedValue></vocabularyReferenceItem></vocabularyReference><virtualField name="RegExhibitionVrt"><value>EM-DAF-Musik, Berlin</value></virtualField><virtualField name="RegContractVrt"><value></value></virtualField><virtualField name="RegRegistrarVrt"><value>EM-DAF-Musik, Berlin, VII f 116, Schalenleier, Evaristo Muyinda (1983)</value></virtualField><virtualField name="RegNumberVrt"><value>null</value></virtualField><virtualField name="RegRegistrarENVrt"><value>EM-DAF-Musik, Berlin, VII f 116, Schalenleier, Evaristo Muyinda (1983)</value></virtualField><virtualField name="RegSectionVrt"><value>430.4.1.4 Chordophone Hornbostel Sachs</value></virtualField><moduleReference name="RegExhibitionRef" targetModule="Exhibition" multiplicity="N:1" size="1"><moduleReferenceItem moduleItemId="20222" uuid="20222"><formattedValue language="en">EM-DAF-Musik, Berlin</formattedValue></moduleReferenceItem></moduleReference><moduleReference name="RegObjectRef" targetModule="Object" multiplicity="N:1" size="1"><moduleReferenceItem moduleItemId="258119" uuid="258119"><formattedValue language="en">VII f 116, Schalenleier, Evaristo Muyinda (1983)</formattedValue></moduleReferenceItem></moduleReference></moduleItem><moduleItem hasAttachments="true" id="178499" uuid="178499"><systemField dataType="Long" name="__id"><value>178499</value></systemField><systemField dataType="Varchar" name="__lastModifiedUser"><value>Zetcom_migration</value></systemField><systemField dataType="Timestamp" name="__lastModified"><value>2020-11-29 22:46:06.0</value><formattedValue language="en">29/11/2020 10:46</formattedValue></systemField><systemField dataType="Varchar" name="__createdUser"><value>ZET_DÜ</value></systemField><systemField dataType="Timestamp" name="__created"><value>2020-11-30 15:13:06.41</value><formattedValue language="en">30/11/2020 03:13</formattedValue></systemField><systemField dataType="Long" name="__orgUnit"><value>EMMusikethnologie</value></systemField><systemField name="__uuid"><value>178499</value></systemField><vocabularyReference name="RegSectionVoc" id="51622" instanceName="RegSectionVgr"><vocabularyReferenceItem id="4171966" name="430.4.1.4 Chordophone Hornbostel Sachs"><formattedValue language="en">430.4.1.4 Chordophone Hornbostel Sachs</formattedValue></vocabularyReferenceItem></vocabularyReference><virtualField name="RegExhibitionVrt"><value>EM-DAF-Musik, Berlin</value></virtualField><virtualField name="RegContractVrt"><value></value></virtualField><virtualField name="RegRegistrarVrt"><value>EM-DAF-Musik, Berlin, VII f 271, Idiochorde Vollröhrenzither, Valiha, Internationales Institut für Traditionelle Musik (IITM) (14.7.1991 - 1996)</value></virtualField><virtualField name="RegNumberVrt"><value>null</value></virtualField><virtualField name="RegRegistrarENVrt"><value>EM-DAF-Musik, Berlin, VII f 271, Idiochorde Vollröhrenzither, Valiha, Internationales Institut für Traditionelle Musik (IITM) (14.7.1991 - 1996)</value></virtualField><virtualField name="RegSectionVrt"><value>430.4.1.4 Chordophone Hornbostel Sachs</value></virtualField><moduleReference name="RegExhibitionRef" targetModule="Exhibition" multiplicity="N:1" size="1"><moduleReferenceItem moduleItemId="20222" uuid="20222"><formattedValue language="en">EM-DAF-Musik, Berlin</formattedValue></moduleReferenceItem></moduleReference><moduleReference name="RegObjectRef" targetModule="Object" multiplicity="N:1" size="1"><moduleReferenceItem moduleItemId="973456" uuid="973456"><formattedValue language="en">VII f 271, Idiochorde Vollröhrenzither, Valiha, Internationales Institut für Traditionelle Musik (IITM) (14.7.1991 - 1996)</formattedValue></moduleReferenceItem></moduleReference></moduleItem><moduleItem hasAttachments="true" id="178500" uuid="178500"><systemField dataType="Long" name="__id"><value>178500</value></systemField><systemField dataType="Varchar" name="__lastModifiedUser"><value>Zetcom_migration</value></systemField><systemField dataType="Timestamp" name="__lastModified"><value>2020-11-29 22:46:06.0</value><formattedValue language="en">29/11/2020 10:46</formattedValue></systemField><systemField dataType="Varchar" name="__createdUser"><value>ZET_DÜ</value></systemField><systemField dataType="Timestamp" name="__created"><value>2020-11-30 15:13:06.41</value><formattedValue language="en">30/11/2020 03:13</formattedValue></systemField><systemField dataType="Long" name="__orgUnit"><value>EMMusikethnologie</value></systemField><systemField name="__uuid"><value>178500</value></systemField><vocabularyReference name="RegSectionVoc" id="51622" instanceName="RegSectionVgr"><vocabularyReferenceItem id="4171963" name="430.4.1.1 Idiophone Hornbostel Sachs Klassifikation"><formattedValue language="en">430.4.1.1 Idiophone Hornbostel Sachs Klassifikation</formattedValue></vocabularyReferenceItem></vocabularyReference><virtualField name="RegExhibitionVrt"><value>EM-DAF-Musik, Berlin</value></virtualField><virtualField name="RegContractVrt"><value></value></virtualField><virtualField name="RegRegistrarVrt"><value>EM-DAF-Musik, Berlin, VII c 199, Idioglotte Maultrommeln, Norbert Arnd (1968/1969)</value></virtualField><virtualField name="RegNumberVrt"><value>null</value></virtualField><virtualField name="RegRegistrarENVrt"><value>EM-DAF-Musik, Berlin, VII c 199, Idioglotte Maultrommeln, Norbert Arnd (1968/1969)</value></virtualField><virtualField name="RegSectionVrt"><value>430.4.1.1 Idiophone Hornbostel Sachs Klassifikation</value></virtualField><moduleReference name="RegExhibitionRef" targetModule="Exhibition" multiplicity="N:1" size="1"><moduleReferenceItem moduleItemId="20222" uuid="20222"><formattedValue language="en">EM-DAF-Musik, Berlin</formattedValue></moduleReferenceItem></moduleReference><moduleReference name="RegObjectRef" targetModule="Object" multiplicity="N:1" size="1"><moduleReferenceItem moduleItemId="256628" uuid="256628"><formattedValue language="en">VII c 199, Idioglotte Maultrommeln, Norbert Arnd (1968/1969)</formattedValue></moduleReferenceItem></moduleReference></moduleItem><moduleItem hasAttachments="true" id="178501" uuid="178501"><systemField dataType="Long" name="__id"><value>178501</value></systemField><systemField dataType="Varchar" name="__lastModifiedUser"><value>Zetcom_migration</value></systemField><systemField dataType="Timestamp" name="__lastModified"><value>2020-11-29 22:46:06.0</value><formattedValue language="en">29/11/2020 10:46</formattedValue></systemField><systemField dataType="Varchar" name="__createdUser"><value>ZET_DÜ</value></systemField><systemField dataType="Timestamp" name="__created"><value>2020-11-30 15:13:06.41</value><formattedValue language="en">30/11/2020 03:13</formattedValue></systemField><systemField dataType="Long" name="__orgUnit"><value>EMMusikethnologie</value></systemField><systemField name="__uuid"><value>178501</value></systemField><vocabularyReference name="RegSectionVoc" id="51622" instanceName="RegSectionVgr"><vocabularyReferenceItem id="4171963" name="430.4.1.1 Idiophone Hornbostel Sachs Klassifikation"><formattedValue language="en">430.4.1.1 Idiophone Hornbostel Sachs Klassifikation</formattedValue></vocabularyReferenceItem></vocabularyReference><virtualField name="RegExhibitionVrt"><value>EM-DAF-Musik, Berlin</value></virtualField><virtualField name="RegContractVrt"><value></value></virtualField><virtualField name="RegRegistrarVrt"><value>EM-DAF-Musik, Berlin, VII f 65, Zupfidiophon mit aufgeschnürten Zungen und Resonator, kondi, Richard Campbell (*21.02.1932)</value></virtualField><virtualField name="RegNumberVrt"><value>null</value></virtualField><virtualField name="RegRegistrarENVrt"><value>EM-DAF-Musik, Berlin, VII f 65, Zupfidiophon mit aufgeschnürten Zungen und Resonator, kondi, Richard Campbell (*21.02.1932)</value></virtualField><virtualField name="RegSectionVrt"><value>430.4.1.1 Idiophone Hornbostel Sachs Klassifikation</value></virtualField><moduleReference name="RegExhibitionRef" targetModule="Exhibition" multiplicity="N:1" size="1"><moduleReferenceItem moduleItemId="20222" uuid="20222"><formattedValue language="en">EM-DAF-Musik, Berlin</formattedValue></moduleReferenceItem></moduleReference><moduleReference name="RegObjectRef" targetModule="Object" multiplicity="N:1" size="1"><moduleReferenceItem moduleItemId="258077" uuid="258077"><formattedValue language="en">VII f 65, Zupfidiophon mit aufgeschnürten Zungen und Resonator, kondi, Richard Campbell (*21.02.1932)</formattedValue></moduleReferenceItem></moduleReference></moduleItem><moduleItem hasAttachments="true" id="178505" uuid="178505"><systemField dataType="Long" name="__id"><value>178505</value></systemField><systemField dataType="Varchar" name="__lastModifiedUser"><value>Zetcom_migration</value></systemField><systemField dataType="Timestamp" name="__lastModified"><value>2020-11-29 22:46:06.0</value><formattedValue language="en">29/11/2020 10:46</formattedValue></systemField><systemField dataType="Varchar" name="__createdUser"><value>ZET_DÜ</value></systemField><systemField dataType="Timestamp" name="__created"><value>2020-11-30 15:13:06.41</value><formattedValue language="en">30/11/2020 03:13</formattedValue></systemField><systemField dataType="Long" name="__orgUnit"><value>EMMusikethnologie</value></systemField><systemField name="__uuid"><value>178505</value></systemField><vocabularyReference name="RegSectionVoc" id="51622" instanceName="RegSectionVgr"><vocabularyReferenceItem id="4171965" name="430.4.1.3 Membranophone Hornbostel Sachs"><formattedValue language="en">430.4.1.3 Membranophone Hornbostel Sachs</formattedValue></vocabularyReferenceItem></vocabularyReference><virtualField name="RegExhibitionVrt"><value>EM-DAF-Musik, Berlin</value></virtualField><virtualField name="RegContractVrt"><value></value></virtualField><virtualField name="RegRegistrarVrt"><value>EM-DAF-Musik, Berlin, VII c 85, Zupftrommel, ektara, Hermann Mark Lissauer (1989)</value></virtualField><virtualField name="RegNumberVrt"><value>null</value></virtualField><virtualField name="RegRegistrarENVrt"><value>EM-DAF-Musik, Berlin, VII c 85, Zupftrommel, ektara, Hermann Mark Lissauer (1989)</value></virtualField><virtualField name="RegSectionVrt"><value>430.4.1.3 Membranophone Hornbostel Sachs</value></virtualField><moduleReference name="RegExhibitionRef" targetModule="Exhibition" multiplicity="N:1" size="1"><moduleReferenceItem moduleItemId="20222" uuid="20222"><formattedValue language="en">EM-DAF-Musik, Berlin</formattedValue></moduleReferenceItem></moduleReference><moduleReference name="RegObjectRef" targetModule="Object" multiplicity="N:1" size="1"><moduleReferenceItem moduleItemId="256344" uuid="256344"><formattedValue language="en">VII c 85, Zupftrommel, ektara, Hermann Mark Lissauer (1989)</formattedValue></moduleReferenceItem></moduleReference></moduleItem><moduleItem hasAttachments="true" id="178506" uuid="178506"><systemField dataType="Long" name="__id"><value>178506</value></systemField><systemField dataType="Varchar" name="__lastModifiedUser"><value>Zetcom_migration</value></systemField><systemField dataType="Timestamp" name="__lastModified"><value>2020-11-29 22:46:06.0</value><formattedValue language="en">29/11/2020 10:46</formattedValue></systemField><systemField dataType="Varchar" name="__createdUser"><value>ZET_DÜ</value></systemField><systemField dataType="Timestamp" name="__created"><value>2020-11-30 15:13:06.41</value><formattedValue language="en">30/11/2020 03:13</formattedValue></systemField><systemField dataType="Long" name="__orgUnit"><value>EMMusikethnologie</value></systemField><systemField name="__uuid"><value>178506</value></systemField><vocabularyReference name="RegSectionVoc" id="51622" instanceName="RegSectionVgr"><vocabularyReferenceItem id="4171965" name="430.4.1.3 Membranophone Hornbostel Sachs"><formattedValue language="en">430.4.1.3 Membranophone Hornbostel Sachs</formattedValue></vocabularyReferenceItem></vocabularyReference><virtualField name="RegExhibitionVrt"><value>EM-DAF-Musik, Berlin</value></virtualField><virtualField name="RegContractVrt"><value></value></virtualField><virtualField name="RegRegistrarVrt"><value>EM-DAF-Musik, Berlin, VII c 343 a-c, Zupftrommel mit Plektren, anandalahari, Kamalesh Maitra (1982)</value></virtualField><virtualField name="RegNumberVrt"><value>null</value></virtualField><virtualField name="RegRegistrarENVrt"><value>EM-DAF-Musik, Berlin, VII c 343 a-c, Zupftrommel mit Plektren, anandalahari, Kamalesh Maitra (1982)</value></virtualField><virtualField name="RegSectionVrt"><value>430.4.1.3 Membranophone Hornbostel Sachs</value></virtualField><moduleReference name="RegExhibitionRef" targetModule="Exhibition" multiplicity="N:1" size="1"><moduleReferenceItem moduleItemId="20222" uuid="20222"><formattedValue language="en">EM-DAF-Musik, Berlin</formattedValue></moduleReferenceItem></moduleReference><moduleReference name="RegObjectRef" targetModule="Object" multiplicity="N:1" size="1"><moduleReferenceItem moduleItemId="256744" uuid="256744"><formattedValue language="en">VII c 343 a-c, Zupftrommel mit Plektren, anandalahari, Kamalesh Maitra (1982)</formattedValue></moduleReferenceItem></moduleReference></moduleItem><moduleItem hasAttachments="true" id="178509" uuid="178509"><systemField dataType="Long" name="__id"><value>178509</value></systemField><systemField dataType="Varchar" name="__lastModifiedUser"><value>Zetcom_migration</value></systemField><systemField dataType="Timestamp" name="__lastModified"><value>2020-11-29 22:46:06.0</value><formattedValue language="en">29/11/2020 10:46</formattedValue></systemField><systemField dataType="Varchar" name="__createdUser"><value>ZET_DÜ</value></systemField><systemField dataType="Timestamp" name="__created"><value>2020-11-30 15:13:06.555</value><formattedValue language="en">30/11/2020 03:13</formattedValue></systemField><systemField dataType="Long" name="__orgUnit"><value>EMAfrika1</value></systemField><systemField name="__uuid"><value>178509</value></systemField><vocabularyReference name="RegSectionVoc" id="51622" instanceName="RegSectionVgr"><vocabularyReferenceItem id="4171965" name="430.4.1.3 Membranophone Hornbostel Sachs"><formattedValue language="en">430.4.1.3 Membranophone Hornbostel Sachs</formattedValue></vocabularyReferenceItem></vocabularyReference><virtualField name="RegExhibitionVrt"><value>EM-DAF-Musik, Berlin</value></virtualField><virtualField name="RegContractVrt"><value></value></virtualField><virtualField name="RegRegistrarVrt"><value>EM-DAF-Musik, Berlin, III C 45078, Röhrenmirliton, Hans-Joachim Koloß (21.6.1938 - 23.10.2013)</value></virtualField><virtualField name="RegNumberVrt"><value>null</value></virtualField><virtualField name="RegRegistrarENVrt"><value>EM-DAF-Musik, Berlin, III C 45078, Röhrenmirliton, Hans-Joachim Koloß (21.6.1938 - 23.10.2013)</value></virtualField><virtualField name="RegSectionVrt"><value>430.4.1.3 Membranophone Hornbostel Sachs</value></virtualField><moduleReference name="RegExhibitionRef" targetModule="Exhibition" multiplicity="N:1" size="1"><moduleReferenceItem moduleItemId="20222" uuid="20222"><formattedValue language="en">EM-DAF-Musik, Berlin</formattedValue></moduleReferenceItem></moduleReference><moduleReference name="RegObjectRef" targetModule="Object" multiplicity="N:1" size="1"><moduleReferenceItem moduleItemId="1636022" uuid="1636022"><formattedValue language="en">III C 45078, Röhrenmirliton, Hans-Joachim Koloß (21.6.1938 - 23.10.2013)</formattedValue></moduleReferenceItem></moduleReference></moduleItem><moduleItem hasAttachments="true" id="178512" uuid="178512"><systemField dataType="Long" name="__id"><value>178512</value></systemField><systemField dataType="Varchar" name="__lastModifiedUser"><value>Zetcom_migration</value></systemField><systemField dataType="Timestamp" name="__lastModified"><value>2020-11-29 22:46:06.0</value><formattedValue language="en">29/11/2020 10:46</formattedValue></systemField><systemField dataType="Varchar" name="__createdUser"><value>ZET_DÜ</value></systemField><systemField dataType="Timestamp" name="__created"><value>2020-11-30 15:13:06.555</value><formattedValue language="en">30/11/2020 03:13</formattedValue></systemField><systemField dataType="Long" name="__orgUnit"><value>EMSudseeAustralien</value></systemField><systemField name="__uuid"><value>178512</value></systemField><vocabularyReference name="RegSectionVoc" id="51622" instanceName="RegSectionVgr"><vocabularyReferenceItem id="4171964" name="430.4.1.2 Aerophone Hornbostel Sachs Klassifikation"><formattedValue language="en">430.4.1.2 Aerophone Hornbostel Sachs Klassifikation</formattedValue></vocabularyReferenceItem></vocabularyReference><virtualField name="RegExhibitionVrt"><value>EM-DAF-Musik, Berlin</value></virtualField><virtualField name="RegContractVrt"><value></value></virtualField><virtualField name="RegRegistrarVrt"><value>EM-DAF-Musik, Berlin, VI 57792, Schwirrholz, vor 2012, Hermann Schlenker (1977 - 1984)</value></virtualField><virtualField name="RegNumberVrt"><value>null</value></virtualField><virtualField name="RegRegistrarENVrt"><value>EM-DAF-Musik, Berlin, VI 57792, Schwirrholz, vor 2012, Hermann Schlenker (1977 - 1984)</value></virtualField><virtualField name="RegSectionVrt"><value>430.4.1.2 Aerophone Hornbostel Sachs Klassifikation</value></virtualField><moduleReference name="RegExhibitionRef" targetModule="Exhibition" multiplicity="N:1" size="1"><moduleReferenceItem moduleItemId="20222" uuid="20222"><formattedValue language="en">EM-DAF-Musik, Berlin</formattedValue></moduleReferenceItem></moduleReference><moduleReference name="RegObjectRef" targetModule="Object" multiplicity="N:1" size="1"><moduleReferenceItem moduleItemId="1819433" uuid="1819433"><formattedValue language="en">VI 57792, Schwirrholz, vor 2012, Hermann Schlenker (1977 - 1984)</formattedValue></moduleReferenceItem></moduleReference></moduleItem><moduleItem hasAttachments="true" id="179158" uuid="179158"><systemField dataType="Long" name="__id"><value>179158</value></systemField><systemField dataType="Varchar" name="__lastModifiedUser"><value>Zetcom_migration</value></systemField><systemField dataType="Timestamp" name="__lastModified"><value>2020-11-29 22:46:06.0</value><formattedValue language="en">29/11/2020 10:46</formattedValue></systemField><systemField dataType="Varchar" name="__createdUser"><value>ZET_DÜ</value></systemField><systemField dataType="Timestamp" name="__created"><value>2020-11-30 15:13:06.41</value><formattedValue language="en">30/11/2020 03:13</formattedValue></systemField><systemField dataType="Long" name="__orgUnit"><value>EMMusikethnologie</value></systemField><systemField name="__uuid"><value>179158</value></systemField><vocabularyReference name="RegSectionVoc" id="51622" instanceName="RegSectionVgr"><vocabularyReferenceItem id="4171062" name="430.2.3 Dokumentationsobjekte Instrumentenbau"><formattedValue language="en">430.2.3 Dokumentationsobjekte Instrumentenbau</formattedValue></vocabularyReferenceItem></vocabularyReference><virtualField name="RegExhibitionVrt"><value>EM-DAF-Musik, Berlin</value></virtualField><virtualField name="RegContractVrt"><value></value></virtualField><virtualField name="RegRegistrarVrt"><value>EM-DAF-Musik, Berlin, VII c 763, Schalenhalslaute, sitar, Lars-Christian Koch (1995)</value></virtualField><virtualField name="RegNumberVrt"><value>null</value></virtualField><virtualField name="RegRegistrarENVrt"><value>EM-DAF-Musik, Berlin, VII c 763, Schalenhalslaute, sitar, Lars-Christian Koch (1995)</value></virtualField><virtualField name="RegSectionVrt"><value>430.2.3 Dokumentationsobjekte Instrumentenbau</value></virtualField><moduleReference name="RegExhibitionRef" targetModule="Exhibition" multiplicity="N:1" size="1"><moduleReferenceItem moduleItemId="20222" uuid="20222"><formattedValue language="en">EM-DAF-Musik, Berlin</formattedValue></moduleReferenceItem></moduleReference><moduleReference name="RegObjectRef" targetModule="Object" multiplicity="N:1" size="1"><moduleReferenceItem moduleItemId="257680" uuid="257680"><formattedValue language="en">VII c 763, Schalenhalslaute, sitar, Lars-Christian Koch (1995)</formattedValue></moduleReferenceItem></moduleReference></moduleItem><moduleItem hasAttachments="true" id="181438" uuid="181438"><systemField dataType="Long" name="__id"><value>181438</value></systemField><systemField dataType="Varchar" name="__lastModifiedUser"><value>Zetcom_migration</value></systemField><systemField dataType="Timestamp" name="__lastModified"><value>2020-11-29 22:46:06.0</value><formattedValue language="en">29/11/2020 10:46</formattedValue></systemField><systemField dataType="Varchar" name="__createdUser"><value>ZET_DÜ</value></systemField><systemField dataType="Timestamp" name="__created"><value>2020-11-30 15:13:06.555</value><formattedValue language="en">30/11/2020 03:13</formattedValue></systemField><systemField dataType="Long" name="__orgUnit"><value>EMAfrika1</value></systemField><systemField name="__uuid"><value>181438</value></systemField><vocabularyReference name="RegSectionVoc" id="51622" instanceName="RegSectionVgr"><vocabularyReferenceItem id="4171967" name="430.4.2 Klassifikation Afrika"><formattedValue language="en">430.4.2 Klassifikation Afrika</formattedValue></vocabularyReferenceItem></vocabularyReference><virtualField name="RegExhibitionVrt"><value>EM-DAF-Musik, Berlin</value></virtualField><virtualField name="RegContractVrt"><value></value></virtualField><virtualField name="RegRegistrarVrt"><value>EM-DAF-Musik, Berlin, III C 11616, Kriegshorn, Wilhelm Preil (1900)</value></virtualField><virtualField name="RegNumberVrt"><value>null</value></virtualField><virtualField name="RegRegistrarENVrt"><value>EM-DAF-Musik, Berlin, III C 11616, Kriegshorn, Wilhelm Preil (1900)</value></virtualField><virtualField name="RegSectionVrt"><value>430.4.2 Klassifikation Afrika</value></virtualField><moduleReference name="RegExhibitionRef" targetModule="Exhibition" multiplicity="N:1" size="1"><moduleReferenceItem moduleItemId="20222" uuid="20222"><formattedValue language="en">EM-DAF-Musik, Berlin</formattedValue></moduleReferenceItem></moduleReference><moduleReference name="RegObjectRef" targetModule="Object" multiplicity="N:1" size="1"><moduleReferenceItem moduleItemId="1649336" uuid="1649336"><formattedValue language="en">III C 11616, Kriegshorn, Wilhelm Preil (1900)</formattedValue></moduleReferenceItem></moduleReference></moduleItem><moduleItem hasAttachments="true" id="181439" uuid="181439"><systemField dataType="Long" name="__id"><value>181439</value></systemField><systemField dataType="Varchar" name="__lastModifiedUser"><value>Zetcom_migration</value></systemField><systemField dataType="Timestamp" name="__lastModified"><value>2020-11-29 22:46:06.0</value><formattedValue language="en">29/11/2020 10:46</formattedValue></systemField><systemField dataType="Varchar" name="__createdUser"><value>ZET_DÜ</value></systemField><systemField dataType="Timestamp" name="__created"><value>2020-11-30 15:13:06.555</value><formattedValue language="en">30/11/2020 03:13</formattedValue></systemField><systemField dataType="Long" name="__orgUnit"><value>EMAfrika1</value></systemField><systemField name="__uuid"><value>181439</value></systemField><vocabularyReference name="RegSectionVoc" id="51622" instanceName="RegSectionVgr"><vocabularyReferenceItem id="4171967" name="430.4.2 Klassifikation Afrika"><formattedValue language="en">430.4.2 Klassifikation Afrika</formattedValue></vocabularyReferenceItem></vocabularyReference><virtualField name="RegExhibitionVrt"><value>EM-DAF-Musik, Berlin</value></virtualField><virtualField name="RegContractVrt"><value></value></virtualField><virtualField name="RegRegistrarVrt"><value>EM-DAF-Musik, Berlin, III C 16609, Rassel, Eduard Robert Flegel (13.10.1855 - 11.9.1886)</value></virtualField><virtualField name="RegNumberVrt"><value>null</value></virtualField><virtualField name="RegRegistrarENVrt"><value>EM-DAF-Musik, Berlin, III C 16609, Rassel, Eduard Robert Flegel (13.10.1855 - 11.9.1886)</value></virtualField><virtualField name="RegSectionVrt"><value>430.4.2 Klassifikation Afrika</value></virtualField><moduleReference name="RegExhibitionRef" targetModule="Exhibition" multiplicity="N:1" size="1"><moduleReferenceItem moduleItemId="20222" uuid="20222"><formattedValue language="en">EM-DAF-Musik, Berlin</formattedValue></moduleReferenceItem></moduleReference><moduleReference name="RegObjectRef" targetModule="Object" multiplicity="N:1" size="1"><moduleReferenceItem moduleItemId="1659237" uuid="1659237"><formattedValue language="en">III C 16609, Rassel, Eduard Robert Flegel (13.10.1855 - 11.9.1886)</formattedValue></moduleReferenceItem></moduleReference></moduleItem><moduleItem hasAttachments="true" id="181440" uuid="181440"><systemField dataType="Long" name="__id"><value>181440</value></systemField><systemField dataType="Varchar" name="__lastModifiedUser"><value>Zetcom_migration</value></systemField><systemField dataType="Timestamp" name="__lastModified"><value>2020-11-29 22:46:06.0</value><formattedValue language="en">29/11/2020 10:46</formattedValue></systemField><systemField dataType="Varchar" name="__createdUser"><value>ZET_DÜ</value></systemField><systemField dataType="Timestamp" name="__created"><value>2020-11-30 15:13:06.41</value><formattedValue language="en">30/11/2020 03:13</formattedValue></systemField><systemField dataType="Long" name="__orgUnit"><value>EMAfrika1</value></systemField><systemField name="__uuid"><value>181440</value></systemField><vocabularyReference name="RegSectionVoc" id="51622" instanceName="RegSectionVgr"><vocabularyReferenceItem id="4171967" name="430.4.2 Klassifikation Afrika"><formattedValue language="en">430.4.2 Klassifikation Afrika</formattedValue></vocabularyReferenceItem></vocabularyReference><virtualField name="RegExhibitionVrt"><value>EM-DAF-Musik, Berlin</value></virtualField><virtualField name="RegContractVrt"><value></value></virtualField><virtualField name="RegRegistrarVrt"><value>EM-DAF-Musik, Berlin, III C 39819, Aufschlagröhre (Schlitztrommel), Klaus Dieter Wieland (1962)</value></virtualField><virtualField name="RegNumberVrt"><value>null</value></virtualField><virtualField name="RegRegistrarENVrt"><value>EM-DAF-Musik, Berlin, III C 39819, Aufschlagröhre (Schlitztrommel), Klaus Dieter Wieland (1962)</value></virtualField><virtualField name="RegSectionVrt"><value>430.4.2 Klassifikation Afrika</value></virtualField><moduleReference name="RegExhibitionRef" targetModule="Exhibition" multiplicity="N:1" size="1"><moduleReferenceItem moduleItemId="20222" uuid="20222"><formattedValue language="en">EM-DAF-Musik, Berlin</formattedValue></moduleReferenceItem></moduleReference><moduleReference name="RegObjectRef" targetModule="Object" multiplicity="N:1" size="1"><moduleReferenceItem moduleItemId="255849" uuid="255849"><formattedValue language="en">III C 39819, Aufschlagröhre (Schlitztrommel), Klaus Dieter Wieland (1962)</formattedValue></moduleReferenceItem></moduleReference></moduleItem><moduleItem hasAttachments="true" id="181441" uuid="181441"><systemField dataType="Long" name="__id"><value>181441</value></systemField><systemField dataType="Varchar" name="__lastModifiedUser"><value>Zetcom_migration</value></systemField><systemField dataType="Timestamp" name="__lastModified"><value>2020-11-29 22:46:06.0</value><formattedValue language="en">29/11/2020 10:46</formattedValue></systemField><systemField dataType="Varchar" name="__createdUser"><value>ZET_DÜ</value></systemField><systemField dataType="Timestamp" name="__created"><value>2020-11-30 15:13:06.555</value><formattedValue language="en">30/11/2020 03:13</formattedValue></systemField><systemField dataType="Long" name="__orgUnit"><value>EMMusikethnologie</value></systemField><systemField name="__uuid"><value>181441</value></systemField><vocabularyReference name="RegSectionVoc" id="51622" instanceName="RegSectionVgr"><vocabularyReferenceItem id="4171965" name="430.4.1.3 Membranophone Hornbostel Sachs"><formattedValue language="en">430.4.1.3 Membranophone Hornbostel Sachs</formattedValue></vocabularyReferenceItem></vocabularyReference><virtualField name="RegExhibitionVrt"><value>EM-DAF-Musik, Berlin</value></virtualField><virtualField name="RegContractVrt"><value></value></virtualField><virtualField name="RegRegistrarVrt"><value>EM-DAF-Musik, Berlin, VII c 915 a-c, unmittelbar geschlagene Trommeln, tablā, Lars-Christian Koch (1995)</value></virtualField><virtualField name="RegNumberVrt"><value>null</value></virtualField><virtualField name="RegRegistrarENVrt"><value>EM-DAF-Musik, Berlin, VII c 915 a-c, unmittelbar geschlagene Trommeln, tablā, Lars-Christian Koch (1995)</value></virtualField><virtualField name="RegSectionVrt"><value>430.4.1.3 Membranophone Hornbostel Sachs</value></virtualField><moduleReference name="RegExhibitionRef" targetModule="Exhibition" multiplicity="N:1" size="1"><moduleReferenceItem moduleItemId="20222" uuid="20222"><formattedValue language="en">EM-DAF-Musik, Berlin</formattedValue></moduleReferenceItem></moduleReference><moduleReference name="RegObjectRef" targetModule="Object" multiplicity="N:1" size="1"><moduleReferenceItem moduleItemId="1946684" uuid="1946684"><formattedValue language="en">VII c 915 a-c, unmittelbar geschlagene Trommeln, tablā, Lars-Christian Koch (1995)</formattedValue></moduleReferenceItem></moduleReference></moduleItem><moduleItem hasAttachments="true" id="181442" uuid="181442"><systemField dataType="Long" name="__id"><value>181442</value></systemField><systemField dataType="Varchar" name="__lastModifiedUser"><value>Zetcom_migration</value></systemField><systemField dataType="Timestamp" name="__lastModified"><value>2020-11-29 22:46:06.0</value><formattedValue language="en">29/11/2020 10:46</formattedValue></systemField><systemField dataType="Varchar" name="__createdUser"><value>ZET_DÜ</value></systemField><systemField dataType="Timestamp" name="__created"><value>2020-11-30 15:13:06.41</value><formattedValue language="en">30/11/2020 03:13</formattedValue></systemField><systemField dataType="Long" name="__orgUnit"><value>EMMusikethnologie</value></systemField><systemField name="__uuid"><value>181442</value></systemField><vocabularyReference name="RegSectionVoc" id="51622" instanceName="RegSectionVgr"><vocabularyReferenceItem id="4171966" name="430.4.1.4 Chordophone Hornbostel Sachs"><formattedValue language="en">430.4.1.4 Chordophone Hornbostel Sachs</formattedValue></vocabularyReferenceItem></vocabularyReference><virtualField name="RegExhibitionVrt"><value>EM-DAF-Musik, Berlin</value></virtualField><virtualField name="RegContractVrt"><value></value></virtualField><virtualField name="RegRegistrarVrt"><value>EM-DAF-Musik, Berlin, VII c 84 a,b, Röhrenspießlaute, erhu, David Ming-Yüeh Liang (1975)</value></virtualField><virtualField name="RegNumberVrt"><value>null</value></virtualField><virtualField name="RegRegistrarENVrt"><value>EM-DAF-Musik, Berlin, VII c 84 a,b, Röhrenspießlaute, erhu, David Ming-Yüeh Liang (1975)</value></virtualField><virtualField name="RegSectionVrt"><value>430.4.1.4 Chordophone Hornbostel Sachs</value></virtualField><moduleReference name="RegExhibitionRef" targetModule="Exhibition" multiplicity="N:1" size="1"><moduleReferenceItem moduleItemId="20222" uuid="20222"><formattedValue language="en">EM-DAF-Musik, Berlin</formattedValue></moduleReferenceItem></moduleReference><moduleReference name="RegObjectRef" targetModule="Object" multiplicity="N:1" size="1"><moduleReferenceItem moduleItemId="256341" uuid="256341"><formattedValue language="en">VII c 84 a,b, Röhrenspießlaute, erhu, David Ming-Yüeh Liang (1975)</formattedValue></moduleReferenceItem></moduleReference></moduleItem><moduleItem hasAttachments="true" id="181563" uuid="181563"><systemField dataType="Long" name="__id"><value>181563</value></systemField><systemField dataType="Varchar" name="__lastModifiedUser"><value>Zetcom_migration</value></systemField><systemField dataType="Timestamp" name="__lastModified"><value>2020-11-29 22:46:06.0</value><formattedValue language="en">29/11/2020 10:46</formattedValue></systemField><systemField dataType="Varchar" name="__createdUser"><value>ZET_DÜ</value></systemField><systemField dataType="Timestamp" name="__created"><value>2020-11-30 15:13:06.41</value><formattedValue language="en">30/11/2020 03:13</formattedValue></systemField><systemField dataType="Long" name="__orgUnit"><value>EMMusikethnologie</value></systemField><systemField name="__uuid"><value>181563</value></systemField><vocabularyReference name="RegSectionVoc" id="51622" instanceName="RegSectionVgr"><vocabularyReferenceItem id="4171967" name="430.4.2 Klassifikation Afrika"><formattedValue language="en">430.4.2 Klassifikation Afrika</formattedValue></vocabularyReferenceItem></vocabularyReference><virtualField name="RegExhibitionVrt"><value>EM-DAF-Musik, Berlin</value></virtualField><virtualField name="RegContractVrt"><value></value></virtualField><virtualField name="RegRegistrarVrt"><value>EM-DAF-Musik, Berlin, VII f 202 a, zweifellige Sanduhrtrommel, dondo, 1993, Urban Bareis (1993)</value></virtualField><virtualField name="RegNumberVrt"><value>null</value></virtualField><virtualField name="RegRegistrarENVrt"><value>EM-DAF-Musik, Berlin, VII f 202 a, zweifellige Sanduhrtrommel, dondo, 1993, Urban Bareis (1993)</value></virtualField><virtualField name="RegSectionVrt"><value>430.4.2 Klassifikation Afrika</value></virtualField><moduleReference name="RegExhibitionRef" targetModule="Exhibition" multiplicity="N:1" size="1"><moduleReferenceItem moduleItemId="20222" uuid="20222"><formattedValue language="en">EM-DAF-Musik, Berlin</formattedValue></moduleReferenceItem></moduleReference><moduleReference name="RegObjectRef" targetModule="Object" multiplicity="N:1" size="1"><moduleReferenceItem moduleItemId="258282" uuid="258282"><formattedValue language="en">VII f 202 a, zweifellige Sanduhrtrommel, dondo, 1993, Urban Bareis (1993)</formattedValue></moduleReferenceItem></moduleReference></moduleItem><moduleItem hasAttachments="true" id="181564" uuid="181564"><systemField dataType="Long" name="__id"><value>181564</value></systemField><systemField dataType="Varchar" name="__lastModifiedUser"><value>Zetcom_migration</value></systemField><systemField dataType="Timestamp" name="__lastModified"><value>2020-11-29 22:46:06.0</value><formattedValue language="en">29/11/2020 10:46</formattedValue></systemField><systemField dataType="Varchar" name="__createdUser"><value>ZET_DÜ</value></systemField><systemField dataType="Timestamp" name="__created"><value>2020-11-30 15:13:06.41</value><formattedValue language="en">30/11/2020 03:13</formattedValue></systemField><systemField dataType="Long" name="__orgUnit"><value>EMMusikethnologie</value></systemField><systemField name="__uuid"><value>181564</value></systemField><vocabularyReference name="RegSectionVoc" id="51622" instanceName="RegSectionVgr"><vocabularyReferenceItem id="4171967" name="430.4.2 Klassifikation Afrika"><formattedValue language="en">430.4.2 Klassifikation Afrika</formattedValue></vocabularyReferenceItem></vocabularyReference><virtualField name="RegExhibitionVrt"><value>EM-DAF-Musik, Berlin</value></virtualField><virtualField name="RegContractVrt"><value></value></virtualField><virtualField name="RegRegistrarVrt"><value>EM-DAF-Musik, Berlin, VII f 202 b, Schlegel einer Sanduhrtrommel,  , 1993, Urban Bareis (1993)</value></virtualField><virtualField name="RegNumberVrt"><value>null</value></virtualField><virtualField name="RegRegistrarENVrt"><value>EM-DAF-Musik, Berlin, VII f 202 b, Schlegel einer Sanduhrtrommel,  , 1993, Urban Bareis (1993)</value></virtualField><virtualField name="RegSectionVrt"><value>430.4.2 Klassifikation Afrika</value></virtualField><moduleReference name="RegExhibitionRef" targetModule="Exhibition" multiplicity="N:1" size="1"><moduleReferenceItem moduleItemId="20222" uuid="20222"><formattedValue language="en">EM-DAF-Musik, Berlin</formattedValue></moduleReferenceItem></moduleReference><moduleReference name="RegObjectRef" targetModule="Object" multiplicity="N:1" size="1"><moduleReferenceItem moduleItemId="258283" uuid="258283"><formattedValue language="en">VII f 202 b, Schlegel einer Sanduhrtrommel,  , 1993, Urban Bareis (1993)</formattedValue></moduleReferenceItem></moduleReference></moduleItem><moduleItem hasAttachments="true" id="183177" uuid="183177"><systemField dataType="Long" name="__id"><value>183177</value></systemField><systemField dataType="Varchar" name="__lastModifiedUser"><value>Zetcom_migration</value></systemField><systemField dataType="Timestamp" name="__lastModified"><value>2020-11-29 22:46:06.0</value><formattedValue language="en">29/11/2020 10:46</formattedValue></systemField><systemField dataType="Varchar" name="__createdUser"><value>ZET_DÜ</value></systemField><systemField dataType="Timestamp" name="__created"><value>2020-11-30 15:13:06.555</value><formattedValue language="en">30/11/2020 03:13</formattedValue></systemField><systemField dataType="Long" name="__orgUnit"><value>EMMusikethnologie</value></systemField><systemField name="__uuid"><value>183177</value></systemField><vocabularyReference name="RegSectionVoc" id="51622" instanceName="RegSectionVgr"><vocabularyReferenceItem id="4171968" name="430.4.3 Klassifikation China"><formattedValue language="en">430.4.3 Klassifikation China</formattedValue></vocabularyReferenceItem></vocabularyReference><virtualField name="RegExhibitionVrt"><value>EM-DAF-Musik, Berlin</value></virtualField><virtualField name="RegContractVrt"><value></value></virtualField><virtualField name="RegRegistrarVrt"><value>EM-DAF-Musik, Berlin, VII c 882 a, Durchschlagzungenspiel, bilangdao, Steev Kindwald</value></virtualField><virtualField name="RegNumberVrt"><value>null</value></virtualField><virtualField name="RegRegistrarENVrt"><value>EM-DAF-Musik, Berlin, VII c 882 a, Durchschlagzungenspiel, bilangdao, Steev Kindwald</value></virtualField><virtualField name="RegSectionVrt"><value>430.4.3 Klassifikation China</value></virtualField><moduleReference name="RegExhibitionRef" targetModule="Exhibition" multiplicity="N:1" size="1"><moduleReferenceItem moduleItemId="20222" uuid="20222"><formattedValue language="en">EM-DAF-Musik, Berlin</formattedValue></moduleReferenceItem></moduleReference><moduleReference name="RegObjectRef" targetModule="Object" multiplicity="N:1" size="1"><moduleReferenceItem moduleItemId="2042667" uuid="2042667"><formattedValue language="en">VII c 882 a, Durchschlagzungenspiel, bilangdao, Steev Kindwald</formattedValue></moduleReferenceItem></moduleReference></moduleItem><moduleItem hasAttachments="true" id="183179" uuid="183179"><systemField dataType="Long" name="__id"><value>183179</value></systemField><systemField dataType="Varchar" name="__lastModifiedUser"><value>Zetcom_migration</value></systemField><systemField dataType="Timestamp" name="__lastModified"><value>2020-11-29 22:46:06.0</value><formattedValue language="en">29/11/2020 10:46</formattedValue></systemField><systemField dataType="Varchar" name="__createdUser"><value>ZET_DÜ</value></systemField><systemField dataType="Timestamp" name="__created"><value>2020-11-30 15:13:06.41</value><formattedValue language="en">30/11/2020 03:13</formattedValue></systemField><systemField dataType="Long" name="__orgUnit"><value>EMMusikethnologie</value></systemField><systemField name="__uuid"><value>183179</value></systemField><vocabularyReference name="RegSectionVoc" id="51622" instanceName="RegSectionVgr"><vocabularyReferenceItem id="4171966" name="430.4.1.4 Chordophone Hornbostel Sachs"><formattedValue language="en">430.4.1.4 Chordophone Hornbostel Sachs</formattedValue></vocabularyReferenceItem></vocabularyReference><virtualField name="RegExhibitionVrt"><value>EM-DAF-Musik, Berlin</value></virtualField><virtualField name="RegContractVrt"><value></value></virtualField><virtualField name="RegRegistrarVrt"><value>EM-DAF-Musik, Berlin, VII e 15 a, heterochorder Musikbogen, berimbau, Tiago de Oliveira Pinto (1983/1984)</value></virtualField><virtualField name="RegNumberVrt"><value>null</value></virtualField><virtualField name="RegRegistrarENVrt"><value>EM-DAF-Musik, Berlin, VII e 15 a, heterochorder Musikbogen, berimbau, Tiago de Oliveira Pinto (1983/1984)</value></virtualField><virtualField name="RegSectionVrt"><value>430.4.1.4 Chordophone Hornbostel Sachs</value></virtualField><moduleReference name="RegExhibitionRef" targetModule="Exhibition" multiplicity="N:1" size="1"><moduleReferenceItem moduleItemId="20222" uuid="20222"><formattedValue language="en">EM-DAF-Musik, Berlin</formattedValue></moduleReferenceItem></moduleReference><moduleReference name="RegObjectRef" targetModule="Object" multiplicity="N:1" size="1"><moduleReferenceItem moduleItemId="257784" uuid="257784"><formattedValue language="en">VII e 15 a, heterochorder Musikbogen, berimbau, Tiago de Oliveira Pinto (1983/1984)</formattedValue></moduleReferenceItem></moduleReference></moduleItem><moduleItem hasAttachments="true" id="183180" uuid="183180"><systemField dataType="Long" name="__id"><value>183180</value></systemField><systemField dataType="Varchar" name="__lastModifiedUser"><value>Zetcom_migration</value></systemField><systemField dataType="Timestamp" name="__lastModified"><value>2020-11-29 22:46:06.0</value><formattedValue language="en">29/11/2020 10:46</formattedValue></systemField><systemField dataType="Varchar" name="__createdUser"><value>ZET_DÜ</value></systemField><systemField dataType="Timestamp" name="__created"><value>2020-11-30 15:13:06.555</value><formattedValue language="en">30/11/2020 03:13</formattedValue></systemField><systemField dataType="Long" name="__orgUnit"><value>EMMusikethnologie</value></systemField><systemField name="__uuid"><value>183180</value></systemField><vocabularyReference name="RegSectionVoc" id="51622" instanceName="RegSectionVgr"><vocabularyReferenceItem id="4171966" name="430.4.1.4 Chordophone Hornbostel Sachs"><formattedValue language="en">430.4.1.4 Chordophone Hornbostel Sachs</formattedValue></vocabularyReferenceItem></vocabularyReference><virtualField name="RegExhibitionVrt"><value>EM-DAF-Musik, Berlin</value></virtualField><virtualField name="RegContractVrt"><value></value></virtualField><virtualField name="RegRegistrarVrt"><value>EM-DAF-Musik, Berlin, VII e 15 b, Resonanzkörper, berimbau, Tiago de Oliveira Pinto (1983/1984)</value></virtualField><virtualField name="RegNumberVrt"><value>null</value></virtualField><virtualField name="RegRegistrarENVrt"><value>EM-DAF-Musik, Berlin, VII e 15 b, Resonanzkörper, berimbau, Tiago de Oliveira Pinto (1983/1984)</value></virtualField><virtualField name="RegSectionVrt"><value>430.4.1.4 Chordophone Hornbostel Sachs</value></virtualField><moduleReference name="RegExhibitionRef" targetModule="Exhibition" multiplicity="N:1" size="1"><moduleReferenceItem moduleItemId="20222" uuid="20222"><formattedValue language="en">EM-DAF-Musik, Berlin</formattedValue></moduleReferenceItem></moduleReference><moduleReference name="RegObjectRef" targetModule="Object" multiplicity="N:1" size="1"><moduleReferenceItem moduleItemId="2042480" uuid="2042480"><formattedValue language="en">VII e 15 b, Resonanzkörper, berimbau, Tiago de Oliveira Pinto (1983/1984)</formattedValue></moduleReferenceItem></moduleReference></moduleItem><moduleItem hasAttachments="true" id="183182" uuid="183182"><systemField dataType="Long" name="__id"><value>183182</value></systemField><systemField dataType="Varchar" name="__lastModifiedUser"><value>Zetcom_migration</value></systemField><systemField dataType="Timestamp" name="__lastModified"><value>2020-11-29 22:46:06.0</value><formattedValue language="en">29/11/2020 10:46</formattedValue></systemField><systemField dataType="Varchar" name="__createdUser"><value>ZET_DÜ</value></systemField><systemField dataType="Timestamp" name="__created"><value>2020-11-30 15:13:06.41</value><formattedValue language="en">30/11/2020 03:13</formattedValue></systemField><systemField dataType="Long" name="__orgUnit"><value>EMMusikethnologie</value></systemField><systemField name="__uuid"><value>183182</value></systemField><vocabularyReference name="RegSectionVoc" id="51622" instanceName="RegSectionVgr"><vocabularyReferenceItem id="4171966" name="430.4.1.4 Chordophone Hornbostel Sachs"><formattedValue language="en">430.4.1.4 Chordophone Hornbostel Sachs</formattedValue></vocabularyReferenceItem></vocabularyReference><virtualField name="RegExhibitionVrt"><value>EM-DAF-Musik, Berlin</value></virtualField><virtualField name="RegContractVrt"><value></value></virtualField><virtualField name="RegRegistrarVrt"><value>EM-DAF-Musik, Berlin, VII e 15 d, Schlegel, berimbau, Tiago de Oliveira Pinto (1983/1984)</value></virtualField><virtualField name="RegNumberVrt"><value>null</value></virtualField><virtualField name="RegRegistrarENVrt"><value>EM-DAF-Musik, Berlin, VII e 15 d, Schlegel, berimbau, Tiago de Oliveira Pinto (1983/1984)</value></virtualField><virtualField name="RegSectionVrt"><value>430.4.1.4 Chordophone Hornbostel Sachs</value></virtualField><moduleReference name="RegExhibitionRef" targetModule="Exhibition" multiplicity="N:1" size="1"><moduleReferenceItem moduleItemId="20222" uuid="20222"><formattedValue language="en">EM-DAF-Musik, Berlin</formattedValue></moduleReferenceItem></moduleReference><moduleReference name="RegObjectRef" targetModule="Object" multiplicity="N:1" size="1"><moduleReferenceItem moduleItemId="257786" uuid="257786"><formattedValue language="en">VII e 15 d, Schlegel, berimbau, Tiago de Oliveira Pinto (1983/1984)</formattedValue></moduleReferenceItem></moduleReference></moduleItem><moduleItem hasAttachments="true" id="183197" uuid="183197"><systemField dataType="Long" name="__id"><value>183197</value></systemField><systemField dataType="Varchar" name="__lastModifiedUser"><value>Zetcom_migration</value></systemField><systemField dataType="Timestamp" name="__lastModified"><value>2020-11-29 22:46:06.0</value><formattedValue language="en">29/11/2020 10:46</formattedValue></systemField><systemField dataType="Varchar" name="__createdUser"><value>ZET_DÜ</value></systemField><systemField dataType="Timestamp" name="__created"><value>2020-11-30 15:13:06.41</value><formattedValue language="en">30/11/2020 03:13</formattedValue></systemField><systemField dataType="Long" name="__orgUnit"><value>EMMusikethnologie</value></systemField><systemField name="__uuid"><value>183197</value></systemField><vocabularyReference name="RegSectionVoc" id="51622" instanceName="RegSectionVgr"><vocabularyReferenceItem id="4171965" name="430.4.1.3 Membranophone Hornbostel Sachs"><formattedValue language="en">430.4.1.3 Membranophone Hornbostel Sachs</formattedValue></vocabularyReferenceItem></vocabularyReference><virtualField name="RegExhibitionVrt"><value>EM-DAF-Musik, Berlin</value></virtualField><virtualField name="RegContractVrt"><value></value></virtualField><virtualField name="RegRegistrarVrt"><value>EM-DAF-Musik, Berlin, VII f 205 a, zweifellige Zylindertrommel, brekete, 1993, Urban Bareis (1993)</value></virtualField><virtualField name="RegNumberVrt"><value>null</value></virtualField><virtualField name="RegRegistrarENVrt"><value>EM-DAF-Musik, Berlin, VII f 205 a, zweifellige Zylindertrommel, brekete, 1993, Urban Bareis (1993)</value></virtualField><virtualField name="RegSectionVrt"><value>430.4.1.3 Membranophone Hornbostel Sachs</value></virtualField><moduleReference name="RegExhibitionRef" targetModule="Exhibition" multiplicity="N:1" size="1"><moduleReferenceItem moduleItemId="20222" uuid="20222"><formattedValue language="en">EM-DAF-Musik, Berlin</formattedValue></moduleReferenceItem></moduleReference><moduleReference name="RegObjectRef" targetModule="Object" multiplicity="N:1" size="1"><moduleReferenceItem moduleItemId="258288" uuid="258288"><formattedValue language="en">VII f 205 a, zweifellige Zylindertrommel, brekete, 1993, Urban Bareis (1993)</formattedValue></moduleReferenceItem></moduleReference></moduleItem><moduleItem hasAttachments="true" id="183198" uuid="183198"><systemField dataType="Long" name="__id"><value>183198</value></systemField><systemField dataType="Varchar" name="__lastModifiedUser"><value>Zetcom_migration</value></systemField><systemField dataType="Timestamp" name="__lastModified"><value>2020-11-29 22:46:06.0</value><formattedValue language="en">29/11/2020 10:46</formattedValue></systemField><systemField dataType="Varchar" name="__createdUser"><value>ZET_DÜ</value></systemField><systemField dataType="Timestamp" name="__created"><value>2020-11-30 15:13:06.41</value><formattedValue language="en">30/11/2020 03:13</formattedValue></systemField><systemField dataType="Long" name="__orgUnit"><value>EMMusikethnologie</value></systemField><systemField name="__uuid"><value>183198</value></systemField><vocabularyReference name="RegSectionVoc" id="51622" instanceName="RegSectionVgr"><vocabularyReferenceItem id="4171965" name="430.4.1.3 Membranophone Hornbostel Sachs"><formattedValue language="en">430.4.1.3 Membranophone Hornbostel Sachs</formattedValue></vocabularyReferenceItem></vocabularyReference><virtualField name="RegExhibitionVrt"><value>EM-DAF-Musik, Berlin</value></virtualField><virtualField name="RegContractVrt"><value></value></virtualField><virtualField name="RegRegistrarVrt"><value>EM-DAF-Musik, Berlin, VII f 205 b, Schlegel einer Zylindertrommel, 1993, Urban Bareis (1993)</value></virtualField><virtualField name="RegNumberVrt"><value>null</value></virtualField><virtualField name="RegRegistrarENVrt"><value>EM-DAF-Musik, Berlin, VII f 205 b, Schlegel einer Zylindertrommel, 1993, Urban Bareis (1993)</value></virtualField><virtualField name="RegSectionVrt"><value>430.4.1.3 Membranophone Hornbostel Sachs</value></virtualField><moduleReference name="RegExhibitionRef" targetModule="Exhibition" multiplicity="N:1" size="1"><moduleReferenceItem moduleItemId="20222" uuid="20222"><formattedValue language="en">EM-DAF-Musik, Berlin</formattedValue></moduleReferenceItem></moduleReference><moduleReference name="RegObjectRef" targetModule="Object" multiplicity="N:1" size="1"><moduleReferenceItem moduleItemId="258289" uuid="258289"><formattedValue language="en">VII f 205 b, Schlegel einer Zylindertrommel, 1993, Urban Bareis (1993)</formattedValue></moduleReferenceItem></moduleReference></moduleItem><moduleItem hasAttachments="true" id="183199" uuid="183199"><systemField dataType="Long" name="__id"><value>183199</value></systemField><systemField dataType="Varchar" name="__lastModifiedUser"><value>Zetcom_migration</value></systemField><systemField dataType="Timestamp" name="__lastModified"><value>2020-11-29 22:46:06.0</value><formattedValue language="en">29/11/2020 10:46</formattedValue></systemField><systemField dataType="Varchar" name="__createdUser"><value>ZET_DÜ</value></systemField><systemField dataType="Timestamp" name="__created"><value>2020-11-30 15:13:06.555</value><formattedValue language="en">30/11/2020 03:13</formattedValue></systemField><systemField dataType="Long" name="__orgUnit"><value>EMMusikethnologie</value></systemField><systemField name="__uuid"><value>183199</value></systemField><vocabularyReference name="RegSectionVoc" id="51622" instanceName="RegSectionVgr"><vocabularyReferenceItem id="4171965" name="430.4.1.3 Membranophone Hornbostel Sachs"><formattedValue language="en">430.4.1.3 Membranophone Hornbostel Sachs</formattedValue></vocabularyReferenceItem></vocabularyReference><virtualField name="RegExhibitionVrt"><value>EM-DAF-Musik, Berlin</value></virtualField><virtualField name="RegContractVrt"><value></value></virtualField><virtualField name="RegRegistrarVrt"><value>EM-DAF-Musik, Berlin, VII f 209 a, Zylindertrommel, medium, 1993, Urban Bareis (1993)</value></virtualField><virtualField name="RegNumberVrt"><value>null</value></virtualField><virtualField name="RegRegistrarENVrt"><value>EM-DAF-Musik, Berlin, VII f 209 a, Zylindertrommel, medium, 1993, Urban Bareis (1993)</value></virtualField><virtualField name="RegSectionVrt"><value>430.4.1.3 Membranophone Hornbostel Sachs</value></virtualField><moduleReference name="RegExhibitionRef" targetModule="Exhibition" multiplicity="N:1" size="1"><moduleReferenceItem moduleItemId="20222" uuid="20222"><formattedValue language="en">EM-DAF-Musik, Berlin</formattedValue></moduleReferenceItem></moduleReference><moduleReference name="RegObjectRef" targetModule="Object" multiplicity="N:1" size="1"><moduleReferenceItem moduleItemId="1632462" uuid="1632462"><formattedValue language="en">VII f 209 a, Zylindertrommel, medium, 1993, Urban Bareis (1993)</formattedValue></moduleReferenceItem></moduleReference></moduleItem><moduleItem hasAttachments="true" id="183200" uuid="183200"><systemField dataType="Long" name="__id"><value>183200</value></systemField><systemField dataType="Varchar" name="__lastModifiedUser"><value>Zetcom_migration</value></systemField><systemField dataType="Timestamp" name="__lastModified"><value>2020-11-29 22:46:06.0</value><formattedValue language="en">29/11/2020 10:46</formattedValue></systemField><systemField dataType="Varchar" name="__createdUser"><value>ZET_DÜ</value></systemField><systemField dataType="Timestamp" name="__created"><value>2020-11-30 15:13:06.555</value><formattedValue language="en">30/11/2020 03:13</formattedValue></systemField><systemField dataType="Long" name="__orgUnit"><value>EMMusikethnologie</value></systemField><systemField name="__uuid"><value>183200</value></systemField><vocabularyReference name="RegSectionVoc" id="51622" instanceName="RegSectionVgr"><vocabularyReferenceItem id="4171965" name="430.4.1.3 Membranophone Hornbostel Sachs"><formattedValue language="en">430.4.1.3 Membranophone Hornbostel Sachs</formattedValue></vocabularyReferenceItem></vocabularyReference><virtualField name="RegExhibitionVrt"><value>EM-DAF-Musik, Berlin</value></virtualField><virtualField name="RegContractVrt"><value></value></virtualField><virtualField name="RegRegistrarVrt"><value>EM-DAF-Musik, Berlin, VII f 209 b,c, Trommelschlegel, 1993, Urban Bareis (1993)</value></virtualField><virtualField name="RegNumberVrt"><value>null</value></virtualField><virtualField name="RegRegistrarENVrt"><value>EM-DAF-Musik, Berlin, VII f 209 b,c, Trommelschlegel, 1993, Urban Bareis (1993)</value></virtualField><virtualField name="RegSectionVrt"><value>430.4.1.3 Membranophone Hornbostel Sachs</value></virtualField><moduleReference name="RegExhibitionRef" targetModule="Exhibition" multiplicity="N:1" size="1"><moduleReferenceItem moduleItemId="20222" uuid="20222"><formattedValue language="en">EM-DAF-Musik, Berlin</formattedValue></moduleReferenceItem></moduleReference><moduleReference name="RegObjectRef" targetModule="Object" multiplicity="N:1" size="1"><moduleReferenceItem moduleItemId="1584294" uuid="1584294"><formattedValue language="en">VII f 209 b,c, Trommelschlegel, 1993, Urban Bareis (1993)</formattedValue></moduleReferenceItem></moduleReference></moduleItem><moduleItem hasAttachments="true" id="183201" uuid="183201"><systemField dataType="Long" name="__id"><value>183201</value></systemField><systemField dataType="Varchar" name="__lastModifiedUser"><value>Zetcom_migration</value></systemField><systemField dataType="Timestamp" name="__lastModified"><value>2020-11-29 22:46:06.0</value><formattedValue language="en">29/11/2020 10:46</formattedValue></systemField><systemField dataType="Varchar" name="__createdUser"><value>ZET_DÜ</value></systemField><systemField dataType="Timestamp" name="__created"><value>2020-11-30 15:13:06.41</value><formattedValue language="en">30/11/2020 03:13</formattedValue></systemField><systemField dataType="Long" name="__orgUnit"><value>EMMusikethnologie</value></systemField><systemField name="__uuid"><value>183201</value></systemField><vocabularyReference name="RegSectionVoc" id="51622" instanceName="RegSectionVgr"><vocabularyReferenceItem id="4171963" name="430.4.1.1 Idiophone Hornbostel Sachs Klassifikation"><formattedValue language="en">430.4.1.1 Idiophone Hornbostel Sachs Klassifikation</formattedValue></vocabularyReferenceItem></vocabularyReference><virtualField name="RegExhibitionVrt"><value>EM-DAF-Musik, Berlin</value></virtualField><virtualField name="RegContractVrt"><value></value></virtualField><virtualField name="RegRegistrarVrt"><value>EM-DAF-Musik, Berlin, VII f 260 a, Schlagplattenspiel, Niels Erlank (1992)</value></virtualField><virtualField name="RegNumberVrt"><value>null</value></virtualField><virtualField name="RegRegistrarENVrt"><value>EM-DAF-Musik, Berlin, VII f 260 a, Schlagplattenspiel, Niels Erlank (1992)</value></virtualField><virtualField name="RegSectionVrt"><value>430.4.1.1 Idiophone Hornbostel Sachs Klassifikation</value></virtualField><moduleReference name="RegExhibitionRef" targetModule="Exhibition" multiplicity="N:1" size="1"><moduleReferenceItem moduleItemId="20222" uuid="20222"><formattedValue language="en">EM-DAF-Musik, Berlin</formattedValue></moduleReferenceItem></moduleReference><moduleReference name="RegObjectRef" targetModule="Object" multiplicity="N:1" size="1"><moduleReferenceItem moduleItemId="258366" uuid="258366"><formattedValue language="en">VII f 260 a, Schlagplattenspiel, Niels Erlank (1992)</formattedValue></moduleReferenceItem></moduleReference></moduleItem><moduleItem hasAttachments="true" id="183202" uuid="183202"><systemField dataType="Long" name="__id"><value>183202</value></systemField><systemField dataType="Varchar" name="__lastModifiedUser"><value>Zetcom_migration</value></systemField><systemField dataType="Timestamp" name="__lastModified"><value>2020-11-29 22:46:06.0</value><formattedValue language="en">29/11/2020 10:46</formattedValue></systemField><systemField dataType="Varchar" name="__createdUser"><value>ZET_DÜ</value></systemField><systemField dataType="Timestamp" name="__created"><value>2020-11-30 15:13:06.555</value><formattedValue language="en">30/11/2020 03:13</formattedValue></systemField><systemField dataType="Long" name="__orgUnit"><value>EMSudundSudostasien</value></systemField><systemField name="__uuid"><value>183202</value></systemField><vocabularyReference name="RegSectionVoc" id="51622" instanceName="RegSectionVgr"><vocabularyReferenceItem id="4171969" name="430.4.4 Klassifikation Indien"><formattedValue language="en">430.4.4 Klassifikation Indien</formattedValue></vocabularyReferenceItem></vocabularyReference><virtualField name="RegExhibitionVrt"><value>EM-DAF-Musik, Berlin</value></virtualField><virtualField name="RegContractVrt"><value></value></virtualField><virtualField name="RegRegistrarVrt"><value>EM-DAF-Musik, Berlin, I C 5629 a, Schalenhalslaute, taus, Fedor Jagor (16.11.1816 - 11/12.2.1900)</value></virtualField><virtualField name="RegNumberVrt"><value>null</value></virtualField><virtualField name="RegRegistrarENVrt"><value>EM-DAF-Musik, Berlin, I C 5629 a, Schalenhalslaute, taus, Fedor Jagor (16.11.1816 - 11/12.2.1900)</value></virtualField><virtualField name="RegSectionVrt"><value>430.4.4 Klassifikation Indien</value></virtualField><moduleReference name="RegExhibitionRef" targetModule="Exhibition" multiplicity="N:1" size="1"><moduleReferenceItem moduleItemId="20222" uuid="20222"><formattedValue language="en">EM-DAF-Musik, Berlin</formattedValue></moduleReferenceItem></moduleReference><moduleReference name="RegObjectRef" targetModule="Object" multiplicity="N:1" size="1"><moduleReferenceItem moduleItemId="1388629" uuid="1388629"><formattedValue language="en">I C 5629 a, Schalenhalslaute, taus, Fedor Jagor (16.11.1816 - 11/12.2.1900)</formattedValue></moduleReferenceItem></moduleReference></moduleItem><moduleItem hasAttachments="true" id="183203" uuid="183203"><systemField dataType="Long" name="__id"><value>183203</value></systemField><systemField dataType="Varchar" name="__lastModifiedUser"><value>Zetcom_migration</value></systemField><systemField dataType="Timestamp" name="__lastModified"><value>2020-11-29 22:46:06.0</value><formattedValue language="en">29/11/2020 10:46</formattedValue></systemField><systemField dataType="Varchar" name="__createdUser"><value>ZET_DÜ</value></systemField><systemField dataType="Timestamp" name="__created"><value>2020-11-30 15:13:06.555</value><formattedValue language="en">30/11/2020 03:13</formattedValue></systemField><systemField dataType="Long" name="__orgUnit"><value>EMSudundSudostasien</value></systemField><systemField name="__uuid"><value>183203</value></systemField><vocabularyReference name="RegSectionVoc" id="51622" instanceName="RegSectionVgr"><vocabularyReferenceItem id="4171969" name="430.4.4 Klassifikation Indien"><formattedValue language="en">430.4.4 Klassifikation Indien</formattedValue></vocabularyReferenceItem></vocabularyReference><virtualField name="RegExhibitionVrt"><value>EM-DAF-Musik, Berlin</value></virtualField><virtualField name="RegContractVrt"><value></value></virtualField><virtualField name="RegRegistrarVrt"><value>EM-DAF-Musik, Berlin, I C 5629 b, Streichbogen einer Schalenhalslaute, Fedor Jagor (16.11.1816 - 11/12.2.1900)</value></virtualField><virtualField name="RegNumberVrt"><value>null</value></virtualField><virtualField name="RegRegistrarENVrt"><value>EM-DAF-Musik, Berlin, I C 5629 b, Streichbogen einer Schalenhalslaute, Fedor Jagor (16.11.1816 - 11/12.2.1900)</value></virtualField><virtualField name="RegSectionVrt"><value>430.4.4 Klassifikation Indien</value></virtualField><moduleReference name="RegExhibitionRef" targetModule="Exhibition" multiplicity="N:1" size="1"><moduleReferenceItem moduleItemId="20222" uuid="20222"><formattedValue language="en">EM-DAF-Musik, Berlin</formattedValue></moduleReferenceItem></moduleReference><moduleReference name="RegObjectRef" targetModule="Object" multiplicity="N:1" size="1"><moduleReferenceItem moduleItemId="1650880" uuid="1650880"><formattedValue language="en">I C 5629 b, Streichbogen einer Schalenhalslaute, Fedor Jagor (16.11.1816 - 11/12.2.1900)</formattedValue></moduleReferenceItem></moduleReference></moduleItem><moduleItem hasAttachments="true" id="183204" uuid="183204"><systemField dataType="Long" name="__id"><value>183204</value></systemField><systemField dataType="Varchar" name="__lastModifiedUser"><value>Zetcom_migration</value></systemField><systemField dataType="Timestamp" name="__lastModified"><value>2020-11-29 22:46:06.0</value><formattedValue language="en">29/11/2020 10:46</formattedValue></systemField><systemField dataType="Varchar" name="__createdUser"><value>ZET_DÜ</value></systemField><systemField dataType="Timestamp" name="__created"><value>2020-11-30 15:13:06.555</value><formattedValue language="en">30/11/2020 03:13</formattedValue></systemField><systemField dataType="Long" name="__orgUnit"><value>EMSudundSudostasien</value></systemField><systemField name="__uuid"><value>183204</value></systemField><vocabularyReference name="RegSectionVoc" id="51622" instanceName="RegSectionVgr"><vocabularyReferenceItem id="4171063" name="430.3 Modul Forschungsprojekte"><formattedValue language="en">430.3 Modul Forschungsprojekte</formattedValue></vocabularyReferenceItem></vocabularyReference><virtualField name="RegExhibitionVrt"><value>EM-DAF-Musik, Berlin</value></virtualField><virtualField name="RegContractVrt"><value></value></virtualField><virtualField name="RegRegistrarVrt"><value>EM-DAF-Musik, Berlin, I C 7708 a, Schalenhalslaute, bharata vina, 1877, Rajah Sourindro Mohun Tagore (1877)</value></virtualField><virtualField name="RegNumberVrt"><value>null</value></virtualField><virtualField name="RegRegistrarENVrt"><value>EM-DAF-Musik, Berlin, I C 7708 a, Schalenhalslaute, bharata vina, 1877, Rajah Sourindro Mohun Tagore (1877)</value></virtualField><virtualField name="RegSectionVrt"><value>430.3 Modul Forschungsprojekte</value></virtualField><moduleReference name="RegExhibitionRef" targetModule="Exhibition" multiplicity="N:1" size="1"><moduleReferenceItem moduleItemId="20222" uuid="20222"><formattedValue language="en">EM-DAF-Musik, Berlin</formattedValue></moduleReferenceItem></moduleReference><moduleReference name="RegObjectRef" targetModule="Object" multiplicity="N:1" size="1"><moduleReferenceItem moduleItemId="2042700" uuid="2042700"><formattedValue language="en">I C 7708 a, Schalenhalslaute, bharata vina, 1877, Rajah Sourindro Mohun Tagore (1877)</formattedValue></moduleReferenceItem></moduleReference></moduleItem><moduleItem hasAttachments="true" id="183205" uuid="183205"><systemField dataType="Long" name="__id"><value>183205</value></systemField><systemField dataType="Varchar" name="__lastModifiedUser"><value>Zetcom_migration</value></systemField><systemField dataType="Timestamp" name="__lastModified"><value>2020-11-29 22:46:06.0</value><formattedValue language="en">29/11/2020 10:46</formattedValue></systemField><systemField dataType="Varchar" name="__createdUser"><value>ZET_DÜ</value></systemField><systemField dataType="Timestamp" name="__created"><value>2020-11-30 15:13:06.555</value><formattedValue language="en">30/11/2020 03:13</formattedValue></systemField><systemField dataType="Long" name="__orgUnit"><value>EMSudundSudostasien</value></systemField><systemField name="__uuid"><value>183205</value></systemField><vocabularyReference name="RegSectionVoc" id="51622" instanceName="RegSectionVgr"><vocabularyReferenceItem id="4171063" name="430.3 Modul Forschungsprojekte"><formattedValue language="en">430.3 Modul Forschungsprojekte</formattedValue></vocabularyReferenceItem></vocabularyReference><virtualField name="RegExhibitionVrt"><value>EM-DAF-Musik, Berlin</value></virtualField><virtualField name="RegContractVrt"><value></value></virtualField><virtualField name="RegRegistrarVrt"><value>EM-DAF-Musik, Berlin, I C 7708 b, Schalenhalslaute, bharata vina, 1877, Rajah Sourindro Mohun Tagore (1877)</value></virtualField><virtualField name="RegNumberVrt"><value>null</value></virtualField><virtualField name="RegRegistrarENVrt"><value>EM-DAF-Musik, Berlin, I C 7708 b, Schalenhalslaute, bharata vina, 1877, Rajah Sourindro Mohun Tagore (1877)</value></virtualField><virtualField name="RegSectionVrt"><value>430.3 Modul Forschungsprojekte</value></virtualField><moduleReference name="RegExhibitionRef" targetModule="Exhibition" multiplicity="N:1" size="1"><moduleReferenceItem moduleItemId="20222" uuid="20222"><formattedValue language="en">EM-DAF-Musik, Berlin</formattedValue></moduleReferenceItem></moduleReference><moduleReference name="RegObjectRef" targetModule="Object" multiplicity="N:1" size="1"><moduleReferenceItem moduleItemId="2042701" uuid="2042701"><formattedValue language="en">I C 7708 b, Schalenhalslaute, bharata vina, 1877, Rajah Sourindro Mohun Tagore (1877)</formattedValue></moduleReferenceItem></moduleReference></moduleItem><moduleItem hasAttachments="true" id="183206" uuid="183206"><systemField dataType="Long" name="__id"><value>183206</value></systemField><systemField dataType="Varchar" name="__lastModifiedUser"><value>Zetcom_migration</value></systemField><systemField dataType="Timestamp" name="__lastModified"><value>2020-11-29 22:46:06.0</value><formattedValue language="en">29/11/2020 10:46</formattedValue></systemField><systemField dataType="Varchar" name="__createdUser"><value>ZET_DÜ</value></systemField><systemField dataType="Timestamp" name="__created"><value>2020-11-30 15:13:06.555</value><formattedValue language="en">30/11/2020 03:13</formattedValue></systemField><systemField dataType="Long" name="__orgUnit"><value>EMSudundSudostasien</value></systemField><systemField name="__uuid"><value>183206</value></systemField><vocabularyReference name="RegSectionVoc" id="51622" instanceName="RegSectionVgr"><vocabularyReferenceItem id="4171969" name="430.4.4 Klassifikation Indien"><formattedValue language="en">430.4.4 Klassifikation Indien</formattedValue></vocabularyReferenceItem></vocabularyReference><virtualField name="RegExhibitionVrt"><value>EM-DAF-Musik, Berlin</value></virtualField><virtualField name="RegContractVrt"><value></value></virtualField><virtualField name="RegRegistrarVrt"><value>EM-DAF-Musik, Berlin, I C 7713 a, Schalenhalslaute, sarod, 1877, Rajah Sourindro Mohun Tagore (1877)</value></virtualField><virtualField name="RegNumberVrt"><value>null</value></virtualField><virtualField name="RegRegistrarENVrt"><value>EM-DAF-Musik, Berlin, I C 7713 a, Schalenhalslaute, sarod, 1877, Rajah Sourindro Mohun Tagore (1877)</value></virtualField><virtualField name="RegSectionVrt"><value>430.4.4 Klassifikation Indien</value></virtualField><moduleReference name="RegExhibitionRef" targetModule="Exhibition" multiplicity="N:1" size="1"><moduleReferenceItem moduleItemId="20222" uuid="20222"><formattedValue language="en">EM-DAF-Musik, Berlin</formattedValue></moduleReferenceItem></moduleReference><moduleReference name="RegObjectRef" targetModule="Object" multiplicity="N:1" size="1"><moduleReferenceItem moduleItemId="1863221" uuid="1863221"><formattedValue language="en">I C 7713 a, Schalenhalslaute, sarod, 1877, Rajah Sourindro Mohun Tagore (1877)</formattedValue></moduleReferenceItem></moduleReference></moduleItem><moduleItem hasAttachments="true" id="183207" uuid="183207"><systemField dataType="Long" name="__id"><value>183207</value></systemField><systemField dataType="Varchar" name="__lastModifiedUser"><value>Zetcom_migration</value></systemField><systemField dataType="Timestamp" name="__lastModified"><value>2020-11-29 22:46:06.0</value><formattedValue language="en">29/11/2020 10:46</formattedValue></systemField><systemField dataType="Varchar" name="__createdUser"><value>ZET_DÜ</value></systemField><systemField dataType="Timestamp" name="__created"><value>2020-11-30 15:13:06.555</value><formattedValue language="en">30/11/2020 03:13</formattedValue></systemField><systemField dataType="Long" name="__orgUnit"><value>EMSudundSudostasien</value></systemField><systemField name="__uuid"><value>183207</value></systemField><vocabularyReference name="RegSectionVoc" id="51622" instanceName="RegSectionVgr"><vocabularyReferenceItem id="4171969" name="430.4.4 Klassifikation Indien"><formattedValue language="en">430.4.4 Klassifikation Indien</formattedValue></vocabularyReferenceItem></vocabularyReference><virtualField name="RegExhibitionVrt"><value>EM-DAF-Musik, Berlin</value></virtualField><virtualField name="RegContractVrt"><value></value></virtualField><virtualField name="RegRegistrarVrt"><value>EM-DAF-Musik, Berlin, I C 7714 a, Schalenhalslaute, sarangi, 1877, Rajah Sourindro Mohun Tagore (1877)</value></virtualField><virtualField name="RegNumberVrt"><value>null</value></virtualField><virtualField name="RegRegistrarENVrt"><value>EM-DAF-Musik, Berlin, I C 7714 a, Schalenhalslaute, sarangi, 1877, Rajah Sourindro Mohun Tagore (1877)</value></virtualField><virtualField name="RegSectionVrt"><value>430.4.4 Klassifikation Indien</value></virtualField><moduleReference name="RegExhibitionRef" targetModule="Exhibition" multiplicity="N:1" size="1"><moduleReferenceItem moduleItemId="20222" uuid="20222"><formattedValue language="en">EM-DAF-Musik, Berlin</formattedValue></moduleReferenceItem></moduleReference><moduleReference name="RegObjectRef" targetModule="Object" multiplicity="N:1" size="1"><moduleReferenceItem moduleItemId="1617816" uuid="1617816"><formattedValue language="en">I C 7714 a, Schalenhalslaute, sarangi, 1877, Rajah Sourindro Mohun Tagore (1877)</formattedValue></moduleReferenceItem></moduleReference></moduleItem><moduleItem hasAttachments="true" id="183208" uuid="183208"><systemField dataType="Long" name="__id"><value>183208</value></systemField><systemField dataType="Varchar" name="__lastModifiedUser"><value>Zetcom_migration</value></systemField><systemField dataType="Timestamp" name="__lastModified"><value>2020-11-29 22:46:06.0</value><formattedValue language="en">29/11/2020 10:46</formattedValue></systemField><systemField dataType="Varchar" name="__createdUser"><value>ZET_DÜ</value></systemField><systemField dataType="Timestamp" name="__created"><value>2020-11-30 15:13:06.555</value><formattedValue language="en">30/11/2020 03:13</formattedValue></systemField><systemField dataType="Long" name="__orgUnit"><value>EMSudundSudostasien</value></systemField><systemField name="__uuid"><value>183208</value></systemField><vocabularyReference name="RegSectionVoc" id="51622" instanceName="RegSectionVgr"><vocabularyReferenceItem id="4171969" name="430.4.4 Klassifikation Indien"><formattedValue language="en">430.4.4 Klassifikation Indien</formattedValue></vocabularyReferenceItem></vocabularyReference><virtualField name="RegExhibitionVrt"><value>EM-DAF-Musik, Berlin</value></virtualField><virtualField name="RegContractVrt"><value></value></virtualField><virtualField name="RegRegistrarVrt"><value>EM-DAF-Musik, Berlin, I C 7714 b, Streichbogen, 1877, Rajah Sourindro Mohun Tagore (1877)</value></virtualField><virtualField name="RegNumberVrt"><value>null</value></virtualField><virtualField name="RegRegistrarENVrt"><value>EM-DAF-Musik, Berlin, I C 7714 b, Streichbogen, 1877, Rajah Sourindro Mohun Tagore (1877)</value></virtualField><virtualField name="RegSectionVrt"><value>430.4.4 Klassifikation Indien</value></virtualField><moduleReference name="RegExhibitionRef" targetModule="Exhibition" multiplicity="N:1" size="1"><moduleReferenceItem moduleItemId="20222" uuid="20222"><formattedValue language="en">EM-DAF-Musik, Berlin</formattedValue></moduleReferenceItem></moduleReference><moduleReference name="RegObjectRef" targetModule="Object" multiplicity="N:1" size="1"><moduleReferenceItem moduleItemId="1617810" uuid="1617810"><formattedValue language="en">I C 7714 b, Streichbogen, 1877, Rajah Sourindro Mohun Tagore (1877)</formattedValue></moduleReferenceItem></moduleReference></moduleItem><moduleItem hasAttachments="true" id="183209" uuid="183209"><systemField dataType="Long" name="__id"><value>183209</value></systemField><systemField dataType="Varchar" name="__lastModifiedUser"><value>Zetcom_migration</value></systemField><systemField dataType="Timestamp" name="__lastModified"><value>2020-11-29 22:46:06.0</value><formattedValue language="en">29/11/2020 10:46</formattedValue></systemField><systemField dataType="Varchar" name="__createdUser"><value>ZET_DÜ</value></systemField><systemField dataType="Timestamp" name="__created"><value>2020-11-30 15:13:06.555</value><formattedValue language="en">30/11/2020 03:13</formattedValue></systemField><systemField dataType="Long" name="__orgUnit"><value>EMSudundSudostasien</value></systemField><systemField name="__uuid"><value>183209</value></systemField><vocabularyReference name="RegSectionVoc" id="51622" instanceName="RegSectionVgr"><vocabularyReferenceItem id="4171969" name="430.4.4 Klassifikation Indien"><formattedValue language="en">430.4.4 Klassifikation Indien</formattedValue></vocabularyReferenceItem></vocabularyReference><virtualField name="RegExhibitionVrt"><value>EM-DAF-Musik, Berlin</value></virtualField><virtualField name="RegContractVrt"><value></value></virtualField><virtualField name="RegRegistrarVrt"><value>EM-DAF-Musik, Berlin, I C 7715 a, Schalenhalslaute, alabu sarangi, 1877, Rajah Sourindro Mohun Tagore (1877)</value></virtualField><virtualField name="RegNumberVrt"><value>null</value></virtualField><virtualField name="RegRegistrarENVrt"><value>EM-DAF-Musik, Berlin, I C 7715 a, Schalenhalslaute, alabu sarangi, 1877, Rajah Sourindro Mohun Tagore (1877)</value></virtualField><virtualField name="RegSectionVrt"><value>430.4.4 Klassifikation Indien</value></virtualField><moduleReference name="RegExhibitionRef" targetModule="Exhibition" multiplicity="N:1" size="1"><moduleReferenceItem moduleItemId="20222" uuid="20222"><formattedValue language="en">EM-DAF-Musik, Berlin</formattedValue></moduleReferenceItem></moduleReference><moduleReference name="RegObjectRef" targetModule="Object" multiplicity="N:1" size="1"><moduleReferenceItem moduleItemId="1617874" uuid="1617874"><formattedValue language="en">I C 7715 a, Schalenhalslaute, alabu sarangi, 1877, Rajah Sourindro Mohun Tagore (1877)</formattedValue></moduleReferenceItem></moduleReference></moduleItem><moduleItem hasAttachments="true" id="183210" uuid="183210"><systemField dataType="Long" name="__id"><value>183210</value></systemField><systemField dataType="Varchar" name="__lastModifiedUser"><value>Zetcom_migration</value></systemField><systemField dataType="Timestamp" name="__lastModified"><value>2020-11-29 22:46:06.0</value><formattedValue language="en">29/11/2020 10:46</formattedValue></systemField><systemField dataType="Varchar" name="__createdUser"><value>ZET_DÜ</value></systemField><systemField dataType="Timestamp" name="__created"><value>2020-11-30 15:13:06.555</value><formattedValue language="en">30/11/2020 03:13</formattedValue></systemField><systemField dataType="Long" name="__orgUnit"><value>EMSudundSudostasien</value></systemField><systemField name="__uuid"><value>183210</value></systemField><vocabularyReference name="RegSectionVoc" id="51622" instanceName="RegSectionVgr"><vocabularyReferenceItem id="4171969" name="430.4.4 Klassifikation Indien"><formattedValue language="en">430.4.4 Klassifikation Indien</formattedValue></vocabularyReferenceItem></vocabularyReference><virtualField name="RegExhibitionVrt"><value>EM-DAF-Musik, Berlin</value></virtualField><virtualField name="RegContractVrt"><value></value></virtualField><virtualField name="RegRegistrarVrt"><value>EM-DAF-Musik, Berlin, I C 7715 b, Streichbogen, alabu sarangi, 1877, Rajah Sourindro Mohun Tagore (1877)</value></virtualField><virtualField name="RegNumberVrt"><value>null</value></virtualField><virtualField name="RegRegistrarENVrt"><value>EM-DAF-Musik, Berlin, I C 7715 b, Streichbogen, alabu sarangi, 1877, Rajah Sourindro Mohun Tagore (1877)</value></virtualField><virtualField name="RegSectionVrt"><value>430.4.4 Klassifikation Indien</value></virtualField><moduleReference name="RegExhibitionRef" targetModule="Exhibition" multiplicity="N:1" size="1"><moduleReferenceItem moduleItemId="20222" uuid="20222"><formattedValue language="en">EM-DAF-Musik, Berlin</formattedValue></moduleReferenceItem></moduleReference><moduleReference name="RegObjectRef" targetModule="Object" multiplicity="N:1" size="1"><moduleReferenceItem moduleItemId="1617875" uuid="1617875"><formattedValue language="en">I C 7715 b, Streichbogen, alabu sarangi, 1877, Rajah Sourindro Mohun Tagore (1877)</formattedValue></moduleReferenceItem></moduleReference></moduleItem><moduleItem hasAttachments="true" id="183211" uuid="183211"><systemField dataType="Long" name="__id"><value>183211</value></systemField><systemField dataType="Varchar" name="__lastModifiedUser"><value>Zetcom_migration</value></systemField><systemField dataType="Timestamp" name="__lastModified"><value>2020-11-29 22:46:06.0</value><formattedValue language="en">29/11/2020 10:46</formattedValue></systemField><systemField dataType="Varchar" name="__createdUser"><value>ZET_DÜ</value></systemField><systemField dataType="Timestamp" name="__created"><value>2020-11-30 15:13:06.555</value><formattedValue language="en">30/11/2020 03:13</formattedValue></systemField><systemField dataType="Long" name="__orgUnit"><value>EMSudundSudostasien</value></systemField><systemField name="__uuid"><value>183211</value></systemField><vocabularyReference name="RegSectionVoc" id="51622" instanceName="RegSectionVgr"><vocabularyReferenceItem id="4171969" name="430.4.4 Klassifikation Indien"><formattedValue language="en">430.4.4 Klassifikation Indien</formattedValue></vocabularyReferenceItem></vocabularyReference><virtualField name="RegExhibitionVrt"><value>EM-DAF-Musik, Berlin</value></virtualField><virtualField name="RegContractVrt"><value></value></virtualField><virtualField name="RegRegistrarVrt"><value>EM-DAF-Musik, Berlin, I C 7724 a, Schalenhalslaute, sarinda, 1877, Rajah Sourindro Mohun Tagore (1877)</value></virtualField><virtualField name="RegNumberVrt"><value>null</value></virtualField><virtualField name="RegRegistrarENVrt"><value>EM-DAF-Musik, Berlin, I C 7724 a, Schalenhalslaute, sarinda, 1877, Rajah Sourindro Mohun Tagore (1877)</value></virtualField><virtualField name="RegSectionVrt"><value>430.4.4 Klassifikation Indien</value></virtualField><moduleReference name="RegExhibitionRef" targetModule="Exhibition" multiplicity="N:1" size="1"><moduleReferenceItem moduleItemId="20222" uuid="20222"><formattedValue language="en">EM-DAF-Musik, Berlin</formattedValue></moduleReferenceItem></moduleReference><moduleReference name="RegObjectRef" targetModule="Object" multiplicity="N:1" size="1"><moduleReferenceItem moduleItemId="1617885" uuid="1617885"><formattedValue language="en">I C 7724 a, Schalenhalslaute, sarinda, 1877, Rajah Sourindro Mohun Tagore (1877)</formattedValue></moduleReferenceItem></moduleReference></moduleItem><moduleItem hasAttachments="true" id="183212" uuid="183212"><systemField dataType="Long" name="__id"><value>183212</value></systemField><systemField dataType="Varchar" name="__lastModifiedUser"><value>Zetcom_migration</value></systemField><systemField dataType="Timestamp" name="__lastModified"><value>2020-11-29 22:46:06.0</value><formattedValue language="en">29/11/2020 10:46</formattedValue></systemField><systemField dataType="Varchar" name="__createdUser"><value>ZET_DÜ</value></systemField><systemField dataType="Timestamp" name="__created"><value>2020-11-30 15:13:06.555</value><formattedValue language="en">30/11/2020 03:13</formattedValue></systemField><systemField dataType="Long" name="__orgUnit"><value>EMSudundSudostasien</value></systemField><systemField name="__uuid"><value>183212</value></systemField><vocabularyReference name="RegSectionVoc" id="51622" instanceName="RegSectionVgr"><vocabularyReferenceItem id="4171969" name="430.4.4 Klassifikation Indien"><formattedValue language="en">430.4.4 Klassifikation Indien</formattedValue></vocabularyReferenceItem></vocabularyReference><virtualField name="RegExhibitionVrt"><value>EM-DAF-Musik, Berlin</value></virtualField><virtualField name="RegContractVrt"><value></value></virtualField><virtualField name="RegRegistrarVrt"><value>EM-DAF-Musik, Berlin, I C 7724 b, Streichbogen, sarinda, 1877, Rajah Sourindro Mohun Tagore (1877)</value></virtualField><virtualField name="RegNumberVrt"><value>null</value></virtualField><virtualField name="RegRegistrarENVrt"><value>EM-DAF-Musik, Berlin, I C 7724 b, Streichbogen, sarinda, 1877, Rajah Sourindro Mohun Tagore (1877)</value></virtualField><virtualField name="RegSectionVrt"><value>430.4.4 Klassifikation Indien</value></virtualField><moduleReference name="RegExhibitionRef" targetModule="Exhibition" multiplicity="N:1" size="1"><moduleReferenceItem moduleItemId="20222" uuid="20222"><formattedValue language="en">EM-DAF-Musik, Berlin</formattedValue></moduleReferenceItem></moduleReference><moduleReference name="RegObjectRef" targetModule="Object" multiplicity="N:1" size="1"><moduleReferenceItem moduleItemId="1617808" uuid="1617808"><formattedValue language="en">I C 7724 b, Streichbogen, sarinda, 1877, Rajah Sourindro Mohun Tagore (1877)</formattedValue></moduleReferenceItem></moduleReference></moduleItem><moduleItem hasAttachments="true" id="183213" uuid="183213"><systemField dataType="Long" name="__id"><value>183213</value></systemField><systemField dataType="Varchar" name="__lastModifiedUser"><value>Zetcom_migration</value></systemField><systemField dataType="Timestamp" name="__lastModified"><value>2020-11-29 22:46:06.0</value><formattedValue language="en">29/11/2020 10:46</formattedValue></systemField><systemField dataType="Varchar" name="__createdUser"><value>ZET_DÜ</value></systemField><systemField dataType="Timestamp" name="__created"><value>2020-11-30 15:13:06.555</value><formattedValue language="en">30/11/2020 03:13</formattedValue></systemField><systemField dataType="Long" name="__orgUnit"><value>EMSudundSudostasien</value></systemField><systemField name="__uuid"><value>183213</value></systemField><vocabularyReference name="RegSectionVoc" id="51622" instanceName="RegSectionVgr"><vocabularyReferenceItem id="4171969" name="430.4.4 Klassifikation Indien"><formattedValue language="en">430.4.4 Klassifikation Indien</formattedValue></vocabularyReferenceItem></vocabularyReference><virtualField name="RegExhibitionVrt"><value>EM-DAF-Musik, Berlin</value></virtualField><virtualField name="RegContractVrt"><value></value></virtualField><virtualField name="RegRegistrarVrt"><value>EM-DAF-Musik, Berlin, I C 7790 a, Röhren- und Gefässmirliton, nyastaranga, 1877, Rajah Sourindro Mohun Tagore (1877)</value></virtualField><virtualField name="RegNumberVrt"><value>null</value></virtualField><virtualField name="RegRegistrarENVrt"><value>EM-DAF-Musik, Berlin, I C 7790 a, Röhren- und Gefässmirliton, nyastaranga, 1877, Rajah Sourindro Mohun Tagore (1877)</value></virtualField><virtualField name="RegSectionVrt"><value>430.4.4 Klassifikation Indien</value></virtualField><moduleReference name="RegExhibitionRef" targetModule="Exhibition" multiplicity="N:1" size="1"><moduleReferenceItem moduleItemId="20222" uuid="20222"><formattedValue language="en">EM-DAF-Musik, Berlin</formattedValue></moduleReferenceItem></moduleReference><moduleReference name="RegObjectRef" targetModule="Object" multiplicity="N:1" size="1"><moduleReferenceItem moduleItemId="1657055" uuid="1657055"><formattedValue language="en">I C 7790 a, Röhren- und Gefässmirliton, nyastaranga, 1877, Rajah Sourindro Mohun Tagore (1877)</formattedValue></moduleReferenceItem></moduleReference></moduleItem><moduleItem hasAttachments="true" id="183214" uuid="183214"><systemField dataType="Long" name="__id"><value>183214</value></systemField><systemField dataType="Varchar" name="__lastModifiedUser"><value>Zetcom_migration</value></systemField><systemField dataType="Timestamp" name="__lastModified"><value>2020-11-29 22:46:06.0</value><formattedValue language="en">29/11/2020 10:46</formattedValue></systemField><systemField dataType="Varchar" name="__createdUser"><value>ZET_DÜ</value></systemField><systemField dataType="Timestamp" name="__created"><value>2020-11-30 15:13:06.555</value><formattedValue language="en">30/11/2020 03:13</formattedValue></systemField><systemField dataType="Long" name="__orgUnit"><value>EMSudundSudostasien</value></systemField><systemField name="__uuid"><value>183214</value></systemField><vocabularyReference name="RegSectionVoc" id="51622" instanceName="RegSectionVgr"><vocabularyReferenceItem id="4171969" name="430.4.4 Klassifikation Indien"><formattedValue language="en">430.4.4 Klassifikation Indien</formattedValue></vocabularyReferenceItem></vocabularyReference><virtualField name="RegExhibitionVrt"><value>EM-DAF-Musik, Berlin</value></virtualField><virtualField name="RegContractVrt"><value></value></virtualField><virtualField name="RegRegistrarVrt"><value>EM-DAF-Musik, Berlin, I C 7790 b, Röhren- und Gefässmirliton, nyastaranga, 1877, Rajah Sourindro Mohun Tagore (1877)</value></virtualField><virtualField name="RegNumberVrt"><value>null</value></virtualField><virtualField name="RegRegistrarENVrt"><value>EM-DAF-Musik, Berlin, I C 7790 b, Röhren- und Gefässmirliton, nyastaranga, 1877, Rajah Sourindro Mohun Tagore (1877)</value></virtualField><virtualField name="RegSectionVrt"><value>430.4.4 Klassifikation Indien</value></virtualField><moduleReference name="RegExhibitionRef" targetModule="Exhibition" multiplicity="N:1" size="1"><moduleReferenceItem moduleItemId="20222" uuid="20222"><formattedValue language="en">EM-DAF-Musik, Berlin</formattedValue></moduleReferenceItem></moduleReference><moduleReference name="RegObjectRef" targetModule="Object" multiplicity="N:1" size="1"><moduleReferenceItem moduleItemId="1657057" uuid="1657057"><formattedValue language="en">I C 7790 b, Röhren- und Gefässmirliton, nyastaranga, 1877, Rajah Sourindro Mohun Tagore (1877)</formattedValue></moduleReferenceItem></moduleReference></moduleItem><moduleItem hasAttachments="true" id="183216" uuid="183216"><systemField dataType="Long" name="__id"><value>183216</value></systemField><systemField dataType="Varchar" name="__lastModifiedUser"><value>Zetcom_migration</value></systemField><systemField dataType="Timestamp" name="__lastModified"><value>2020-11-29 22:46:06.0</value><formattedValue language="en">29/11/2020 10:46</formattedValue></systemField><systemField dataType="Varchar" name="__createdUser"><value>ZET_DÜ</value></systemField><systemField dataType="Timestamp" name="__created"><value>2020-11-30 15:13:06.41</value><formattedValue language="en">30/11/2020 03:13</formattedValue></systemField><systemField dataType="Long" name="__orgUnit"><value>EMMusikethnologie</value></systemField><systemField name="__uuid"><value>183216</value></systemField><vocabularyReference name="RegSectionVoc" id="51622" instanceName="RegSectionVgr"><vocabularyReferenceItem id="4171965" name="430.4.1.3 Membranophone Hornbostel Sachs"><formattedValue language="en">430.4.1.3 Membranophone Hornbostel Sachs</formattedValue></vocabularyReferenceItem></vocabularyReference><virtualField name="RegExhibitionVrt"><value>EM-DAF-Musik, Berlin</value></virtualField><virtualField name="RegContractVrt"><value></value></virtualField><virtualField name="RegRegistrarVrt"><value>EM-DAF-Musik, Berlin, VII c 285 a, Sanduhrtrommel, changgo, Koreanische Botschaft (1980)</value></virtualField><virtualField name="RegNumberVrt"><value>null</value></virtualField><virtualField name="RegRegistrarENVrt"><value>EM-DAF-Musik, Berlin, VII c 285 a, Sanduhrtrommel, changgo, Koreanische Botschaft (1980)</value></virtualField><virtualField name="RegSectionVrt"><value>430.4.1.3 Membranophone Hornbostel Sachs</value></virtualField><moduleReference name="RegExhibitionRef" targetModule="Exhibition" multiplicity="N:1" size="1"><moduleReferenceItem moduleItemId="20222" uuid="20222"><formattedValue language="en">EM-DAF-Musik, Berlin</formattedValue></moduleReferenceItem></moduleReference><moduleReference name="RegObjectRef" targetModule="Object" multiplicity="N:1" size="1"><moduleReferenceItem moduleItemId="256739" uuid="256739"><formattedValue language="en">VII c 285 a, Sanduhrtrommel, changgo, Koreanische Botschaft (1980)</formattedValue></moduleReferenceItem></moduleReference></moduleItem><moduleItem hasAttachments="true" id="183217" uuid="183217"><systemField dataType="Long" name="__id"><value>183217</value></systemField><systemField dataType="Varchar" name="__lastModifiedUser"><value>Zetcom_migration</value></systemField><systemField dataType="Timestamp" name="__lastModified"><value>2020-11-29 22:46:06.0</value><formattedValue language="en">29/11/2020 10:46</formattedValue></systemField><systemField dataType="Varchar" name="__createdUser"><value>ZET_DÜ</value></systemField><systemField dataType="Timestamp" name="__created"><value>2020-11-30 15:13:06.41</value><formattedValue language="en">30/11/2020 03:13</formattedValue></systemField><systemField dataType="Long" name="__orgUnit"><value>EMMusikethnologie</value></systemField><systemField name="__uuid"><value>183217</value></systemField><vocabularyReference name="RegSectionVoc" id="51622" instanceName="RegSectionVgr"><vocabularyReferenceItem id="4171965" name="430.4.1.3 Membranophone Hornbostel Sachs"><formattedValue language="en">430.4.1.3 Membranophone Hornbostel Sachs</formattedValue></vocabularyReferenceItem></vocabularyReference><virtualField name="RegExhibitionVrt"><value>EM-DAF-Musik, Berlin</value></virtualField><virtualField name="RegContractVrt"><value></value></virtualField><virtualField name="RegRegistrarVrt"><value>EM-DAF-Musik, Berlin, VII c 285 b, Schlegel einer Sanduhrtrommel, changgo, Koreanische Botschaft (1980)</value></virtualField><virtualField name="RegNumberVrt"><value>null</value></virtualField><virtualField name="RegRegistrarENVrt"><value>EM-DAF-Musik, Berlin, VII c 285 b, Schlegel einer Sanduhrtrommel, changgo, Koreanische Botschaft (1980)</value></virtualField><virtualField name="RegSectionVrt"><value>430.4.1.3 Membranophone Hornbostel Sachs</value></virtualField><moduleReference name="RegExhibitionRef" targetModule="Exhibition" multiplicity="N:1" size="1"><moduleReferenceItem moduleItemId="20222" uuid="20222"><formattedValue language="en">EM-DAF-Musik, Berlin</formattedValue></moduleReferenceItem></moduleReference><moduleReference name="RegObjectRef" targetModule="Object" multiplicity="N:1" size="1"><moduleReferenceItem moduleItemId="256740" uuid="256740"><formattedValue language="en">VII c 285 b, Schlegel einer Sanduhrtrommel, changgo, Koreanische Botschaft (1980)</formattedValue></moduleReferenceItem></moduleReference></moduleItem><moduleItem hasAttachments="true" id="183240" uuid="183240"><systemField dataType="Long" name="__id"><value>183240</value></systemField><systemField dataType="Varchar" name="__lastModifiedUser"><value>Zetcom_migration</value></systemField><systemField dataType="Timestamp" name="__lastModified"><value>2020-11-29 22:46:06.0</value><formattedValue language="en">29/11/2020 10:46</formattedValue></systemField><systemField dataType="Varchar" name="__createdUser"><value>ZET_DÜ</value></systemField><systemField dataType="Timestamp" name="__created"><value>2020-11-30 15:13:06.555</value><formattedValue language="en">30/11/2020 03:13</formattedValue></systemField><systemField dataType="Long" name="__orgUnit"><value>EMMusikethnologie</value></systemField><systemField name="__uuid"><value>183240</value></systemField><vocabularyReference name="RegSectionVoc" id="51622" instanceName="RegSectionVgr"><vocabularyReferenceItem id="4171963" name="430.4.1.1 Idiophone Hornbostel Sachs Klassifikation"><formattedValue language="en">430.4.1.1 Idiophone Hornbostel Sachs Klassifikation</formattedValue></vocabularyReferenceItem></vocabularyReference><virtualField name="RegExhibitionVrt"><value>EM-DAF-Musik, Berlin</value></virtualField><virtualField name="RegContractVrt"><value></value></virtualField><virtualField name="RegRegistrarVrt"><value>EM-DAF-Musik, Berlin, VII c 582 a, Idioglotte Maultrommel, bikong, 1989, Hans Brandeis (1989)</value></virtualField><virtualField name="RegNumberVrt"><value>null</value></virtualField><virtualField name="RegRegistrarENVrt"><value>EM-DAF-Musik, Berlin, VII c 582 a, Idioglotte Maultrommel, bikong, 1989, Hans Brandeis (1989)</value></virtualField><virtualField name="RegSectionVrt"><value>430.4.1.1 Idiophone Hornbostel Sachs Klassifikation</value></virtualField><moduleReference name="RegExhibitionRef" targetModule="Exhibition" multiplicity="N:1" size="1"><moduleReferenceItem moduleItemId="20222" uuid="20222"><formattedValue language="en">EM-DAF-Musik, Berlin</formattedValue></moduleReferenceItem></moduleReference><moduleReference name="RegObjectRef" targetModule="Object" multiplicity="N:1" size="1"><moduleReferenceItem moduleItemId="1610219" uuid="1610219"><formattedValue language="en">VII c 582 a, Idioglotte Maultrommel, bikong, 1989, Hans Brandeis (1989)</formattedValue></moduleReferenceItem></moduleReference></moduleItem><moduleItem hasAttachments="true" id="183241" uuid="183241"><systemField dataType="Long" name="__id"><value>183241</value></systemField><systemField dataType="Varchar" name="__lastModifiedUser"><value>Zetcom_migration</value></systemField><systemField dataType="Timestamp" name="__lastModified"><value>2020-11-29 22:46:06.0</value><formattedValue language="en">29/11/2020 10:46</formattedValue></systemField><systemField dataType="Varchar" name="__createdUser"><value>ZET_DÜ</value></systemField><systemField dataType="Timestamp" name="__created"><value>2020-11-30 15:13:06.555</value><formattedValue language="en">30/11/2020 03:13</formattedValue></systemField><systemField dataType="Long" name="__orgUnit"><value>EMMusikethnologie</value></systemField><systemField name="__uuid"><value>183241</value></systemField><vocabularyReference name="RegSectionVoc" id="51622" instanceName="RegSectionVgr"><vocabularyReferenceItem id="4171963" name="430.4.1.1 Idiophone Hornbostel Sachs Klassifikation"><formattedValue language="en">430.4.1.1 Idiophone Hornbostel Sachs Klassifikation</formattedValue></vocabularyReferenceItem></vocabularyReference><virtualField name="RegExhibitionVrt"><value>EM-DAF-Musik, Berlin</value></virtualField><virtualField name="RegContractVrt"><value></value></virtualField><virtualField name="RegRegistrarVrt"><value>EM-DAF-Musik, Berlin, VII c 582 b, Behälter für Maultrommel, bikong, 1989, Hans Brandeis (1989)</value></virtualField><virtualField name="RegNumberVrt"><value>null</value></virtualField><virtualField name="RegRegistrarENVrt"><value>EM-DAF-Musik, Berlin, VII c 582 b, Behälter für Maultrommel, bikong, 1989, Hans Brandeis (1989)</value></virtualField><virtualField name="RegSectionVrt"><value>430.4.1.1 Idiophone Hornbostel Sachs Klassifikation</value></virtualField><moduleReference name="RegExhibitionRef" targetModule="Exhibition" multiplicity="N:1" size="1"><moduleReferenceItem moduleItemId="20222" uuid="20222"><formattedValue language="en">EM-DAF-Musik, Berlin</formattedValue></moduleReferenceItem></moduleReference><moduleReference name="RegObjectRef" targetModule="Object" multiplicity="N:1" size="1"><moduleReferenceItem moduleItemId="1610220" uuid="1610220"><formattedValue language="en">VII c 582 b, Behälter für Maultrommel, bikong, 1989, Hans Brandeis (1989)</formattedValue></moduleReferenceItem></moduleReference></moduleItem><moduleItem hasAttachments="true" id="234257" uuid="234257"><systemField dataType="Long" name="__id"><value>234257</value></systemField><systemField dataType="Varchar" name="__lastModifiedUser"><value>Zetcom_migration</value></systemField><systemField dataType="Timestamp" name="__lastModified"><value>2020-11-29 22:46:06.0</value><formattedValue language="en">29/11/2020 10:46</formattedValue></systemField><systemField dataType="Varchar" name="__createdUser"><value>ZET_DÜ</value></systemField><systemField dataType="Timestamp" name="__created"><value>2020-11-30 15:13:06.41</value><formattedValue language="en">30/11/2020 03:13</formattedValue></systemField><systemField dataType="Long" name="__orgUnit"><value>EMMusikethnologie</value></systemField><systemField name="__uuid"><value>234257</value></systemField><vocabularyReference name="RegSectionVoc" id="51622" instanceName="RegSectionVgr"><vocabularyReferenceItem id="4171062" name="430.2.3 Dokumentationsobjekte Instrumentenbau"><formattedValue language="en">430.2.3 Dokumentationsobjekte Instrumentenbau</formattedValue></vocabularyReferenceItem></vocabularyReference><virtualField name="RegExhibitionVrt"><value>EM-DAF-Musik, Berlin</value></virtualField><virtualField name="RegContractVrt"><value></value></virtualField><virtualField name="RegRegistrarVrt"><value>EM-DAF-Musik, Berlin, VII c 769, Wölbbrettzither, dàn tranh, Silke Mothes (1997)</value></virtualField><virtualField name="RegNumberVrt"><value>null</value></virtualField><virtualField name="RegRegistrarENVrt"><value>EM-DAF-Musik, Berlin, VII c 769, Wölbbrettzither, dàn tranh, Silke Mothes (1997)</value></virtualField><virtualField name="RegSectionVrt"><value>430.2.3 Dokumentationsobjekte Instrumentenbau</value></virtualField><moduleReference name="RegExhibitionRef" targetModule="Exhibition" multiplicity="N:1" size="1"><moduleReferenceItem moduleItemId="20222" uuid="20222"><formattedValue language="en">EM-DAF-Musik, Berlin</formattedValue></moduleReferenceItem></moduleReference><moduleReference name="RegObjectRef" targetModule="Object" multiplicity="N:1" size="1"><moduleReferenceItem moduleItemId="837833" uuid="837833"><formattedValue language="en">VII c 769, Wölbbrettzither, dàn tranh, Silke Mothes (1997)</formattedValue></moduleReferenceItem></moduleReference></moduleItem><moduleItem hasAttachments="true" id="234577" uuid="234577"><systemField dataType="Long" name="__id"><value>234577</value></systemField><systemField dataType="Varchar" name="__lastModifiedUser"><value>Zetcom_migration</value></systemField><systemField dataType="Timestamp" name="__lastModified"><value>2020-11-29 22:46:06.0</value><formattedValue language="en">29/11/2020 10:46</formattedValue></systemField><systemField dataType="Varchar" name="__createdUser"><value>ZET_DÜ</value></systemField><systemField dataType="Timestamp" name="__created"><value>2020-11-30 15:13:06.555</value><formattedValue language="en">30/11/2020 03:13</formattedValue></systemField><systemField dataType="Long" name="__orgUnit"><value>EMMusikethnologie</value></systemField><systemField name="__uuid"><value>234577</value></systemField><vocabularyReference name="RegSectionVoc" id="51622" instanceName="RegSectionVgr"><vocabularyReferenceItem id="4171062" name="430.2.3 Dokumentationsobjekte Instrumentenbau"><formattedValue language="en">430.2.3 Dokumentationsobjekte Instrumentenbau</formattedValue></vocabularyReferenceItem></vocabularyReference><virtualField name="RegExhibitionVrt"><value>EM-DAF-Musik, Berlin</value></virtualField><virtualField name="RegContractVrt"><value></value></virtualField><virtualField name="RegRegistrarVrt"><value>EM-DAF-Musik, Berlin, VII c 943, Teile einer Sitar, Explosion-Sitar, 1995, Lars-Christian Koch (1995)</value></virtualField><virtualField name="RegNumberVrt"><value>null</value></virtualField><virtualField name="RegRegistrarENVrt"><value>EM-DAF-Musik, Berlin, VII c 943, Teile einer Sitar, Explosion-Sitar, 1995, Lars-Christian Koch (1995)</value></virtualField><virtualField name="RegSectionVrt"><value>430.2.3 Dokumentationsobjekte Instrumentenbau</value></virtualField><moduleReference name="RegExhibitionRef" targetModule="Exhibition" multiplicity="N:1" size="1"><moduleReferenceItem moduleItemId="20222" uuid="20222"><formattedValue language="en">EM-DAF-Musik, Berlin</formattedValue></moduleReferenceItem></moduleReference><moduleReference name="RegObjectRef" targetModule="Object" multiplicity="N:1" size="1"><moduleReferenceItem moduleItemId="2423433" uuid="2423433"><formattedValue language="en">VII c 943, Teile einer Sitar, Explosion-Sitar, 1995, Lars-Christian Koch (1995)</formattedValue></moduleReferenceItem></moduleReference></moduleItem><moduleItem hasAttachments="true" id="245038" uuid="245038"><systemField dataType="Long" name="__id"><value>245038</value></systemField><systemField dataType="Varchar" name="__lastModifiedUser"><value>Zetcom_migration</value></systemField><systemField dataType="Timestamp" name="__lastModified"><value>2020-11-29 22:46:06.0</value><formattedValue language="en">29/11/2020 10:46</formattedValue></systemField><systemField dataType="Varchar" name="__createdUser"><value>ZET_DÜ</value></systemField><systemField dataType="Timestamp" name="__created"><value>2020-11-30 15:13:06.41</value><formattedValue language="en">30/11/2020 03:13</formattedValue></systemField><systemField dataType="Long" name="__orgUnit"><value>EMPhonogrammArchiv</value></systemField><systemField name="__uuid"><value>245038</value></systemField><vocabularyReference name="RegSectionVoc" id="51622" instanceName="RegSectionVgr"><vocabularyReferenceItem id="4171058" name="430.1 Phonogramm-Archiv"><formattedValue language="en">430.1 Phonogramm-Archiv</formattedValue></vocabularyReferenceItem></vocabularyReference><virtualField name="RegExhibitionVrt"><value>EM-DAF-Musik, Berlin</value></virtualField><virtualField name="RegContractVrt"><value></value></virtualField><virtualField name="RegRegistrarVrt"><value>EM-DAF-Musik, Berlin, MV 686 e 16/3, Phonograph, Edison-Home-Phonograph und eine Auswahl von Walzen, ca. 1905</value></virtualField><virtualField name="RegNumberVrt"><value>null</value></virtualField><virtualField name="RegRegistrarENVrt"><value>EM-DAF-Musik, Berlin, MV 686 e 16/3, Phonograph, Edison-Home-Phonograph und eine Auswahl von Walzen, ca. 1905</value></virtualField><virtualField name="RegSectionVrt"><value>430.1 Phonogramm-Archiv</value></virtualField><moduleReference name="RegExhibitionRef" targetModule="Exhibition" multiplicity="N:1" size="1"><moduleReferenceItem moduleItemId="20222" uuid="20222"><formattedValue language="en">EM-DAF-Musik, Berlin</formattedValue></moduleReferenceItem></moduleReference><moduleReference name="RegObjectRef" targetModule="Object" multiplicity="N:1" size="1"><moduleReferenceItem moduleItemId="739656" uuid="739656"><formattedValue language="en">MV 686 e 16/3, Phonograph, Edison-Home-Phonograph und eine Auswahl von Walzen, ca. 1905</formattedValue></moduleReferenceItem></moduleReference></moduleItem><moduleItem hasAttachments="true" id="260720" uuid="260720"><systemField dataType="Long" name="__id"><value>260720</value></systemField><systemField dataType="Varchar" name="__lastModifiedUser"><value>EM_MM</value></systemField><systemField dataType="Timestamp" name="__lastModified"><value>2021-01-07 11:05:02.977</value><formattedValue language="en">07/01/2021 11:05</formattedValue></systemField><systemField dataType="Varchar" name="__createdUser"><value>ZET_DÜ</value></systemField><systemField dataType="Timestamp" name="__created"><value>2020-11-30 15:13:05.57</value><formattedValue language="en">30/11/2020 03:13</formattedValue></systemField><systemField dataType="Long" name="__orgUnit"><value>EMPhonogrammArchiv</value></systemField><systemField name="__uuid"><value>260720</value></systemField><vocabularyReference name="RegSectionVoc" id="51622" instanceName="RegSectionVgr"><vocabularyReferenceItem id="4171058" name="430.1 Phonogramm-Archiv"><formattedValue language="en">430.1 Phonogramm-Archiv</formattedValue></vocabularyReferenceItem></vocabularyReference><virtualField name="RegExhibitionVrt"><value>EM-DAF-Musik, Berlin</value></virtualField><virtualField name="RegContractVrt"><value></value></virtualField><virtualField name="RegRegistrarVrt"><value>EM-DAF-Musik, Berlin, VII WS 18. 23- G, Galvano, Archiv Kamerun, 1909, Berliner Phonogramm-Archiv (1900)</value></virtualField><virtualField name="RegNumberVrt"><value>null</value></virtualField><virtualField name="RegRegistrarENVrt"><value>EM-DAF-Musik, Berlin, VII WS 18. 23- G, Galvano, Archiv Kamerun, 1909, Berliner Phonogramm-Archiv (1900)</value></virtualField><virtualField name="RegSectionVrt"><value>430.1 Phonogramm-Archiv</value></virtualField><moduleReference name="RegExhibitionRef" targetModule="Exhibition" multiplicity="N:1" size="1"><moduleReferenceItem moduleItemId="20222" uuid="20222"><formattedValue language="en">EM-DAF-Musik, Berlin</formattedValue></moduleReferenceItem></moduleReference><moduleReference name="RegObjectRef" targetModule="Object" multiplicity="N:1" size="1"><moduleReferenceItem moduleItemId="2448874" uuid="2448874"><formattedValue language="en">VII WS 18. 23- G, Galvano, Archiv Kamerun, 1909, Berliner Phonogramm-Archiv (1900)</formattedValue></moduleReferenceItem></moduleReference></moduleItem><moduleItem hasAttachments="true" id="260721" uuid="260721"><systemField dataType="Long" name="__id"><value>260721</value></systemField><systemField dataType="Varchar" name="__lastModifiedUser"><value>EM_MM</value></systemField><systemField dataType="Timestamp" name="__lastModified"><value>2021-01-07 11:06:05.932</value><formattedValue language="en">07/01/2021 11:06</formattedValue></systemField><systemField dataType="Varchar" name="__createdUser"><value>ZET_DÜ</value></systemField><systemField dataType="Timestamp" name="__created"><value>2020-11-30 15:13:05.57</value><formattedValue language="en">30/11/2020 03:13</formattedValue></systemField><systemField dataType="Long" name="__orgUnit"><value>EMPhonogrammArchiv</value></systemField><systemField name="__uuid"><value>260721</value></systemField><vocabularyReference name="RegSectionVoc" id="51622" instanceName="RegSectionVgr"><vocabularyReferenceItem id="4171058" name="430.1 Phonogramm-Archiv"><formattedValue language="en">430.1 Phonogramm-Archiv</formattedValue></vocabularyReferenceItem></vocabularyReference><virtualField name="RegExhibitionVrt"><value>EM-DAF-Musik, Berlin</value></virtualField><virtualField name="RegContractVrt"><value></value></virtualField><virtualField name="RegRegistrarVrt"><value>EM-DAF-Musik, Berlin, VII WS 18. 26- G, Galvano, Archiv Kamerun, 1909, Berliner Phonogramm-Archiv (1900)</value></virtualField><virtualField name="RegNumberVrt"><value>null</value></virtualField><virtualField name="RegRegistrarENVrt"><value>EM-DAF-Musik, Berlin, VII WS 18. 26- G, Galvano, Archiv Kamerun, 1909, Berliner Phonogramm-Archiv (1900)</value></virtualField><virtualField name="RegSectionVrt"><value>430.1 Phonogramm-Archiv</value></virtualField><moduleReference name="RegExhibitionRef" targetModule="Exhibition" multiplicity="N:1" size="1"><moduleReferenceItem moduleItemId="20222" uuid="20222"><formattedValue language="en">EM-DAF-Musik, Berlin</formattedValue></moduleReferenceItem></moduleReference><moduleReference name="RegObjectRef" targetModule="Object" multiplicity="N:1" size="1"><moduleReferenceItem moduleItemId="2448894" uuid="2448894"><formattedValue language="en">VII WS 18. 26- G, Galvano, Archiv Kamerun, 1909, Berliner Phonogramm-Archiv (1900)</formattedValue></moduleReferenceItem></moduleReference></moduleItem><moduleItem hasAttachments="true" id="260722" uuid="260722"><systemField dataType="Long" name="__id"><value>260722</value></systemField><systemField dataType="Varchar" name="__lastModifiedUser"><value>EM_MM</value></systemField><systemField dataType="Timestamp" name="__lastModified"><value>2021-01-07 11:06:43.274</value><formattedValue language="en">07/01/2021 11:06</formattedValue></systemField><systemField dataType="Varchar" name="__createdUser"><value>ZET_DÜ</value></systemField><systemField dataType="Timestamp" name="__created"><value>2020-11-30 15:13:05.57</value><formattedValue language="en">30/11/2020 03:13</formattedValue></systemField><systemField dataType="Long" name="__orgUnit"><value>EMPhonogrammArchiv</value></systemField><systemField name="__uuid"><value>260722</value></systemField><vocabularyReference name="RegSectionVoc" id="51622" instanceName="RegSectionVgr"><vocabularyReferenceItem id="4171058" name="430.1 Phonogramm-Archiv"><formattedValue language="en">430.1 Phonogramm-Archiv</formattedValue></vocabularyReferenceItem></vocabularyReference><virtualField name="RegExhibitionVrt"><value>EM-DAF-Musik, Berlin</value></virtualField><virtualField name="RegContractVrt"><value></value></virtualField><virtualField name="RegRegistrarVrt"><value>EM-DAF-Musik, Berlin, VII WS 18. 29- G, Galvano, Archiv Kamerun, 1909, Berliner Phonogramm-Archiv (1900)</value></virtualField><virtualField name="RegNumberVrt"><value>null</value></virtualField><virtualField name="RegRegistrarENVrt"><value>EM-DAF-Musik, Berlin, VII WS 18. 29- G, Galvano, Archiv Kamerun, 1909, Berliner Phonogramm-Archiv (1900)</value></virtualField><virtualField name="RegSectionVrt"><value>430.1 Phonogramm-Archiv</value></virtualField><moduleReference name="RegExhibitionRef" targetModule="Exhibition" multiplicity="N:1" size="1"><moduleReferenceItem moduleItemId="20222" uuid="20222"><formattedValue language="en">EM-DAF-Musik, Berlin</formattedValue></moduleReferenceItem></moduleReference><moduleReference name="RegObjectRef" targetModule="Object" multiplicity="N:1" size="1"><moduleReferenceItem moduleItemId="2448907" uuid="2448907"><formattedValue language="en">VII WS 18. 29- G, Galvano, Archiv Kamerun, 1909, Berliner Phonogramm-Archiv (1900)</formattedValue></moduleReferenceItem></moduleReference></moduleItem><moduleItem hasAttachments="true" id="260723" uuid="260723"><systemField dataType="Long" name="__id"><value>260723</value></systemField><systemField dataType="Varchar" name="__lastModifiedUser"><value>EM_MM</value></systemField><systemField dataType="Timestamp" name="__lastModified"><value>2021-01-07 10:47:03.364</value><formattedValue language="en">07/01/2021 10:47</formattedValue></systemField><systemField dataType="Varchar" name="__createdUser"><value>ZET_DÜ</value></systemField><systemField dataType="Timestamp" name="__created"><value>2020-11-30 15:13:05.57</value><formattedValue language="en">30/11/2020 03:13</formattedValue></systemField><systemField dataType="Long" name="__orgUnit"><value>EMPhonogrammArchiv</value></systemField><systemField name="__uuid"><value>260723</value></systemField><vocabularyReference name="RegSectionVoc" id="51622" instanceName="RegSectionVgr"><vocabularyReferenceItem id="4171058" name="430.1 Phonogramm-Archiv"><formattedValue language="en">430.1 Phonogramm-Archiv</formattedValue></vocabularyReferenceItem></vocabularyReference><virtualField name="RegExhibitionVrt"><value>EM-DAF-Musik, Berlin</value></virtualField><virtualField name="RegContractVrt"><value></value></virtualField><virtualField name="RegRegistrarVrt"><value>EM-DAF-Musik, Berlin, VII WS 18. 32- G, Galvano, Archiv Kamerun, 1909, Berliner Phonogramm-Archiv (1900)</value></virtualField><virtualField name="RegNumberVrt"><value>null</value></virtualField><virtualField name="RegRegistrarENVrt"><value>EM-DAF-Musik, Berlin, VII WS 18. 32- G, Galvano, Archiv Kamerun, 1909, Berliner Phonogramm-Archiv (1900)</value></virtualField><virtualField name="RegSectionVrt"><value>430.1 Phonogramm-Archiv</value></virtualField><moduleReference name="RegExhibitionRef" targetModule="Exhibition" multiplicity="N:1" size="1"><moduleReferenceItem moduleItemId="20222" uuid="20222"><formattedValue language="en">EM-DAF-Musik, Berlin</formattedValue></moduleReferenceItem></moduleReference><moduleReference name="RegObjectRef" targetModule="Object" multiplicity="N:1" size="1"><moduleReferenceItem moduleItemId="2448915" uuid="2448915"><formattedValue language="en">VII WS 18. 32- G, Galvano, Archiv Kamerun, 1909, Berliner Phonogramm-Archiv (1900)</formattedValue></moduleReferenceItem></moduleReference></moduleItem><moduleItem hasAttachments="true" id="260724" uuid="260724"><systemField dataType="Long" name="__id"><value>260724</value></systemField><systemField dataType="Varchar" name="__lastModifiedUser"><value>EM_MM</value></systemField><systemField dataType="Timestamp" name="__lastModified"><value>2021-01-07 11:07:28.398</value><formattedValue language="en">07/01/2021 11:07</formattedValue></systemField><systemField dataType="Varchar" name="__createdUser"><value>ZET_DÜ</value></systemField><systemField dataType="Timestamp" name="__created"><value>2020-11-30 15:13:05.57</value><formattedValue language="en">30/11/2020 03:13</formattedValue></systemField><systemField dataType="Long" name="__orgUnit"><value>EMPhonogrammArchiv</value></systemField><systemField name="__uuid"><value>260724</value></systemField><vocabularyReference name="RegSectionVoc" id="51622" instanceName="RegSectionVgr"><vocabularyReferenceItem id="4171058" name="430.1 Phonogramm-Archiv"><formattedValue language="en">430.1 Phonogramm-Archiv</formattedValue></vocabularyReferenceItem></vocabularyReference><virtualField name="RegExhibitionVrt"><value>EM-DAF-Musik, Berlin</value></virtualField><virtualField name="RegContractVrt"><value></value></virtualField><virtualField name="RegRegistrarVrt"><value>EM-DAF-Musik, Berlin, VII WS 18. 41- G, Galvano, Archiv Kamerun, 1909, Berliner Phonogramm-Archiv (1900)</value></virtualField><virtualField name="RegNumberVrt"><value>null</value></virtualField><virtualField name="RegRegistrarENVrt"><value>EM-DAF-Musik, Berlin, VII WS 18. 41- G, Galvano, Archiv Kamerun, 1909, Berliner Phonogramm-Archiv (1900)</value></virtualField><virtualField name="RegSectionVrt"><value>430.1 Phonogramm-Archiv</value></virtualField><moduleReference name="RegExhibitionRef" targetModule="Exhibition" multiplicity="N:1" size="1"><moduleReferenceItem moduleItemId="20222" uuid="20222"><formattedValue language="en">EM-DAF-Musik, Berlin</formattedValue></moduleReferenceItem></moduleReference><moduleReference name="RegObjectRef" targetModule="Object" multiplicity="N:1" size="1"><moduleReferenceItem moduleItemId="2448957" uuid="2448957"><formattedValue language="en">VII WS 18. 41- G, Galvano, Archiv Kamerun, 1909, Berliner Phonogramm-Archiv (1900)</formattedValue></moduleReferenceItem></moduleReference></moduleItem><moduleItem hasAttachments="true" id="260725" uuid="260725"><systemField dataType="Long" name="__id"><value>260725</value></systemField><systemField dataType="Varchar" name="__lastModifiedUser"><value>EM_MM</value></systemField><systemField dataType="Timestamp" name="__lastModified"><value>2021-01-07 11:08:06.956</value><formattedValue language="en">07/01/2021 11:08</formattedValue></systemField><systemField dataType="Varchar" name="__createdUser"><value>ZET_DÜ</value></systemField><systemField dataType="Timestamp" name="__created"><value>2020-11-30 15:13:05.57</value><formattedValue language="en">30/11/2020 03:13</formattedValue></systemField><systemField dataType="Long" name="__orgUnit"><value>EMPhonogrammArchiv</value></systemField><systemField name="__uuid"><value>260725</value></systemField><vocabularyReference name="RegSectionVoc" id="51622" instanceName="RegSectionVgr"><vocabularyReferenceItem id="4171058" name="430.1 Phonogramm-Archiv"><formattedValue language="en">430.1 Phonogramm-Archiv</formattedValue></vocabularyReferenceItem></vocabularyReference><virtualField name="RegExhibitionVrt"><value>EM-DAF-Musik, Berlin</value></virtualField><virtualField name="RegContractVrt"><value></value></virtualField><virtualField name="RegRegistrarVrt"><value>EM-DAF-Musik, Berlin, VII WS 86. 68- AK, Phonographenwalze – Alte Kopie, Evans-Pritchard Zande, 1929, Edward Evan Evans-Pritchard (1929)</value></virtualField><virtualField name="RegNumberVrt"><value>null</value></virtualField><virtualField name="RegRegistrarENVrt"><value>EM-DAF-Musik, Berlin, VII WS 86. 68- AK, Phonographenwalze – Alte Kopie, Evans-Pritchard Zande, 1929, Edward Evan Evans-Pritchard (1929)</value></virtualField><virtualField name="RegSectionVrt"><value>430.1 Phonogramm-Archiv</value></virtualField><moduleReference name="RegExhibitionRef" targetModule="Exhibition" multiplicity="N:1" size="1"><moduleReferenceItem moduleItemId="20222" uuid="20222"><formattedValue language="en">EM-DAF-Musik, Berlin</formattedValue></moduleReferenceItem></moduleReference><moduleReference name="RegObjectRef" targetModule="Object" multiplicity="N:1" size="1"><moduleReferenceItem moduleItemId="2562197" uuid="2562197"><formattedValue language="en">VII WS 86. 68- AK, Phonographenwalze – Alte Kopie, Evans-Pritchard Zande, 1929, Edward Evan Evans-Pritchard (1929)</formattedValue></moduleReferenceItem></moduleReference></moduleItem><moduleItem hasAttachments="true" id="260726" uuid="260726"><systemField dataType="Long" name="__id"><value>260726</value></systemField><systemField dataType="Varchar" name="__lastModifiedUser"><value>EM_MM</value></systemField><systemField dataType="Timestamp" name="__lastModified"><value>2021-01-07 11:08:46.402</value><formattedValue language="en">07/01/2021 11:08</formattedValue></systemField><systemField dataType="Varchar" name="__createdUser"><value>ZET_DÜ</value></systemField><systemField dataType="Timestamp" name="__created"><value>2020-11-30 15:13:05.57</value><formattedValue language="en">30/11/2020 03:13</formattedValue></systemField><systemField dataType="Long" name="__orgUnit"><value>EMPhonogrammArchiv</value></systemField><systemField name="__uuid"><value>260726</value></systemField><vocabularyReference name="RegSectionVoc" id="51622" instanceName="RegSectionVgr"><vocabularyReferenceItem id="4171058" name="430.1 Phonogramm-Archiv"><formattedValue language="en">430.1 Phonogramm-Archiv</formattedValue></vocabularyReferenceItem></vocabularyReference><virtualField name="RegExhibitionVrt"><value>EM-DAF-Musik, Berlin</value></virtualField><virtualField name="RegContractVrt"><value></value></virtualField><virtualField name="RegRegistrarVrt"><value>EM-DAF-Musik, Berlin, VII WS 86. 69- AK, Phonographenwalze – Alte Kopie, Evans-Pritchard Zande, 1929, Edward Evan Evans-Pritchard (1929)</value></virtualField><virtualField name="RegNumberVrt"><value>null</value></virtualField><virtualField name="RegRegistrarENVrt"><value>EM-DAF-Musik, Berlin, VII WS 86. 69- AK, Phonographenwalze – Alte Kopie, Evans-Pritchard Zande, 1929, Edward Evan Evans-Pritchard (1929)</value></virtualField><virtualField name="RegSectionVrt"><value>430.1 Phonogramm-Archiv</value></virtualField><moduleReference name="RegExhibitionRef" targetModule="Exhibition" multiplicity="N:1" size="1"><moduleReferenceItem moduleItemId="20222" uuid="20222"><formattedValue language="en">EM-DAF-Musik, Berlin</formattedValue></moduleReferenceItem></moduleReference><moduleReference name="RegObjectRef" targetModule="Object" multiplicity="N:1" size="1"><moduleReferenceItem moduleItemId="2562198" uuid="2562198"><formattedValue language="en">VII WS 86. 69- AK, Phonographenwalze – Alte Kopie, Evans-Pritchard Zande, 1929, Edward Evan Evans-Pritchard (1929)</formattedValue></moduleReferenceItem></moduleReference></moduleItem><moduleItem hasAttachments="true" id="260727" uuid="260727"><systemField dataType="Long" name="__id"><value>260727</value></systemField><systemField dataType="Varchar" name="__lastModifiedUser"><value>EM_MM</value></systemField><systemField dataType="Timestamp" name="__lastModified"><value>2021-01-07 11:09:45.771</value><formattedValue language="en">07/01/2021 11:09</formattedValue></systemField><systemField dataType="Varchar" name="__createdUser"><value>ZET_DÜ</value></systemField><systemField dataType="Timestamp" name="__created"><value>2020-11-30 15:13:05.57</value><formattedValue language="en">30/11/2020 03:13</formattedValue></systemField><systemField dataType="Long" name="__orgUnit"><value>EMPhonogrammArchiv</value></systemField><systemField name="__uuid"><value>260727</value></systemField><vocabularyReference name="RegSectionVoc" id="51622" instanceName="RegSectionVgr"><vocabularyReferenceItem id="4171058" name="430.1 Phonogramm-Archiv"><formattedValue language="en">430.1 Phonogramm-Archiv</formattedValue></vocabularyReferenceItem></vocabularyReference><virtualField name="RegExhibitionVrt"><value>EM-DAF-Musik, Berlin</value></virtualField><virtualField name="RegContractVrt"><value></value></virtualField><virtualField name="RegRegistrarVrt"><value>EM-DAF-Musik, Berlin, VII WS 86. 70- AK, Phonographenwalze – Alte Kopie, Evans-Pritchard Zande, 1929, Edward Evan Evans-Pritchard (1929)</value></virtualField><virtualField name="RegNumberVrt"><value>null</value></virtualField><virtualField name="RegRegistrarENVrt"><value>EM-DAF-Musik, Berlin, VII WS 86. 70- AK, Phonographenwalze – Alte Kopie, Evans-Pritchard Zande, 1929, Edward Evan Evans-Pritchard (1929)</value></virtualField><virtualField name="RegSectionVrt"><value>430.1 Phonogramm-Archiv</value></virtualField><moduleReference name="RegExhibitionRef" targetModule="Exhibition" multiplicity="N:1" size="1"><moduleReferenceItem moduleItemId="20222" uuid="20222"><formattedValue language="en">EM-DAF-Musik, Berlin</formattedValue></moduleReferenceItem></moduleReference><moduleReference name="RegObjectRef" targetModule="Object" multiplicity="N:1" size="1"><moduleReferenceItem moduleItemId="2562207" uuid="2562207"><formattedValue language="en">VII WS 86. 70- AK, Phonographenwalze – Alte Kopie, Evans-Pritchard Zande, 1929, Edward Evan Evans-Pritchard (1929)</formattedValue></moduleReferenceItem></moduleReference></moduleItem><moduleItem hasAttachments="true" id="260728" uuid="260728"><systemField dataType="Long" name="__id"><value>260728</value></systemField><systemField dataType="Varchar" name="__lastModifiedUser"><value>EM_MM</value></systemField><systemField dataType="Timestamp" name="__lastModified"><value>2021-01-07 11:11:31.814</value><formattedValue language="en">07/01/2021 11:11</formattedValue></systemField><systemField dataType="Varchar" name="__createdUser"><value>ZET_DÜ</value></systemField><systemField dataType="Timestamp" name="__created"><value>2020-11-30 15:13:05.57</value><formattedValue language="en">30/11/2020 03:13</formattedValue></systemField><systemField dataType="Long" name="__orgUnit"><value>EMPhonogrammArchiv</value></systemField><systemField name="__uuid"><value>260728</value></systemField><vocabularyReference name="RegSectionVoc" id="51622" instanceName="RegSectionVgr"><vocabularyReferenceItem id="4171058" name="430.1 Phonogramm-Archiv"><formattedValue language="en">430.1 Phonogramm-Archiv</formattedValue></vocabularyReferenceItem></vocabularyReference><virtualField name="RegExhibitionVrt"><value>EM-DAF-Musik, Berlin</value></virtualField><virtualField name="RegContractVrt"><value></value></virtualField><virtualField name="RegRegistrarVrt"><value>EM-DAF-Musik, Berlin, VII WS 86. 71- AK, Phonographenwalze – Alte Kopie, Evans-Pritchard Zande, 1929, Edward Evan Evans-Pritchard (1929)</value></virtualField><virtualField name="RegNumberVrt"><value>null</value></virtualField><virtualField name="RegRegistrarENVrt"><value>EM-DAF-Musik, Berlin, VII WS 86. 71- AK, Phonographenwalze – Alte Kopie, Evans-Pritchard Zande, 1929, Edward Evan Evans-Pritchard (1929)</value></virtualField><virtualField name="RegSectionVrt"><value>430.1 Phonogramm-Archiv</value></virtualField><moduleReference name="RegExhibitionRef" targetModule="Exhibition" multiplicity="N:1" size="1"><moduleReferenceItem moduleItemId="20222" uuid="20222"><formattedValue language="en">EM-DAF-Musik, Berlin</formattedValue></moduleReferenceItem></moduleReference><moduleReference name="RegObjectRef" targetModule="Object" multiplicity="N:1" size="1"><moduleReferenceItem moduleItemId="2562208" uuid="2562208"><formattedValue language="en">VII WS 86. 71- AK, Phonographenwalze – Alte Kopie, Evans-Pritchard Zande, 1929, Edward Evan Evans-Pritchard (1929)</formattedValue></moduleReferenceItem></moduleReference></moduleItem><moduleItem hasAttachments="true" id="260729" uuid="260729"><systemField dataType="Long" name="__id"><value>260729</value></systemField><systemField dataType="Varchar" name="__lastModifiedUser"><value>EM_MM</value></systemField><systemField dataType="Timestamp" name="__lastModified"><value>2021-01-07 10:56:08.22</value><formattedValue language="en">07/01/2021 10:56</formattedValue></systemField><systemField dataType="Varchar" name="__createdUser"><value>ZET_DÜ</value></systemField><systemField dataType="Timestamp" name="__created"><value>2020-11-30 15:13:05.57</value><formattedValue language="en">30/11/2020 03:13</formattedValue></systemField><systemField dataType="Long" name="__orgUnit"><value>EMPhonogrammArchiv</value></systemField><systemField name="__uuid"><value>260729</value></systemField><vocabularyReference name="RegSectionVoc" id="51622" instanceName="RegSectionVgr"><vocabularyReferenceItem id="4171058" name="430.1 Phonogramm-Archiv"><formattedValue language="en">430.1 Phonogramm-Archiv</formattedValue></vocabularyReferenceItem></vocabularyReference><virtualField name="RegExhibitionVrt"><value>EM-DAF-Musik, Berlin</value></virtualField><virtualField name="RegContractVrt"><value></value></virtualField><virtualField name="RegRegistrarVrt"><value>EM-DAF-Musik, Berlin, VII WS 86. 72- AK, Phonographenwalze – Alte Kopie, Evans-Pritchard Zande, 1929, Edward Evan Evans-Pritchard (1929)</value></virtualField><virtualField name="RegNumberVrt"><value>null</value></virtualField><virtualField name="RegRegistrarENVrt"><value>EM-DAF-Musik, Berlin, VII WS 86. 72- AK, Phonographenwalze – Alte Kopie, Evans-Pritchard Zande, 1929, Edward Evan Evans-Pritchard (1929)</value></virtualField><virtualField name="RegSectionVrt"><value>430.1 Phonogramm-Archiv</value></virtualField><moduleReference name="RegExhibitionRef" targetModule="Exhibition" multiplicity="N:1" size="1"><moduleReferenceItem moduleItemId="20222" uuid="20222"><formattedValue language="en">EM-DAF-Musik, Berlin</formattedValue></moduleReferenceItem></moduleReference><moduleReference name="RegObjectRef" targetModule="Object" multiplicity="N:1" size="1"><moduleReferenceItem moduleItemId="2562209" uuid="2562209"><formattedValue language="en">VII WS 86. 72- AK, Phonographenwalze – Alte Kopie, Evans-Pritchard Zande, 1929, Edward Evan Evans-Pritchard (1929)</formattedValue></moduleReferenceItem></moduleReference></moduleItem><moduleItem hasAttachments="true" id="260730" uuid="260730"><systemField dataType="Long" name="__id"><value>260730</value></systemField><systemField dataType="Varchar" name="__lastModifiedUser"><value>EM_MM</value></systemField><systemField dataType="Timestamp" name="__lastModified"><value>2021-01-07 10:53:43.311</value><formattedValue language="en">07/01/2021 10:53</formattedValue></systemField><systemField dataType="Varchar" name="__createdUser"><value>ZET_DÜ</value></systemField><systemField dataType="Timestamp" name="__created"><value>2020-11-30 15:13:05.57</value><formattedValue language="en">30/11/2020 03:13</formattedValue></systemField><systemField dataType="Long" name="__orgUnit"><value>EMPhonogrammArchiv</value></systemField><systemField name="__uuid"><value>260730</value></systemField><vocabularyReference name="RegSectionVoc" id="51622" instanceName="RegSectionVgr"><vocabularyReferenceItem id="4171058" name="430.1 Phonogramm-Archiv"><formattedValue language="en">430.1 Phonogramm-Archiv</formattedValue></vocabularyReferenceItem></vocabularyReference><virtualField name="RegExhibitionVrt"><value>EM-DAF-Musik, Berlin</value></virtualField><virtualField name="RegContractVrt"><value></value></virtualField><virtualField name="RegRegistrarVrt"><value>EM-DAF-Musik, Berlin, VII WS 86. 73- AK, Phonographenwalze – Alte Kopie, Evans-Pritchard Zande, 1929, Edward Evan Evans-Pritchard (1929)</value></virtualField><virtualField name="RegNumberVrt"><value>null</value></virtualField><virtualField name="RegRegistrarENVrt"><value>EM-DAF-Musik, Berlin, VII WS 86. 73- AK, Phonographenwalze – Alte Kopie, Evans-Pritchard Zande, 1929, Edward Evan Evans-Pritchard (1929)</value></virtualField><virtualField name="RegSectionVrt"><value>430.1 Phonogramm-Archiv</value></virtualField><moduleReference name="RegExhibitionRef" targetModule="Exhibition" multiplicity="N:1" size="1"><moduleReferenceItem moduleItemId="20222" uuid="20222"><formattedValue language="en">EM-DAF-Musik, Berlin</formattedValue></moduleReferenceItem></moduleReference><moduleReference name="RegObjectRef" targetModule="Object" multiplicity="N:1" size="1"><moduleReferenceItem moduleItemId="2562210" uuid="2562210"><formattedValue language="en">VII WS 86. 73- AK, Phonographenwalze – Alte Kopie, Evans-Pritchard Zande, 1929, Edward Evan Evans-Pritchard (1929)</formattedValue></moduleReferenceItem></moduleReference></moduleItem><moduleItem hasAttachments="true" id="260731" uuid="260731"><systemField dataType="Long" name="__id"><value>260731</value></systemField><systemField dataType="Varchar" name="__lastModifiedUser"><value>EM_MM</value></systemField><systemField dataType="Timestamp" name="__lastModified"><value>2021-01-07 10:52:52.394</value><formattedValue language="en">07/01/2021 10:52</formattedValue></systemField><systemField dataType="Varchar" name="__createdUser"><value>ZET_DÜ</value></systemField><systemField dataType="Timestamp" name="__created"><value>2020-11-30 15:13:05.57</value><formattedValue language="en">30/11/2020 03:13</formattedValue></systemField><systemField dataType="Long" name="__orgUnit"><value>EMPhonogrammArchiv</value></systemField><systemField name="__uuid"><value>260731</value></systemField><vocabularyReference name="RegSectionVoc" id="51622" instanceName="RegSectionVgr"><vocabularyReferenceItem id="4171058" name="430.1 Phonogramm-Archiv"><formattedValue language="en">430.1 Phonogramm-Archiv</formattedValue></vocabularyReferenceItem></vocabularyReference><virtualField name="RegExhibitionVrt"><value>EM-DAF-Musik, Berlin</value></virtualField><virtualField name="RegContractVrt"><value></value></virtualField><virtualField name="RegRegistrarVrt"><value>EM-DAF-Musik, Berlin, VII WS 86. 74- AK, Phonographenwalze – Alte Kopie, Evans-Pritchard Zande, 1929, Edward Evan Evans-Pritchard (1929)</value></virtualField><virtualField name="RegNumberVrt"><value>null</value></virtualField><virtualField name="RegRegistrarENVrt"><value>EM-DAF-Musik, Berlin, VII WS 86. 74- AK, Phonographenwalze – Alte Kopie, Evans-Pritchard Zande, 1929, Edward Evan Evans-Pritchard (1929)</value></virtualField><virtualField name="RegSectionVrt"><value>430.1 Phonogramm-Archiv</value></virtualField><moduleReference name="RegExhibitionRef" targetModule="Exhibition" multiplicity="N:1" size="1"><moduleReferenceItem moduleItemId="20222" uuid="20222"><formattedValue language="en">EM-DAF-Musik, Berlin</formattedValue></moduleReferenceItem></moduleReference><moduleReference name="RegObjectRef" targetModule="Object" multiplicity="N:1" size="1"><moduleReferenceItem moduleItemId="2562212" uuid="2562212"><formattedValue language="en">VII WS 86. 74- AK, Phonographenwalze – Alte Kopie, Evans-Pritchard Zande, 1929, Edward Evan Evans-Pritchard (1929)</formattedValue></moduleReferenceItem></moduleReference></moduleItem><moduleItem hasAttachments="true" id="260732" uuid="260732"><systemField dataType="Long" name="__id"><value>260732</value></systemField><systemField dataType="Varchar" name="__lastModifiedUser"><value>EM_MM</value></systemField><systemField dataType="Timestamp" name="__lastModified"><value>2021-01-07 10:51:33.362</value><formattedValue language="en">07/01/2021 10:51</formattedValue></systemField><systemField dataType="Varchar" name="__createdUser"><value>ZET_DÜ</value></systemField><systemField dataType="Timestamp" name="__created"><value>2020-11-30 15:13:05.57</value><formattedValue language="en">30/11/2020 03:13</formattedValue></systemField><systemField dataType="Long" name="__orgUnit"><value>EMPhonogrammArchiv</value></systemField><systemField name="__uuid"><value>260732</value></systemField><vocabularyReference name="RegSectionVoc" id="51622" instanceName="RegSectionVgr"><vocabularyReferenceItem id="4171058" name="430.1 Phonogramm-Archiv"><formattedValue language="en">430.1 Phonogramm-Archiv</formattedValue></vocabularyReferenceItem></vocabularyReference><virtualField name="RegExhibitionVrt"><value>EM-DAF-Musik, Berlin</value></virtualField><virtualField name="RegContractVrt"><value></value></virtualField><virtualField name="RegRegistrarVrt"><value>EM-DAF-Musik, Berlin, VII WS 86. 75- AK, Phonographenwalze – Alte Kopie, Evans-Pritchard Zande, 1929, Edward Evan Evans-Pritchard (1929)</value></virtualField><virtualField name="RegNumberVrt"><value>null</value></virtualField><virtualField name="RegRegistrarENVrt"><value>EM-DAF-Musik, Berlin, VII WS 86. 75- AK, Phonographenwalze – Alte Kopie, Evans-Pritchard Zande, 1929, Edward Evan Evans-Pritchard (1929)</value></virtualField><virtualField name="RegSectionVrt"><value>430.1 Phonogramm-Archiv</value></virtualField><moduleReference name="RegExhibitionRef" targetModule="Exhibition" multiplicity="N:1" size="1"><moduleReferenceItem moduleItemId="20222" uuid="20222"><formattedValue language="en">EM-DAF-Musik, Berlin</formattedValue></moduleReferenceItem></moduleReference><moduleReference name="RegObjectRef" targetModule="Object" multiplicity="N:1" size="1"><moduleReferenceItem moduleItemId="2562214" uuid="2562214"><formattedValue language="en">VII WS 86. 75- AK, Phonographenwalze – Alte Kopie, Evans-Pritchard Zande, 1929, Edward Evan Evans-Pritchard (1929)</formattedValue></moduleReferenceItem></moduleReference></moduleItem><moduleItem hasAttachments="true" id="260733" uuid="260733"><systemField dataType="Long" name="__id"><value>260733</value></systemField><systemField dataType="Varchar" name="__lastModifiedUser"><value>EM_MM</value></systemField><systemField dataType="Timestamp" name="__lastModified"><value>2021-01-07 10:49:59.408</value><formattedValue language="en">07/01/2021 10:49</formattedValue></systemField><systemField dataType="Varchar" name="__createdUser"><value>ZET_DÜ</value></systemField><systemField dataType="Timestamp" name="__created"><value>2020-11-30 15:13:05.57</value><formattedValue language="en">30/11/2020 03:13</formattedValue></systemField><systemField dataType="Long" name="__orgUnit"><value>EMPhonogrammArchiv</value></systemField><systemField name="__uuid"><value>260733</value></systemField><vocabularyReference name="RegSectionVoc" id="51622" instanceName="RegSectionVgr"><vocabularyReferenceItem id="4171058" name="430.1 Phonogramm-Archiv"><formattedValue language="en">430.1 Phonogramm-Archiv</formattedValue></vocabularyReferenceItem></vocabularyReference><virtualField name="RegExhibitionVrt"><value>EM-DAF-Musik, Berlin</value></virtualField><virtualField name="RegContractVrt"><value></value></virtualField><virtualField name="RegRegistrarVrt"><value>EM-DAF-Musik, Berlin, VII WS 86. 76- AK, Phonographenwalze – Alte Kopie, Evans-Pritchard Zande, 1929, Edward Evan Evans-Pritchard (1929)</value></virtualField><virtualField name="RegNumberVrt"><value>null</value></virtualField><virtualField name="RegRegistrarENVrt"><value>EM-DAF-Musik, Berlin, VII WS 86. 76- AK, Phonographenwalze – Alte Kopie, Evans-Pritchard Zande, 1929, Edward Evan Evans-Pritchard (1929)</value></virtualField><virtualField name="RegSectionVrt"><value>430.1 Phonogramm-Archiv</value></virtualField><moduleReference name="RegExhibitionRef" targetModule="Exhibition" multiplicity="N:1" size="1"><moduleReferenceItem moduleItemId="20222" uuid="20222"><formattedValue language="en">EM-DAF-Musik, Berlin</formattedValue></moduleReferenceItem></moduleReference><moduleReference name="RegObjectRef" targetModule="Object" multiplicity="N:1" size="1"><moduleReferenceItem moduleItemId="2562215" uuid="2562215"><formattedValue language="en">VII WS 86. 76- AK, Phonographenwalze – Alte Kopie, Evans-Pritchard Zande, 1929, Edward Evan Evans-Pritchard (1929)</formattedValue></moduleReferenceItem></moduleReference></moduleItem><moduleItem hasAttachments="true" id="260734" uuid="260734"><systemField dataType="Long" name="__id"><value>260734</value></systemField><systemField dataType="Varchar" name="__lastModifiedUser"><value>EM_MM</value></systemField><systemField dataType="Timestamp" name="__lastModified"><value>2021-01-07 10:48:16.337</value><formattedValue language="en">07/01/2021 10:48</formattedValue></systemField><systemField dataType="Varchar" name="__createdUser"><value>ZET_DÜ</value></systemField><systemField dataType="Timestamp" name="__created"><value>2020-11-30 15:13:05.57</value><formattedValue language="en">30/11/2020 03:13</formattedValue></systemField><systemField dataType="Long" name="__orgUnit"><value>EMPhonogrammArchiv</value></systemField><systemField name="__uuid"><value>260734</value></systemField><vocabularyReference name="RegSectionVoc" id="51622" instanceName="RegSectionVgr"><vocabularyReferenceItem id="4171058" name="430.1 Phonogramm-Archiv"><formattedValue language="en">430.1 Phonogramm-Archiv</formattedValue></vocabularyReferenceItem></vocabularyReference><virtualField name="RegExhibitionVrt"><value>EM-DAF-Musik, Berlin</value></virtualField><virtualField name="RegContractVrt"><value></value></virtualField><virtualField name="RegRegistrarVrt"><value>EM-DAF-Musik, Berlin, VII WS 86. 77- AK, Phonographenwalze – Alte Kopie, Evans-Pritchard Zande, 1929, Edward Evan Evans-Pritchard (1929)</value></virtualField><virtualField name="RegNumberVrt"><value>null</value></virtualField><virtualField name="RegRegistrarENVrt"><value>EM-DAF-Musik, Berlin, VII WS 86. 77- AK, Phonographenwalze – Alte Kopie, Evans-Pritchard Zande, 1929, Edward Evan Evans-Pritchard (1929)</value></virtualField><virtualField name="RegSectionVrt"><value>430.1 Phonogramm-Archiv</value></virtualField><moduleReference name="RegExhibitionRef" targetModule="Exhibition" multiplicity="N:1" size="1"><moduleReferenceItem moduleItemId="20222" uuid="20222"><formattedValue language="en">EM-DAF-Musik, Berlin</formattedValue></moduleReferenceItem></moduleReference><moduleReference name="RegObjectRef" targetModule="Object" multiplicity="N:1" size="1"><moduleReferenceItem moduleItemId="2562216" uuid="2562216"><formattedValue language="en">VII WS 86. 77- AK, Phonographenwalze – Alte Kopie, Evans-Pritchard Zande, 1929, Edward Evan Evans-Pritchard (1929)</formattedValue></moduleReferenceItem></moduleReference></moduleItem><moduleItem hasAttachments="true" id="260735" uuid="260735"><systemField dataType="Long" name="__id"><value>260735</value></systemField><systemField dataType="Varchar" name="__lastModifiedUser"><value>EM_MM</value></systemField><systemField dataType="Timestamp" name="__lastModified"><value>2021-01-11 17:19:20.689</value><formattedValue language="en">11/01/2021 05:19</formattedValue></systemField><systemField dataType="Varchar" name="__createdUser"><value>ZET_DÜ</value></systemField><systemField dataType="Timestamp" name="__created"><value>2020-11-30 15:13:06.704</value><formattedValue language="en">30/11/2020 03:13</formattedValue></systemField><systemField dataType="Long" name="__orgUnit"><value>EMAusstellungsobjekte</value></systemField><systemField name="__uuid"><value>260735</value></systemField><vocabularyReference name="RegSectionVoc" id="51622" instanceName="RegSectionVgr"><vocabularyReferenceItem id="4171058" name="430.1 Phonogramm-Archiv"><formattedValue language="en">430.1 Phonogramm-Archiv</formattedValue></vocabularyReferenceItem></vocabularyReference><virtualField name="RegExhibitionVrt"><value>EM-DAF-Musik, Berlin</value></virtualField><virtualField name="RegContractVrt"><value></value></virtualField><virtualField name="RegRegistrarVrt"><value>EM-DAF-Musik, Berlin, Phon.Arch. Neu 1, Phonographenwalze - Neue Kopie</value></virtualField><virtualField name="RegNumberVrt"><value>null</value></virtualField><virtualField name="RegRegistrarENVrt"><value>EM-DAF-Musik, Berlin, Phon.Arch. Neu 1, Phonographenwalze - Neue Kopie</value></virtualField><virtualField name="RegSectionVrt"><value>430.1 Phonogramm-Archiv</value></virtualField><moduleReference name="RegExhibitionRef" targetModule="Exhibition" multiplicity="N:1" size="1"><moduleReferenceItem moduleItemId="20222" uuid="20222"><formattedValue language="en">EM-DAF-Musik, Berlin</formattedValue></moduleReferenceItem></moduleReference><moduleReference name="RegObjectRef" targetModule="Object" multiplicity="N:1" size="1"><moduleReferenceItem moduleItemId="2562385" uuid="2562385"><formattedValue language="en">Phon.Arch. Neu 1, Phonographenwalze - Neue Kopie</formattedValue></moduleReferenceItem></moduleReference></moduleItem><moduleItem hasAttachments="true" id="260736" uuid="260736"><systemField dataType="Long" name="__id"><value>260736</value></systemField><systemField dataType="Varchar" name="__lastModifiedUser"><value>EM_MM</value></systemField><systemField dataType="Timestamp" name="__lastModified"><value>2021-01-11 17:24:43.252</value><formattedValue language="en">11/01/2021 05:24</formattedValue></systemField><systemField dataType="Varchar" name="__createdUser"><value>ZET_DÜ</value></systemField><systemField dataType="Timestamp" name="__created"><value>2020-11-30 15:13:06.704</value><formattedValue language="en">30/11/2020 03:13</formattedValue></systemField><systemField dataType="Long" name="__orgUnit"><value>EMAusstellungsobjekte</value></systemField><systemField name="__uuid"><value>260736</value></systemField><vocabularyReference name="RegSectionVoc" id="51622" instanceName="RegSectionVgr"><vocabularyReferenceItem id="4171058" name="430.1 Phonogramm-Archiv"><formattedValue language="en">430.1 Phonogramm-Archiv</formattedValue></vocabularyReferenceItem></vocabularyReference><virtualField name="RegExhibitionVrt"><value>EM-DAF-Musik, Berlin</value></virtualField><virtualField name="RegContractVrt"><value></value></virtualField><virtualField name="RegRegistrarVrt"><value>EM-DAF-Musik, Berlin, Phon.Arch. O 1, Phonographenwalze - Original</value></virtualField><virtualField name="RegNumberVrt"><value>null</value></virtualField><virtualField name="RegRegistrarENVrt"><value>EM-DAF-Musik, Berlin, Phon.Arch. O 1, Phonographenwalze - Original</value></virtualField><virtualField name="RegSectionVrt"><value>430.1 Phonogramm-Archiv</value></virtualField><moduleReference name="RegExhibitionRef" targetModule="Exhibition" multiplicity="N:1" size="1"><moduleReferenceItem moduleItemId="20222" uuid="20222"><formattedValue language="en">EM-DAF-Musik, Berlin</formattedValue></moduleReferenceItem></moduleReference><moduleReference name="RegObjectRef" targetModule="Object" multiplicity="N:1" size="1"><moduleReferenceItem moduleItemId="2562386" uuid="2562386"><formattedValue language="en">Phon.Arch. O 1, Phonographenwalze - Original</formattedValue></moduleReferenceItem></moduleReference></moduleItem><moduleItem hasAttachments="true" id="260737" uuid="260737"><systemField dataType="Long" name="__id"><value>260737</value></systemField><systemField dataType="Varchar" name="__lastModifiedUser"><value>EM_MM</value></systemField><systemField dataType="Timestamp" name="__lastModified"><value>2021-01-11 17:25:52.135</value><formattedValue language="en">11/01/2021 05:25</formattedValue></systemField><systemField dataType="Varchar" name="__createdUser"><value>ZET_DÜ</value></systemField><systemField dataType="Timestamp" name="__created"><value>2020-11-30 15:13:06.704</value><formattedValue language="en">30/11/2020 03:13</formattedValue></systemField><systemField dataType="Long" name="__orgUnit"><value>EMAusstellungsobjekte</value></systemField><systemField name="__uuid"><value>260737</value></systemField><vocabularyReference name="RegSectionVoc" id="51622" instanceName="RegSectionVgr"><vocabularyReferenceItem id="4171058" name="430.1 Phonogramm-Archiv"><formattedValue language="en">430.1 Phonogramm-Archiv</formattedValue></vocabularyReferenceItem></vocabularyReference><virtualField name="RegExhibitionVrt"><value>EM-DAF-Musik, Berlin</value></virtualField><virtualField name="RegContractVrt"><value></value></virtualField><virtualField name="RegRegistrarVrt"><value>EM-DAF-Musik, Berlin, Phon.Arch. Blue Amb. 1, Phonographenwalze - Blue Amberole</value></virtualField><virtualField name="RegNumberVrt"><value>null</value></virtualField><virtualField name="RegRegistrarENVrt"><value>EM-DAF-Musik, Berlin, Phon.Arch. Blue Amb. 1, Phonographenwalze - Blue Amberole</value></virtualField><virtualField name="RegSectionVrt"><value>430.1 Phonogramm-Archiv</value></virtualField><moduleReference name="RegExhibitionRef" targetModule="Exhibition" multiplicity="N:1" size="1"><moduleReferenceItem moduleItemId="20222" uuid="20222"><formattedValue language="en">EM-DAF-Musik, Berlin</formattedValue></moduleReferenceItem></moduleReference><moduleReference name="RegObjectRef" targetModule="Object" multiplicity="N:1" size="1"><moduleReferenceItem moduleItemId="2562390" uuid="2562390"><formattedValue language="en">Phon.Arch. Blue Amb. 1, Phonographenwalze - Blue Amberole</formattedValue></moduleReferenceItem></moduleReference></moduleItem><moduleItem hasAttachments="true" id="260916" uuid="260916"><systemField dataType="Long" name="__id"><value>260916</value></systemField><systemField dataType="Varchar" name="__lastModifiedUser"><value>EM_MM</value></systemField><systemField dataType="Timestamp" name="__lastModified"><value>2021-01-11 17:26:53.915</value><formattedValue language="en">11/01/2021 05:26</formattedValue></systemField><systemField dataType="Varchar" name="__createdUser"><value>ZET_DÜ</value></systemField><systemField dataType="Timestamp" name="__created"><value>2020-11-30 15:13:06.704</value><formattedValue language="en">30/11/2020 03:13</formattedValue></systemField><systemField dataType="Long" name="__orgUnit"><value>EMAusstellungsobjekte</value></systemField><systemField name="__uuid"><value>260916</value></systemField><vocabularyReference name="RegSectionVoc" id="51622" instanceName="RegSectionVgr"><vocabularyReferenceItem id="4171058" name="430.1 Phonogramm-Archiv"><formattedValue language="en">430.1 Phonogramm-Archiv</formattedValue></vocabularyReferenceItem></vocabularyReference><virtualField name="RegExhibitionVrt"><value>EM-DAF-Musik, Berlin</value></virtualField><virtualField name="RegContractVrt"><value></value></virtualField><virtualField name="RegRegistrarVrt"><value>EM-DAF-Musik, Berlin, Phon.Arch. O 2, Phonographenwalze - Original</value></virtualField><virtualField name="RegNumberVrt"><value>null</value></virtualField><virtualField name="RegRegistrarENVrt"><value>EM-DAF-Musik, Berlin, Phon.Arch. O 2, Phonographenwalze - Original</value></virtualField><virtualField name="RegSectionVrt"><value>430.1 Phonogramm-Archiv</value></virtualField><moduleReference name="RegExhibitionRef" targetModule="Exhibition" multiplicity="N:1" size="1"><moduleReferenceItem moduleItemId="20222" uuid="20222"><formattedValue language="en">EM-DAF-Musik, Berlin</formattedValue></moduleReferenceItem></moduleReference><moduleReference name="RegObjectRef" targetModule="Object" multiplicity="N:1" size="1"><moduleReferenceItem moduleItemId="2563516" uuid="2563516"><formattedValue language="en">Phon.Arch. O 2, Phonographenwalze - Original</formattedValue></moduleReferenceItem></moduleReference></moduleItem><moduleItem hasAttachments="true" id="260917" uuid="260917"><systemField dataType="Long" name="__id"><value>260917</value></systemField><systemField dataType="Varchar" name="__lastModifiedUser"><value>EM_MM</value></systemField><systemField dataType="Timestamp" name="__lastModified"><value>2021-01-11 17:28:00.852</value><formattedValue language="en">11/01/2021 05:28</formattedValue></systemField><systemField dataType="Varchar" name="__createdUser"><value>ZET_DÜ</value></systemField><systemField dataType="Timestamp" name="__created"><value>2020-11-30 15:13:06.704</value><formattedValue language="en">30/11/2020 03:13</formattedValue></systemField><systemField dataType="Long" name="__orgUnit"><value>EMAusstellungsobjekte</value></systemField><systemField name="__uuid"><value>260917</value></systemField><vocabularyReference name="RegSectionVoc" id="51622" instanceName="RegSectionVgr"><vocabularyReferenceItem id="4171058" name="430.1 Phonogramm-Archiv"><formattedValue language="en">430.1 Phonogramm-Archiv</formattedValue></vocabularyReferenceItem></vocabularyReference><virtualField name="RegExhibitionVrt"><value>EM-DAF-Musik, Berlin</value></virtualField><virtualField name="RegContractVrt"><value></value></virtualField><virtualField name="RegRegistrarVrt"><value>EM-DAF-Musik, Berlin, Phon.Arch. O 3, Phonographenwalze - Original</value></virtualField><virtualField name="RegNumberVrt"><value>null</value></virtualField><virtualField name="RegRegistrarENVrt"><value>EM-DAF-Musik, Berlin, Phon.Arch. O 3, Phonographenwalze - Original</value></virtualField><virtualField name="RegSectionVrt"><value>430.1 Phonogramm-Archiv</value></virtualField><moduleReference name="RegExhibitionRef" targetModule="Exhibition" multiplicity="N:1" size="1"><moduleReferenceItem moduleItemId="20222" uuid="20222"><formattedValue language="en">EM-DAF-Musik, Berlin</formattedValue></moduleReferenceItem></moduleReference><moduleReference name="RegObjectRef" targetModule="Object" multiplicity="N:1" size="1"><moduleReferenceItem moduleItemId="2563518" uuid="2563518"><formattedValue language="en">Phon.Arch. O 3, Phonographenwalze - Original</formattedValue></moduleReferenceItem></moduleReference></moduleItem><moduleItem hasAttachments="true" id="260918" uuid="260918"><systemField dataType="Long" name="__id"><value>260918</value></systemField><systemField dataType="Varchar" name="__lastModifiedUser"><value>EM_MM</value></systemField><systemField dataType="Timestamp" name="__lastModified"><value>2021-01-11 17:29:11.762</value><formattedValue language="en">11/01/2021 05:29</formattedValue></systemField><systemField dataType="Varchar" name="__createdUser"><value>ZET_DÜ</value></systemField><systemField dataType="Timestamp" name="__created"><value>2020-11-30 15:13:06.704</value><formattedValue language="en">30/11/2020 03:13</formattedValue></systemField><systemField dataType="Long" name="__orgUnit"><value>EMAusstellungsobjekte</value></systemField><systemField name="__uuid"><value>260918</value></systemField><vocabularyReference name="RegSectionVoc" id="51622" instanceName="RegSectionVgr"><vocabularyReferenceItem id="4171058" name="430.1 Phonogramm-Archiv"><formattedValue language="en">430.1 Phonogramm-Archiv</formattedValue></vocabularyReferenceItem></vocabularyReference><virtualField name="RegExhibitionVrt"><value>EM-DAF-Musik, Berlin</value></virtualField><virtualField name="RegContractVrt"><value></value></virtualField><virtualField name="RegRegistrarVrt"><value>EM-DAF-Musik, Berlin, Phon.Arch. Neu 2, Phonographenwalze - Neue Kopie</value></virtualField><virtualField name="RegNumberVrt"><value>null</value></virtualField><virtualField name="RegRegistrarENVrt"><value>EM-DAF-Musik, Berlin, Phon.Arch. Neu 2, Phonographenwalze - Neue Kopie</value></virtualField><virtualField name="RegSectionVrt"><value>430.1 Phonogramm-Archiv</value></virtualField><moduleReference name="RegExhibitionRef" targetModule="Exhibition" multiplicity="N:1" size="1"><moduleReferenceItem moduleItemId="20222" uuid="20222"><formattedValue language="en">EM-DAF-Musik, Berlin</formattedValue></moduleReferenceItem></moduleReference><moduleReference name="RegObjectRef" targetModule="Object" multiplicity="N:1" size="1"><moduleReferenceItem moduleItemId="2563529" uuid="2563529"><formattedValue language="en">Phon.Arch. Neu 2, Phonographenwalze - Neue Kopie</formattedValue></moduleReferenceItem></moduleReference></moduleItem><moduleItem hasAttachments="true" id="260919" uuid="260919"><systemField dataType="Long" name="__id"><value>260919</value></systemField><systemField dataType="Varchar" name="__lastModifiedUser"><value>EM_MM</value></systemField><systemField dataType="Timestamp" name="__lastModified"><value>2021-01-11 17:30:32.377</value><formattedValue language="en">11/01/2021 05:30</formattedValue></systemField><systemField dataType="Varchar" name="__createdUser"><value>ZET_DÜ</value></systemField><systemField dataType="Timestamp" name="__created"><value>2020-11-30 15:13:06.704</value><formattedValue language="en">30/11/2020 03:13</formattedValue></systemField><systemField dataType="Long" name="__orgUnit"><value>EMAusstellungsobjekte</value></systemField><systemField name="__uuid"><value>260919</value></systemField><vocabularyReference name="RegSectionVoc" id="51622" instanceName="RegSectionVgr"><vocabularyReferenceItem id="4171058" name="430.1 Phonogramm-Archiv"><formattedValue language="en">430.1 Phonogramm-Archiv</formattedValue></vocabularyReferenceItem></vocabularyReference><virtualField name="RegExhibitionVrt"><value>EM-DAF-Musik, Berlin</value></virtualField><virtualField name="RegContractVrt"><value></value></virtualField><virtualField name="RegRegistrarVrt"><value>EM-DAF-Musik, Berlin, Phon.Arch. Neu 3, Phonographenwalze - Neue Kopie</value></virtualField><virtualField name="RegNumberVrt"><value>null</value></virtualField><virtualField name="RegRegistrarENVrt"><value>EM-DAF-Musik, Berlin, Phon.Arch. Neu 3, Phonographenwalze - Neue Kopie</value></virtualField><virtualField name="RegSectionVrt"><value>430.1 Phonogramm-Archiv</value></virtualField><moduleReference name="RegExhibitionRef" targetModule="Exhibition" multiplicity="N:1" size="1"><moduleReferenceItem moduleItemId="20222" uuid="20222"><formattedValue language="en">EM-DAF-Musik, Berlin</formattedValue></moduleReferenceItem></moduleReference><moduleReference name="RegObjectRef" targetModule="Object" multiplicity="N:1" size="1"><moduleReferenceItem moduleItemId="2563531" uuid="2563531"><formattedValue language="en">Phon.Arch. Neu 3, Phonographenwalze - Neue Kopie</formattedValue></moduleReferenceItem></moduleReference></moduleItem><moduleItem hasAttachments="true" id="260920" uuid="260920"><systemField dataType="Long" name="__id"><value>260920</value></systemField><systemField dataType="Varchar" name="__lastModifiedUser"><value>EM_MM</value></systemField><systemField dataType="Timestamp" name="__lastModified"><value>2021-01-11 17:31:33.399</value><formattedValue language="en">11/01/2021 05:31</formattedValue></systemField><systemField dataType="Varchar" name="__createdUser"><value>ZET_DÜ</value></systemField><systemField dataType="Timestamp" name="__created"><value>2020-11-30 15:13:06.704</value><formattedValue language="en">30/11/2020 03:13</formattedValue></systemField><systemField dataType="Long" name="__orgUnit"><value>EMAusstellungsobjekte</value></systemField><systemField name="__uuid"><value>260920</value></systemField><vocabularyReference name="RegSectionVoc" id="51622" instanceName="RegSectionVgr"><vocabularyReferenceItem id="4171058" name="430.1 Phonogramm-Archiv"><formattedValue language="en">430.1 Phonogramm-Archiv</formattedValue></vocabularyReferenceItem></vocabularyReference><virtualField name="RegExhibitionVrt"><value>EM-DAF-Musik, Berlin</value></virtualField><virtualField name="RegContractVrt"><value></value></virtualField><virtualField name="RegRegistrarVrt"><value>EM-DAF-Musik, Berlin, Phon.Arch. Neu 4, Phonographenwalze - Neue Kopie</value></virtualField><virtualField name="RegNumberVrt"><value>null</value></virtualField><virtualField name="RegRegistrarENVrt"><value>EM-DAF-Musik, Berlin, Phon.Arch. Neu 4, Phonographenwalze - Neue Kopie</value></virtualField><virtualField name="RegSectionVrt"><value>430.1 Phonogramm-Archiv</value></virtualField><moduleReference name="RegExhibitionRef" targetModule="Exhibition" multiplicity="N:1" size="1"><moduleReferenceItem moduleItemId="20222" uuid="20222"><formattedValue language="en">EM-DAF-Musik, Berlin</formattedValue></moduleReferenceItem></moduleReference><moduleReference name="RegObjectRef" targetModule="Object" multiplicity="N:1" size="1"><moduleReferenceItem moduleItemId="2563533" uuid="2563533"><formattedValue language="en">Phon.Arch. Neu 4, Phonographenwalze - Neue Kopie</formattedValue></moduleReferenceItem></moduleReference></moduleItem><moduleItem hasAttachments="true" id="260921" uuid="260921"><systemField dataType="Long" name="__id"><value>260921</value></systemField><systemField dataType="Varchar" name="__lastModifiedUser"><value>EM_MM</value></systemField><systemField dataType="Timestamp" name="__lastModified"><value>2021-01-11 17:32:37.563</value><formattedValue language="en">11/01/2021 05:32</formattedValue></systemField><systemField dataType="Varchar" name="__createdUser"><value>ZET_DÜ</value></systemField><systemField dataType="Timestamp" name="__created"><value>2020-11-30 15:13:06.704</value><formattedValue language="en">30/11/2020 03:13</formattedValue></systemField><systemField dataType="Long" name="__orgUnit"><value>EMAusstellungsobjekte</value></systemField><systemField name="__uuid"><value>260921</value></systemField><vocabularyReference name="RegSectionVoc" id="51622" instanceName="RegSectionVgr"><vocabularyReferenceItem id="4171058" name="430.1 Phonogramm-Archiv"><formattedValue language="en">430.1 Phonogramm-Archiv</formattedValue></vocabularyReferenceItem></vocabularyReference><virtualField name="RegExhibitionVrt"><value>EM-DAF-Musik, Berlin</value></virtualField><virtualField name="RegContractVrt"><value></value></virtualField><virtualField name="RegRegistrarVrt"><value>EM-DAF-Musik, Berlin, Phon.Arch. Neu 5, Phonographenwalze - Neue Kopie</value></virtualField><virtualField name="RegNumberVrt"><value>null</value></virtualField><virtualField name="RegRegistrarENVrt"><value>EM-DAF-Musik, Berlin, Phon.Arch. Neu 5, Phonographenwalze - Neue Kopie</value></virtualField><virtualField name="RegSectionVrt"><value>430.1 Phonogramm-Archiv</value></virtualField><moduleReference name="RegExhibitionRef" targetModule="Exhibition" multiplicity="N:1" size="1"><moduleReferenceItem moduleItemId="20222" uuid="20222"><formattedValue language="en">EM-DAF-Musik, Berlin</formattedValue></moduleReferenceItem></moduleReference><moduleReference name="RegObjectRef" targetModule="Object" multiplicity="N:1" size="1"><moduleReferenceItem moduleItemId="2563535" uuid="2563535"><formattedValue language="en">Phon.Arch. Neu 5, Phonographenwalze - Neue Kopie</formattedValue></moduleReferenceItem></moduleReference></moduleItem><moduleItem hasAttachments="true" id="263338" uuid="263338"><systemField dataType="Long" name="__id"><value>263338</value></systemField><systemField dataType="Varchar" name="__lastModifiedUser"><value>Zetcom_migration</value></systemField><systemField dataType="Timestamp" name="__lastModified"><value>2020-11-29 22:46:06.0</value><formattedValue language="en">29/11/2020 10:46</formattedValue></systemField><systemField dataType="Varchar" name="__createdUser"><value>ZET_DÜ</value></systemField><systemField dataType="Timestamp" name="__created"><value>2020-11-30 15:13:06.555</value><formattedValue language="en">30/11/2020 03:13</formattedValue></systemField><systemField dataType="Long" name="__orgUnit"><value>EMSudundSudostasien</value></systemField><systemField name="__uuid"><value>263338</value></systemField><vocabularyReference name="RegSectionVoc" id="51622" instanceName="RegSectionVgr"><vocabularyReferenceItem id="4171969" name="430.4.4 Klassifikation Indien"><formattedValue language="en">430.4.4 Klassifikation Indien</formattedValue></vocabularyReferenceItem></vocabularyReference><virtualField name="RegExhibitionVrt"><value>EM-DAF-Musik, Berlin</value></virtualField><virtualField name="RegContractVrt"><value></value></virtualField><virtualField name="RegRegistrarVrt"><value>EM-DAF-Musik, Berlin, I C 7710 a, Kastenhalslaute, nadeshvara vina, 1877, Rajah Sourindro Mohun Tagore (1877)</value></virtualField><virtualField name="RegNumberVrt"><value>null</value></virtualField><virtualField name="RegRegistrarENVrt"><value>EM-DAF-Musik, Berlin, I C 7710 a, Kastenhalslaute, nadeshvara vina, 1877, Rajah Sourindro Mohun Tagore (1877)</value></virtualField><virtualField name="RegSectionVrt"><value>430.4.4 Klassifikation Indien</value></virtualField><moduleReference name="RegExhibitionRef" targetModule="Exhibition" multiplicity="N:1" size="1"><moduleReferenceItem moduleItemId="20222" uuid="20222"><formattedValue language="en">EM-DAF-Musik, Berlin</formattedValue></moduleReferenceItem></moduleReference><moduleReference name="RegObjectRef" targetModule="Object" multiplicity="N:1" size="1"><moduleReferenceItem moduleItemId="1395059" uuid="1395059"><formattedValue language="en">I C 7710 a, Kastenhalslaute, nadeshvara vina, 1877, Rajah Sourindro Mohun Tagore (1877)</formattedValue></moduleReferenceItem></moduleReference></moduleItem><moduleItem hasAttachments="true" id="269217" uuid="269217"><systemField dataType="Long" name="__id"><value>269217</value></systemField><systemField dataType="Varchar" name="__lastModifiedUser"><value>Zetcom_migration</value></systemField><systemField dataType="Timestamp" name="__lastModified"><value>2020-11-29 22:46:06.0</value><formattedValue language="en">29/11/2020 10:46</formattedValue></systemField><systemField dataType="Varchar" name="__createdUser"><value>ZET_DÜ</value></systemField><systemField dataType="Timestamp" name="__created"><value>2020-11-30 15:13:06.704</value><formattedValue language="en">30/11/2020 03:13</formattedValue></systemField><systemField dataType="Long" name="__orgUnit"><value>EMMusikethnologie</value></systemField><systemField name="__uuid"><value>269217</value></systemField><vocabularyReference name="RegSectionVoc" id="51622" instanceName="RegSectionVgr"><vocabularyReferenceItem id="4171965" name="430.4.1.3 Membranophone Hornbostel Sachs"><formattedValue language="en">430.4.1.3 Membranophone Hornbostel Sachs</formattedValue></vocabularyReferenceItem></vocabularyReference><virtualField name="RegExhibitionVrt"><value>EM-DAF-Musik, Berlin</value></virtualField><virtualField name="RegContractVrt"><value></value></virtualField><virtualField name="RegRegistrarVrt"><value>EM-DAF-Musik, Berlin, VII a 151, Fesselstab-Reibtrommel, zambomba, Albrecht Wiedmann</value></virtualField><virtualField name="RegNumberVrt"><value>null</value></virtualField><virtualField name="RegRegistrarENVrt"><value>EM-DAF-Musik, Berlin, VII a 151, Fesselstab-Reibtrommel, zambomba, Albrecht Wiedmann</value></virtualField><virtualField name="RegSectionVrt"><value>430.4.1.3 Membranophone Hornbostel Sachs</value></virtualField><moduleReference name="RegExhibitionRef" targetModule="Exhibition" multiplicity="N:1" size="1"><moduleReferenceItem moduleItemId="20222" uuid="20222"><formattedValue language="en">EM-DAF-Musik, Berlin</formattedValue></moduleReferenceItem></moduleReference><moduleReference name="RegObjectRef" targetModule="Object" multiplicity="N:1" size="1"><moduleReferenceItem moduleItemId="2584027" uuid="2584027"><formattedValue language="en">VII a 151, Fesselstab-Reibtrommel, zambomba, Albrecht Wiedmann</formattedValue></moduleReferenceItem></moduleReference></moduleItem><moduleItem hasAttachments="true" id="273020" uuid="273020"><systemField dataType="Long" name="__id"><value>273020</value></systemField><systemField dataType="Varchar" name="__lastModifiedUser"><value>EM_NiKl</value></systemField><systemField dataType="Timestamp" name="__lastModified"><value>2021-02-16 11:30:23.065</value><formattedValue language="en">16/02/2021 11:30</formattedValue></systemField><systemField dataType="Varchar" name="__createdUser"><value>ZET_DÜ</value></systemField><systemField dataType="Timestamp" name="__created"><value>2020-11-30 15:13:05.57</value><formattedValue language="en">30/11/2020 03:13</formattedValue></systemField><systemField dataType="Long" name="__orgUnit"><value>EMMusikethnologie</value></systemField><systemField name="__uuid"><value>273020</value></systemField><dataField dataType="Date" name="RegDateDat"><value>2021-02-16</value><formattedValue language="en">16/02/2021</formattedValue></dataField><vocabularyReference name="RegDecisionVoc" id="51618" instanceName="RegDecisionVgr"><vocabularyReferenceItem id="1062604" name="Positiv"><formattedValue language="en">Positiv</formattedValue></vocabularyReferenceItem></vocabularyReference><vocabularyReference name="RegSectionVoc" id="51622" instanceName="RegSectionVgr"><vocabularyReferenceItem id="4453119" name="430.6 Blickfenster Holz"><formattedValue language="en">430.6 Blickfenster Holz</formattedValue></vocabularyReferenceItem></vocabularyReference><virtualField name="RegExhibitionVrt"><value>EM-DAF-Musik, Berlin</value></virtualField><virtualField name="RegContractVrt"><value>3. Vertrag liegt vor, Leihe Inland, nehmend, 151/760, Ethnologisches Museum, Staatliche Museen zu Berlin, 28.02.2021</value></virtualField><virtualField name="RegRegistrarVrt"><value>2021-02-16, Positiv, EM-DAF-Musik, Berlin, VII Dlg 1, Gefäßrassel</value></virtualField><virtualField name="RegNumberVrt"><value>null</value></virtualField><virtualField name="RegRegistrarENVrt"><value>2021-02-16, Positiv, EM-DAF-Musik, Berlin, VII Dlg 1, Gefäßrassel</value></virtualField><virtualField name="RegSectionVrt"><value>430.6 Blickfenster Holz</value></virtualField><moduleReference name="RegExhibitionRef" targetModule="Exhibition" multiplicity="N:1" size="1"><moduleReferenceItem moduleItemId="20222" uuid="20222"><formattedValue language="en">EM-DAF-Musik, Berlin</formattedValue></moduleReferenceItem></moduleReference><moduleReference name="RegContractRef" targetModule="Contract" multiplicity="N:1" size="1"><moduleReferenceItem moduleItemId="31385" uuid="7756b2fb-bbe9-48e3-8f24-50dacbd057de"><formattedValue language="en">3. Vertrag liegt vor, Leihe Inland, nehmend, 151/760, Ethnologisches Museum, Staatliche Museen zu Berlin, 28.02.2021</formattedValue></moduleReferenceItem></moduleReference><moduleReference name="RegObjectRef" targetModule="Object" multiplicity="N:1" size="1"><moduleReferenceItem moduleItemId="2592883" uuid="2592883"><formattedValue language="en">VII Dlg 1, Gefäßrassel</formattedValue></moduleReferenceItem></moduleReference></moduleItem><moduleItem hasAttachments="true" id="273021" uuid="273021"><systemField dataType="Long" name="__id"><value>273021</value></systemField><systemField dataType="Varchar" name="__lastModifiedUser"><value>EM_NiKl</value></systemField><systemField dataType="Timestamp" name="__lastModified"><value>2021-02-16 12:50:30.872</value><formattedValue language="en">16/02/2021 12:50</formattedValue></systemField><systemField dataType="Varchar" name="__createdUser"><value>ZET_DÜ</value></systemField><systemField dataType="Timestamp" name="__created"><value>2020-11-30 15:13:05.57</value><formattedValue language="en">30/11/2020 03:13</formattedValue></systemField><systemField dataType="Long" name="__orgUnit"><value>EMMusikethnologie</value></systemField><systemField name="__uuid"><value>273021</value></systemField><dataField dataType="Date" name="RegDateDat"><value>2021-02-16</value><formattedValue language="en">16/02/2021</formattedValue></dataField><vocabularyReference name="RegDecisionVoc" id="51618" instanceName="RegDecisionVgr"><vocabularyReferenceItem id="1062604" name="Positiv"><formattedValue language="en">Positiv</formattedValue></vocabularyReferenceItem></vocabularyReference><vocabularyReference name="RegSectionVoc" id="51622" instanceName="RegSectionVgr"><vocabularyReferenceItem id="4453119" name="430.6 Blickfenster Holz"><formattedValue language="en">430.6 Blickfenster Holz</formattedValue></vocabularyReferenceItem></vocabularyReference><virtualField name="RegExhibitionVrt"><value>EM-DAF-Musik, Berlin</value></virtualField><virtualField name="RegContractVrt"><value>3. Vertrag liegt vor, Leihe Inland, nehmend, 151/760, Ethnologisches Museum, Staatliche Museen zu Berlin, 28.02.2021</value></virtualField><virtualField name="RegRegistrarVrt"><value>2021-02-16, Positiv, EM-DAF-Musik, Berlin, VII Dlg 2, Gefäßrassel</value></virtualField><virtualField name="RegNumberVrt"><value>null</value></virtualField><virtualField name="RegRegistrarENVrt"><value>2021-02-16, Positiv, EM-DAF-Musik, Berlin, VII Dlg 2, Gefäßrassel</value></virtualField><virtualField name="RegSectionVrt"><value>430.6 Blickfenster Holz</value></virtualField><moduleReference name="RegExhibitionRef" targetModule="Exhibition" multiplicity="N:1" size="1"><moduleReferenceItem moduleItemId="20222" uuid="20222"><formattedValue language="en">EM-DAF-Musik, Berlin</formattedValue></moduleReferenceItem></moduleReference><moduleReference name="RegContractRef" targetModule="Contract" multiplicity="N:1" size="1"><moduleReferenceItem moduleItemId="31385" uuid="7756b2fb-bbe9-48e3-8f24-50dacbd057de"><formattedValue language="en">3. Vertrag liegt vor, Leihe Inland, nehmend, 151/760, Ethnologisches Museum, Staatliche Museen zu Berlin, 28.02.2021</formattedValue></moduleReferenceItem></moduleReference><moduleReference name="RegObjectRef" targetModule="Object" multiplicity="N:1" size="1"><moduleReferenceItem moduleItemId="2593699" uuid="2593699"><formattedValue language="en">VII Dlg 2, Gefäßrassel</formattedValue></moduleReferenceItem></moduleReference></moduleItem><moduleItem hasAttachments="true" id="273022" uuid="273022"><systemField dataType="Long" name="__id"><value>273022</value></systemField><systemField dataType="Varchar" name="__lastModifiedUser"><value>EM_NiKl</value></systemField><systemField dataType="Timestamp" name="__lastModified"><value>2021-02-16 12:50:30.872</value><formattedValue language="en">16/02/2021 12:50</formattedValue></systemField><systemField dataType="Varchar" name="__createdUser"><value>ZET_DÜ</value></systemField><systemField dataType="Timestamp" name="__created"><value>2020-11-30 15:13:05.57</value><formattedValue language="en">30/11/2020 03:13</formattedValue></systemField><systemField dataType="Long" name="__orgUnit"><value>EMMusikethnologie</value></systemField><systemField name="__uuid"><value>273022</value></systemField><dataField dataType="Date" name="RegDateDat"><value>2021-02-16</value><formattedValue language="en">16/02/2021</formattedValue></dataField><vocabularyReference name="RegDecisionVoc" id="51618" instanceName="RegDecisionVgr"><vocabularyReferenceItem id="1062604" name="Positiv"><formattedValue language="en">Positiv</formattedValue></vocabularyReferenceItem></vocabularyReference><vocabularyReference name="RegSectionVoc" id="51622" instanceName="RegSectionVgr"><vocabularyReferenceItem id="4453119" name="430.6 Blickfenster Holz"><formattedValue language="en">430.6 Blickfenster Holz</formattedValue></vocabularyReferenceItem></vocabularyReference><virtualField name="RegExhibitionVrt"><value>EM-DAF-Musik, Berlin</value></virtualField><virtualField name="RegContractVrt"><value>3. Vertrag liegt vor, Leihe Inland, nehmend, 151/760, Ethnologisches Museum, Staatliche Museen zu Berlin, 28.02.2021</value></virtualField><virtualField name="RegRegistrarVrt"><value>2021-02-16, Positiv, EM-DAF-Musik, Berlin, VII Dlg 3, Gitarrenhals</value></virtualField><virtualField name="RegNumberVrt"><value>null</value></virtualField><virtualField name="RegRegistrarENVrt"><value>2021-02-16, Positiv, EM-DAF-Musik, Berlin, VII Dlg 3, Gitarrenhals</value></virtualField><virtualField name="RegSectionVrt"><value>430.6 Blickfenster Holz</value></virtualField><moduleReference name="RegExhibitionRef" targetModule="Exhibition" multiplicity="N:1" size="1"><moduleReferenceItem moduleItemId="20222" uuid="20222"><formattedValue language="en">EM-DAF-Musik, Berlin</formattedValue></moduleReferenceItem></moduleReference><moduleReference name="RegContractRef" targetModule="Contract" multiplicity="N:1" size="1"><moduleReferenceItem moduleItemId="31385" uuid="7756b2fb-bbe9-48e3-8f24-50dacbd057de"><formattedValue language="en">3. Vertrag liegt vor, Leihe Inland, nehmend, 151/760, Ethnologisches Museum, Staatliche Museen zu Berlin, 28.02.2021</formattedValue></moduleReferenceItem></moduleReference><moduleReference name="RegObjectRef" targetModule="Object" multiplicity="N:1" size="1"><moduleReferenceItem moduleItemId="2593701" uuid="2593701"><formattedValue language="en">VII Dlg 3, Gitarrenhals</formattedValue></moduleReferenceItem></moduleReference></moduleItem><moduleItem hasAttachments="true" id="273023" uuid="273023"><systemField dataType="Long" name="__id"><value>273023</value></systemField><systemField dataType="Varchar" name="__lastModifiedUser"><value>EM_NiKl</value></systemField><systemField dataType="Timestamp" name="__lastModified"><value>2021-02-16 12:50:30.872</value><formattedValue language="en">16/02/2021 12:50</formattedValue></systemField><systemField dataType="Varchar" name="__createdUser"><value>ZET_DÜ</value></systemField><systemField dataType="Timestamp" name="__created"><value>2020-11-30 15:13:05.57</value><formattedValue language="en">30/11/2020 03:13</formattedValue></systemField><systemField dataType="Long" name="__orgUnit"><value>EMMusikethnologie</value></systemField><systemField name="__uuid"><value>273023</value></systemField><dataField dataType="Date" name="RegDateDat"><value>2021-02-16</value><formattedValue language="en">16/02/2021</formattedValue></dataField><vocabularyReference name="RegDecisionVoc" id="51618" instanceName="RegDecisionVgr"><vocabularyReferenceItem id="1062604" name="Positiv"><formattedValue language="en">Positiv</formattedValue></vocabularyReferenceItem></vocabularyReference><vocabularyReference name="RegSectionVoc" id="51622" instanceName="RegSectionVgr"><vocabularyReferenceItem id="4453119" name="430.6 Blickfenster Holz"><formattedValue language="en">430.6 Blickfenster Holz</formattedValue></vocabularyReferenceItem></vocabularyReference><virtualField name="RegExhibitionVrt"><value>EM-DAF-Musik, Berlin</value></virtualField><virtualField name="RegContractVrt"><value>3. Vertrag liegt vor, Leihe Inland, nehmend, 151/760, Ethnologisches Museum, Staatliche Museen zu Berlin, 28.02.2021</value></virtualField><virtualField name="RegRegistrarVrt"><value>2021-02-16, Positiv, EM-DAF-Musik, Berlin, VII Dlg 4, Griffbrett ohne Bünde</value></virtualField><virtualField name="RegNumberVrt"><value>null</value></virtualField><virtualField name="RegRegistrarENVrt"><value>2021-02-16, Positiv, EM-DAF-Musik, Berlin, VII Dlg 4, Griffbrett ohne Bünde</value></virtualField><virtualField name="RegSectionVrt"><value>430.6 Blickfenster Holz</value></virtualField><moduleReference name="RegExhibitionRef" targetModule="Exhibition" multiplicity="N:1" size="1"><moduleReferenceItem moduleItemId="20222" uuid="20222"><formattedValue language="en">EM-DAF-Musik, Berlin</formattedValue></moduleReferenceItem></moduleReference><moduleReference name="RegContractRef" targetModule="Contract" multiplicity="N:1" size="1"><moduleReferenceItem moduleItemId="31385" uuid="7756b2fb-bbe9-48e3-8f24-50dacbd057de"><formattedValue language="en">3. Vertrag liegt vor, Leihe Inland, nehmend, 151/760, Ethnologisches Museum, Staatliche Museen zu Berlin, 28.02.2021</formattedValue></moduleReferenceItem></moduleReference><moduleReference name="RegObjectRef" targetModule="Object" multiplicity="N:1" size="1"><moduleReferenceItem moduleItemId="2593709" uuid="2593709"><formattedValue language="en">VII Dlg 4, Griffbrett ohne Bünde</formattedValue></moduleReferenceItem></moduleReference></moduleItem><moduleItem hasAttachments="true" id="273024" uuid="273024"><systemField dataType="Long" name="__id"><value>273024</value></systemField><systemField dataType="Varchar" name="__lastModifiedUser"><value>EM_NiKl</value></systemField><systemField dataType="Timestamp" name="__lastModified"><value>2021-02-16 12:50:30.872</value><formattedValue language="en">16/02/2021 12:50</formattedValue></systemField><systemField dataType="Varchar" name="__createdUser"><value>ZET_DÜ</value></systemField><systemField dataType="Timestamp" name="__created"><value>2020-11-30 15:13:05.57</value><formattedValue language="en">30/11/2020 03:13</formattedValue></systemField><systemField dataType="Long" name="__orgUnit"><value>EMMusikethnologie</value></systemField><systemField name="__uuid"><value>273024</value></systemField><dataField dataType="Date" name="RegDateDat"><value>2021-02-16</value><formattedValue language="en">16/02/2021</formattedValue></dataField><vocabularyReference name="RegDecisionVoc" id="51618" instanceName="RegDecisionVgr"><vocabularyReferenceItem id="1062604" name="Positiv"><formattedValue language="en">Positiv</formattedValue></vocabularyReferenceItem></vocabularyReference><vocabularyReference name="RegSectionVoc" id="51622" instanceName="RegSectionVgr"><vocabularyReferenceItem id="4453119" name="430.6 Blickfenster Holz"><formattedValue language="en">430.6 Blickfenster Holz</formattedValue></vocabularyReferenceItem></vocabularyReference><virtualField name="RegExhibitionVrt"><value>EM-DAF-Musik, Berlin</value></virtualField><virtualField name="RegContractVrt"><value>3. Vertrag liegt vor, Leihe Inland, nehmend, 151/760, Ethnologisches Museum, Staatliche Museen zu Berlin, 28.02.2021</value></virtualField><virtualField name="RegRegistrarVrt"><value>2021-02-16, Positiv, EM-DAF-Musik, Berlin, VII Dlg 5, Holzmaterial Instrumentenbau</value></virtualField><virtualField name="RegNumberVrt"><value>null</value></virtualField><virtualField name="RegRegistrarENVrt"><value>2021-02-16, Positiv, EM-DAF-Musik, Berlin, VII Dlg 5, Holzmaterial Instrumentenbau</value></virtualField><virtualField name="RegSectionVrt"><value>430.6 Blickfenster Holz</value></virtualField><moduleReference name="RegExhibitionRef" targetModule="Exhibition" multiplicity="N:1" size="1"><moduleReferenceItem moduleItemId="20222" uuid="20222"><formattedValue language="en">EM-DAF-Musik, Berlin</formattedValue></moduleReferenceItem></moduleReference><moduleReference name="RegContractRef" targetModule="Contract" multiplicity="N:1" size="1"><moduleReferenceItem moduleItemId="31385" uuid="7756b2fb-bbe9-48e3-8f24-50dacbd057de"><formattedValue language="en">3. Vertrag liegt vor, Leihe Inland, nehmend, 151/760, Ethnologisches Museum, Staatliche Museen zu Berlin, 28.02.2021</formattedValue></moduleReferenceItem></moduleReference><moduleReference name="RegObjectRef" targetModule="Object" multiplicity="N:1" size="1"><moduleReferenceItem moduleItemId="2593714" uuid="2593714"><formattedValue language="en">VII Dlg 5, Holzmaterial Instrumentenbau</formattedValue></moduleReferenceItem></moduleReference></moduleItem><moduleItem hasAttachments="true" id="273025" uuid="273025"><systemField dataType="Long" name="__id"><value>273025</value></systemField><systemField dataType="Varchar" name="__lastModifiedUser"><value>EM_NiKl</value></systemField><systemField dataType="Timestamp" name="__lastModified"><value>2021-02-16 12:50:30.872</value><formattedValue language="en">16/02/2021 12:50</formattedValue></systemField><systemField dataType="Varchar" name="__createdUser"><value>ZET_DÜ</value></systemField><systemField dataType="Timestamp" name="__created"><value>2020-11-30 15:13:05.57</value><formattedValue language="en">30/11/2020 03:13</formattedValue></systemField><systemField dataType="Long" name="__orgUnit"><value>EMMusikethnologie</value></systemField><systemField name="__uuid"><value>273025</value></systemField><dataField dataType="Date" name="RegDateDat"><value>2021-02-16</value><formattedValue language="en">16/02/2021</formattedValue></dataField><vocabularyReference name="RegDecisionVoc" id="51618" instanceName="RegDecisionVgr"><vocabularyReferenceItem id="1062604" name="Positiv"><formattedValue language="en">Positiv</formattedValue></vocabularyReferenceItem></vocabularyReference><vocabularyReference name="RegSectionVoc" id="51622" instanceName="RegSectionVgr"><vocabularyReferenceItem id="4171058" name="430.1 Phonogramm-Archiv"><formattedValue language="en">430.1 Phonogramm-Archiv</formattedValue></vocabularyReferenceItem></vocabularyReference><virtualField name="RegExhibitionVrt"><value>EM-DAF-Musik, Berlin</value></virtualField><virtualField name="RegContractVrt"><value>3. Vertrag liegt vor, Leihe Inland, nehmend, 151/760, Ethnologisches Museum, Staatliche Museen zu Berlin, 28.02.2021</value></virtualField><virtualField name="RegRegistrarVrt"><value>2021-02-16, Positiv, EM-DAF-Musik, Berlin, VII Dlg 6 a-c, Holzmaterial für Gitarrenbau</value></virtualField><virtualField name="RegNumberVrt"><value>null</value></virtualField><virtualField name="RegRegistrarENVrt"><value>2021-02-16, Positiv, EM-DAF-Musik, Berlin, VII Dlg 6 a-c, Holzmaterial für Gitarrenbau</value></virtualField><virtualField name="RegSectionVrt"><value>430.1 Phonogramm-Archiv</value></virtualField><moduleReference name="RegExhibitionRef" targetModule="Exhibition" multiplicity="N:1" size="1"><moduleReferenceItem moduleItemId="20222" uuid="20222"><formattedValue language="en">EM-DAF-Musik, Berlin</formattedValue></moduleReferenceItem></moduleReference><moduleReference name="RegContractRef" targetModule="Contract" multiplicity="N:1" size="1"><moduleReferenceItem moduleItemId="31385" uuid="7756b2fb-bbe9-48e3-8f24-50dacbd057de"><formattedValue language="en">3. Vertrag liegt vor, Leihe Inland, nehmend, 151/760, Ethnologisches Museum, Staatliche Museen zu Berlin, 28.02.2021</formattedValue></moduleReferenceItem></moduleReference><moduleReference name="RegObjectRef" targetModule="Object" multiplicity="N:1" size="1"><moduleReferenceItem moduleItemId="2593718" uuid="2593718"><formattedValue language="en">VII Dlg 6 a-c, Holzmaterial für Gitarrenbau</formattedValue></moduleReferenceItem></moduleReference></moduleItem></module></modules></application>